[]  Dendrochronology Program Library                                        Run ACRU   Program COF  14:32  Fri 15 Jun 2018  Page   1
[]
[]  P R O G R A M      C O F E C H A                                                                          Version 6.06P    30483
------------------------------------------------------------------------------------------------------------------------------------

 QUALITY CONTROL AND DATING CHECK OF TREE-RING MEASUREMENTS

 File of DATED series:   acru_drop.rwl

 CONTENTS:

    Part 1:  Title page, options selected, summary, absent rings by series
    Part 2:  Histogram of time spans
    Part 3:  Master series with sample depth and absent rings by year
    Part 4:  Bar plot of Master Dating Series
    Part 5:  Correlation by segment of each series with Master
    Part 6:  Potential problems: low correlation, divergent year-to-year changes, absent rings, outliers
    Part 7:  Descriptive statistics

 RUN CONTROL OPTIONS SELECTED                             VALUE

         1  Cubic smoothing spline 50% wavelength cutoff for filtering
                                                            32 years
         2  Segments examined are                           50 years lagged successively by  10 years
         3  Autoregressive model applied                     A  Residuals are used in master dating series and testing
         4  Series transformed to logarithms                 Y  Each series log-transformed for master dating series and testing
         5  CORRELATION is Pearson (parametric, quantitative)
            Critical correlation, 99% confidence level   .3281
         6  Master dating series saved                       N
         7  Ring measurements listed                         N
         8  Parts printed                              1234567 
         9  Absent rings are omitted from master series and segment correlations  (Y)

 Time span of Master dating series is  1913 to  2010    98 years
 Continuous time span is               1913 to  2010    98 years
 Portion with two or more series is    1917 to  2009    93 years

 >> 42001       1949 absent in   1 of   15 series, but is not usually narrow: master index is   .232
 >> 12317       1937 absent in   1 of   10 series, but is not usually narrow: master index is   .645
 >> 10185       1946 absent in   1 of   13 series, but is not usually narrow: master index is   .674

                                        ****************************************
                                        *C* Number of dated series        21 *C*
                                        *O* Master series 1913 2010   98 yrs *O*
                                        *F* Total rings in all series   1424 *F*
                                        *E* Total dated rings checked   1419 *E*
                                        *C* Series intercorrelation     .278 *C*
                                        *H* Average mean sensitivity    .388 *H*
                                        *A* Segments, possible problems   41 *A*
                                        *** Mean length of series       67.8 ***
                                        ****************************************

 ABSENT RINGS listed by SERIES:            (See Master Dating Series for absent rings listed by year)

 42001       1 absent rings:   1949
 172594      1 absent rings:   1939
 12317       2 absent rings:   1933  1937
 10185       1 absent rings:   1946

             5 absent rings    .351%
PART 2:  TIME PLOT OF TREE-RING SERIES:                                                            14:32  Fri 15 Jun 2018  Page   2
------------------------------------------------------------------------------------------------------------------------------------
 1050 1100 1150 1200 1250 1300 1350 1400 1450 1500 1550 1600 1650 1700 1750 1800 1850 1900 1950 2000 2050 Ident   Seq Time-span  Yrs
   :    :    :    :    :    :    :    :    :    :    :    :    :    :    :    :    :    :    :    :    : -------- --- ---- ---- ----
   .    .    .    .    .    .    .    .    .    .    .    .    .    .    .    .    .    .    .<===>    . 180988     1 1960 2008   49
   .    .    .    .    .    .    .    .    .    .    .    .    .    .    .    .    .    .   <=====>    . 92556      2 1942 2004   63
   .    .    .    .    .    .    .    .    .    .    .    .    .    .    .    .    .    . <=======>    . 42001      3 1928 2009   82
   .    .    .    .    .    .    .    .    .    .    .    .    .    .    .    .    .    . <=======>    . 102124     4 1921 2007   87
   .    .    .    .    .    .    .    .    .    .    .    .    .    .    .    .    .    .  <======>    . 172594     5 1935 2005   71
   .    .    .    .    .    .    .    .    .    .    .    .    .    .    .    .    .    .   <=====>    . 102146     6 1948 2001   54
   .    .    .    .    .    .    .    .    .    .    .    .    .    .    .    .    .    .   <=====>    . 70207      7 1947 2009   63
   .    .    .    .    .    .    .    .    .    .    .    .    .    .    .    .    .    .  <======>    . 10189      8 1930 2009   80
   .    .    .    .    .    .    .    .    .    .    .    .    .    .    .    .    .    .  <======>    . 131364     9 1932 2009   78
   .    .    .    .    .    .    .    .    .    .    .    .    .    .    .    .    .    .<========>    . 12317     10 1917 2009   93
   .    .    .    .    .    .    .    .    .    .    .    .    .    .    .    .    .    .    . <==>    . 80774     11 1970 2008   39
   .    .    .    .    .    .    .    .    .    .    .    .    .    .    .    .    .    .   <=====>    . 131366    12 1942 2007   66
   .    .    .    .    .    .    .    .    .    .    .    .    .    .    .    .    .    .<========>    . 10185     13 1919 2006   88
   .    .    .    .    .    .    .    .    .    .    .    .    .    .    .    .    .    .    <====>    . 80769     14 1950 2004   55
   .    .    .    .    .    .    .    .    .    .    .    .    .    .    .    .    .    .  <======>    . 150913    15 1931 2009   79
   .    .    .    .    .    .    .    .    .    .    .    .    .    .    .    .    .    .    .  <=>    . 60449     16 1981 2008   28
   .    .    .    .    .    .    .    .    .    .    .    .    .    .    .    .    .    .   <=====>    . 82347     17 1940 2008   69
   .    .    .    .    .    .    .    .    .    .    .    .    .    .    .    .    .    .<========>    . 22253     18 1913 2005   93
   .    .    .    .    .    .    .    .    .    .    .    .    .    .    .    .    .    .    <=====>   . 60555     19 1957 2010   54
   .    .    .    .    .    .    .    .    .    .    .    .    .    .    .    .    .    .    .<===>    . 152431    20 1966 2009   44
   .    .    .    .    .    .    .    .    .    .    .    .    .    .    .    .    .    . <=======>    . 122009    21 1921 2009   89
   :    :    :    :    :    :    :    :    :    :    :    :    :    :    :    :    :    :    :    :    :
 1050 1100 1150 1200 1250 1300 1350 1400 1450 1500 1550 1600 1650 1700 1750 1800 1850 1900 1950 2000 2050
PART 3:  Master Dating Series:                                                                     14:32  Fri 15 Jun 2018  Page   3
------------------------------------------------------------------------------------------------------------------------------------
  Year  Value  No Ab    Year  Value  No Ab    Year  Value  No Ab    Year  Value  No Ab    Year  Value  No Ab    Year  Value  No Ab
  ------------------    ------------------    ------------------    ------------------    ------------------    ------------------
                        1950   .420  16       2000  -.717  21
                        1951   .355  16       2001  -.264  21
                        1952   .351  16       2002   .309  20
                        1953  -.251  16       2003  1.063  20
                        1954  -.455  16       2004   .624  20
                        1955 -1.388  16       2005   .349  18
                        1956  -.407  16       2006  -.759  16
                        1957  -.619  17       2007   .241  15
                        1958   .259  17       2008   .942  13
                        1959 -3.199  17       2009   .807   9

                        1960   .507  18       2010 -1.319   1
                        1961   .723  18
                        1962   .796  18
  1913  1.475   1       1963   .758  18
  1914 -1.428   1       1964  -.060  18
  1915  1.247   1       1965   .043  18
  1916 -3.496   1       1966 -1.065  19
  1917   .193   2       1967  -.981  19
  1918  1.974   2       1968   .791  19
  1919 -2.552   3       1969   .003  19

  1920  1.719   3       1970   .754  20
  1921  -.828   5       1971  -.276  20
  1922   .632   5       1972   .577  20
  1923   .317   5       1973  -.377  20
  1924   .912   5       1974   .564  20
  1925   .646   5       1975 -1.585  20
  1926 -1.585   5       1976  -.349  20
  1927  -.229   5       1977 -1.322  20
  1928  1.436   6       1978  -.314  20
  1929  1.945   6       1979  -.912  20

  1930   .051   7       1980   .728  20
  1931   .511   8       1981  -.134  21
  1932   .298   9       1982   .854  21
  1933 -1.471   9  1    1983  -.151  21
  1934   .028   9       1984   .203  21
  1935 -1.112  10       1985   .757  21
  1936   .099  10       1986   .923  21
  1937   .645  10  1<<  1987   .583  21
  1938  -.155  10       1988   .279  21
  1939  -.565  10  1    1989  -.342  21

  1940  -.249  11       1990   .385  21
  1941  -.330  11       1991 -1.343  21
  1942 -1.107  13       1992  -.169  21
  1943   .719  13       1993   .578  21
  1944  -.020  13       1994   .699  21
  1945  1.260  13       1995   .436  21
  1946   .674  13  1<<  1996   .219  21
  1947  1.188  14       1997  -.132  21
  1948   .878  15       1998  -.201  21
  1949   .232  15  1<<  1999 -2.738  21
------------------------------------------------------------------------------------------------------------------------------------
PART 4:  Master Bar Plot:                                                                          14:32  Fri 15 Jun 2018  Page   4
------------------------------------------------------------------------------------------------------------------------------------
   Year Rel value  Year Rel value  Year Rel value  Year Rel value  Year Rel value  Year Rel value  Year Rel value  Year Rel value
                   1950------B     2000--c
                   1951------A     2001---a
                   1952------A     2002------A
                   1953---a        2003---------D
                   1954--b         2004-------B
                   1955f           2005------A
                   1956--b         2006--c
                   1957--b         2007-----A
                   1958-----A      2008---------D
                   1959m           2009---------C
                   1960-------B    2010-e
                   1961--------C
                   1962--------C
   1913----------F 1963--------C
   1914f           1964----@
   1915----------E 1965----@
   1916n           1966-d
   1917-----A      1967-d
   1918----------H 1968--------C
   1919j           1969----@
   1920----------G 1970--------C
   1921-c          1971---a
   1922-------C    1972-------B
   1923------A     1973--b
   1924---------D  1974-------B
   1925-------C    1975f
   1926f           1976---a
   1927---a        1977-e
   1928----------F 1978---a
   1929----------H 1979-d
   1930----@       1980--------C
   1931-------B    1981----a
   1932------A     1982---------C
   1933f           1983----a
   1934----@       1984-----A
   1935-d          1985--------C
   1936-----@      1986---------D
   1937-------C    1987-------B
   1938----a       1988-----A
   1939--b         1989---a
   1940---a        1990------B
   1941---a        1991-e
   1942-d          1992---a
   1943--------C   1993-------B
   1944----@       1994--------C
   1945----------E 1995------B
   1946--------C   1996-----A
   1947----------E 1997----a
   1948---------D  1998---a
   1949-----A      1999k
PART 5:  CORRELATION OF SERIES BY SEGMENTS:                                                        14:32  Fri 15 Jun 2018  Page   5
------------------------------------------------------------------------------------------------------------------------------------
 Correlations of  50-year dated segments, lagged  10 years
 Flags:  A = correlation under   .3281 but highest as dated;  B = correlation higher at other than dated position

 Seq Series  Time_span   1910 1920 1930 1940 1950 1960 1970 1980
                         1959 1969 1979 1989 1999 2009 2019 2029
 --- -------- ---------  ---- ---- ---- ---- ---- ---- ---- ---- ---- ---- ---- ---- ---- ---- ---- ---- ---- ---- ---- ----
   1 180988   1960 2008                            .44
   2 92556    1942 2004                  .34  .39  .45
   3 42001    1928 2009        .22B .17B .15B .31B .23B
   4 102124   1921 2007       -.01B .18B .18B .34  .36
   5 172594   1935 2005             .42  .43  .36  .41
   6 102146   1948 2001                  .43  .47  .49
   7 70207    1947 2009                  .49  .50  .34B
   8 10189    1930 2009             .26A .22B .17B .17B
   9 131364   1932 2009             .09B .20B .29A .41
  10 12317    1917 2009   .32B .25B .32B .34B .49  .50
  11 80774    1970 2008                                 .48
  12 131366   1942 2007                  .56  .43  .44
  13 10185    1919 2006   .30A .27A .31A .29A .22B .13B
  14 80769    1950 2004                       .24B .16B
  15 150913   1931 2009             .30A .30A .38  .33B
  16 60449    1981 2008                                      .45
  17 82347    1940 2008                  .42B .36B .34
  18 22253    1913 2005   .44  .34  .35  .37  .34  .34
  19 60555    1957 2010                       .28A .20A
  20 152431   1966 2009                            .05B
  21 122009   1921 2009       -.20B-.10B-.09B .06B .20A
 Av segment correlation   .35  .14  .23  .31  .33  .31  .48  .45
PART 6:  POTENTIAL PROBLEMS:                                                                       14:32  Fri 15 Jun 2018  Page   5
------------------------------------------------------------------------------------------------------------------------------------

 For each series with potential problems the following diagnostics may appear:

 [A] Correlations with master dating series of flagged  50-year segments of series filtered with  32-year spline,
     at every point from ten years earlier (-10) to ten years later (+10) than dated

 [B] Effect of those data values which most lower or raise correlation with master series
     Symbol following year indicates value in series is greater (>) or lesser (<) than master series value

 [C] Year-to-year changes very different from the mean change in other series

 [D] Absent rings (zero values)

 [E] Values which are statistical outliers from mean for the year
====================================================================================================================================

 180988    1960 to  2008      49 years                                                                                    Series   1

 [B] Entire series, effect on correlation (  .437) is:
       Lower   2003< -.056   1984> -.040   1961< -.035   1974< -.030   2006> -.027   1968< -.019  Higher   1999  .109   1991  .080

 [E] Outliers     1   3.0 SD above or -4.5 SD below mean for year
       1984 +3.1 SD
====================================================================================================================================

 92556     1942 to  2004      63 years                                                                                    Series   2

 [B] Entire series, effect on correlation (  .310) is:
       Lower   1943< -.038   1942> -.031   1991> -.031   1952< -.028   1975> -.021   2001> -.021  Higher   1959  .194   1999  .031

====================================================================================================================================

 42001     1928 to  2009      82 years                                                                                    Series   3

 [A] Segment   High   -10   -9   -8   -7   -6   -5   -4   -3   -2   -1   +0   +1   +2   +3   +4   +5   +6   +7   +8   +9  +10
    ---------  ----   ---  ---  ---  ---  ---  ---  ---  ---  ---  ---  ---  ---  ---  ---  ---  ---  ---  ---  ---  ---  ---
    1928 1977    2   -.13 -.14  .21 -.01  .16  .02  .19 -.07 -.06  .08  .22| .16  .28* .00 -.06 -.34 -.15 -.37  .06 -.16  .08
    1930 1979    2   -.08 -.15  .23 -.01  .16 -.01  .20  .00  .00  .05  .17| .12  .24*-.05  .00 -.33 -.14 -.39  .00 -.19  .11
    1940 1989   10   -.07 -.11  .26 -.02  .23  .00  .19 -.07  .17 -.01  .15| .12  .16 -.03 -.11 -.41 -.12 -.26  .02 -.26  .29*
    1950 1999   -8    .07 -.07  .35*-.12  .17 -.06  .20 -.05  .13 -.02  .31|-.04  .09 -.21 -.18 -.38 -.07 -.09  .11 -.28  .27
    1960 2009   -8    .12 -.09  .34*-.16  .09 -.09  .18  .03  .03 -.13  .23|-.14    -    -    -    -    -    -    -    -    -

 [B] Entire series, effect on correlation (  .192) is:
       Lower   1949< -.030   1977> -.025   1959> -.025   1963< -.018   2009< -.017   2002< -.015  Higher   1999  .070   1975  .049
     1928 to 1977 segment:
       Lower   1949< -.052   1977> -.034   1959> -.029   1963< -.028   1931< -.024   1935> -.018  Higher   1975  .075   1933  .035
     1930 to 1979 segment:
       Lower   1949< -.047   1977> -.035   1963< -.029   1959> -.027   1931< -.024   1935> -.019  Higher   1975  .078   1933  .036
     1940 to 1989 segment:
       Lower   1977> -.040   1959> -.034   1949< -.032   1963< -.026   1973> -.019   1958< -.015  Higher   1975  .085   1947  .023
     1950 to 1999 segment:
       Lower   1959> -.056   1963< -.044   1977> -.044   1958< -.026   1973> -.022   1984< -.021  Higher   1999  .113   1975  .075
     1960 to 2009 segment:
       Lower   1977> -.054   1963< -.037   2009< -.035   2002< -.032   1973> -.028   2003< -.024  Higher   1999  .151   1975  .103

 [C] Year-to-year changes diverging by over 4.0 std deviations:
       1958 1959   4.2 SD

 [D]    1 Absent rings:  Year   Master  N series Absent
                         1949     .232      15       1  >> WARNING:  Ring is not usually narrow

====================================================================================================================================

 102124    1921 to  2007      87 years                                                                                    Series   4

 [A] Segment   High   -10   -9   -8   -7   -6   -5   -4   -3   -2   -1   +0   +1   +2   +3   +4   +5   +6   +7   +8   +9  +10
    ---------  ----   ---  ---  ---  ---  ---  ---  ---  ---  ---  ---  ---  ---  ---  ---  ---  ---  ---  ---  ---  ---  ---
    1921 1970   -7      -    - -.25  .35*-.10  .20  .18 -.07  .23 -.19 -.01| .11 -.18 -.18 -.10 -.20 -.08  .13 -.08  .02 -.04
    1930 1979   -2   -.10  .04  .13 -.01  .05  .09  .29 -.05  .31*-.14  .18|-.09 -.07 -.17  .03 -.35  .02 -.16 -.09 -.03 -.07
    1940 1989   -4   -.03  .01  .06  .02  .11  .00  .38*-.03  .25 -.03  .18|-.10  .05 -.26 -.03 -.28  .04 -.18 -.01 -.11  .03

 [B] Entire series, effect on correlation (  .241) is:
       Lower   1963< -.026   1959> -.025   1926< -.023   1925< -.021   1933> -.018   1958< -.018  Higher   1975  .071   1991  .038
     1921 to 1970 segment:
       Lower   1963< -.034   1925< -.028   1958< -.023   1941> -.018   1945< -.018   1927> -.017  Higher   1935  .050   1929  .035
     1930 to 1979 segment:
       Lower   1963< -.042   1959> -.033   1958< -.030   1933> -.028   1945< -.021   1941> -.019  Higher   1975  .126   1977  .046
     1940 to 1989 segment:
       Lower   1963< -.045   1959> -.032   1958< -.032   1945< -.025   1941> -.023   1943< -.019  Higher   1975  .156   1977  .058

 [C] Year-to-year changes diverging by over 4.0 std deviations:
       1926 1927   5.0 SD

 [E] Outliers     1   3.0 SD above or -4.5 SD below mean for year
       1926 -4.7 SD
====================================================================================================================================

 172594    1935 to  2005      71 years                                                                                    Series   5

 [B] Entire series, effect on correlation (  .332) is:
       Lower   1939< -.062   1952< -.019   1991> -.017   1960< -.017   1935> -.009   1992> -.009  Higher   1942  .021   1999  .019

 [C] Year-to-year changes diverging by over 4.0 std deviations:
       1938 1939  -4.0 SD    1939 1940   4.0 SD

 [D]    1 Absent rings:  Year   Master  N series Absent
                         1939    -.565      10       1

 [E] Outliers     1   3.0 SD above or -4.5 SD below mean for year
       1939 -5.2 SD
====================================================================================================================================

 102146    1948 to  2001      54 years                                                                                    Series   6

 [B] Entire series, effect on correlation (  .466) is:
       Lower   1980< -.071   1986< -.026   1977> -.025   1982< -.024   1950< -.019   1966> -.018  Higher   1959  .222   1999  .036

====================================================================================================================================

 70207     1947 to  2009      63 years                                                                                    Series   7

 [A] Segment   High   -10   -9   -8   -7   -6   -5   -4   -3   -2   -1   +0   +1   +2   +3   +4   +5   +6   +7   +8   +9  +10
    ---------  ----   ---  ---  ---  ---  ---  ---  ---  ---  ---  ---  ---  ---  ---  ---  ---  ---  ---  ---  ---  ---  ---
    1960 2009   -7    .10  .04  .07  .39*-.04  .08 -.28 -.20 -.03 -.23  .34|-.14    -    -    -    -    -    -    -    -    -

 [B] Entire series, effect on correlation (  .486) is:
       Lower   1975> -.054   2006< -.040   1964< -.031   1986< -.023   1957> -.015   1984< -.012  Higher   1959  .141   1999  .020
     1960 to 2009 segment:
       Lower   1975> -.064   2006< -.035   1986< -.030   1964< -.029   1984< -.015   1996> -.012  Higher   1999  .057   1966  .027

====================================================================================================================================

 10189     1930 to  2009      80 years                                                                                    Series   8

 [A] Segment   High   -10   -9   -8   -7   -6   -5   -4   -3   -2   -1   +0   +1   +2   +3   +4   +5   +6   +7   +8   +9  +10
    ---------  ----   ---  ---  ---  ---  ---  ---  ---  ---  ---  ---  ---  ---  ---  ---  ---  ---  ---  ---  ---  ---  ---
    1930 1979    0   -.11 -.14 -.07 -.02 -.25 -.11 -.19  .12  .19 -.04  .26*-.02  .06  .00  .12 -.14  .07 -.10  .23 -.07 -.17
    1940 1989    8   -.07 -.15 -.14 -.17 -.18 -.09 -.02  .03  .25  .05  .22| .00  .05  .03  .12 -.14  .04 -.11  .40*-.18  .01
    1950 1999    8   -.07 -.15 -.20 -.08 -.16  .01 -.14 -.03  .26 -.06  .17| .00  .09 -.03  .03 -.18  .04 -.23  .48*-.13  .11
    1960 2009   -2   -.10 -.15  .05 -.08  .00  .15 -.19 -.03  .18* .00  .17|-.02    -    -    -    -    -    -    -    -    -

 [B] Entire series, effect on correlation (  .201) is:
       Lower   1951< -.061   1999> -.048   2007< -.024   1942> -.023   1978< -.023   1938< -.013  Higher   1933  .047   1959  .022
     1930 to 1979 segment:
       Lower   1951< -.101   1978< -.040   1942> -.037   1938< -.024   1966> -.018   1943< -.015  Higher   1933  .057   1947  .024
     1940 to 1989 segment:
       Lower   1951< -.119   1978< -.044   1942> -.036   1943< -.018   1966> -.016   1940> -.010  Higher   1959  .045   1947  .025
     1950 to 1999 segment:
       Lower   1951< -.104   1999> -.070   1978< -.040   1993< -.018   1966> -.016   1990< -.011  Higher   1959  .042   1991  .031
     1960 to 2009 segment:
       Lower   1999> -.085   2007< -.047   1978< -.043   1993< -.024   1966> -.018   1990< -.015  Higher   1991  .050   2003  .027

====================================================================================================================================

 131364    1932 to  2009      78 years                                                                                    Series   9

 [A] Segment   High   -10   -9   -8   -7   -6   -5   -4   -3   -2   -1   +0   +1   +2   +3   +4   +5   +6   +7   +8   +9  +10
    ---------  ----   ---  ---  ---  ---  ---  ---  ---  ---  ---  ---  ---  ---  ---  ---  ---  ---  ---  ---  ---  ---  ---
    1932 1981    4   -.18  .02 -.17  .07 -.06 -.08 -.08 -.10  .07 -.15  .09| .06  .08 -.09  .44*-.23  .20 -.16 -.02 -.02 -.03
    1940 1989    4   -.16  .06 -.09  .11  .02 -.16 -.06 -.07  .04 -.11  .20|-.06  .06 -.15  .41*-.19  .26 -.15 -.01 -.03 -.12
    1950 1999    0   -.06 -.02  .10  .10 -.01 -.11 -.07 -.10 -.01 -.10  .29*-.10  .04 -.18  .27 -.22  .17 -.11 -.04 -.11 -.13

 [B] Entire series, effect on correlation (  .235) is:
       Lower   1933> -.055   1980< -.038   1953< -.035   1975> -.025   1932< -.021   1979> -.020  Higher   1999  .111   1959  .022
     1932 to 1981 segment:
       Lower   1933> -.063   1980< -.048   1953< -.038   1932< -.026   1975> -.026   1979> -.024  Higher   1959  .056   1966  .027
     1940 to 1989 segment:
       Lower   1980< -.056   1953< -.048   1975> -.039   1979> -.031   1985< -.023   1989> -.013  Higher   1959  .042   1966  .031
     1950 to 1999 segment:
       Lower   1953< -.053   1980< -.052   1975> -.043   1979> -.029   1985< -.021   1991> -.015  Higher   1999  .136   1960  .020

 [C] Year-to-year changes diverging by over 4.0 std deviations:
       1932 1933   4.2 SD

====================================================================================================================================

 12317     1917 to  2009      93 years                                                                                    Series  10

 [A] Segment   High   -10   -9   -8   -7   -6   -5   -4   -3   -2   -1   +0   +1   +2   +3   +4   +5   +6   +7   +8   +9  +10
    ---------  ----   ---  ---  ---  ---  ---  ---  ---  ---  ---  ---  ---  ---  ---  ---  ---  ---  ---  ---  ---  ---  ---
    1917 1966   -2      -    -    -    -    -    - -.10 -.05  .35*-.28  .32|-.25  .08 -.13 -.14  .21 -.13  .04 -.23  .01  .00
    1920 1969   -2      -    -    -  .25 -.01  .13 -.07 -.14  .42*-.27  .25|-.28  .11 -.14 -.12  .22 -.07 -.07 -.19  .07  .05
    1930 1979    2   -.03 -.16 -.11  .17  .23 -.13  .05 -.06  .22 -.24  .32|-.12  .33*-.17  .04  .02  .00 -.11 -.27 -.04  .05
    1940 1989    2    .08 -.22 -.03  .15  .21 -.13  .05 -.17  .22 -.23  .34|-.12  .39*-.30  .12 -.02  .09 -.02 -.16 -.01  .05

 [B] Entire series, effect on correlation (  .330) is:
       Lower   1937< -.088   1928< -.023   1942> -.013   1926> -.011   1948< -.010   1927< -.010  Higher   1933  .050   1999  .022
     1917 to 1966 segment:
       Lower   1937< -.125   1928< -.032   1942> -.017   1948< -.014   1927< -.014   1926> -.014  Higher   1933  .082   1919  .038
     1920 to 1969 segment:
       Lower   1937< -.132   1928< -.042   1942> -.021   1926> -.018   1948< -.017   1927< -.017  Higher   1933  .119   1920  .022
     1930 to 1979 segment:
       Lower   1937< -.149   1942> -.025   1948< -.019   1974< -.017   1967> -.014   1939< -.010  Higher   1933  .106   1977  .028
     1940 to 1989 segment:
       Lower   1948< -.034   1974< -.032   1942> -.030   1985< -.022   1967> -.019   1964> -.013  Higher   1977  .045   1959  .037

 [D]    2 Absent rings:  Year   Master  N series Absent
                         1933   -1.471       9       1
                         1937     .645      10       1  >> WARNING:  Ring is not usually narrow

 [E] Outliers     1   3.0 SD above or -4.5 SD below mean for year
       1937 -5.6 SD
====================================================================================================================================

 80774     1970 to  2008      39 years                                                                                    Series  11

 [B] Entire series, effect on correlation (  .484) is:
       Lower   1981< -.103   1970< -.022   2001> -.015   1982< -.015   2003< -.015   1971> -.015  Higher   1999  .071   1977  .047

====================================================================================================================================

 131366    1942 to  2007      66 years                                                                                    Series  12

 [B] Entire series, effect on correlation (  .437) is:
       Lower   1999> -.078   1978< -.025   1996< -.021   1955> -.016   1991> -.015   1970< -.012  Higher   1959  .083   1975  .049

====================================================================================================================================

 10185     1919 to  2006      88 years                                                                                    Series  13

 [A] Segment   High   -10   -9   -8   -7   -6   -5   -4   -3   -2   -1   +0   +1   +2   +3   +4   +5   +6   +7   +8   +9  +10
    ---------  ----   ---  ---  ---  ---  ---  ---  ---  ---  ---  ---  ---  ---  ---  ---  ---  ---  ---  ---  ---  ---  ---
    1919 1968    0      -    -    -    - -.09 -.01  .22  .05  .12 -.17  .30*-.07  .10  .13 -.09  .08 -.23 -.15 -.25 -.06 -.08
    1920 1969    0      -    -    -  .19 -.06 -.04  .25 -.02  .12 -.13  .27* .00  .07  .15 -.08  .11 -.26 -.19 -.29 -.04 -.05
    1930 1979    0   -.23 -.23  .06  .15 -.02 -.01  .10  .17 -.10  .01  .31* .05 -.04  .15 -.20  .30 -.34 -.06 -.21  .03 -.20
    1940 1989    0   -.17 -.23  .08  .17  .03  .05  .11  .03  .03  .06  .29* .13 -.11  .14 -.27  .20 -.29  .09 -.15  .03 -.16
    1950 1999   -7   -.20 -.17 -.04  .31* .03 -.01  .14 -.02 -.12  .01  .22| .16 -.07  .08 -.14  .11 -.25  .15 -.15  .08 -.10
    1957 2006   -7   -.16 -.14 -.07  .17*-.01 -.09  .16  .10 -.06  .00  .13| .09 -.06  .11 -.15    -    -    -    -    -    -

 [B] Entire series, effect on correlation (  .060) is:
       Lower   1946< -.043   1926> -.025   1977> -.023   1991> -.020   1929< -.018   1970< -.017  Higher   1959  .092   1919  .028
     1919 to 1968 segment:
       Lower   1946< -.111   1926> -.040   1929< -.030   1920< -.027   1935> -.016   1923< -.015  Higher   1959  .114   1933  .021
     1920 to 1969 segment:
       Lower   1946< -.102   1926> -.049   1929< -.036   1920< -.035   1935> -.020   1927> -.017  Higher   1959  .150   1933  .027
     1930 to 1979 segment:
       Lower   1946< -.130   1977> -.049   1970< -.037   1935> -.024   1942> -.020   1975> -.019  Higher   1959  .158   1933  .025
     1940 to 1989 segment:
       Lower   1946< -.116   1977> -.054   1970< -.036   1942> -.022   1975> -.020   1974< -.016  Higher   1959  .178   1966  .029
     1950 to 1999 segment:
       Lower   1977> -.062   1970< -.057   1991> -.054   1974< -.027   1995< -.021   1967> -.017  Higher   1959  .221   1966  .029
     1957 to 2006 segment:
       Lower   1977> -.056   1991> -.050   1970< -.046   2006> -.032   2002< -.026   1974< -.022  Higher   1959  .230   1966  .033

 [C] Year-to-year changes diverging by over 4.0 std deviations:
       1919 1920  -4.1 SD    1945 1946  -4.0 SD

 [D]    1 Absent rings:  Year   Master  N series Absent
                         1946     .674      13       1  >> WARNING:  Ring is not usually narrow

 [E] Outliers     1   3.0 SD above or -4.5 SD below mean for year
       1946 -5.8 SD
====================================================================================================================================

 80769     1950 to  2004      55 years                                                                                    Series  14

 [A] Segment   High   -10   -9   -8   -7   -6   -5   -4   -3   -2   -1   +0   +1   +2   +3   +4   +5   +6   +7   +8   +9  +10
    ---------  ----   ---  ---  ---  ---  ---  ---  ---  ---  ---  ---  ---  ---  ---  ---  ---  ---  ---  ---  ---  ---  ---
    1950 1999    8    .06 -.24  .01 -.10  .03 -.07 -.13  .00  .05 -.10  .24|-.02  .18 -.15 -.04 -.13 -.01 -.09  .58* .00  .24
    1955 2004    2    .03 -.22  .07 -.11  .04 -.17  .03 -.11  .02 -.07  .16|-.01  .16*-.10 -.06 -.19 -.03    -    -    -    -

 [B] Entire series, effect on correlation (  .161) is:
       Lower   2003< -.079   1999> -.070   1968< -.024   1975> -.018   1979> -.011   1982< -.009  Higher   1991  .102   1959  .015
     1950 to 1999 segment:
       Lower   1999> -.084   1968< -.029   1975> -.023   1979> -.012   1982< -.012   1969< -.010  Higher   1991  .089   1985  .013
     1955 to 2004 segment:
       Lower   2003< -.081   1999> -.072   1968< -.024   1975> -.018   1979> -.011   1982< -.009  Higher   1991  .104   1959  .015

====================================================================================================================================

 150913    1931 to  2009      79 years                                                                                    Series  15

 [A] Segment   High   -10   -9   -8   -7   -6   -5   -4   -3   -2   -1   +0   +1   +2   +3   +4   +5   +6   +7   +8   +9  +10
    ---------  ----   ---  ---  ---  ---  ---  ---  ---  ---  ---  ---  ---  ---  ---  ---  ---  ---  ---  ---  ---  ---  ---
    1931 1980    0    .17 -.13  .01 -.01 -.06 -.28  .09 -.24  .11 -.09  .30*-.15  .16 -.22 -.09 -.05  .17  .01  .21  .20  .01
    1940 1989    0    .11 -.10  .02 -.21 -.13 -.19  .16 -.28  .10 -.15  .30*-.08  .07 -.12  .13 -.10  .11 -.10  .15  .03  .00
    - - - - - - - - - - - - - - - - - - - - - - - - - - - - - - - - - - - - - - - - - - - - - - - - - - - - - - - - - - - - -
    1960 2009  -10    .35*-.21  .20 -.17 -.07 -.04  .02 -.11  .25 -.16  .33|-.20    -    -    -    -    -    -    -    -    -

 [B] Entire series, effect on correlation (  .280) is:
       Lower   2001< -.036   1938> -.029   1975> -.027   1994< -.021   2007< -.014   1958< -.014  Higher   1999  .073   1933  .041
     1931 to 1980 segment:
       Lower   1938> -.051   1975> -.042   1958< -.027   1937< -.016   1935> -.015   1950< -.014  Higher   1933  .064   1959  .032
     1940 to 1989 segment:
       Lower   1975> -.050   1958< -.030   1987< -.028   1973> -.018   1950< -.015   1986< -.014  Higher   1959  .044   1977  .039
     1960 to 2009 segment:
       Lower   1975> -.055   2001< -.054   1994< -.033   2007< -.023   1987< -.019   1973> -.015  Higher   1999  .117   1977  .029

 [C] Year-to-year changes diverging by over 4.0 std deviations:
       1937 1938   4.0 SD

====================================================================================================================================

 60449     1981 to  2008      28 years                                                                                    Series  16

 [B] Entire series, effect on correlation (  .452) is:
       Lower   2002> -.059   1987< -.046   1993< -.038   1988< -.032   2000> -.024   1990< -.021  Higher   1999  .281   1991  .071

====================================================================================================================================

 82347     1940 to  2008      69 years                                                                                    Series  17

 [A] Segment   High   -10   -9   -8   -7   -6   -5   -4   -3   -2   -1   +0   +1   +2   +3   +4   +5   +6   +7   +8   +9  +10
    ---------  ----   ---  ---  ---  ---  ---  ---  ---  ---  ---  ---  ---  ---  ---  ---  ---  ---  ---  ---  ---  ---  ---
    1940 1989    2    .03  .01 -.10 -.09  .06 -.17 -.05 -.20  .04 -.25  .42|-.15  .49*-.14  .03  .06 -.04  .10  .00 -.13  .08
    1950 1999    2    .12 -.01 -.03 -.20  .03 -.13 -.05 -.15  .10 -.14  .36|-.23  .45*-.19 -.07  .01 -.02  .08 -.02 -.08  .16

 [B] Entire series, effect on correlation (  .297) is:
       Lower   1948< -.049   1979> -.038   1991> -.032   2000< -.028   1999> -.027   1967> -.017  Higher   1959  .194   1975  .025
     1940 to 1989 segment:
       Lower   1948< -.070   1979> -.059   1966> -.027   1967> -.026   1985< -.019   1956> -.018  Higher   1959  .235   1975  .021
     1950 to 1999 segment:
       Lower   1979> -.048   1991> -.041   1999> -.038   1985< -.021   1966> -.020   1967> -.020  Higher   1959  .237   1975  .029

 [C] Year-to-year changes diverging by over 4.0 std deviations:
       1999 2000  -4.5 SD

====================================================================================================================================

 22253     1913 to  2005      93 years                                                                                    Series  18

 [*] Early part of series cannot be checked from 1913 to 1916 -- not matched by another series

 [B] Entire series, effect on correlation (  .428) is:
       Lower   1933> -.041   1987< -.025   1959> -.024   1989> -.013   1993< -.010   1923> -.010  Higher   1919  .049   1975  .045

====================================================================================================================================

 60555     1957 to  2010      54 years                                                                                    Series  19

 [*] Later part of series cannot be checked from 2010 to 2010 -- not matched by another series

 [A] Segment   High   -10   -9   -8   -7   -6   -5   -4   -3   -2   -1   +0   +1   +2   +3   +4   +5   +6   +7   +8   +9  +10
    ---------  ----   ---  ---  ---  ---  ---  ---  ---  ---  ---  ---  ---  ---  ---  ---  ---  ---  ---  ---  ---  ---  ---
    1957 2006    0    .00 -.06  .14 -.13 -.01  .05 -.13  .00 -.14 -.08  .28*-.03  .22 -.09  .11    -    -    -    -    -    -
    1960 2009    0    .00 -.02  .15 -.13 -.03  .02 -.17  .02 -.15 -.07  .20* .03    -    -    -    -    -    -    -    -    -

 [B] Entire series, effect on correlation (  .242) is:
       Lower   1990< -.109   1966> -.058   1962< -.034   1991> -.029   2008< -.024   2001> -.017  Higher   1975  .086   1999  .080
     1957 to 2006 segment:
       Lower   1990< -.124   1966> -.058   1962< -.039   1991> -.030   2001> -.016   1972< -.013  Higher   1975  .083   1999  .078
     1960 to 2009 segment:
       Lower   1990< -.116   1966> -.073   1991> -.038   1962< -.036   2008< -.026   2001> -.022  Higher   1975  .118   1999  .107

 [C] Year-to-year changes diverging by over 4.0 std deviations:
       1990 1991   4.8 SD

====================================================================================================================================

 152431    1966 to  2009      44 years                                                                                    Series  20

 [A] Segment   High   -10   -9   -8   -7   -6   -5   -4   -3   -2   -1   +0   +1   +2   +3   +4   +5   +6   +7   +8   +9  +10
    ---------  ----   ---  ---  ---  ---  ---  ---  ---  ---  ---  ---  ---  ---  ---  ---  ---  ---  ---  ---  ---  ---  ---
    1966 2009   -8   -.21  .02  .21*-.13  .09 -.13 -.15 -.05 -.08  .09  .05|-.17    -    -    -    -    -    -    -    -    -

 [B] Entire series, effect on correlation (  .052) is:
       Lower   1972< -.054   1977> -.040   1966> -.039   1986< -.037   1994< -.021   2006> -.016  Higher   1975  .041   1991  .036
     1966 to 2009 segment:
       Lower   1972< -.054   1977> -.040   1966> -.039   1986< -.037   1994< -.021   2006> -.016  Higher   1975  .041   1991  .036

====================================================================================================================================

 122009    1921 to  2009      89 years                                                                                    Series  21

 [A] Segment   High   -10   -9   -8   -7   -6   -5   -4   -3   -2   -1   +0   +1   +2   +3   +4   +5   +6   +7   +8   +9  +10
    ---------  ----   ---  ---  ---  ---  ---  ---  ---  ---  ---  ---  ---  ---  ---  ---  ---  ---  ---  ---  ---  ---  ---
    1921 1970    3      -    -  .30  .07  .21 -.20 -.16 -.06 -.03  .12 -.20|-.03 -.16  .30*-.15 -.08  .04 -.05  .19  .22  .23
    1930 1979   -7   -.09  .09  .10  .28* .06 -.07 -.17 -.24  .10 -.02 -.10|-.05 -.15  .22 -.08  .11  .03  .04  .17  .16  .23
    1940 1989    3   -.05  .02 -.02  .11  .01 -.11 -.12 -.22  .11 -.02 -.09|-.08 -.01  .25* .01  .18 -.02  .01  .04  .02  .22
    1950 1999   10    .02 -.05  .13  .00 -.07 -.16 -.01 -.06  .09  .05  .06|-.14 -.10  .15  .03  .16 -.04  .02 -.03 -.09  .23*
    1960 2009    0   -.01 -.10  .07  .13 -.07 -.10 -.07 -.12  .08 -.07  .20*-.11    -    -    -    -    -    -    -    -    -

 [B] Entire series, effect on correlation (  .015) is:
       Lower   1921> -.042   1961< -.020   1959> -.020   1977> -.019   1955> -.018   1924< -.014  Higher   1999  .100   1975  .029
     1921 to 1970 segment:
       Lower   1921> -.063   1955> -.027   1961< -.026   1924< -.023   1922< -.022   1968< -.015  Higher   1933  .062   1928  .039
     1930 to 1979 segment:
       Lower   1961< -.037   1977> -.032   1955> -.031   1959> -.024   1948< -.017   1968< -.015  Higher   1975  .060   1933  .049
     1940 to 1989 segment:
       Lower   1961< -.036   1977> -.035   1955> -.034   1959> -.023   1948< -.017   1968< -.016  Higher   1975  .068   1980  .036
     1950 to 1999 segment:
       Lower   1959> -.047   1961< -.041   1977> -.033   1955> -.031   1995< -.029   1968< -.018  Higher   1999  .165   1975  .044
     1960 to 2009 segment:
       Lower   1977> -.053   1961< -.043   1995< -.028   1983> -.024   1968< -.019   1973> -.018  Higher   1999  .169   1975  .038

 [C] Year-to-year changes diverging by over 4.0 std deviations:
       1959 1960  -4.1 SD

====================================================================================================================================
PART 7:  DESCRIPTIVE STATISTICS:                                                                   14:32  Fri 15 Jun 2018  Page   6
------------------------------------------------------------------------------------------------------------------------------------

                                                Corr   //-------- Unfiltered --------\\  //---- Filtered -----\\
                           No.    No.    No.    with   Mean   Max     Std   Auto   Mean   Max     Std   Auto  AR
 Seq Series   Interval   Years  Segmt  Flags   Master  msmt   msmt    dev   corr   sens  value    dev   corr  ()
 --- -------- ---------  -----  -----  -----   ------ -----  -----  -----  -----  -----  -----  -----  -----  --
   1 180988   1960 2008     49      1      0    .437   1.40   8.13  1.470   .737   .508   3.28   .550  -.112   1
   2 92556    1942 2004     63      3      0    .310   1.06   4.03  1.077   .922   .345   2.69   .485  -.036   1
   3 42001    1928 2009     82      5      5    .192   2.19   5.47  1.286   .742   .376   2.55   .410  -.102   1
   4 102124   1921 2007     87      5      3    .241   2.13   6.67  1.583   .778   .350   2.62   .501  -.085   1
   5 172594   1935 2005     71      4      0    .332   1.09   4.04  1.219   .743   .448   2.47   .356  -.073   1
   6 102146   1948 2001     54      3      0    .466   1.84   4.10   .815   .671   .290   2.53   .401  -.085   1
   7 70207    1947 2009     63      3      1    .486   1.38   2.87   .735   .742   .358   2.64   .525  -.029   1
   8 10189    1930 2009     80      4      4    .201    .91   2.13   .575   .704   .411   2.88   .553  -.007   1
   9 131364   1932 2009     78      4      3    .235   2.10   4.73   .940   .524   .378   2.42   .456  -.039   1
  10 12317    1917 2009     93      6      4    .330   1.81   4.40   .931   .633   .362   2.47   .409  -.026   1
  11 80774    1970 2008     39      1      0    .484   2.04   4.72  1.021   .789   .288   2.75   .579  -.072   1
  12 131366   1942 2007     66      3      0    .437   1.17   3.18   .775   .676   .409   2.61   .622  -.016   1
  13 10185    1919 2006     88      6      6    .060   2.08   7.27  1.532   .796   .375   2.46   .357  -.098   4
  14 80769    1950 2004     55      2      2    .161   1.65   3.71   .892   .465   .430   2.69   .455  -.067   1
  15 150913   1931 2009     79      4      3    .280   1.41   3.97   .951   .882   .252   2.73   .478  -.140   1
  16 60449    1981 2008     28      1      0    .452    .82   2.66   .604   .492   .484   3.23   .676   .024   1
  17 82347    1940 2008     69      3      2    .297   1.24   2.92   .569   .641   .298   2.62   .466  -.087   2
  18 22253    1913 2005     93      6      0    .428   1.69   4.89  1.081   .715   .419   2.59   .484  -.076   1
  19 60555    1957 2010     54      2      2    .242   1.28   3.28   .762   .323   .520   2.83   .570  -.053   2
  20 152431   1966 2009     44      1      1    .052   1.70   4.39  1.198   .703   .437   2.78   .654  -.054   1
  21 122009   1921 2009     89      5      5    .015    .77   3.35   .600   .566   .486   2.73   .532  -.043   1
 --- -------- ---------  -----  -----  -----   ------ -----  -----  -----  -----  -----  -----  -----  -----  --
 Total or mean:           1424     72     41    .278   1.54   8.13   .997   .687   .388   3.28   .487  -.063

                                              - = [  COFECHA ACRU COF  ] = -
