[]  Dendrochronology Program Library                                        Run CACA   Program COF  14:32  Fri 15 Jun 2018  Page   1
[]
[]  P R O G R A M      C O F E C H A                                                                          Version 6.06P    30483
------------------------------------------------------------------------------------------------------------------------------------

 QUALITY CONTROL AND DATING CHECK OF TREE-RING MEASUREMENTS

 File of DATED series:   caca_drop.rwl

 CONTENTS:

    Part 1:  Title page, options selected, summary, absent rings by series
    Part 2:  Histogram of time spans
    Part 3:  Master series with sample depth and absent rings by year
    Part 4:  Bar plot of Master Dating Series
    Part 5:  Correlation by segment of each series with Master
    Part 6:  Potential problems: low correlation, divergent year-to-year changes, absent rings, outliers
    Part 7:  Descriptive statistics

 RUN CONTROL OPTIONS SELECTED                             VALUE

         1  Cubic smoothing spline 50% wavelength cutoff for filtering
                                                            32 years
         2  Segments examined are                           50 years lagged successively by  10 years
         3  Autoregressive model applied                     A  Residuals are used in master dating series and testing
         4  Series transformed to logarithms                 Y  Each series log-transformed for master dating series and testing
         5  CORRELATION is Pearson (parametric, quantitative)
            Critical correlation, 99% confidence level   .3281
         6  Master dating series saved                       N
         7  Ring measurements listed                         N
         8  Parts printed                              1234567 
         9  Absent rings are omitted from master series and segment correlations  (Y)

 Time span of Master dating series is  1924 to  2017    94 years
 Continuous time span is               1924 to  2017    94 years
 Portion with two or more series is    1948 to  2017    70 years


                                        ****************************************
                                        *C* Number of dated series         7 *C*
                                        *O* Master series 1924 2017   94 yrs *O*
                                        *F* Total rings in all series    435 *F*
                                        *E* Total dated rings checked    411 *E*
                                        *C* Series intercorrelation     .246 *C*
                                        *H* Average mean sensitivity    .300 *H*
                                        *A* Segments, possible problems   12 *A*
                                        *** Mean length of series       62.1 ***
                                        ****************************************

 ABSENT RINGS listed by SERIES:            (See Master Dating Series for absent rings listed by year)

               No ring measurements of zero value
PART 2:  TIME PLOT OF TREE-RING SERIES:                                                            14:32  Fri 15 Jun 2018  Page   2
------------------------------------------------------------------------------------------------------------------------------------
 1050 1100 1150 1200 1250 1300 1350 1400 1450 1500 1550 1600 1650 1700 1750 1800 1850 1900 1950 2000 2050 Ident   Seq Time-span  Yrs
   :    :    :    :    :    :    :    :    :    :    :    :    :    :    :    :    :    :    :    :    : -------- --- ---- ---- ----
   .    .    .    .    .    .    .    .    .    .    .    .    .    .    .    .    .    .    .<====>   . 40900A     1 1969 2011   43
   .    .    .    .    .    .    .    .    .    .    .    .    .    .    .    .    .    .    .<====>   . 12308A     2 1966 2017   52
   .    .    .    .    .    .    .    .    .    .    .    .    .    .    .    .    .    .    <=====>   . 12312A     3 1951 2012   62
   .    .    .    .    .    .    .    .    .    .    .    .    .    .    .    .    .    . <========>   . 42014A     4 1924 2017   94
   .    .    .    .    .    .    .    .    .    .    .    .    .    .    .    .    .    .   <======>   . 60511A     5 1948 2015   68
   .    .    .    .    .    .    .    .    .    .    .    .    .    .    .    .    .    .    <=====>   . 60552A     6 1953 2016   64
   .    .    .    .    .    .    .    .    .    .    .    .    .    .    .    .    .    .    .<====>   . 90296A     7 1966 2017   52
   :    :    :    :    :    :    :    :    :    :    :    :    :    :    :    :    :    :    :    :    :
 1050 1100 1150 1200 1250 1300 1350 1400 1450 1500 1550 1600 1650 1700 1750 1800 1850 1900 1950 2000 2050
PART 3:  Master Dating Series:                                                                     14:32  Fri 15 Jun 2018  Page   3
------------------------------------------------------------------------------------------------------------------------------------
  Year  Value  No Ab    Year  Value  No Ab    Year  Value  No Ab    Year  Value  No Ab    Year  Value  No Ab    Year  Value  No Ab
  ------------------    ------------------    ------------------    ------------------    ------------------    ------------------
                        1950  -.553   2       2000 -1.464   7
                        1951  -.084   3       2001 -1.756   7
                        1952   .076   3       2002  -.725   7
                        1953   .117   4       2003   .572   7
                        1954  -.102   4       2004   .240   7
                        1955  -.100   4       2005   .919   7
                        1956   .415   4       2006   .855   7
                        1957  -.583   4       2007   .370   7
                        1958  -.195   4       2008   .558   7
                        1959  -.631   4       2009   .774   7

                        1960   .078   4       2010   .415   7
                        1961  1.180   4       2011  1.023   7
                        1962  -.765   4       2012  -.978   6
                        1963 -1.239   4       2013  -.344   5
                        1964  -.877   4       2014   .243   5
                        1965  -.672   4       2015   .562   5
                        1966  -.626   6       2016 -1.491   4
                        1967   .012   6       2017   .515   3
                        1968  1.565   6
                        1969  1.449   7

                        1970  -.674   7
                        1971  -.766   7
                        1972  -.668   7
                        1973   .381   7
  1924 -1.840   1       1974  -.520   7
  1925  2.620   1       1975  -.018   7
  1926   .059   1       1976  -.983   7
  1927   .237   1       1977  -.672   7
  1928 -1.939   1       1978   .700   7
  1929  -.726   1       1979  -.009   7

  1930 -1.240   1       1980   .093   7
  1931  1.332   1       1981   .656   7
  1932   .437   1       1982   .766   7
  1933 -2.642   1       1983   .893   7
  1934   .644   1       1984   .574   7
  1935   .531   1       1985  -.581   7
  1936  1.892   1       1986   .226   7
  1937  1.582   1       1987   .329   7
  1938   .329   1       1988  -.081   7
  1939  -.756   1       1989   .994   7

  1940 -1.315   1       1990  -.043   7
  1941   .775   1       1991  -.766   7
  1942   .761   1       1992  -.062   7
  1943  1.301   1       1993  -.112   7
  1944  -.863   1       1994   .411   7
  1945  3.175   1       1995   .715   7
  1946  2.156   1       1996   .464   7
  1947  -.697   1       1997 -1.604   7
  1948  -.904   2       1998  -.990   7
  1949 -1.221   2       1999 -1.093   7
------------------------------------------------------------------------------------------------------------------------------------
PART 4:  Master Bar Plot:                                                                          14:32  Fri 15 Jun 2018  Page   4
------------------------------------------------------------------------------------------------------------------------------------
   Year Rel value  Year Rel value  Year Rel value  Year Rel value  Year Rel value  Year Rel value  Year Rel value  Year Rel value
                   1950---b        2000f
                   1951----@       2001g
                   1952-----@      2002--c
                   1953-----@      2003-------B
                   1954----@       2004------A
                   1955----@       2005---------D
                   1956-------B    2006---------C
                   1957---b        2007------A
                   1958----a       2008-------B
                   1959---c        2009--------C
                   1960-----@      2010-------B
                   1961---------E  2011---------D
                   1962--c         2012-d
                   1963-e          2013----a
                   1964-d          2014------A
                   1965---c        2015-------B
                   1966---c        2016f
                   1967-----@      2017-------B
                   1968----------F
                   1969----------F
                   1970---c
                   1971--c
                   1972---c
                   1973------B
   1924g           1974---b
   1925----------J 1975-----@
   1926-----@      1976-d
   1927------A     1977---c
   1928h           1978--------C
   1929--c         1979-----@
   1930-e          1980-----@
   1931---------E  1981--------C
   1932-------B    1982--------C
   1933k           1983---------D
   1934--------C   1984-------B
   1935-------B    1985---b
   1936----------H 1986------A
   1937----------F 1987------A
   1938------A     1988----@
   1939--c         1989---------D
   1940e           1990----@
   1941--------C   1991--c
   1942--------C   1992----@
   1943---------E  1993----@
   1944--c         1994-------B
   1945----------M 1995--------C
   1946----------I 1996-------B
   1947--c         1997f
   1948-d          1998-d
   1949-e          1999-d
PART 5:  CORRELATION OF SERIES BY SEGMENTS:                                                        14:32  Fri 15 Jun 2018  Page   5
------------------------------------------------------------------------------------------------------------------------------------
 Correlations of  50-year dated segments, lagged  10 years
 Flags:  A = correlation under   .3281 but highest as dated;  B = correlation higher at other than dated position

 Seq Series  Time_span   1940 1950 1960 1970
                         1989 1999 2009 2019
 --- -------- ---------  ---- ---- ---- ---- ---- ---- ---- ---- ---- ---- ---- ---- ---- ---- ---- ---- ---- ---- ---- ----
   1 40900A   1969 2011             .31B
   2 12308A   1966 2017             .42  .49
   3 12312A   1951 2012        .34  .38  .35
   4 42014A   1924 2017  -.02B .00B .17B .27A
   5 60511A   1948 2015   .29B .28A .25A .13B
   6 60552A   1953 2016        .28B .42  .40
   7 90296A   1966 2017             .15B .15A
 Av segment correlation   .13  .22  .30  .30
PART 6:  POTENTIAL PROBLEMS:                                                                       14:32  Fri 15 Jun 2018  Page   5
------------------------------------------------------------------------------------------------------------------------------------

 For each series with potential problems the following diagnostics may appear:

 [A] Correlations with master dating series of flagged  50-year segments of series filtered with  32-year spline,
     at every point from ten years earlier (-10) to ten years later (+10) than dated

 [B] Effect of those data values which most lower or raise correlation with master series
     Symbol following year indicates value in series is greater (>) or lesser (<) than master series value

 [C] Year-to-year changes very different from the mean change in other series

 [D] Absent rings (zero values)

 [E] Values which are statistical outliers from mean for the year
====================================================================================================================================

 40900A    1969 to  2011      43 years                                                                                    Series   1

 [A] Segment   High   -10   -9   -8   -7   -6   -5   -4   -3   -2   -1   +0   +1   +2   +3   +4   +5   +6   +7   +8   +9  +10
    ---------  ----   ---  ---  ---  ---  ---  ---  ---  ---  ---  ---  ---  ---  ---  ---  ---  ---  ---  ---  ---  ---  ---
    1969 2011    3    .06  .07 -.02 -.14  .04 -.14  .02 -.07  .22  .32  .31|-.01  .17  .33*-.07 -.30 -.11    -    -    -    -

 [B] Entire series, effect on correlation (  .309) is:
       Lower   1970> -.061   1992> -.029   2005< -.023   1979> -.019   1997> -.018   1986< -.013  Higher   2001  .051   1974  .031
     1969 to 2011 segment:
       Lower   1970> -.061   1992> -.029   2005< -.023   1979> -.019   1997> -.018   1986< -.013  Higher   2001  .051   1974  .031

====================================================================================================================================

 12308A    1966 to  2017      52 years                                                                                    Series   2

 [B] Entire series, effect on correlation (  .493) is:
       Lower   2010< -.046   1989< -.033   1998> -.022   2004< -.019   1997> -.017   1974> -.012  Higher   2016  .065   1968  .030

====================================================================================================================================

 12312A    1951 to  2012      62 years                                                                                    Series   3

 [B] Entire series, effect on correlation (  .291) is:
       Lower   1961< -.051   2006< -.033   1974> -.027   2012> -.023   2007< -.020   1957< -.019  Higher   1997  .083   1962  .069

====================================================================================================================================

 42014A    1924 to  2017      94 years                                                                                    Series   4

 [*] Early part of series cannot be checked from 1924 to 1947 -- not matched by another series

 [A] Segment   High   -10   -9   -8   -7   -6   -5   -4   -3   -2   -1   +0   +1   +2   +3   +4   +5   +6   +7   +8   +9  +10
    ---------  ----   ---  ---  ---  ---  ---  ---  ---  ---  ---  ---  ---  ---  ---  ---  ---  ---  ---  ---  ---  ---  ---
    1948 1997    6   -.07  .13 -.03 -.20  .08  .02 -.20 -.14  .19  .01 -.02| .00 -.01  .09 -.20 -.10  .20* .09 -.17  .16 -.13
    1950 1999    6   -.08  .11  .01 -.18  .09 -.01 -.17 -.16  .13  .03  .00| .04  .01  .13 -.18 -.13  .20* .10 -.22  .17 -.14
    1960 2009    3    .02  .02 -.04 -.22 -.05 -.09 -.13 -.07  .13  .17  .17| .08  .09  .20*-.18 -.11  .17  .01 -.24    -    -
    1968 2017    0   -.08  .02 -.02 -.28 -.11 -.12 -.02  .07  .02 -.01  .27*   -    -    -    -    -    -    -    -    -    -

 [B] Entire series, effect on correlation (  .039) is:
       Lower   1962> -.088   2016> -.024   1966> -.024   1956< -.023   2015< -.023   1953< -.023  Higher   1997  .035   2012  .025
     1948 to 1997 segment:
       Lower   1962> -.124   1966> -.033   1956< -.027   1953< -.027   1950< -.026   1983< -.019  Higher   1997  .048   1969  .032
     1950 to 1999 segment:
       Lower   1962> -.140   1966> -.037   1956< -.028   1953< -.028   1950< -.027   1983< -.020  Higher   1997  .049   1969  .031
     1960 to 2009 segment:
       Lower   1962> -.172   1966> -.038   1983< -.029   1973< -.026   1995< -.015   1996< -.015  Higher   1997  .045   1969  .024
     1968 to 2017 segment:
       Lower   2016> -.080   2015< -.044   1983< -.032   1973< -.028   1995< -.016   1996< -.015  Higher   1997  .039   2012  .032

 [C] Year-to-year changes diverging by over 4.0 std deviations:
       2015 2016   4.1 SD

 [E] Outliers     3   3.0 SD above or -4.5 SD below mean for year
       1962 +3.3 SD;    1966 +3.8 SD;    1989 +3.1 SD
====================================================================================================================================

 60511A    1948 to  2015      68 years                                                                                    Series   5

 [A] Segment   High   -10   -9   -8   -7   -6   -5   -4   -3   -2   -1   +0   +1   +2   +3   +4   +5   +6   +7   +8   +9  +10
    ---------  ----   ---  ---  ---  ---  ---  ---  ---  ---  ---  ---  ---  ---  ---  ---  ---  ---  ---  ---  ---  ---  ---
    1948 1997    2    .11  .05  .17  .08 -.12 -.03  .04 -.27 -.31 -.11  .29| .09  .33* .05 -.01  .02 -.22  .08  .18 -.07  .04
    1950 1999    0    .15  .04  .13  .12 -.10  .02  .02 -.20 -.31 -.20  .28*-.01  .21  .04  .01  .02 -.20  .10  .22 -.08  .09
    1960 2009    0    .11  .05  .02 -.06 -.19 -.03 -.01 -.18 -.24 -.09  .25*-.02  .23  .14  .11  .02 -.18  .09  .18    -    -
    1966 2015    2    .10  .06  .02 -.08 -.22 -.15  .03 -.26 -.17 -.26  .13|-.08  .20*   -    -    -    -    -    -    -    -

 [B] Entire series, effect on correlation (  .193) is:
       Lower   2000> -.051   1976> -.038   2010< -.035   1950> -.031   1989< -.026   1999> -.023  Higher   1962  .105   1997  .082
     1948 to 1997 segment:
       Lower   1976> -.057   1950> -.047   1989< -.038   1969< -.024   1979> -.020   1960< -.020  Higher   1962  .127   1997  .097
     1950 to 1999 segment:
       Lower   1976> -.056   1950> -.046   1989< -.042   1999> -.033   1969< -.027   1960< -.022  Higher   1962  .134   1997  .102
     1960 to 2009 segment:
       Lower   2000> -.072   1976> -.055   1989< -.034   1999> -.033   1969< -.021   2009< -.021  Higher   1962  .133   1997  .103
     1966 to 2015 segment:
       Lower   2000> -.076   1976> -.058   2010< -.044   1999> -.036   1989< -.034   1979> -.022  Higher   1997  .151   2012  .049

 [E] Outliers     6   3.0 SD above or -4.5 SD below mean for year
       1950 +3.1 SD;    1976 +3.3 SD;    1999 +3.3 SD;    2000 +5.0 SD;    2001 +3.6 SD;    2010 -5.0 SD
====================================================================================================================================

 60552A    1953 to  2016      64 years                                                                                    Series   6

 [A] Segment   High   -10   -9   -8   -7   -6   -5   -4   -3   -2   -1   +0   +1   +2   +3   +4   +5   +6   +7   +8   +9  +10
    ---------  ----   ---  ---  ---  ---  ---  ---  ---  ---  ---  ---  ---  ---  ---  ---  ---  ---  ---  ---  ---  ---  ---
    1953 2002   -5    .07 -.11 -.12  .08 -.05  .30*-.18  .09  .17  .12  .28| .02 -.20  .03  .03 -.17 -.23 -.06  .13  .04  .02

 [B] Entire series, effect on correlation (  .316) is:
       Lower   1957> -.069   1963> -.044   1954< -.022   1967< -.019   2012> -.018   1974> -.014  Higher   1962  .089   2016  .047
     1953 to 2002 segment:
       Lower   1957> -.088   1963> -.056   1954< -.030   1967< -.026   1974> -.017   1985> -.016  Higher   1962  .124   1997  .036

 [E] Outliers     3   3.0 SD above or -4.5 SD below mean for year
       1961 +3.1 SD;    1963 +3.3 SD;    2013 +3.5 SD
====================================================================================================================================

 90296A    1966 to  2017      52 years                                                                                    Series   7

 [A] Segment   High   -10   -9   -8   -7   -6   -5   -4   -3   -2   -1   +0   +1   +2   +3   +4   +5   +6   +7   +8   +9  +10
    ---------  ----   ---  ---  ---  ---  ---  ---  ---  ---  ---  ---  ---  ---  ---  ---  ---  ---  ---  ---  ---  ---  ---
    1966 2015   -4   -.14 -.19  .13  .11 -.17  .01  .17* .05  .00  .01  .15| .12 -.04    -    -    -    -    -    -    -    -
    1968 2017    0   -.12 -.24  .13  .10 -.18  .07  .13  .01 -.02  .02  .15*   -    -    -    -    -    -    -    -    -    -

 [B] Entire series, effect on correlation (  .151) is:
       Lower   1981< -.033   1990> -.033   1992< -.028   1991> -.028   2011< -.022   1994< -.019  Higher   1997  .037   1968  .031
     1966 to 2015 segment:
       Lower   1990> -.038   1981< -.037   1991> -.033   1992< -.032   2011< -.025   1994< -.021  Higher   1997  .043   1968  .035
     1968 to 2017 segment:
       Lower   1981< -.034   1990> -.033   1992< -.029   1991> -.028   2011< -.022   1994< -.020  Higher   1997  .039   1968  .032

 [E] Outliers     2   3.0 SD above or -4.5 SD below mean for year
       1970 -4.5 SD;    1991 +3.6 SD
====================================================================================================================================
PART 7:  DESCRIPTIVE STATISTICS:                                                                   14:32  Fri 15 Jun 2018  Page   6
------------------------------------------------------------------------------------------------------------------------------------

                                                Corr   //-------- Unfiltered --------\\  //---- Filtered -----\\
                           No.    No.    No.    with   Mean   Max     Std   Auto   Mean   Max     Std   Auto  AR
 Seq Series   Interval   Years  Segmt  Flags   Master  msmt   msmt    dev   corr   sens  value    dev   corr  ()
 --- -------- ---------  -----  -----  -----   ------ -----  -----  -----  -----  -----  -----  -----  -----  --
   1 40900A   1969 2011     43      1      1    .309   1.11   2.80   .788   .805   .327   3.04   .593   .108   1
   2 12308A   1966 2017     52      2      0    .493    .75   1.94   .432   .608   .337   2.86   .626  -.100   1
   3 12312A   1951 2012     62      3      0    .291    .72   1.53   .352   .680   .296   2.71   .553  -.049   3
   4 42014A   1924 2017     94      4      4    .039    .63   2.21   .458   .576   .315   3.13   .599  -.033   1
   5 60511A   1948 2015     68      4      4    .193    .48   1.63   .330   .838   .301   2.84   .613   .005   1
   6 60552A   1953 2016     64      3      1    .316   1.02   3.14   .480   .582   .248   2.78   .483  -.026   1
   7 90296A   1966 2017     52      2      2    .151    .87   1.68   .443   .761   .279   2.42   .414  -.084   1
 --- -------- ---------  -----  -----  -----   ------ -----  -----  -----  -----  -----  -----  -----  -----  --
 Total or mean:            435     19     12    .246    .76   3.14   .454   .681   .300   3.13   .558  -.028

                                              - = [  COFECHA CACA COF  ] = -
