[]  Dendrochronology Program Library                                        Run CACO   Program COF  15:12  Mon 06 Aug 2018  Page   1
[]
[]  P R O G R A M      C O F E C H A                                                                          Version 6.06P    30535
------------------------------------------------------------------------------------------------------------------------------------

 QUALITY CONTROL AND DATING CHECK OF TREE-RING MEASUREMENTS

 File of DATED series:   caco_drop.rwl

 CONTENTS:

    Part 1:  Title page, options selected, summary, absent rings by series
    Part 2:  Histogram of time spans
    Part 3:  Master series with sample depth and absent rings by year
    Part 4:  Bar plot of Master Dating Series
    Part 5:  Correlation by segment of each series with Master
    Part 6:  Potential problems: low correlation, divergent year-to-year changes, absent rings, outliers
    Part 7:  Descriptive statistics

 RUN CONTROL OPTIONS SELECTED                             VALUE

         1  Cubic smoothing spline 50% wavelength cutoff for filtering
                                                            32 years
         2  Segments examined are                           50 years lagged successively by  10 years
         3  Autoregressive model applied                     A  Residuals are used in master dating series and testing
         4  Series transformed to logarithms                 Y  Each series log-transformed for master dating series and testing
         5  CORRELATION is Pearson (parametric, quantitative)
            Critical correlation, 99% confidence level   .3281
         6  Master dating series saved                       N
         7  Ring measurements listed                         N
         8  Parts printed                              1234567 
         9  Absent rings are omitted from master series and segment correlations  (Y)

 Time span of Master dating series is  1889 to  2017   129 years
 Continuous time span is               1889 to  2017   129 years
 Portion with two or more series is    1894 to  2017   124 years


                                        ****************************************
                                        *C* Number of dated series        17 *C*
                                        *O* Master series 1889 2017  129 yrs *O*
                                        *F* Total rings in all series   1488 *F*
                                        *E* Total dated rings checked   1483 *E*
                                        *C* Series intercorrelation     .377 *C*
                                        *H* Average mean sensitivity    .291 *H*
                                        *A* Segments, possible problems   26 *A*
                                        *** Mean length of series       87.5 ***
                                        ****************************************

 ABSENT RINGS listed by SERIES:            (See Master Dating Series for absent rings listed by year)

 142220      1 absent rings:   1923
 160989A     1 absent rings:   1966
 101092A     1 absent rings:   1977

             3 absent rings    .202%
PART 2:  TIME PLOT OF TREE-RING SERIES:                                                            15:12  Mon 06 Aug 2018  Page   2
------------------------------------------------------------------------------------------------------------------------------------
 1050 1100 1150 1200 1250 1300 1350 1400 1450 1500 1550 1600 1650 1700 1750 1800 1850 1900 1950 2000 2050 Ident   Seq Time-span  Yrs
   :    :    :    :    :    :    :    :    :    :    :    :    :    :    :    :    :    :    :    :    : -------- --- ---- ---- ----
   .    .    .    .    .    .    .    .    .    .    .    .    .    .    .    .    .    .   <======>   . 70622A     1 1940 2013   74
   .    .    .    .    .    .    .    .    .    .    .    .    .    .    .    .    .   <===========>   . 132010A    2 1894 2015  122
   .    .    .    .    .    .    .    .    .    .    .    .    .    .    .    .    .    <==========>   . 132018A    3 1909 2015  107
   .    .    .    .    .    .    .    .    .    .    .    .    .    .    .    .    .    .    .<====>   . 162252A    4 1961 2013   53
   .    .    .    .    .    .    .    .    .    .    .    .    .    .    .    .    .    <=========>    . 142220     5 1908 2009  102
   .    .    .    .    .    .    .    .    .    .    .    .    .    .    .    .    .    .  <=======>   . 151006A    6 1938 2016   79
   .    .    .    .    .    .    .    .    .    .    .    .    .    .    .    .    .    .<=========>   . 160989A    7 1916 2016  101
   .    .    .    .    .    .    .    .    .    .    .    .    .    .    .    .    .    .   <======>   . 142210A    8 1944 2017   74
   .    .    .    .    .    .    .    .    .    .    .    .    .    .    .    .    .    .  <=======>   . 20605A     9 1936 2014   79
   .    .    .    .    .    .    .    .    .    .    .    .    .    .    .    .    .    .<=========>   . 52059A    10 1917 2012   96
   .    .    .    .    .    .    .    .    .    .    .    .    .    .    .    .    .    <==========>   . 152151A   11 1904 2013  110
   .    .    .    .    .    .    .    .    .    .    .    .    .    .    .    .    .    . <========>   . 50488A    12 1922 2010   89
   .    .    .    .    .    .    .    .    .    .    .    .    .    .    .    .    .    .   <=====>    . 80398A    13 1942 2008   67
   .    .    .    .    .    .    .    .    .    .    .    .    .    .    .    .    .    . <=======>    . 101092A   14 1923 2006   84
   .    .    .    .    .    .    .    .    .    .    .    .    .    .    .    .    .  <============>   . 40952A    15 1889 2017  129
   .    .    .    .    .    .    .    .    .    .    .    .    .    .    .    .    .    .  <======>    . 030525A   16 1933 2008   76
   .    .    .    .    .    .    .    .    .    .    .    .    .    .    .    .    .    .    .<====>   . 152118A   17 1967 2012   46
   :    :    :    :    :    :    :    :    :    :    :    :    :    :    :    :    :    :    :    :    :
 1050 1100 1150 1200 1250 1300 1350 1400 1450 1500 1550 1600 1650 1700 1750 1800 1850 1900 1950 2000 2050
PART 3:  Master Dating Series:                                                                     15:12  Mon 06 Aug 2018  Page   3
------------------------------------------------------------------------------------------------------------------------------------
  Year  Value  No Ab    Year  Value  No Ab    Year  Value  No Ab    Year  Value  No Ab    Year  Value  No Ab    Year  Value  No Ab
  ------------------    ------------------    ------------------    ------------------    ------------------    ------------------
                        1900 -2.663   2       1950   .249  15       2000  -.151  17
                        1901  -.036   2       1951  -.027  15       2001   .915  17
                        1902   .090   2       1952 -2.210  15       2002   .137  17
                        1903  2.644   2       1953  -.815  15       2003   .202  17
                        1904  1.609   3       1954  -.549  15       2004   .250  17
                        1905  -.736   3       1955   .569  15       2005   .301  17
                        1906  -.682   3       1956   .942  15       2006 -1.085  17
                        1907  -.657   3       1957  1.103  15       2007  -.765  16
                        1908  -.068   4       1958  1.486  15       2008  -.404  16
                        1909   .330   5       1959  -.393  15       2009  -.915  14

                        1910   .574   5       1960   .950  15       2010  -.750  13
                        1911 -1.951   5       1961  1.117  16       2011   .798  12
                        1912   .121   5       1962  -.685  16       2012   .709  12
                        1913  -.876   5       1963  -.710  16       2013   .252  10
                        1914  -.286   5       1964 -1.223  16       2014   .436   7
                        1915   .807   5       1965  -.434  16       2015  -.053   6
                        1916  2.502   6       1966 -3.045  16  1    2016   .298   4
                        1917   .181   7       1967  -.380  17       2017  2.040   2
                        1918  -.405   7       1968   .516  17
                        1919   .226   7       1969   .435  17

                        1920  -.899   7       1970  1.386  17
                        1921  -.154   7       1971   .211  17
                        1922  -.421   8       1972   .798  17
                        1923 -1.544   9  1    1973   .870  17
                        1924  1.085   9       1974   .799  17
                        1925 -1.087   9       1975   .869  17
                        1926  -.697   9       1976   .284  17
                        1927   .442   9       1977 -1.447  17  1
                        1928   .646   9       1978   .410  17
                        1929  1.636   9       1979  -.479  17

                        1930   .086   9       1980  -.615  17
                        1931  -.458   9       1981  -.687  17
                        1932   .495   9       1982   .244  17
                        1933   .369  10       1983  -.193  17
                        1934  -.833  10       1984  -.386  17
                        1935   .775  10       1985   .594  17
                        1936   .640  11       1986   .673  17
                        1937  -.140  11       1987 -1.956  17
                        1938   .238  12       1988  -.326  17
  1889 -1.395   1       1939 -1.819  12       1989   .392  17

  1890 -2.041   1       1940   .289  13       1990   .552  17
  1891 -1.206   1       1941   .878  13       1991  -.663  17
  1892  -.622   1       1942   .232  14       1992  -.892  17
  1893  -.153   1       1943   .378  14       1993  1.209  17
  1894   .531   2       1944  -.955  15       1994   .080  17
  1895  3.264   2       1945   .137  15       1995  -.284  17
  1896  1.934   2       1946   .171  15       1996  -.440  17
  1897  1.138   2       1947   .409  15       1997   .599  17
  1898  -.829   2       1948  -.291  15       1998   .640  17
  1899 -1.876   2       1949   .007  15       1999  -.439  17
------------------------------------------------------------------------------------------------------------------------------------
PART 4:  Master Bar Plot:                                                                          15:12  Mon 06 Aug 2018  Page   4
------------------------------------------------------------------------------------------------------------------------------------
   Year Rel value  Year Rel value  Year Rel value  Year Rel value  Year Rel value  Year Rel value  Year Rel value  Year Rel value
                   1900k           1950------A     2000----a
                   1901----@       1951----@       2001---------D
                   1902-----@      1952i           2002-----A
                   1903----------K 1953-c          2003------A
                   1904----------F 1954---b        2004------A
                   1905--c         1955--------B   2005------A
                   1906--c         1956---------D  2006-d
                   1907--c         1957---------D  2007--c
                   1908----@       1958----------F 2008---b
                   1909------A     1959---b        2009-d
                   1910--------B   1960---------D  2010--c
                   1911h           1961---------D  2011---------C
                   1912-----@      1962--c         2012--------C
                   1913-d          1963--c         2013------A
                   1914----a       1964-e          2014-------B
                   1915---------C  1965---b        2015----@
                   1916----------J 1966l           2016------A
                   1917-----A      1967---b        2017----------H
                   1918---b        1968-------B
                   1919------A     1969-------B
                   1920-d          1970----------F
                   1921----a       1971------A
                   1922---b        1972---------C
                   1923f           1973---------C
                   1924---------D  1974---------C
                   1925-d          1975---------C
                   1926--c         1976------A
                   1927-------B    1977f
                   1928--------C   1978-------B
                   1929----------G 1979---b
                   1930-----@      1980--b
                   1931---b        1981--c
                   1932-------B    1982------A
                   1933-------A    1983----a
                   1934-c          1984---b
                   1935---------C  1985--------B
                   1936--------C   1986--------C
                   1937----a       1987h
                   1938------A     1988---a
   1889f           1939g           1989-------B
   1890h           1940------A     1990--------B
   1891-e          1941---------D  1991--c
   1892--b         1942------A     1992-d
   1893----a       1943-------B    1993---------E
   1894-------B    1944-d          1994-----@
   1895----------M 1945-----A      1995----a
   1896----------H 1946-----A      1996---b
   1897---------E  1947-------B    1997--------B
   1898-c          1948---a        1998--------C
   1899h           1949-----@      1999---b
PART 5:  CORRELATION OF SERIES BY SEGMENTS:                                                        15:12  Mon 06 Aug 2018  Page   5
------------------------------------------------------------------------------------------------------------------------------------
 Correlations of  50-year dated segments, lagged  10 years
 Flags:  A = correlation under   .3281 but highest as dated;  B = correlation higher at other than dated position

 Seq Series  Time_span   1890 1900 1910 1920 1930 1940 1950 1960 1970
                         1939 1949 1959 1969 1979 1989 1999 2009 2019
 --- -------- ---------  ---- ---- ---- ---- ---- ---- ---- ---- ---- ---- ---- ---- ---- ---- ---- ---- ---- ---- ---- ----
   1 70622A   1940 2013                            .43  .43  .27A .28A
   2 132010A  1894 2015   .51  .49  .57  .66  .64  .55  .58  .52  .40
   3 132018A  1909 2015        .43  .44  .46  .47  .53  .53  .56  .51
   4 162252A  1961 2013                                      .32B .28A
   5 142220   1908 2009        .38  .44  .38  .52  .49  .50  .42
   6 151006A  1938 2016                       .20B .22B .26A .27A .13B
   7 160989A  1916 2016             .31A .32A .35  .42  .46  .27B .31A
   8 142210A  1944 2017                            .41  .40  .42  .39
   9 20605A   1936 2014                       .30A .44  .51  .46  .45
  10 52059A   1917 2012             .34  .26B .31A .29A .36  .38  .32A
  11 152151A  1904 2013        .43  .47  .62  .61  .56  .57  .52  .49
  12 50488A   1922 2010                  .34  .33  .45  .46  .33  .35
  13 80398A   1942 2008                            .33  .35  .21B
  14 101092A  1923 2006                  .31B .31A .31A .33  .37
  15 40952A   1889 2017   .25A .17B .23A .35  .49  .58  .68  .59  .38
  16 030525A  1933 2008                       .35  .50  .47  .34
  17 152118A  1967 2012                                      .28B
 Av segment correlation   .38  .38  .40  .41  .41  .44  .46  .39  .36
PART 6:  POTENTIAL PROBLEMS:                                                                       15:12  Mon 06 Aug 2018  Page   5
------------------------------------------------------------------------------------------------------------------------------------

 For each series with potential problems the following diagnostics may appear:

 [A] Correlations with master dating series of flagged  50-year segments of series filtered with  32-year spline,
     at every point from ten years earlier (-10) to ten years later (+10) than dated

 [B] Effect of those data values which most lower or raise correlation with master series
     Symbol following year indicates value in series is greater (>) or lesser (<) than master series value

 [C] Year-to-year changes very different from the mean change in other series

 [D] Absent rings (zero values)

 [E] Values which are statistical outliers from mean for the year
====================================================================================================================================

 70622A    1940 to  2013      74 years                                                                                    Series   1

 [A] Segment   High   -10   -9   -8   -7   -6   -5   -4   -3   -2   -1   +0   +1   +2   +3   +4   +5   +6   +7   +8   +9  +10
    ---------  ----   ---  ---  ---  ---  ---  ---  ---  ---  ---  ---  ---  ---  ---  ---  ---  ---  ---  ---  ---  ---  ---
    1960 2009    0   -.31 -.03 -.21 -.10 -.23 -.08  .16  .05 -.02  .01  .27* .08 -.09  .12  .00 -.07  .16  .24 -.11    -    -
    1964 2013    0   -.31 -.03 -.23 -.03 -.24 -.12  .18  .03 -.08  .02  .28* .11 -.07  .16 -.09    -    -    -    -    -    -

 [B] Entire series, effect on correlation (  .353) is:
       Lower   2013< -.027   2006> -.024   1982< -.022   1980< -.021   1987> -.021   2001< -.021  Higher   1977  .023   1966  .018
     1960 to 2009 segment:
       Lower   2006> -.032   1982< -.031   2001< -.029   1980< -.027   1987> -.022   1981< -.015  Higher   1966  .038   1977  .036
     1964 to 2013 segment:
       Lower   2006> -.034   2013< -.034   1982< -.029   1987> -.028   2001< -.027   1980< -.020  Higher   1977  .035   1966  .032

 [E] Outliers     1   3.0 SD above or -4.5 SD below mean for year
       1997 +3.7 SD
====================================================================================================================================

 132010A   1894 to  2015     122 years                                                                                    Series   2

 [B] Entire series, effect on correlation (  .486) is:
       Lower   2014< -.029   1898< -.020   1956< -.016   1987> -.015   1904< -.014   1913> -.011  Higher   1952  .031   1966  .017

====================================================================================================================================

 132018A   1909 to  2015     107 years                                                                                    Series   3

 [B] Entire series, effect on correlation (  .492) is:
       Lower   1952> -.038   1913> -.017   2003< -.013   2004< -.012   2009> -.010   2002> -.010  Higher   1987  .033   1916  .021

====================================================================================================================================

 162252A   1961 to  2013      53 years                                                                                    Series   4

 [A] Segment   High   -10   -9   -8   -7   -6   -5   -4   -3   -2   -1   +0   +1   +2   +3   +4   +5   +6   +7   +8   +9  +10
    ---------  ----   ---  ---  ---  ---  ---  ---  ---  ---  ---  ---  ---  ---  ---  ---  ---  ---  ---  ---  ---  ---  ---
    1961 2010    4    .26 -.08  .09 -.01  .03 -.05 -.17  .11 -.13 -.20  .32|-.02  .14 -.07  .40*-.19  .06 -.17    -    -    -
    1964 2013    0    .04 -.03  .10  .15  .13  .01 -.08 -.08 -.02 -.20  .28*-.04  .11 -.04  .04    -    -    -    -    -    -

 [B] Entire series, effect on correlation (  .325) is:
       Lower   1985< -.043   1980> -.031   2005< -.017   1996> -.016   1999> -.011   1972< -.010  Higher   1970  .036   1962  .021
     1961 to 2010 segment:
       Lower   1985< -.046   1980> -.030   2005< -.018   1996> -.015   1972< -.011   1986< -.011  Higher   1970  .038   1961  .021
     1964 to 2013 segment:
       Lower   1985< -.068   1980> -.045   2005< -.027   1996> -.023   1972< -.015   1986< -.015  Higher   1970  .053   1966  .051

====================================================================================================================================

 142220    1908 to  2009     102 years                                                                                    Series   5

 [B] Entire series, effect on correlation (  .439) is:
       Lower   1927< -.022   1930> -.015   1998< -.014   2007> -.013   1920> -.011   1908> -.011  Higher   1966  .039   1916  .021

 [D]    1 Absent rings:  Year   Master  N series Absent
                         1923   -1.544       9       1

 [E] Outliers     1   3.0 SD above or -4.5 SD below mean for year
       1923 -4.9 SD
====================================================================================================================================

 151006A   1938 to  2016      79 years                                                                                    Series   6

 [A] Segment   High   -10   -9   -8   -7   -6   -5   -4   -3   -2   -1   +0   +1   +2   +3   +4   +5   +6   +7   +8   +9  +10
    ---------  ----   ---  ---  ---  ---  ---  ---  ---  ---  ---  ---  ---  ---  ---  ---  ---  ---  ---  ---  ---  ---  ---
    1938 1987    3    .06 -.27 -.19 -.01  .00 -.08  .13 -.04  .01  .08  .20|-.02 -.09  .26*-.11 -.14 -.04  .19  .02 -.09  .03
    1940 1989    3    .04 -.27 -.16 -.03  .00 -.06  .11 -.10  .08  .08  .22|-.03 -.10  .26*-.16 -.14 -.04  .18 -.01 -.09  .05
    1950 1999    0   -.02 -.26  .01  .16 -.21 -.11  .09  .05  .05 -.12  .26*-.03 -.08  .10 -.08 -.02 -.05  .06 -.04 -.22  .01
    1960 2009    0   -.02 -.25  .00  .17 -.27 -.14  .18  .16  .10  .00  .27*-.07 -.13 -.01 -.15 -.19 -.04 -.05 -.04    -    -
    1967 2016   -7   -.01 -.19  .10  .19*-.20 -.16  .11  .12  .07 -.01  .13|-.08    -    -    -    -    -    -    -    -    -

 [B] Entire series, effect on correlation (  .174) is:
       Lower   1939> -.042   1994< -.026   1945< -.025   1977> -.022   1948> -.022   1989< -.018  Higher   1966  .057   1959  .022
     1938 to 1987 segment:
       Lower   1939> -.057   1945< -.048   1948> -.030   1977> -.029   1958< -.025   1967< -.019  Higher   1966  .092   1959  .030
     1940 to 1989 segment:
       Lower   1945< -.045   1948> -.036   1977> -.035   1989< -.031   1987> -.025   1958< -.023  Higher   1966  .090   1959  .032
     1950 to 1999 segment:
       Lower   1994< -.057   1977> -.037   1987> -.033   1989< -.027   1958< -.019   1967< -.014  Higher   1966  .068   1959  .026
     1960 to 2009 segment:
       Lower   1994< -.063   1977> -.038   1987> -.037   1989< -.032   1967< -.017   1983> -.010  Higher   1966  .073   2006  .028
     1967 to 2016 segment:
       Lower   1977> -.042   1987> -.030   1989< -.029   1994< -.026   1967< -.014   1983> -.014  Higher   2006  .047   2011  .025

====================================================================================================================================

 160989A   1916 to  2016     101 years                                                                                    Series   7

 [A] Segment   High   -10   -9   -8   -7   -6   -5   -4   -3   -2   -1   +0   +1   +2   +3   +4   +5   +6   +7   +8   +9  +10
    ---------  ----   ---  ---  ---  ---  ---  ---  ---  ---  ---  ---  ---  ---  ---  ---  ---  ---  ---  ---  ---  ---  ---
    1916 1965    0    .02 -.05  .13 -.07  .02 -.05 -.18 -.04  .06  .10  .31*-.19 -.09  .06 -.25  .14 -.02  .03  .08 -.03  .12
    1920 1969    0    .08 -.02  .05 -.03  .10 -.05 -.17  .01  .03 -.09  .32*-.17 -.08  .09 -.29  .17  .04  .03  .13  .01  .07
    - - - - - - - - - - - - - - - - - - - - - - - - - - - - - - - - - - - - - - - - - - - - - - - - - - - - - - - - - - - - -
    1960 2009    8    .17  .00 -.09  .04 -.15  .07  .07 -.05 -.06 -.17  .27|-.08 -.24  .17 -.07  .04 -.06 -.13  .42*   -    -
    1967 2016    0    .15 -.04 -.07  .03 -.22  .15 -.03 -.12 -.02 -.15  .31*-.09    -    -    -    -    -    -    -    -    -

 [B] Entire series, effect on correlation (  .429) is:
       Lower   1930> -.028   1964> -.023   1917> -.019   1948> -.012   1962> -.010   2009> -.009  Higher   1966  .121   1952  .021
     1916 to 1965 segment:
       Lower   1930> -.070   1964> -.054   1917> -.042   1948> -.028   1921< -.025   1962> -.015  Higher   1952  .077   1939  .044
     1920 to 1969 segment:
       Lower   1930> -.048   1964> -.039   1962> -.022   1948> -.022   1921< -.015   1961< -.009  Higher   1966  .185   1952  .023
     1960 to 2009 segment:
       Lower   1964> -.041   1962> -.024   2009> -.017   2002> -.015   2001< -.013   1961< -.011  Higher   1966  .232   1987  .008
     1967 to 2016 segment:
       Lower   2009> -.028   2014< -.026   2002> -.025   2001< -.019   1983> -.019   2010> -.018  Higher   1987  .090   1977  .020

 [D]    1 Absent rings:  Year   Master  N series Absent
                         1966   -3.045      16       1

 [E] Outliers     1   3.0 SD above or -4.5 SD below mean for year
       1966 -5.6 SD
====================================================================================================================================

 142210A   1944 to  2017      74 years                                                                                    Series   8

 [B] Entire series, effect on correlation (  .355) is:
       Lower   1959> -.038   1999> -.022   1994> -.022   1955< -.019   1961< -.019   1981> -.019  Higher   1952  .079   1987  .053

====================================================================================================================================

 20605A    1936 to  2014      79 years                                                                                    Series   9

 [A] Segment   High   -10   -9   -8   -7   -6   -5   -4   -3   -2   -1   +0   +1   +2   +3   +4   +5   +6   +7   +8   +9  +10
    ---------  ----   ---  ---  ---  ---  ---  ---  ---  ---  ---  ---  ---  ---  ---  ---  ---  ---  ---  ---  ---  ---  ---
    1936 1985    0    .06 -.21 -.11 -.04 -.14  .04 -.02 -.05  .05  .06  .30*-.10 -.03  .04  .24 -.14 -.33 -.06  .21 -.09  .12

 [B] Entire series, effect on correlation (  .391) is:
       Lower   1983< -.024   1966> -.024   1980> -.018   1943< -.018   1940< -.018   1955< -.015  Higher   1987  .082   1977  .030
     1936 to 1985 segment:
       Lower   1983< -.028   1966> -.026   1980> -.026   1943< -.023   1940< -.023   1955< -.019  Higher   1977  .050   1952  .037

====================================================================================================================================

 52059A    1917 to  2012      96 years                                                                                    Series  10

 [A] Segment   High   -10   -9   -8   -7   -6   -5   -4   -3   -2   -1   +0   +1   +2   +3   +4   +5   +6   +7   +8   +9  +10
    ---------  ----   ---  ---  ---  ---  ---  ---  ---  ---  ---  ---  ---  ---  ---  ---  ---  ---  ---  ---  ---  ---  ---
    1920 1969    9   -.23  .18 -.10  .01  .15  .06  .10 -.03  .01 -.15  .26|-.08 -.22 -.08 -.11 -.02 -.10 -.08 -.07  .27*-.22
    1930 1979    0   -.15  .09 -.10  .01  .08  .10  .23 -.04  .05 -.12  .31* .01 -.27 -.07 -.12 -.11 -.14 -.04 -.21  .18 -.08
    1940 1989    0   -.12  .01 -.25 -.06  .11  .12  .27  .03  .06 -.14  .29* .07 -.17 -.13 -.05 -.10 -.19 -.03 -.24  .27 -.09
    - - - - - - - - - - - - - - - - - - - - - - - - - - - - - - - - - - - - - - - - - - - - - - - - - - - - - - - - - - - - -
    1963 2012    0   -.13 -.20  .03 -.02 -.10  .16  .27  .00  .03 -.20  .32*-.04 -.20  .02 -.20 -.11    -    -    -    -    -

 [B] Entire series, effect on correlation (  .274) is:
       Lower   1968< -.054   1944> -.020   1923> -.019   1970< -.017   2012< -.014   1943< -.013  Higher   1966  .074   2006  .013
     1920 to 1969 segment:
       Lower   1968< -.094   1944> -.032   1923> -.029   1943< -.022   1952> -.019   1925> -.015  Higher   1966  .130   1924  .021
     1930 to 1979 segment:
       Lower   1968< -.094   1944> -.041   1952> -.032   1970< -.027   1943< -.020   1979> -.018  Higher   1966  .127   1961  .018
     1940 to 1989 segment:
       Lower   1968< -.097   1944> -.034   1970< -.030   1943< -.022   1952> -.021   1985< -.015  Higher   1966  .133   1987  .022
     1963 to 2012 segment:
       Lower   1968< -.111   1970< -.033   2012< -.027   1979> -.019   1985< -.016   1963> -.015  Higher   1966  .145   2006  .022

====================================================================================================================================

 152151A   1904 to  2013     110 years                                                                                    Series  11

 [B] Entire series, effect on correlation (  .470) is:
       Lower   1917> -.021   1981> -.017   2003> -.016   1986< -.015   1922> -.015   1975< -.011  Higher   1966  .045   1987  .022

 [E] Outliers     2   3.0 SD above or -4.5 SD below mean for year
       1939 -4.9 SD;    2003 +3.0 SD
====================================================================================================================================

 50488A    1922 to  2010      89 years                                                                                    Series  12

 [B] Entire series, effect on correlation (  .365) is:
       Lower   1933< -.041   1966> -.031   1922> -.019   1960< -.014   1938< -.010   1939> -.009  Higher   1952  .027   1977  .023

====================================================================================================================================

 80398A    1942 to  2008      67 years                                                                                    Series  13

 [A] Segment   High   -10   -9   -8   -7   -6   -5   -4   -3   -2   -1   +0   +1   +2   +3   +4   +5   +6   +7   +8   +9  +10
    ---------  ----   ---  ---  ---  ---  ---  ---  ---  ---  ---  ---  ---  ---  ---  ---  ---  ---  ---  ---  ---  ---  ---
    1959 2008   -7   -.07 -.27 -.26  .22*-.30 -.07  .22  .00 -.03  .09  .21| .11 -.04  .10  .11 -.08 -.16 -.10  .10 -.03    -

 [B] Entire series, effect on correlation (  .317) is:
       Lower   1978< -.096   1977> -.031   1987> -.021   2002< -.020   1962> -.020   1959> -.014  Higher   1952  .068   1966  .056
     1959 to 2008 segment:
       Lower   1978< -.127   1977> -.035   2002< -.022   1962> -.021   1959> -.016   1987> -.014  Higher   1966  .096   1993  .029

 [C] Year-to-year changes diverging by over 4.0 std deviations:
       1977 1978  -4.4 SD

====================================================================================================================================

 101092A   1923 to  2006      84 years                                                                                    Series  14

 [A] Segment   High   -10   -9   -8   -7   -6   -5   -4   -3   -2   -1   +0   +1   +2   +3   +4   +5   +6   +7   +8   +9  +10
    ---------  ----   ---  ---  ---  ---  ---  ---  ---  ---  ---  ---  ---  ---  ---  ---  ---  ---  ---  ---  ---  ---  ---
    1923 1972    5   -.14  .05  .20 -.06 -.08 -.05 -.13  .12 -.01 -.25  .31|-.19 -.15  .04  .00  .35*-.10  .06 -.11  .10 -.05
    1930 1979    0   -.24  .07  .09 -.06  .04 -.08 -.04  .21 -.06 -.10  .31*-.25 -.13 -.04  .00  .28 -.18  .10 -.13  .06  .04
    1940 1989    0    .01 -.17  .04  .06  .15 -.18 -.09  .25 -.07 -.18  .31*-.14 -.16 -.11  .13  .11 -.17  .22 -.03 -.02 -.11

 [B] Entire series, effect on correlation (  .339) is:
       Lower   1952> -.031   1972< -.023   1997< -.022   2006> -.020   1923> -.018   1981> -.015  Higher   1977  .053   1966  .042
     1923 to 1972 segment:
       Lower   1952> -.053   1972< -.037   1923> -.031   1947< -.022   1926> -.018   1953> -.014  Higher   1966  .080   1939  .067
     1930 to 1979 segment:
       Lower   1952> -.063   1972< -.033   1947< -.020   1948> -.014   1953> -.013   1963> -.013  Higher   1977  .081   1939  .052
     1940 to 1989 segment:
       Lower   1952> -.052   1972< -.041   1947< -.025   1981> -.024   1945< -.014   1953> -.012  Higher   1977  .072   1966  .069

 [D]    1 Absent rings:  Year   Master  N series Absent
                         1977   -1.447      17       1

====================================================================================================================================

 40952A    1889 to  2017     129 years                                                                                    Series  15

 [*] Early part of series cannot be checked from 1889 to 1893 -- not matched by another series

 [A] Segment   High   -10   -9   -8   -7   -6   -5   -4   -3   -2   -1   +0   +1   +2   +3   +4   +5   +6   +7   +8   +9  +10
    ---------  ----   ---  ---  ---  ---  ---  ---  ---  ---  ---  ---  ---  ---  ---  ---  ---  ---  ---  ---  ---  ---  ---
    1894 1943    0      -    -    -    -    - -.14 -.06 -.15  .18  .02  .25* .21 -.17 -.11 -.12 -.16  .01 -.15  .17  .07 -.17
    1900 1949   -2   -.24  .13  .06  .10 -.18 -.11  .00 -.13  .21*-.11  .17| .18 -.13  .03 -.02  .00  .02 -.25  .04 -.03 -.13
    1910 1959    0   -.25  .02  .03  .00 -.22  .03  .11 -.08  .22 -.13  .23* .05 -.09  .10 -.14  .00 -.04 -.12 -.05  .02 -.02

 [B] Entire series, effect on correlation (  .364) is:
       Lower   1922< -.063   1898> -.033   1946< -.012   2012< -.011   2006> -.010   1933> -.010  Higher   1966  .049   1987  .030
     1894 to 1943 segment:
       Lower   1922< -.159   1898> -.048   1933> -.019   1909< -.017   1941< -.013   1918> -.012  Higher   1895  .060   1903  .041
     1900 to 1949 segment:
       Lower   1922< -.126   1946< -.020   1933> -.019   1909< -.016   1918> -.015   1944> -.015  Higher   1903  .058   1916  .052
     1910 to 1959 segment:
       Lower   1922< -.143   1946< -.023   1933> -.021   1944> -.017   1918> -.017   1934> -.014  Higher   1916  .052   1952  .052

 [C] Year-to-year changes diverging by over 4.0 std deviations:
       1921 1922  -4.0 SD

 [E] Outliers     1   3.0 SD above or -4.5 SD below mean for year
       1922 -5.1 SD
====================================================================================================================================

 030525A   1933 to  2008      76 years                                                                                    Series  16

 [B] Entire series, effect on correlation (  .339) is:
       Lower   2006> -.054   1993< -.026   1940< -.024   1975< -.015   1979> -.013   1934> -.011  Higher   1987  .117   1952  .018

 [E] Outliers     1   3.0 SD above or -4.5 SD below mean for year
       2006 +3.1 SD
====================================================================================================================================

 152118A   1967 to  2012      46 years                                                                                    Series  17

 [A] Segment   High   -10   -9   -8   -7   -6   -5   -4   -3   -2   -1   +0   +1   +2   +3   +4   +5   +6   +7   +8   +9  +10
    ---------  ----   ---  ---  ---  ---  ---  ---  ---  ---  ---  ---  ---  ---  ---  ---  ---  ---  ---  ---  ---  ---  ---
    1967 2012  -10    .36*-.17  .30  .12 -.06 -.05  .03 -.05 -.34  .03  .28|-.13 -.05  .02  .19  .20    -    -    -    -    -

 [B] Entire series, effect on correlation (  .282) is:
       Lower   2001< -.061   1980> -.040   1970< -.035   1972< -.034   1988< -.020   1999> -.019  Higher   1987  .297   1993  .026
     1967 to 2012 segment:
       Lower   2001< -.061   1980> -.040   1970< -.035   1972< -.034   1988< -.020   1999> -.019  Higher   1987  .297   1993  .026

====================================================================================================================================
PART 7:  DESCRIPTIVE STATISTICS:                                                                   15:12  Mon 06 Aug 2018  Page   6
------------------------------------------------------------------------------------------------------------------------------------

                                                Corr   //-------- Unfiltered --------\\  //---- Filtered -----\\
                           No.    No.    No.    with   Mean   Max     Std   Auto   Mean   Max     Std   Auto  AR
 Seq Series   Interval   Years  Segmt  Flags   Master  msmt   msmt    dev   corr   sens  value    dev   corr  ()
 --- -------- ---------  -----  -----  -----   ------ -----  -----  -----  -----  -----  -----  -----  -----  --
   1 70622A   1940 2013     74      4      2    .353   1.33   3.61   .627   .644   .227   3.19   .525   .160   1
   2 132010A  1894 2015    122      9      0    .486    .87   2.48   .413   .734   .260   2.73   .506  -.064   1
   3 132018A  1909 2015    107      8      0    .492   1.59   3.86   .788   .774   .277   2.75   .495  -.030   1
   4 162252A  1961 2013     53      2      2    .325    .85   4.24  1.085   .936   .302   2.55   .386  -.155   1
   5 142220   1908 2009    102      7      0    .439   1.16   5.24   .829   .771   .302   2.47   .335  -.088   1
   6 151006A  1938 2016     79      5      5    .174    .85   1.76   .352   .691   .243   2.68   .485   .057   1
   7 160989A  1916 2016    101      7      4    .429    .60   1.55   .301   .583   .337   2.59   .294  -.058   1
   8 142210A  1944 2017     74      4      0    .355    .56   1.35   .258   .632   .277   2.74   .512  -.026   1
   9 20605A   1936 2014     79      5      1    .391    .90   2.39   .559   .756   .309   2.93   .565   .008   1
  10 52059A   1917 2012     96      7      4    .274    .53   1.77   .298   .611   .367   2.82   .588  -.033   1
  11 152151A  1904 2013    110      8      0    .470   1.22   3.10   .647   .828   .247   2.74   .358  -.028   1
  12 50488A   1922 2010     89      6      0    .365   1.10   5.01   .935   .796   .284   2.92   .418  -.038   1
  13 80398A   1942 2008     67      3      1    .317   1.21   4.01   .963   .861   .240   2.89   .557  -.013   1
  14 101092A  1923 2006     84      5      3    .339    .41   1.82   .275   .594   .370   2.43   .406  -.048   1
  15 40952A   1889 2017    129      9      3    .364   1.62   5.24   .960   .764   .259   2.79   .390  -.025   1
  16 030525A  1933 2008     76      4      0    .339   1.03   4.04   .829   .710   .349   2.64   .416  -.088   1
  17 152118A  1967 2012     46      1      1    .282    .90   2.66   .501   .519   .334   2.66   .458   .031   1
 --- -------- ---------  -----  -----  -----   ------ -----  -----  -----  -----  -----  -----  -----  -----  --
 Total or mean:           1488     94     26    .377   1.01   5.24   .622   .721   .291   3.19   .448  -.028

                                              - = [  COFECHA CACO COF  ] = -
