[]  Dendrochronology Program Library                                        Run CAGL   Program COF  15:16  Mon 06 Aug 2018  Page   1
[]
[]  P R O G R A M      C O F E C H A                                                                          Version 6.06P    30535
------------------------------------------------------------------------------------------------------------------------------------

 QUALITY CONTROL AND DATING CHECK OF TREE-RING MEASUREMENTS

 File of DATED series:   cagl_drop.rwl

 CONTENTS:

    Part 1:  Title page, options selected, summary, absent rings by series
    Part 2:  Histogram of time spans
    Part 3:  Master series with sample depth and absent rings by year
    Part 4:  Bar plot of Master Dating Series
    Part 5:  Correlation by segment of each series with Master
    Part 6:  Potential problems: low correlation, divergent year-to-year changes, absent rings, outliers
    Part 7:  Descriptive statistics

 RUN CONTROL OPTIONS SELECTED                             VALUE

         1  Cubic smoothing spline 50% wavelength cutoff for filtering
                                                            32 years
         2  Segments examined are                           50 years lagged successively by  10 years
         3  Autoregressive model applied                     A  Residuals are used in master dating series and testing
         4  Series transformed to logarithms                 Y  Each series log-transformed for master dating series and testing
         5  CORRELATION is Pearson (parametric, quantitative)
            Critical correlation, 99% confidence level   .3281
         6  Master dating series saved                       N
         7  Ring measurements listed                         N
         8  Parts printed                              1234567 
         9  Absent rings are omitted from master series and segment correlations  (Y)

 Time span of Master dating series is  1868 to  2016   149 years
 Continuous time span is               1868 to  2016   149 years
 Portion with two or more series is    1871 to  2015   145 years


                                        ****************************************
                                        *C* Number of dated series        42 *C*
                                        *O* Master series 1868 2016  149 yrs *O*
                                        *F* Total rings in all series   3852 *F*
                                        *E* Total dated rings checked   3848 *E*
                                        *C* Series intercorrelation     .396 *C*
                                        *H* Average mean sensitivity    .282 *H*
                                        *A* Segments, possible problems   51 *A*
                                        *** Mean length of series       91.7 ***
                                        ****************************************

 ABSENT RINGS listed by SERIES:            (See Master Dating Series for absent rings listed by year)

 60252       4 absent rings:   1947  1948  1952  1966
 80301       1 absent rings:   1920
 131032      3 absent rings:   1914  1919  1947
 60386       2 absent rings:   1947  1948

            10 absent rings    .260%
PART 2:  TIME PLOT OF TREE-RING SERIES:                                                            15:16  Mon 06 Aug 2018  Page   2
------------------------------------------------------------------------------------------------------------------------------------
 1050 1100 1150 1200 1250 1300 1350 1400 1450 1500 1550 1600 1650 1700 1750 1800 1850 1900 1950 2000 2050 Ident   Seq Time-span  Yrs
   :    :    :    :    :    :    :    :    :    :    :    :    :    :    :    :    :    :    :    :    : -------- --- ---- ---- ----
   .    .    .    .    .    .    .    .    .    .    .    .    .    .    .    .    .    <=========>    . 60059      1 1902 2009  108
   .    .    .    .    .    .    .    .    .    .    .    .    .    .    .    .    .    . <=======>    . 70065      2 1929 2009   81
   .    .    .    .    .    .    .    .    .    .    .    .    .    .    .    .    .    <=========>    . 80625      3 1901 2008  108
   .    .    .    .    .    .    .    .    .    .    .    .    .    .    .    .    .    <=========>    . 90522      4 1905 2002   98
   .    .    .    .    .    .    .    .    .    .    .    .    .    .    .    .    .    <=========>    . 121105     5 1906 2009  104
   .    .    .    .    .    .    .    .    .    .    .    .    .    .    .    .    .    <=========>    . 131113     6 1907 2009  103
   .    .    .    .    .    .    .    .    .    .    .    .    .    .    .    .    .    .  <======>    . 91327      7 1935 2009   75
   .    .    .    .    .    .    .    .    .    .    .    .    .    .    .    .    .   <==========>    . 70332      8 1891 2009  119
   .    .    .    .    .    .    .    .    .    .    .    .    .    .    .    .    .<============>.    . 90542      9 1868 1992  125
   .    .    .    .    .    .    .    .    .    .    .    .    .    .    .    .    . <============>    . 60252     10 1878 2008  131
   .    .    .    .    .    .    .    .    .    .    .    .    .    .    .    .    .   <=========>.    . 80301     11 1890 1997  108
   .    .    .    .    .    .    .    .    .    .    .    .    .    .    .    .    .    . <=======>    . 50244     12 1921 2008   88
   .    .    .    .    .    .    .    .    .    .    .    .    .    .    .    .    .    .    <====>    . 70256     13 1956 2008   53
   .    .    .    .    .    .    .    .    .    .    .    .    .    .    .    .    .    .<========>    . 91487     14 1917 2004   88
   .    .    .    .    .    .    .    .    .    .    .    .    .    .    .    .    .    .<========>    . 70152     15 1916 2008   93
   .    .    .    .    .    .    .    .    .    .    .    .    .    .    .    .    .    <=========>    . 50246     16 1901 2004  104
   .    .    .    .    .    .    .    .    .    .    .    .    .    .    .    .    .    .  <=======>   . 30567A    17 1932 2013   82
   .    .    .    .    .    .    .    .    .    .    .    .    .    .    .    .    .    .  <=======>   . 30567B    18 1936 2013   78
   .    .    .    .    .    .    .    .    .    .    .    .    .    .    .    .    .    .  <======>    . 70626A    19 1930 2006   77
   .    .    .    .    .    .    .    .    .    .    .    .    .    .    .    .    .    .    .<===>    . 100961    20 1969 2007   39
   .    .    .    .    .    .    .    .    .    .    .    .    .    .    .    .    .    .  <======>    . 100974    21 1936 2005   70
   .    .    .    .    .    .    .    .    .    .    .    .    .    .    .    .    .    <=========>    . 91391     22 1900 2001  102
   .    .    .    .    .    .    .    .    .    .    .    .    .    .    .    .    .    .  <======>    . 111094    23 1931 2009   79
   .    .    .    .    .    .    .    .    .    .    .    .    .    .    .    .    .  <===========>    . 60172     24 1880 2007  128
   .    .    .    .    .    .    .    .    .    .    .    .    .    .    .    .    .    .    .<====>   . 92183B    25 1965 2010   46
   .    .    .    .    .    .    .    .    .    .    .    .    .    .    .    .    .    .  <=======>   . 40522     26 1930 2010   81
   .    .    .    .    .    .    .    .    .    .    .    .    .    .    .    .    .    <=========>    . 80288     27 1906 2006  101
   .    .    .    .    .    .    .    .    .    .    .    .    .    .    .    .    .  <===========>    . 131032    28 1880 2009  130
   .    .    .    .    .    .    .    .    .    .    .    .    .    .    .    .    .    <=========>    . 60386     29 1902 2009  108
   .    .    .    .    .    .    .    .    .    .    .    .    .    .    .    .    .    .    <====>    . 111212    30 1952 2009   58
   .    .    .    .    .    .    .    .    .    .    .    .    .    .    .    .    .    .    <=====>   . 92183A    31 1952 2016   65
   .    .    .    .    .    .    .    .    .    .    .    .    .    .    .    .    .    . <========>   . 152053A   32 1923 2015   93
   .    .    .    .    .    .    .    .    .    .    .    .    .    .    .    .    .    .  <======>    . 100680    33 1931 2007   77
   .    .    .    .    .    .    .    .    .    .    .    .    .    .    .    .    .    .    <=====>   . 112256A   34 1955 2015   61
   .    .    .    .    .    .    .    .    .    .    .    .    .    .    .    .    .    .  <=======>   . 172210A   35 1938 2014   77
   .    .    .    .    .    .    .    .    .    .    .    .    .    .    .    .    .    .  <=======>   . 172210B   36 1938 2011   74
   .    .    .    .    .    .    .    .    .    .    .    .    .    .    .    .    .  <==========>.    . 91321     37 1881 1996  116
   .    .    .    .    .    .    .    .    .    .    .    .    .    .    .    .    .   <==========>    . 70269     38 1890 2009  120
   .    .    .    .    .    .    .    .    .    .    .    .    .    .    .    .    .    <=========>    . 121088    39 1902 2009  108
   .    .    .    .    .    .    .    .    .    .    .    .    .    .    .    .    . <============>    . 101159r   40 1871 2002  132
   .    .    .    .    .    .    .    .    .    .    .    .    .    .    .    .    .    <=========>    . 172218Ar  41 1907 2009  103
   .    .    .    .    .    .    .    .    .    .    .    .    .    .    .    .    .    .    <=====>   . 33337A    42 1954 2014   61
   :    :    :    :    :    :    :    :    :    :    :    :    :    :    :    :    :    :    :    :    :
 1050 1100 1150 1200 1250 1300 1350 1400 1450 1500 1550 1600 1650 1700 1750 1800 1850 1900 1950 2000 2050
PART 3:  Master Dating Series:                                                                     15:16  Mon 06 Aug 2018  Page   3
------------------------------------------------------------------------------------------------------------------------------------
  Year  Value  No Ab    Year  Value  No Ab    Year  Value  No Ab    Year  Value  No Ab    Year  Value  No Ab    Year  Value  No Ab
  ------------------    ------------------    ------------------    ------------------    ------------------    ------------------
                        1900   .372  10       1950  -.718  35       2000  -.752  39
                        1901   .432  12       1951  -.308  35       2001   .109  39
                        1902   .285  15       1952 -1.143  37  1    2002  -.220  38
                        1903   .743  15       1953  -.418  37       2003   .720  36
                        1904   .670  15       1954   .411  38       2004  -.194  36
                        1905   .905  16       1955   .834  39       2005   .356  34
                        1906   .820  18       1956  1.225  40       2006   .416  33
                        1907  -.273  20       1957  1.378  40       2007   .409  31
                        1908  -.388  20       1958  1.950  40       2008   .674  28
                        1909  -.610  20       1959   .126  40       2009   .680  23

                        1910  -.474  20       1960  1.255  40       2010   .468  10
                        1911 -2.601  20       1961   .733  40       2011  -.887   8
                        1912  -.952  20       1962  -.308  40       2012 -1.121   7
                        1913 -1.395  20       1963  -.103  40       2013   .090   7
                        1914 -1.751  20  1    1964 -1.199  40       2014   .961   5
                        1915  -.379  20       1965  -.393  41       2015  2.090   3
                        1916   .685  21       1966 -2.133  41  1    2016  1.725   1
                        1917   .074  22       1967  -.288  41
  1868  -.624   1       1918 -1.167  22       1968   .751  41
  1869  2.900   1       1919 -1.084  22  1    1969   .476  42

  1870  -.790   1       1920 -1.289  22  1    1970   .407  42
  1871 -3.061   2       1921   .020  23       1971  -.309  42
  1872   .327   2       1922   .350  23       1972  -.182  42
  1873  1.289   2       1923  -.134  24       1973   .529  42
  1874 -1.632   2       1924  1.244  24       1974  -.861  42
  1875  -.327   2       1925   .427  24       1975   .071  42
  1876   .550   2       1926   .746  24       1976  -.071  42
  1877  -.428   2       1927  1.290  24       1977 -2.067  42
  1878  1.636   3       1928  1.320  24       1978  -.470  42
  1879   .902   3       1929  1.090  25       1979  -.284  42

  1880  1.334   5       1930   .214  27       1980   .784  42
  1881  -.310   6       1931  -.614  29       1981   .570  42
  1882   .511   6       1932  -.048  30       1982  1.173  42
  1883   .235   6       1933  -.390  30       1983   .591  42
  1884  -.691   6       1934  -.604  30       1984  -.692  42
  1885  -.539   6       1935  -.659  31       1985  -.184  42
  1886  -.286   6       1936   .761  33       1986  -.101  42
  1887   .070   6       1937  1.342  33       1987  -.330  42
  1888  -.351   6       1938  1.395  35       1988  -.071  42
  1889 -2.762   6       1939 -1.139  35       1989  -.094  42

  1890 -2.199   8       1940   .641  35       1990  1.049  42
  1891  -.420   9       1941   .688  35       1991  -.546  42
  1892  -.388   9       1942   .367  35       1992  -.014  42
  1893   .535   9       1943  -.693  35       1993   .508  41
  1894   .594   9       1944  -.222  35       1994   .505  41
  1895   .546   9       1945  -.304  35       1995  -.187  41
  1896   .875   9       1946  -.555  35       1996   .448  41
  1897  1.671   9       1947 -3.225  35  3    1997 -1.262  40
  1898  1.690   9       1948 -1.541  35  2    1998  -.680  39
  1899   .769   9       1949 -1.150  35       1999  -.751  39
------------------------------------------------------------------------------------------------------------------------------------
PART 4:  Master Bar Plot:                                                                          15:16  Mon 06 Aug 2018  Page   4
------------------------------------------------------------------------------------------------------------------------------------
   Year Rel value  Year Rel value  Year Rel value  Year Rel value  Year Rel value  Year Rel value  Year Rel value  Year Rel value
                   1900------A     1950--c         2000--c
                   1901------B     1951---a        2001-----@
                   1902------A     1952-e          2002----a
                   1903--------C   1953---b        2003--------C
                   1904--------C   1954------B     2004----a
                   1905---------D  1955--------C   2005------A
                   1906--------C   1956---------E  2006------B
                   1907----a       1957----------F 2007------B
                   1908---b        1958----------H 2008--------C
                   1909--b         1959-----A      2009--------C
                   1910---b        1960---------E  2010-------B
                   1911j           1961--------C   2011-d
                   1912-d          1962---a        2012-d
                   1913f           1963-----@      2013-----@
                   1914g           1964-e          2014---------D
                   1915---b        1965---b        2015----------H
                   1916--------C   1966i           2016----------G
                   1917-----@      1967----a
   1868--b         1918-e          1968--------C
   1869----------L 1919-d          1969-------B
   1870-c          1920-e          1970------B
   1871l           1921-----@      1971---a
   1872------A     1922------A     1972----a
   1873---------E  1923----a       1973-------B
   1874g           1924---------E  1974-c
   1875---a        1925------B     1975-----@
   1876-------B    1926--------C   1976-----@
   1877---b        1927---------E  1977h
   1878----------G 1928---------E  1978---b
   1879---------D  1929---------D  1979----a
   1880---------E  1930------A     1980--------C
   1881---a        1931--b         1981-------B
   1882-------B    1932-----@      1982---------E
   1883------A     1933---b        1983-------B
   1884--c         1934--b         1984--c
   1885--b         1935--c         1985----a
   1886----a       1936--------C   1986-----@
   1887-----@      1937---------E  1987---a
   1888---a        1938----------F 1988-----@
   1889k           1939-e          1989-----@
   1890i           1940--------C   1990---------D
   1891---b        1941--------C   1991--b
   1892---b        1942------A     1992-----@
   1893-------B    1943--c         1993-------B
   1894-------B    1944----a       1994-------B
   1895-------B    1945----a       1995----a
   1896--------C   1946--b         1996------B
   1897----------G 1947m           1997-e
   1898----------G 1948f           1998--c
   1899--------C   1949-e          1999--c
PART 5:  CORRELATION OF SERIES BY SEGMENTS:                                                        15:16  Mon 06 Aug 2018  Page   5
------------------------------------------------------------------------------------------------------------------------------------
 Correlations of  50-year dated segments, lagged  10 years
 Flags:  A = correlation under   .3281 but highest as dated;  B = correlation higher at other than dated position

 Seq Series  Time_span   1870 1880 1890 1900 1910 1920 1930 1940 1950 1960 1970
                         1919 1929 1939 1949 1959 1969 1979 1989 1999 2009 2019
 --- -------- ---------  ---- ---- ---- ---- ---- ---- ---- ---- ---- ---- ---- ---- ---- ---- ---- ---- ---- ---- ---- ----
   1 60059    1902 2009                  .61  .62  .56  .64  .62  .58  .48
   2 70065    1929 2009                            .30A .34  .35  .21B .25A
   3 80625    1901 2008                  .48  .55  .62  .66  .63  .58  .56
   4 90522    1905 2002                  .41  .41  .35  .38  .32A .19B .18B
   5 121105   1906 2009                  .48  .51  .57  .50  .49  .52  .47
   6 131113   1907 2009                  .69  .74  .77  .64  .57  .54  .42
   7 91327    1935 2009                                 .45  .42  .63  .51
   8 70332    1891 2009             .43  .45  .43  .40  .31A .21B .30A .30A
   9 90542    1868 1992   .36  .43  .42  .59  .59  .49  .50  .45  .42
  10 60252    1878 2008   .46  .49  .42  .40  .43  .36  .27B .35  .34  .28A
  11 80301    1890 1997             .54  .57  .53  .51  .49  .38  .29B
  12 50244    1921 2008                            .22B .33A .42  .35  .31A
  13 70256    1956 2008                                           .40  .38
  14 91487    1917 2004                       .52  .54  .61  .56  .54  .50
  15 70152    1916 2008                       .68  .70  .67  .68  .47  .39
  16 50246    1901 2004                  .49  .56  .59  .63  .64  .56  .59
  17 30567A   1932 2013                                 .36  .43  .38  .44  .42
  18 30567B   1936 2013                                 .39  .31A .42  .36  .35
  19 70626A   1930 2006                                 .28A .39  .32A .34
  20 100961   1969 2007                                                .34
  21 100974   1936 2005                                 .49  .43  .53  .52
  22 91391    1900 2001                  .26B .32A .25B .32A .34  .49  .47
  23 111094   1931 2009                                 .64  .49  .44  .34
  24 60172    1880 2007        .41  .37  .50  .55  .52  .46  .49  .38  .33A
  25 92183B   1965 2010                                                .22A
  26 40522    1930 2010                                 .38  .32A .34  .36  .34
  27 80288    1906 2006                  .36  .37  .39  .45  .36  .45  .43
  28 131032   1880 2009        .35B .48  .58  .63  .63  .59  .56  .55  .41
  29 60386    1902 2009                  .55  .50  .34  .44  .36  .32A .34
  30 111212   1952 2009                                           .34  .22A
  31 92183A   1952 2016                                           .21B .24B .29A
  32 152053A  1923 2015                            .15B .26A .33A .16B .17B .25B
  33 100680   1931 2007                                 .58  .52  .41  .36
  34 112256A  1955 2015                                           .30A .15A .15A
  35 172210A  1938 2014                                 .49  .48  .38  .40  .36
  36 172210B  1938 2011                                 .45  .46  .41  .34  .23B
  37 91321    1881 1996        .39  .58  .59  .50  .52  .55  .32A .36
  38 70269    1890 2009             .31A .32A .45  .69  .69  .51  .57  .46
  39 121088   1902 2009                  .44  .50  .50  .47  .42  .36  .27B
  40 101159r  1871 2002   .37  .50  .44  .56  .63  .63  .59  .59  .24B .25A
  41 172218Ar 1907 2009                  .46  .48  .55  .53  .57  .43  .40
  42 33337A   1954 2014                                           .23A .15B .01B
 Av segment correlation   .40  .43  .44  .49  .52  .49  .48  .45  .40  .36  .27
PART 6:  POTENTIAL PROBLEMS:                                                                       15:16  Mon 06 Aug 2018  Page   5
------------------------------------------------------------------------------------------------------------------------------------

 For each series with potential problems the following diagnostics may appear:

 [A] Correlations with master dating series of flagged  50-year segments of series filtered with  32-year spline,
     at every point from ten years earlier (-10) to ten years later (+10) than dated

 [B] Effect of those data values which most lower or raise correlation with master series
     Symbol following year indicates value in series is greater (>) or lesser (<) than master series value

 [C] Year-to-year changes very different from the mean change in other series

 [D] Absent rings (zero values)

 [E] Values which are statistical outliers from mean for the year
====================================================================================================================================

 60059     1902 to  2009     108 years                                                                                    Series   1

 [B] Entire series, effect on correlation (  .546) is:
       Lower   1980< -.026   1933> -.018   2004> -.018   2003< -.017   1959> -.015   1926< -.014  Higher   1911  .044   1947  .040

====================================================================================================================================

 70065     1929 to  2009      81 years                                                                                    Series   2

 [A] Segment   High   -10   -9   -8   -7   -6   -5   -4   -3   -2   -1   +0   +1   +2   +3   +4   +5   +6   +7   +8   +9  +10
    ---------  ----   ---  ---  ---  ---  ---  ---  ---  ---  ---  ---  ---  ---  ---  ---  ---  ---  ---  ---  ---  ---  ---
    1929 1978    0   -.17  .05  .02  .10 -.06 -.05  .10  .17  .11  .25  .30* .26  .01 -.05 -.04 -.10 -.09 -.32 -.13 -.24 -.05
    - - - - - - - - - - - - - - - - - - - - - - - - - - - - - - - - - - - - - - - - - - - - - - - - - - - - - - - - - - - - -
    1950 1999   10    .15 -.12  .01  .23 -.04 -.04 -.09  .25  .10  .24  .21| .02 -.12 -.19 -.15 -.07 -.24 -.03 -.02 -.06  .30*
    1960 2009    0    .16  .10 -.10  .14 -.14 -.11 -.09  .15  .07  .10  .25* .02 -.07 -.15 -.07 -.02 -.21  .06    -    -    -

 [B] Entire series, effect on correlation (  .238) is:
       Lower   1939> -.027   1929< -.025   1954< -.024   1997> -.018   1959> -.016   1990< -.014  Higher   1947  .022   1974  .019
     1929 to 1978 segment:
       Lower   1929< -.044   1939> -.042   1954< -.042   1959> -.025   1946< -.014   1955< -.014  Higher   1947  .032   1974  .024
     1950 to 1999 segment:
       Lower   1954< -.047   1997> -.030   1959> -.029   1990< -.028   1991> -.021   1955< -.018  Higher   1974  .042   1977  .031
     1960 to 2009 segment:
       Lower   1997> -.035   1990< -.029   2009< -.029   2006< -.025   1991> -.025   1992< -.014  Higher   1974  .038   1960  .029

====================================================================================================================================

 80625     1901 to  2008     108 years                                                                                    Series   3

 [B] Entire series, effect on correlation (  .504) is:
       Lower   1905< -.015   1928< -.014   1939> -.013   1943> -.012   1997> -.010   1973< -.010  Higher   1947  .057   1977  .042

====================================================================================================================================

 90522     1905 to  2002      98 years                                                                                    Series   4

 [A] Segment   High   -10   -9   -8   -7   -6   -5   -4   -3   -2   -1   +0   +1   +2   +3   +4   +5   +6   +7   +8   +9  +10
    ---------  ----   ---  ---  ---  ---  ---  ---  ---  ---  ---  ---  ---  ---  ---  ---  ---  ---  ---  ---  ---  ---  ---
    1940 1989    0   -.12 -.19  .16 -.07  .01 -.01  .14  .16 -.20 -.02  .32*-.01  .08  .03 -.09 -.04 -.11 -.06 -.08 -.23  .14
    1950 1999   10   -.03 -.04  .04 -.10  .12  .06  .02  .10 -.06 -.03  .19| .00  .00 -.02 -.12 -.13 -.13  .04 -.03 -.22  .22*
    1953 2002   10   -.04 -.08  .03 -.07  .09  .02  .00  .14 -.05 -.04  .18|-.02  .05  .00 -.11 -.12 -.13  .00 -.02 -.17  .20*

 [B] Entire series, effect on correlation (  .302) is:
       Lower   1939> -.023   1981< -.023   1948> -.018   1956< -.017   1977> -.016   1980< -.016  Higher   1947  .098   1997  .033
     1940 to 1989 segment:
       Lower   1981< -.042   1948> -.039   1977> -.038   1956< -.030   1980< -.028   1965< -.027  Higher   1947  .207   1958  .055
     1950 to 1999 segment:
       Lower   1981< -.036   1977> -.032   1956< -.029   1980< -.027   1995> -.025   1998> -.021  Higher   1997  .095   1958  .069
     1953 to 2002 segment:
       Lower   1981< -.035   1977> -.031   1956< -.029   1980< -.027   1995> -.026   1998> -.022  Higher   1997  .099   1958  .070

 [E] Outliers     1   3.0 SD above or -4.5 SD below mean for year
       1948 +3.1 SD
====================================================================================================================================

 121105    1906 to  2009     104 years                                                                                    Series   5

 [B] Entire series, effect on correlation (  .488) is:
       Lower   1914> -.027   1947> -.020   1933< -.017   1913> -.017   1993< -.017   1987> -.015  Higher   1911  .021   1924  .014

====================================================================================================================================

 131113    1907 to  2009     103 years                                                                                    Series   6

 [B] Entire series, effect on correlation (  .577) is:
       Lower   1978< -.034   2004< -.033   1913> -.017   2006< -.013   1997> -.010   1974> -.009  Higher   1911  .036   1939  .016

====================================================================================================================================

 91327     1935 to  2009      75 years                                                                                    Series   7

 [B] Entire series, effect on correlation (  .412) is:
       Lower   1947> -.051   2005< -.030   2004> -.020   1996< -.019   1948< -.019   1940< -.016  Higher   1977  .055   1966  .036

====================================================================================================================================

 70332     1891 to  2009     119 years                                                                                    Series   8

 [A] Segment   High   -10   -9   -8   -7   -6   -5   -4   -3   -2   -1   +0   +1   +2   +3   +4   +5   +6   +7   +8   +9  +10
    ---------  ----   ---  ---  ---  ---  ---  ---  ---  ---  ---  ---  ---  ---  ---  ---  ---  ---  ---  ---  ---  ---  ---
    1930 1979    0   -.12  .01  .18  .01  .07  .18  .16  .08  .24 -.15  .31* .02 -.04 -.20  .03 -.13 -.27 -.06  .10 -.06  .00
    1940 1989   -2   -.10 -.07  .12  .05  .07  .27  .16  .16  .33*-.10  .21|-.07  .04 -.19  .00 -.11 -.25 -.10 -.05 -.08 -.02
    1950 1999    0   -.08 -.15  .03 -.04  .24  .24 -.01  .12  .26 -.25  .30*-.05  .14 -.05 -.17 -.07 -.27  .13  .00 -.02 -.01
    1960 2009    0   -.08 -.04 -.02 -.07  .24  .18 -.03 -.01  .26 -.36  .30*-.07  .15 -.04 -.17  .04 -.17  .26    -    -    -

 [B] Entire series, effect on correlation (  .345) is:
       Lower   1978> -.023   1893< -.017   1918> -.013   1966> -.013   1962> -.012   1938< -.011  Higher   1939  .029   1997  .028
     1930 to 1979 segment:
       Lower   1978> -.061   1962> -.027   1938< -.025   1966> -.024   1968< -.018   1955< -.016  Higher   1939  .072   1960  .029
     1940 to 1989 segment:
       Lower   1978> -.043   1962> -.026   1966> -.019   1968< -.018   1980< -.018   1955< -.017  Higher   1960  .034   1957  .025
     1950 to 1999 segment:
       Lower   1978> -.038   1966> -.033   1962> -.026   1968< -.015   1980< -.015   1955< -.014  Higher   1997  .099   1991  .034
     1960 to 2009 segment:
       Lower   1966> -.034   1978> -.031   1962> -.024   1968< -.019   1980< -.018   1990< -.016  Higher   1997  .107   1991  .035

 [E] Outliers     2   3.0 SD above or -4.5 SD below mean for year
       1978 +4.0 SD;    1997 -4.8 SD
====================================================================================================================================

 90542     1868 to  1992     125 years                                                                                    Series   9

 [*] Early part of series cannot be checked from 1868 to 1870 -- not matched by another series

 [B] Entire series, effect on correlation (  .386) is:
       Lower   1874> -.035   1877> -.019   1976> -.016   1876< -.015   1892> -.012   1926< -.011  Higher   1947  .057   1911  .042

 [E] Outliers     1   3.0 SD above or -4.5 SD below mean for year
       1976 +3.8 SD
====================================================================================================================================

 60252     1878 to  2008     131 years                                                                                    Series  10

 [A] Segment   High   -10   -9   -8   -7   -6   -5   -4   -3   -2   -1   +0   +1   +2   +3   +4   +5   +6   +7   +8   +9  +10
    ---------  ----   ---  ---  ---  ---  ---  ---  ---  ---  ---  ---  ---  ---  ---  ---  ---  ---  ---  ---  ---  ---  ---
    1930 1979    1   -.11  .11 -.05  .00 -.17 -.13  .15  .10 -.02 -.11  .27| .34* .19  .11  .28  .00  .10 -.28 -.19 -.07 -.22
    - - - - - - - - - - - - - - - - - - - - - - - - - - - - - - - - - - - - - - - - - - - - - - - - - - - - - - - - - - - - -
    1959 2008    0    .02  .12  .06  .08  .13  .02 -.17 -.06 -.16  .01  .28*-.07  .21 -.13 -.02 -.09  .10 -.03  .04    -    -

 [B] Entire series, effect on correlation (  .457) is:
       Lower   1999> -.017   1879< -.016   1931> -.014   1989< -.012   1888> -.011   1964> -.010  Higher   1966  .038   1889  .023
     1930 to 1979 segment:
       Lower   1931> -.032   1964> -.023   1959> -.020   1975< -.020   1973< -.018   1958< -.015  Higher   1966  .076   1947  .020
     1959 to 2008 segment:
       Lower   1999> -.039   1964> -.030   1989< -.029   1959> -.025   1975< -.021   1973< -.021  Higher   1966  .166   1984  .022

 [D]    4 Absent rings:  Year   Master  N series Absent
                         1947   -3.225      35       3
                         1948   -1.541      35       2
                         1952   -1.143      37       1
                         1966   -2.133      41       1

 [E] Outliers     1   3.0 SD above or -4.5 SD below mean for year
       1966 -5.2 SD
====================================================================================================================================

 80301     1890 to  1997     108 years                                                                                    Series  11

 [A] Segment   High   -10   -9   -8   -7   -6   -5   -4   -3   -2   -1   +0   +1   +2   +3   +4   +5   +6   +7   +8   +9  +10
    ---------  ----   ---  ---  ---  ---  ---  ---  ---  ---  ---  ---  ---  ---  ---  ---  ---  ---  ---  ---  ---  ---  ---
    1948 1997    3   -.05 -.14  .06  .20 -.15 -.04 -.11  .00 -.04 -.07  .29| .19 -.14  .30*-.06  .20 -.12  .07 -.03 -.30  .04

 [B] Entire series, effect on correlation (  .431) is:
       Lower   1997> -.021   1895< -.017   1964> -.017   1977> -.013   1896< -.010   1987> -.010  Higher   1939  .039   1911  .023
     1948 to 1997 segment:
       Lower   1997> -.045   1964> -.038   1982< -.027   1961< -.026   1956< -.023   1987> -.022  Higher   1966  .055   1991  .049

 [D]    1 Absent rings:  Year   Master  N series Absent
                         1920   -1.289      22       1

 [E] Outliers     1   3.0 SD above or -4.5 SD below mean for year
       1920 -5.2 SD
====================================================================================================================================

 50244     1921 to  2008      88 years                                                                                    Series  12

 [A] Segment   High   -10   -9   -8   -7   -6   -5   -4   -3   -2   -1   +0   +1   +2   +3   +4   +5   +6   +7   +8   +9  +10
    ---------  ----   ---  ---  ---  ---  ---  ---  ---  ---  ---  ---  ---  ---  ---  ---  ---  ---  ---  ---  ---  ---  ---
    1921 1970    1   -.12  .02 -.19 -.08 -.30  .00  .17  .12  .18 -.07  .22| .22*-.16  .10 -.05 -.01 -.28 -.17 -.13  .07 -.08
    1930 1979    0   -.06  .01 -.26  .00 -.25 -.04 -.02  .19  .03 -.01  .33* .18 -.03  .10  .04  .11 -.33 -.15 -.25 -.01 -.19
    - - - - - - - - - - - - - - - - - - - - - - - - - - - - - - - - - - - - - - - - - - - - - - - - - - - - - - - - - - - - -
    1959 2008    0    .05  .16 -.04  .11 -.11 -.26 -.07 -.05  .07 -.03  .31* .08  .03  .11  .17  .02  .07 -.27  .15    -    -

 [B] Entire series, effect on correlation (  .229) is:
       Lower   1922< -.090   1964> -.024   1973< -.022   1936< -.021   1984> -.019   1927< -.014  Higher   1966  .042   1947  .040
     1921 to 1970 segment:
       Lower   1922< -.135   1964> -.036   1936< -.028   1927< -.019   1943> -.018   1938< -.018  Higher   1966  .064   1947  .062
     1930 to 1979 segment:
       Lower   1973< -.051   1964> -.047   1936< -.043   1938< -.026   1957< -.024   1943> -.023  Higher   1966  .065   1947  .064
     1959 to 2008 segment:
       Lower   1973< -.064   1964> -.055   1984> -.045   1992< -.024   1993< -.019   1975< -.016  Higher   1966  .092   1990  .051

 [C] Year-to-year changes diverging by over 4.0 std deviations:
       1921 1922  -4.5 SD

====================================================================================================================================

 70256     1956 to  2008      53 years                                                                                    Series  13

 [B] Entire series, effect on correlation (  .347) is:
       Lower   1984> -.059   1958< -.041   2007< -.040   2006> -.016   1957< -.016   1989< -.010  Higher   1966  .097   1964  .042

====================================================================================================================================

 91487     1917 to  2004      88 years                                                                                    Series  14

 [B] Entire series, effect on correlation (  .493) is:
       Lower   2004> -.022   1994< -.018   1920> -.016   1976< -.015   1927< -.015   1922< -.011  Higher   1939  .050   1977  .020

 [E] Outliers     1   3.0 SD above or -4.5 SD below mean for year
       1921 +3.1 SD
====================================================================================================================================

 70152     1916 to  2008      93 years                                                                                    Series  15

 [B] Entire series, effect on correlation (  .529) is:
       Lower   1992< -.030   1991> -.018   1923> -.016   1938< -.014   1975< -.013   1988< -.012  Higher   1947  .086   1997  .022

====================================================================================================================================

 50246     1901 to  2004     104 years                                                                                    Series  16

 [B] Entire series, effect on correlation (  .528) is:
       Lower   1904< -.021   1925> -.013   1906< -.013   1918> -.010   1912> -.009   1969< -.009  Higher   1939  .038   1947  .014

====================================================================================================================================

 30567A    1932 to  2013      82 years                                                                                    Series  17

 [B] Entire series, effect on correlation (  .326) is:
       Lower   1956< -.037   1939> -.027   1949< -.027   2004> -.024   1952> -.018   1937< -.014  Higher   1947  .080   1977  .060

 [C] Year-to-year changes diverging by over 4.0 std deviations:
       1948 1949  -4.1 SD

 [E] Outliers     1   3.0 SD above or -4.5 SD below mean for year
       1949 -4.5 SD
====================================================================================================================================

 30567B    1936 to  2013      78 years                                                                                    Series  18

 [A] Segment   High   -10   -9   -8   -7   -6   -5   -4   -3   -2   -1   +0   +1   +2   +3   +4   +5   +6   +7   +8   +9  +10
    ---------  ----   ---  ---  ---  ---  ---  ---  ---  ---  ---  ---  ---  ---  ---  ---  ---  ---  ---  ---  ---  ---  ---
    1940 1989    0    .04 -.13 -.26 -.02 -.04 -.29  .03  .01  .09 -.10  .31*-.01 -.09  .19  .02  .11 -.01  .16  .06 -.22  .03

 [B] Entire series, effect on correlation (  .322) is:
       Lower   1947> -.052   1952> -.024   2004> -.019   1987< -.017   1964> -.016   1994< -.014  Higher   1977  .089   1966  .032
     1940 to 1989 segment:
       Lower   1947> -.083   1952> -.035   1987< -.025   1964> -.023   1968< -.016   1974> -.015  Higher   1977  .137   1966  .046

 [E] Outliers     1   3.0 SD above or -4.5 SD below mean for year
       1987 -5.2 SD
====================================================================================================================================

 70626A    1930 to  2006      77 years                                                                                    Series  19

 [A] Segment   High   -10   -9   -8   -7   -6   -5   -4   -3   -2   -1   +0   +1   +2   +3   +4   +5   +6   +7   +8   +9  +10
    ---------  ----   ---  ---  ---  ---  ---  ---  ---  ---  ---  ---  ---  ---  ---  ---  ---  ---  ---  ---  ---  ---  ---
    1930 1979    0    .21 -.09  .02  .08 -.22  .08 -.08  .17  .13  .17  .28* .18 -.01  .04 -.07 -.22 -.24 -.20 -.32 -.12 -.14
    - - - - - - - - - - - - - - - - - - - - - - - - - - - - - - - - - - - - - - - - - - - - - - - - - - - - - - - - - - - - -
    1950 1999    0    .13 -.14  .06  .03 -.15 -.06  .17  .09  .26 -.08  .32* .04  .01  .18 -.22 -.07 -.42 -.11 -.12 -.17  .08

 [B] Entire series, effect on correlation (  .243) is:
       Lower   1939> -.070   1940< -.028   1999< -.027   1991> -.024   1981< -.016   1943> -.015  Higher   1977  .030   1947  .024
     1930 to 1979 segment:
       Lower   1939> -.116   1940< -.056   1930< -.030   1943> -.023   1973< -.013   1951< -.012  Higher   1977  .057   1947  .053
     1950 to 1999 segment:
       Lower   1999< -.070   1991> -.046   1981< -.028   1998> -.016   1959> -.014   1988< -.011  Higher   1977  .045   1974  .023

 [C] Year-to-year changes diverging by over 4.0 std deviations:
       1939 1940  -4.0 SD

 [E] Outliers     1   3.0 SD above or -4.5 SD below mean for year
       1939 +3.0 SD
====================================================================================================================================

 100961    1969 to  2007      39 years                                                                                    Series  20

 [B] Entire series, effect on correlation (  .345) is:
       Lower   1986< -.086   1978< -.041   1991> -.031   2003< -.019   2000> -.016   1999> -.014  Higher   1982  .033   1997  .032

====================================================================================================================================

 100974    1936 to  2005      70 years                                                                                    Series  21

 [B] Entire series, effect on correlation (  .500) is:
       Lower   1947> -.038   1975< -.032   1984> -.023   1974> -.019   1976< -.015   1940< -.014  Higher   1966  .054   1991  .019

====================================================================================================================================

 91391     1900 to  2001     102 years                                                                                    Series  22

 [A] Segment   High   -10   -9   -8   -7   -6   -5   -4   -3   -2   -1   +0   +1   +2   +3   +4   +5   +6   +7   +8   +9  +10
    ---------  ----   ---  ---  ---  ---  ---  ---  ---  ---  ---  ---  ---  ---  ---  ---  ---  ---  ---  ---  ---  ---  ---
    1900 1949    6   -.25 -.12 -.07 -.15 -.23  .04  .18  .18  .21  .11  .26| .11  .08  .12  .15  .17  .27* .07  .07 -.10 -.10
    1910 1959    0   -.14 -.05  .01 -.19 -.11  .00  .00  .12  .10  .11  .32* .02  .11  .09  .15  .01  .27  .09 -.11 -.02 -.09
    1920 1969    6   -.04  .02 -.06 -.20 -.16 -.08 -.15  .03 -.02 -.10  .25| .00  .19  .06  .06 -.03  .29*-.01 -.10 -.02 -.08
    1930 1979    0   -.11 -.12  .00 -.11 -.08  .04 -.14  .12 -.04 -.20  .32*-.11  .01 -.09  .02 -.07  .27  .14 -.08 -.06 -.05

 [B] Entire series, effect on correlation (  .360) is:
       Lower   1947> -.046   1955< -.023   1949> -.017   1903< -.014   1960< -.014   1904< -.013  Higher   1977  .067   1911  .030
     1900 to 1949 segment:
       Lower   1947> -.079   1949> -.034   1903< -.033   1904< -.030   1941< -.025   1915< -.023  Higher   1911  .088   1940  .028
     1910 to 1959 segment:
       Lower   1947> -.080   1955< -.045   1949> -.032   1941< -.020   1956< -.020   1915< -.019  Higher   1911  .066   1958  .034
     1920 to 1969 segment:
       Lower   1947> -.067   1955< -.049   1949> -.034   1960< -.030   1956< -.023   1941< -.023  Higher   1958  .035   1964  .034
     1930 to 1979 segment:
       Lower   1947> -.079   1955< -.040   1949> -.027   1960< -.024   1941< -.019   1956< -.018  Higher   1977  .132   1958  .031

 [E] Outliers     2   3.0 SD above or -4.5 SD below mean for year
       1949 +3.0 SD;    1954 +3.0 SD
====================================================================================================================================

 111094    1931 to  2009      79 years                                                                                    Series  23

 [B] Entire series, effect on correlation (  .528) is:
       Lower   1981< -.040   1977> -.033   1973< -.032   1978< -.029   2003< -.021   1967< -.014  Higher   1947  .048   1966  .046

====================================================================================================================================

 60172     1880 to  2007     128 years                                                                                    Series  24

 [A] Segment   High   -10   -9   -8   -7   -6   -5   -4   -3   -2   -1   +0   +1   +2   +3   +4   +5   +6   +7   +8   +9  +10
    ---------  ----   ---  ---  ---  ---  ---  ---  ---  ---  ---  ---  ---  ---  ---  ---  ---  ---  ---  ---  ---  ---  ---
    1958 2007    0    .16 -.08 -.11 -.06  .01 -.04 -.04  .10 -.06  .18  .33*-.08  .29 -.13  .05 -.14 -.35  .12 -.09  .05    -

 [B] Entire series, effect on correlation (  .427) is:
       Lower   1977> -.025   1880< -.021   1967< -.019   1975< -.013   1999> -.011   1890> -.011  Higher   1889  .047   1947  .043
     1958 to 2007 segment:
       Lower   1977> -.072   1967< -.047   1975< -.031   1999> -.026   1964> -.017   2006> -.013  Higher   1958  .055   1997  .052

====================================================================================================================================

 92183B    1965 to  2010      46 years                                                                                    Series  25

 [A] Segment   High   -10   -9   -8   -7   -6   -5   -4   -3   -2   -1   +0   +1   +2   +3   +4   +5   +6   +7   +8   +9  +10
    ---------  ----   ---  ---  ---  ---  ---  ---  ---  ---  ---  ---  ---  ---  ---  ---  ---  ---  ---  ---  ---  ---  ---
    1965 2010    0   -.03 -.19  .12  .01  .09 -.22  .06  .08 -.05  .00  .22*-.09  .02 -.11  .05  .06 -.11    -    -    -    -

 [B] Entire series, effect on correlation (  .221) is:
       Lower   2007< -.044   1991> -.034   1974> -.029   1971> -.020   1981< -.019   1970< -.016  Higher   1977  .123   1973  .016
     1965 to 2010 segment:
       Lower   2007< -.044   1991> -.034   1974> -.029   1971> -.020   1981< -.019   1970< -.016  Higher   1977  .123   1973  .016

====================================================================================================================================

 40522     1930 to  2010      81 years                                                                                    Series  26

 [A] Segment   High   -10   -9   -8   -7   -6   -5   -4   -3   -2   -1   +0   +1   +2   +3   +4   +5   +6   +7   +8   +9  +10
    ---------  ----   ---  ---  ---  ---  ---  ---  ---  ---  ---  ---  ---  ---  ---  ---  ---  ---  ---  ---  ---  ---  ---
    1940 1989    0    .01  .00 -.02 -.02  .04  .06 -.05  .17  .00 -.01  .32*-.26 -.13 -.01 -.15 -.10 -.27  .12 -.05 -.13  .14

 [B] Entire series, effect on correlation (  .275) is:
       Lower   1955< -.037   1988< -.033   1947> -.024   1991> -.020   1956< -.017   1984> -.017  Higher   1977  .108   1966  .022
     1940 to 1989 segment:
       Lower   1947> -.055   1955< -.052   1988< -.049   1984> -.027   1956< -.023   1943> -.020  Higher   1977  .145   1966  .023

====================================================================================================================================

 80288     1906 to  2006     101 years                                                                                    Series  27

 [B] Entire series, effect on correlation (  .386) is:
       Lower   1949> -.019   2004> -.016   1968< -.016   1920< -.012   1929< -.012   1946> -.011  Higher   1939  .052   1984  .014

====================================================================================================================================

 131032    1880 to  2009     130 years                                                                                    Series  28

 [A] Segment   High   -10   -9   -8   -7   -6   -5   -4   -3   -2   -1   +0   +1   +2   +3   +4   +5   +6   +7   +8   +9  +10
    ---------  ----   ---  ---  ---  ---  ---  ---  ---  ---  ---  ---  ---  ---  ---  ---  ---  ---  ---  ---  ---  ---  ---
    1880 1929    1   -.11 -.07 -.24  .13 -.26 -.02  .09  .16  .15  .06  .35| .35* .25  .11  .08 -.01  .12 -.08  .04 -.21 -.15

 [B] Entire series, effect on correlation (  .465) is:
       Lower   1889> -.041   2004> -.014   1898< -.012   1893< -.007   1920> -.007   2009< -.007  Higher   1939  .015   1947  .012
     1880 to 1929 segment:
       Lower   1889> -.094   1898< -.028   1893< -.018   1920> -.016   1892< -.012   1888< -.012  Higher   1914  .036   1890  .025

 [D]    3 Absent rings:  Year   Master  N series Absent
                         1914   -1.751      20       1
                         1919   -1.084      22       1
                         1947   -3.225      35       3

====================================================================================================================================

 60386     1902 to  2009     108 years                                                                                    Series  29

 [A] Segment   High   -10   -9   -8   -7   -6   -5   -4   -3   -2   -1   +0   +1   +2   +3   +4   +5   +6   +7   +8   +9  +10
    ---------  ----   ---  ---  ---  ---  ---  ---  ---  ---  ---  ---  ---  ---  ---  ---  ---  ---  ---  ---  ---  ---  ---
    1950 1999    0   -.28 -.13  .09 -.12 -.11 -.12 -.04 -.12  .16  .14  .32* .06 -.12  .12 -.08 -.01  .03  .13 -.12 -.12 -.03

 [B] Entire series, effect on correlation (  .523) is:
       Lower   1958< -.016   1997> -.015   1919> -.014   1937< -.013   1984> -.012   1991> -.012  Higher   1947  .092   1911  .043
     1950 to 1999 segment:
       Lower   1958< -.038   1997> -.025   1984> -.024   1962> -.022   1991> -.022   1967< -.021  Higher   1977  .144   1960  .029

 [D]    2 Absent rings:  Year   Master  N series Absent
                         1947   -3.225      35       3
                         1948   -1.541      35       2

====================================================================================================================================

 111212    1952 to  2009      58 years                                                                                    Series  30

 [A] Segment   High   -10   -9   -8   -7   -6   -5   -4   -3   -2   -1   +0   +1   +2   +3   +4   +5   +6   +7   +8   +9  +10
    ---------  ----   ---  ---  ---  ---  ---  ---  ---  ---  ---  ---  ---  ---  ---  ---  ---  ---  ---  ---  ---  ---  ---
    1960 2009    0   -.14 -.18 -.10 -.12  .21  .02 -.08 -.03  .03 -.02  .22*-.11  .17 -.29 -.24 -.02  .05  .15    -    -    -

 [B] Entire series, effect on correlation (  .269) is:
       Lower   1974> -.069   2004> -.025   2005< -.023   1982< -.012   1968< -.009   2009< -.009  Higher   1997  .040   1966  .020
     1960 to 2009 segment:
       Lower   1974> -.109   2005< -.045   2004> -.036   1982< -.021   1968< -.016   2009< -.016  Higher   1997  .073   1966  .048

 [C] Year-to-year changes diverging by over 4.0 std deviations:
       1952 1953   4.5 SD

 [E] Outliers     2   3.0 SD above or -4.5 SD below mean for year
       1952 -5.5 SD;    1974 +3.1 SD
====================================================================================================================================

 92183A    1952 to  2016      65 years                                                                                    Series  31

 [*] Later part of series cannot be checked from 2016 to 2016 -- not matched by another series

 [A] Segment   High   -10   -9   -8   -7   -6   -5   -4   -3   -2   -1   +0   +1   +2   +3   +4   +5   +6   +7   +8   +9  +10
    ---------  ----   ---  ---  ---  ---  ---  ---  ---  ---  ---  ---  ---  ---  ---  ---  ---  ---  ---  ---  ---  ---  ---
    1952 2001    3    .04 -.27 -.22  .10 -.23 -.14  .12 -.37  .19 -.02  .21| .12 -.03  .27*-.25  .15 -.02 -.19  .23 -.33 -.07
    1960 2009    3    .08 -.23 -.16  .14 -.22 -.15  .16 -.34  .20 -.04  .24| .06 -.09  .25*-.28  .09 -.05 -.18    -    -    -
    1966 2015    0    .10 -.20 -.11  .24 -.14 -.11  .09 -.35  .20 -.05  .29* .09    -    -    -    -    -    -    -    -    -

 [B] Entire series, effect on correlation (  .253) is:
       Lower   1977> -.100   1991> -.047   1958< -.037   1981< -.028   2000> -.028   1963< -.016  Higher   1966  .162   1997  .019
     1952 to 2001 segment:
       Lower   1977> -.108   1991> -.050   1958< -.041   1981< -.032   2000> -.029   1963< -.018  Higher   1966  .192   1997  .022
     1960 to 2009 segment:
       Lower   1977> -.126   1991> -.056   1981< -.037   2000> -.031   1963< -.022   1974> -.011  Higher   1966  .206   1997  .022
     1966 to 2015 segment:
       Lower   1977> -.141   1991> -.062   1981< -.042   2000> -.035   1974> -.012   1994< -.008  Higher   1966  .205   1997  .022

====================================================================================================================================

 152053A   1923 to  2015      93 years                                                                                    Series  32

 [A] Segment   High   -10   -9   -8   -7   -6   -5   -4   -3   -2   -1   +0   +1   +2   +3   +4   +5   +6   +7   +8   +9  +10
    ---------  ----   ---  ---  ---  ---  ---  ---  ---  ---  ---  ---  ---  ---  ---  ---  ---  ---  ---  ---  ---  ---  ---
    1923 1972  -10    .16*-.09 -.01 -.27 -.28 -.22 -.26 -.35 -.08 -.06  .15| .03  .03  .09  .00 -.17 -.03 -.09 -.08 -.02 -.13
    1930 1979    0    .17 -.12  .02 -.33 -.28 -.19 -.30 -.29 -.09 -.15  .26*-.06  .02  .06 -.06 -.16 -.06 -.10 -.09 -.04 -.04
    1940 1989    0    .21 -.05  .04 -.12 -.30 -.09 -.29 -.26 -.13 -.11  .33*-.13  .08  .10 -.05  .05 -.23  .06 -.30  .01  .02
    1950 1999    7    .15  .02 -.18  .05 -.30 -.17 -.35 -.25 -.11 -.16  .16| .01  .16  .09  .18  .09  .03  .23*-.27  .09 -.03
    1960 2009    7    .04 -.06 -.04  .09 -.25 -.13 -.31 -.24 -.10 -.11  .17| .06  .14 -.02  .19  .00 -.03  .22*   -    -    -
    1966 2015   -7    .03 -.06  .01  .27*-.12 -.01 -.22 -.23 -.09 -.04  .25| .08    -    -    -    -    -    -    -    -    -

 [B] Entire series, effect on correlation (  .164) is:
       Lower   1993< -.028   1990< -.026   1997> -.020   1946> -.017   1960< -.017   1924< -.016  Higher   1984  .028   1991  .023
     1923 to 1972 segment:
       Lower   1946> -.030   1960< -.028   1924< -.027   1923> -.026   1927< -.022   1957< -.021  Higher   1947  .045   1937  .031
     1930 to 1979 segment:
       Lower   1960< -.034   1946> -.030   1957< -.026   1933< -.024   1961< -.024   1938< -.023  Higher   1937  .031   1947  .027
     1940 to 1989 segment:
       Lower   1960< -.047   1957< -.036   1946> -.035   1961< -.032   1956< -.025   1958< -.021  Higher   1984  .036   1947  .032
     1950 to 1999 segment:
       Lower   1993< -.055   1990< -.048   1997> -.044   1960< -.030   1999> -.030   1957< -.023  Higher   1984  .054   1991  .044
     1960 to 2009 segment:
       Lower   1993< -.063   1990< -.055   1997> -.048   1960< -.035   1999> -.030   1961< -.022  Higher   1984  .056   1991  .046
     1966 to 2015 segment:
       Lower   1993< -.074   1990< -.065   1997> -.049   1999> -.031   1982< -.018   2008< -.015  Higher   1984  .054   1991  .046

====================================================================================================================================

 100680    1931 to  2007      77 years                                                                                    Series  33

 [B] Entire series, effect on correlation (  .465) is:
       Lower   2002< -.035   1997> -.034   1983< -.033   1960< -.033   1940< -.020   1939> -.015  Higher   1947  .083   1977  .041

====================================================================================================================================

 112256A   1955 to  2015      61 years                                                                                    Series  34

 [A] Segment   High   -10   -9   -8   -7   -6   -5   -4   -3   -2   -1   +0   +1   +2   +3   +4   +5   +6   +7   +8   +9  +10
    ---------  ----   ---  ---  ---  ---  ---  ---  ---  ---  ---  ---  ---  ---  ---  ---  ---  ---  ---  ---  ---  ---  ---
    1955 2004    0    .10 -.36 -.22 -.04 -.35 -.13 -.23 -.07  .03  .07  .30* .07  .16 -.07 -.15  .02 -.12  .00 -.03 -.07 -.03
    1960 2009    0    .07 -.10 -.06 -.01 -.19 -.19 -.13 -.11  .10 -.03  .15* .02 -.05 -.19 -.08  .02  .05 -.08    -    -    -
    1966 2015    0    .06 -.03 -.04  .13 -.12 -.09 -.01 -.09  .11 -.13  .15* .06    -    -    -    -    -    -    -    -    -

 [B] Entire series, effect on correlation (  .198) is:
       Lower   1997> -.070   2015< -.051   1960< -.046   2006< -.045   2008< -.016   1971> -.013  Higher   1966  .037   1958  .027
     1955 to 2004 segment:
       Lower   1997> -.106   1960< -.079   1990< -.018   1971> -.018   2003< -.013   1995> -.011  Higher   1966  .047   1958  .035
     1960 to 2009 segment:
       Lower   1997> -.089   1960< -.061   2006< -.059   2008< -.022   1971> -.014   1990< -.012  Higher   1966  .048   1968  .035
     1966 to 2015 segment:
       Lower   1997> -.080   2015< -.066   2006< -.057   2008< -.022   1990< -.014   1971> -.013  Higher   1966  .051   1984  .031

====================================================================================================================================

 172210A   1938 to  2014      77 years                                                                                    Series  35

 [B] Entire series, effect on correlation (  .428) is:
       Lower   1958< -.029   2011> -.029   1952> -.021   1964> -.016   2001< -.016   1939> -.014  Higher   1947  .102   1997  .029

====================================================================================================================================

 172210B   1938 to  2011      74 years                                                                                    Series  36

 [A] Segment   High   -10   -9   -8   -7   -6   -5   -4   -3   -2   -1   +0   +1   +2   +3   +4   +5   +6   +7   +8   +9  +10
    ---------  ----   ---  ---  ---  ---  ---  ---  ---  ---  ---  ---  ---  ---  ---  ---  ---  ---  ---  ---  ---  ---  ---
    1962 2011    2   -.03 -.14 -.02 -.18  .12  .06 -.17 -.06 -.01  .11  .23| .03  .25* .14 -.24  .07    -    -    -    -    -

 [B] Entire series, effect on correlation (  .370) is:
       Lower   2011> -.045   1966> -.037   1967< -.022   1939> -.019   1955< -.017   1941< -.016  Higher   1997  .037   1947  .025
     1962 to 2011 segment:
       Lower   2011> -.071   1966> -.058   1967< -.033   1996< -.021   1971> -.013   1991> -.012  Higher   1997  .123   1977  .043

 [E] Outliers     1   3.0 SD above or -4.5 SD below mean for year
       1997 -4.6 SD
====================================================================================================================================

 91321     1881 to  1996     116 years                                                                                    Series  37

 [A] Segment   High   -10   -9   -8   -7   -6   -5   -4   -3   -2   -1   +0   +1   +2   +3   +4   +5   +6   +7   +8   +9  +10
    ---------  ----   ---  ---  ---  ---  ---  ---  ---  ---  ---  ---  ---  ---  ---  ---  ---  ---  ---  ---  ---  ---  ---
    1940 1989    0   -.07 -.26  .13 -.14 -.16  .14 -.09 -.12  .15  .10  .32*-.11  .28 -.11 -.22  .08 -.07 -.07 -.04 -.14  .15

 [B] Entire series, effect on correlation (  .389) is:
       Lower   1982< -.052   1881> -.038   1954< -.017   1984> -.014   1950> -.012   1941< -.012  Higher   1947  .047   1939  .040
     1940 to 1989 segment:
       Lower   1982< -.115   1954< -.037   1984> -.029   1941< -.026   1959> -.024   1950> -.023  Higher   1947  .128   1977  .102

====================================================================================================================================

 70269     1890 to  2009     120 years                                                                                    Series  38

 [A] Segment   High   -10   -9   -8   -7   -6   -5   -4   -3   -2   -1   +0   +1   +2   +3   +4   +5   +6   +7   +8   +9  +10
    ---------  ----   ---  ---  ---  ---  ---  ---  ---  ---  ---  ---  ---  ---  ---  ---  ---  ---  ---  ---  ---  ---  ---
    1890 1939    0   -.22 -.04 -.10  .02  .04  .14  .01 -.05  .21  .25  .31*-.11  .05 -.23  .10  .17 -.11 -.02  .12  .03  .18
    1900 1949    0   -.18 -.06  .18  .23 -.08  .08  .13 -.04  .08  .04  .32* .00 -.07 -.24  .01  .05 -.14 -.12 -.01 -.08  .11

 [B] Entire series, effect on correlation (  .441) is:
       Lower   1911> -.063   1980< -.041   1916< -.021   1901< -.018   1974> -.011   1914> -.011  Higher   1977  .050   1947  .038
     1890 to 1939 segment:
       Lower   1911> -.161   1916< -.052   1901< -.045   1914> -.025   1906< -.016   1921< -.016  Higher   1939  .120   1890  .040
     1900 to 1949 segment:
       Lower   1911> -.137   1916< -.049   1901< -.043   1914> -.023   1921< -.015   1906< -.015  Higher   1947  .123   1939  .087

 [E] Outliers     1   3.0 SD above or -4.5 SD below mean for year
       1911 +3.7 SD
====================================================================================================================================

 121088    1902 to  2009     108 years                                                                                    Series  39

 [A] Segment   High   -10   -9   -8   -7   -6   -5   -4   -3   -2   -1   +0   +1   +2   +3   +4   +5   +6   +7   +8   +9  +10
    ---------  ----   ---  ---  ---  ---  ---  ---  ---  ---  ---  ---  ---  ---  ---  ---  ---  ---  ---  ---  ---  ---  ---
    1960 2009    7    .02  .06  .11  .16  .05  .09  .10 -.31 -.08 -.06  .27|-.14  .10  .18 -.23 -.08  .10  .27*   -    -    -

 [B] Entire series, effect on correlation (  .378) is:
       Lower   1971< -.017   1991> -.014   1993< -.013   2005< -.012   1929< -.009   1982< -.009  Higher   1939  .036   1947  .015
     1960 to 2009 segment:
       Lower   1991> -.029   1993< -.027   2005< -.025   1982< -.020   1971< -.017   2001< -.017  Higher   1997  .033   1974  .029

====================================================================================================================================

 101159r   1871 to  2002     132 years                                                                                    Series  40

 [A] Segment   High   -10   -9   -8   -7   -6   -5   -4   -3   -2   -1   +0   +1   +2   +3   +4   +5   +6   +7   +8   +9  +10
    ---------  ----   ---  ---  ---  ---  ---  ---  ---  ---  ---  ---  ---  ---  ---  ---  ---  ---  ---  ---  ---  ---  ---
    1950 1999   10   -.20 -.24 -.05 -.09 -.12  .03 -.11  .10  .11  .01  .24|-.01  .02  .21 -.12  .05 -.14  .17 -.09 -.08  .27*
    1953 2002    0   -.24 -.20 -.04 -.09 -.13  .05 -.17  .14  .10  .02  .25*-.02  .04  .18 -.11  .05 -.15  .20 -.11 -.09  .24

 [B] Entire series, effect on correlation (  .380) is:
       Lower   1990< -.035   1877< -.013   1874< -.012   1968< -.012   1997> -.011   1876> -.010  Higher   1947  .053   1889  .016
     1950 to 1999 segment:
       Lower   1990< -.098   1968< -.034   1997> -.031   1984> -.023   1999> -.017   1971> -.016  Higher   1977  .057   1974  .055
     1953 to 2002 segment:
       Lower   1990< -.098   1968< -.034   1997> -.031   1984> -.024   1999> -.018   1971> -.017  Higher   1977  .055   1974  .053

====================================================================================================================================

 172218Ar  1907 to  2009     103 years                                                                                    Series  41

 [B] Entire series, effect on correlation (  .435) is:
       Lower   1935< -.038   1929< -.030   1918> -.017   1916< -.015   1957< -.013   1973< -.013  Higher   1947  .069   1939  .043

====================================================================================================================================

 33337A    1954 to  2014      61 years                                                                                    Series  42

 [A] Segment   High   -10   -9   -8   -7   -6   -5   -4   -3   -2   -1   +0   +1   +2   +3   +4   +5   +6   +7   +8   +9  +10
    ---------  ----   ---  ---  ---  ---  ---  ---  ---  ---  ---  ---  ---  ---  ---  ---  ---  ---  ---  ---  ---  ---  ---
    1954 2003    0    .10 -.19 -.13 -.13 -.37  .05 -.14  .17  .20  .11  .23* .06  .06  .05 -.08 -.16 -.13  .01 -.12 -.21  .22
    1960 2009   -3    .20 -.13 -.10 -.24 -.38  .07 -.13  .24* .18  .13  .15| .11  .01  .00 -.02 -.14 -.04 -.07    -    -    -
    1965 2014   -3    .28 -.07 -.07 -.23 -.34  .01 -.19  .31* .16  .01  .01| .10 -.05    -    -    -    -    -    -    -    -

 [B] Entire series, effect on correlation (  .137) is:
       Lower   2014< -.056   1994< -.042   1991> -.031   2004> -.023   2010< -.018   2012> -.015  Higher   1964  .037   1958  .024
     1954 to 2003 segment:
       Lower   1994< -.064   1991> -.041   1977> -.027   1984> -.019   1962> -.017   1976< -.016  Higher   1964  .039   1958  .025
     1960 to 2009 segment:
       Lower   1994< -.066   1991> -.037   2004> -.027   1976< -.017   1977> -.017   1984> -.016  Higher   1964  .045   1990  .026
     1965 to 2014 segment:
       Lower   2014< -.067   1994< -.047   1991> -.033   2004> -.024   2010< -.022   2012> -.015  Higher   1990  .030   2000  .023

====================================================================================================================================
PART 7:  DESCRIPTIVE STATISTICS:                                                                   15:16  Mon 06 Aug 2018  Page   6
------------------------------------------------------------------------------------------------------------------------------------

                                                Corr   //-------- Unfiltered --------\\  //---- Filtered -----\\
                           No.    No.    No.    with   Mean   Max     Std   Auto   Mean   Max     Std   Auto  AR
 Seq Series   Interval   Years  Segmt  Flags   Master  msmt   msmt    dev   corr   sens  value    dev   corr  ()
 --- -------- ---------  -----  -----  -----   ------ -----  -----  -----  -----  -----  -----  -----  -----  --
   1 60059    1902 2009    108      7      0    .546   1.65   3.30   .464   .575   .194   2.67   .510  -.017   1
   2 70065    1929 2009     81      5      3    .238   1.03   2.06   .375   .566   .229   2.68   .608  -.051   1
   3 80625    1901 2008    108      7      0    .504   1.08   4.62   .662   .823   .221   2.67   .420   .040   1
   4 90522    1905 2002     98      7      3    .302   1.18   4.10   .791   .733   .281   2.93   .525   .023   1
   5 121105   1906 2009    104      7      0    .488   1.77   4.34   .731   .712   .198   2.90   .581   .006   2
   6 131113   1907 2009    103      7      0    .577   1.81   3.73   .728   .866   .139   2.53   .437  -.032   1
   7 91327    1935 2009     75      4      0    .412   2.36   3.87   .559   .319   .225   2.55   .497  -.016   1
   8 70332    1891 2009    119      8      4    .345    .93   3.77   .780   .745   .316   3.11   .352   .008   2
   9 90542    1868 1992    125      9      0    .386   1.34   5.93   .718   .405   .264   3.18   .442   .016   1
  10 60252    1878 2008    131     10      2    .457    .49   1.69   .333   .714   .415   2.56   .346  -.035   1
  11 80301    1890 1997    108      7      1    .431    .55   2.02   .431   .833   .320   2.70   .420  -.003   1
  12 50244    1921 2008     88      5      3    .229    .83   3.58   .731   .790   .311   2.86   .403  -.050   1
  13 70256    1956 2008     53      2      0    .347   1.46   4.53   .965   .563   .361   3.10   .660  -.193   1
  14 91487    1917 2004     88      6      0    .493   1.40  10.18  1.269   .702   .244   2.77   .373  -.025   1
  15 70152    1916 2008     93      6      0    .529    .85   8.35  1.074   .681   .308   2.84   .476  -.104   1
  16 50246    1901 2004    104      7      0    .528    .89   2.55   .501   .771   .278   2.82   .409  -.052   2
  17 30567A   1932 2013     82      5      0    .326    .94   2.59   .573   .718   .283   2.93   .437  -.031   1
  18 30567B   1936 2013     78      5      1    .322   2.27   6.51  1.424   .697   .320   2.94   .526  -.086   1
  19 70626A   1930 2006     77      4      2    .243    .76   3.72   .793   .870   .222   2.53   .416  -.089   1
  20 100961   1969 2007     39      1      0    .345    .96   3.27   .744   .822   .336   2.83   .593   .096   1
  21 100974   1936 2005     70      4      0    .500    .94   2.34   .548   .754   .322   2.56   .472  -.073   1
  22 91391    1900 2001    102      7      4    .360   1.61   5.27   .680   .776   .201   2.91   .476   .041   2
  23 111094   1931 2009     79      4      0    .528   1.71   4.79   .919   .728   .295   2.63   .525  -.039   1
  24 60172    1880 2007    128      9      1    .427    .85   2.43   .364   .695   .247   2.86   .468   .016   1
  25 92183B   1965 2010     46      1      1    .221   2.68   6.78  1.552   .823   .258   2.66   .565  -.029   1
  26 40522    1930 2010     81      5      1    .275    .53   1.32   .295   .829   .305   2.64   .460  -.034   1
  27 80288    1906 2006    101      7      0    .386   1.14   3.95   .662   .748   .290   2.69   .464  -.033   3
  28 131032   1880 2009    130      9      1    .465    .82   3.30   .562   .767   .374   2.65   .376  -.089   1
  29 60386    1902 2009    108      7      1    .523    .95   2.86   .743   .890   .296   2.53   .396   .048   1
  30 111212   1952 2009     58      2      1    .269    .83   4.45   .737   .752   .250   2.58   .364  -.088   1
  31 92183A   1952 2016     65      3      3    .253    .84   1.76   .436   .777   .282   2.54   .410  -.055   1
  32 152053A  1923 2015     93      6      6    .164    .63   2.78   .523   .849   .280   2.73   .562   .021   1
  33 100680   1931 2007     77      4      0    .465   1.23   3.13   .763   .863   .304   2.76   .585   .024   1
  34 112256A  1955 2015     61      3      3    .198    .63   1.75   .402   .871   .240   2.63   .510   .036   2
  35 172210A  1938 2014     77      5      0    .428    .44   1.66   .355   .856   .314   2.93   .510  -.011   1
  36 172210B  1938 2011     74      5      1    .370   1.10   4.11   .847   .848   .292   2.61   .425   .027   1
  37 91321    1881 1996    116      8      1    .389   1.11   3.65   .837   .843   .308   2.90   .547  -.020   1
  38 70269    1890 2009    120      8      2    .441   1.22   3.23   .719   .787   .301   2.69   .495  -.041   1
  39 121088   1902 2009    108      7      1    .378    .83   2.56   .499   .791   .301   2.87   .526  -.052   1
  40 101159r  1871 2002    132     10      2    .380    .73   2.73   .542   .845   .297   2.63   .467  -.037   1
  41 172218Ar 1907 2009    103      7      0    .435    .73   3.25   .625   .853   .327   2.66   .469  -.141   1
  42 33337A   1954 2014     61      3      3    .137    .81   1.97   .402   .795   .267   2.67   .598  -.038   1
 --- -------- ---------  -----  -----  -----   ------ -----  -----  -----  -----  -----  -----  -----  -----  --
 Total or mean:           3852    243     51    .396   1.09  10.18   .663   .752   .282   3.18   .470  -.026

                                              - = [  COFECHA CAGL COF  ] = -
