[]  Dendrochronology Program Library                                        Run CAOVL  Program COF  14:35  Fri 15 Jun 2018  Page   1
[]
[]  P R O G R A M      C O F E C H A                                                                          Version 6.06P    30483
------------------------------------------------------------------------------------------------------------------------------------

 QUALITY CONTROL AND DATING CHECK OF TREE-RING MEASUREMENTS

 File of DATED series:   caovl_drop.rwl

 CONTENTS:

    Part 1:  Title page, options selected, summary, absent rings by series
    Part 2:  Histogram of time spans
    Part 3:  Master series with sample depth and absent rings by year
    Part 4:  Bar plot of Master Dating Series
    Part 5:  Correlation by segment of each series with Master
    Part 6:  Potential problems: low correlation, divergent year-to-year changes, absent rings, outliers
    Part 7:  Descriptive statistics

 RUN CONTROL OPTIONS SELECTED                             VALUE

         1  Cubic smoothing spline 50% wavelength cutoff for filtering
                                                            32 years
         2  Segments examined are                           50 years lagged successively by  10 years
         3  Autoregressive model applied                     A  Residuals are used in master dating series and testing
         4  Series transformed to logarithms                 Y  Each series log-transformed for master dating series and testing
         5  CORRELATION is Pearson (parametric, quantitative)
            Critical correlation, 99% confidence level   .3281
         6  Master dating series saved                       N
         7  Ring measurements listed                         N
         8  Parts printed                              1234567 
         9  Absent rings are omitted from master series and segment correlations  (Y)

 Time span of Master dating series is  1884 to  2015   132 years
 Continuous time span is               1884 to  2015   132 years
 Portion with two or more series is    1890 to  2010   121 years


                                        ****************************************
                                        *C* Number of dated series        25 *C*
                                        *O* Master series 1884 2015  132 yrs *O*
                                        *F* Total rings in all series   2372 *F*
                                        *E* Total dated rings checked   2361 *E*
                                        *C* Series intercorrelation     .397 *C*
                                        *H* Average mean sensitivity    .254 *H*
                                        *A* Segments, possible problems   31 *A*
                                        *** Mean length of series       94.9 ***
                                        ****************************************

 ABSENT RINGS listed by SERIES:            (See Master Dating Series for absent rings listed by year)

               No ring measurements of zero value
PART 2:  TIME PLOT OF TREE-RING SERIES:                                                            14:35  Fri 15 Jun 2018  Page   2
------------------------------------------------------------------------------------------------------------------------------------
 1050 1100 1150 1200 1250 1300 1350 1400 1450 1500 1550 1600 1650 1700 1750 1800 1850 1900 1950 2000 2050 Ident   Seq Time-span  Yrs
   :    :    :    :    :    :    :    :    :    :    :    :    :    :    :    :    :    :    :    :    : -------- --- ---- ---- ----
   .    .    .    .    .    .    .    .    .    .    .    .    .    .    .    .    .    .<========>    . 80640A     1 1915 2006   92
   .    .    .    .    .    .    .    .    .    .    .    .    .    .    .    .    .  <===========>    . 91385      2 1884 2009  126
   .    .    .    .    .    .    .    .    .    .    .    .    .    .    .    .    .   <==========>    . 121162     3 1895 2004  110
   .    .    .    .    .    .    .    .    .    .    .    .    .    .    .    .    .   <==========>    . 70162      4 1892 2008  117
   .    .    .    .    .    .    .    .    .    .    .    .    .    .    .    .    .   <==========>    . 91302      5 1896 2009  114
   .    .    .    .    .    .    .    .    .    .    .    .    .    .    .    .    .    . <=======>    . 91332      6 1921 2009   89
   .    .    .    .    .    .    .    .    .    .    .    .    .    .    .    .    .   <==========>    . 50336      7 1893 2009  117
   .    .    .    .    .    .    .    .    .    .    .    .    .    .    .    .    .    .   <=====>    . 80554      8 1943 2008   66
   .    .    .    .    .    .    .    .    .    .    .    .    .    .    .    .    .    . <=======>    . 50356      9 1928 2009   82
   .    .    .    .    .    .    .    .    .    .    .    .    .    .    .    .    .    . <=======>    . 140810    10 1923 2009   87
   .    .    .    .    .    .    .    .    .    .    .    .    .    .    .    .    .    . <=======>    . 131061    11 1925 2007   83
   .    .    .    .    .    .    .    .    .    .    .    .    .    .    .    .    .    .<========>    . 111190A   12 1917 2009   93
   .    .    .    .    .    .    .    .    .    .    .    .    .    .    .    .    .    <=========>    . 80503     13 1900 2008  109
   .    .    .    .    .    .    .    .    .    .    .    .    .    .    .    .    .    .    <====>    . 100963    14 1951 2008   58
   .    .    .    .    .    .    .    .    .    .    .    .    .    .    .    .    .    .<========>    . 131091    15 1918 2009   92
   .    .    .    .    .    .    .    .    .    .    .    .    .    .    .    .    .    .   <======>   . 50262     16 1940 2010   71
   .    .    .    .    .    .    .    .    .    .    .    .    .    .    .    .    .    . <=======>    . 90552     17 1920 2009   90
   .    .    .    .    .    .    .    .    .    .    .    .    .    .    .    .    .    . <=======>    . 131138    18 1926 2009   84
   .    .    .    .    .    .    .    .    .    .    .    .    .    .    .    .    .    .  <======>    . 121301    19 1931 2009   79
   .    .    .    .    .    .    .    .    .    .    .    .    .    .    .    .    .   <==========>    . 60124     20 1899 2009  111
   .    .    .    .    .    .    .    .    .    .    .    .    .    .    .    .    .    .  <=======>   . 190929A   21 1930 2015   86
   .    .    .    .    .    .    .    .    .    .    .    .    .    .    .    .    .    <=========>    . 50442     22 1907 2008  102
   .    .    .    .    .    .    .    .    .    .    .    .    .    .    .    .    .    .<========>    . 130788    23 1917 2006   90
   .    .    .    .    .    .    .    .    .    .    .    .    .    .    .    .    .   <==========>    . 111081r   24 1892 2009  118
   .    .    .    .    .    .    .    .    .    .    .    .    .    .    .    .    .   <=========>.    . 60358r    25 1890 1995  106
   :    :    :    :    :    :    :    :    :    :    :    :    :    :    :    :    :    :    :    :    :
 1050 1100 1150 1200 1250 1300 1350 1400 1450 1500 1550 1600 1650 1700 1750 1800 1850 1900 1950 2000 2050
PART 3:  Master Dating Series:                                                                     14:35  Fri 15 Jun 2018  Page   3
------------------------------------------------------------------------------------------------------------------------------------
  Year  Value  No Ab    Year  Value  No Ab    Year  Value  No Ab    Year  Value  No Ab    Year  Value  No Ab    Year  Value  No Ab
  ------------------    ------------------    ------------------    ------------------    ------------------    ------------------
                        1900   .679   9       1950  -.693  24       2000   .494  24
                        1901   .328   9       1951  -.438  25       2001   .720  24
                        1902   .278   9       1952 -1.218  25       2002   .465  24
                        1903  1.208   9       1953 -1.532  25       2003  -.463  24
                        1904   .795   9       1954  -.029  25       2004  -.702  24
                        1905   .982   9       1955   .502  25       2005  -.133  23
                        1906   .660   9       1956  1.216  25       2006   .599  23
                        1907   .502  10       1957   .461  25       2007   .395  21
                        1908   .230  10       1958  2.143  25       2008   .397  20
                        1909  -.712  10       1959   .565  25       2009   .504  15

                        1910  -.689  10       1960  1.534  25       2010   .252   2
                        1911 -1.482  10       1961  1.055  25       2011  1.979   1
                        1912 -2.869  10       1962   .020  25       2012  1.083   1
                        1913 -2.152  10       1963   .318  25       2013   .107   1
                        1914 -2.236  10       1964 -1.172  25       2014  -.824   1
                        1915  -.725  11       1965  -.622  25       2015 -2.575   1
                        1916   .279  11       1966 -2.096  25
                        1917   .356  13       1967  -.292  25
                        1918  -.976  14       1968   .940  25
                        1919  -.381  14       1969   .424  25

                        1920  -.337  15       1970   .800  25
                        1921   .367  16       1971   .103  25
                        1922  1.193  16       1972   .131  25
                        1923   .295  17       1973   .313  25
                        1924  1.001  17       1974  -.031  25
                        1925   .533  18       1975   .737  25
                        1926  1.121  19       1976   .714  25
                        1927  1.176  19       1977 -2.086  25
                        1928   .866  20       1978   .201  25
                        1929   .946  20       1979  -.469  25

                        1930  -.425  21       1980  -.861  25
                        1931   .248  22       1981   .031  25
                        1932  -.443  22       1982   .397  25
                        1933  -.525  22       1983  -.114  25
  1884 -3.588   1       1934  -.861  22       1984  -.720  25
  1885  -.442   1       1935 -1.233  22       1985   .280  25
  1886  -.630   1       1936  -.328  22       1986   .735  25
  1887   .748   1       1937  -.095  22       1987  -.192  25
  1888  -.223   1       1938  1.231  22       1988   .587  25
  1889 -1.083   1       1939  -.550  22       1989   .353  25

  1890 -2.258   2       1940   .428  23       1990  1.953  25
  1891  -.182   2       1941  1.228  23       1991  -.698  25
  1892  -.650   4       1942   .610  23       1992  -.531  25
  1893  -.424   5       1943   .216  24       1993  1.228  25
  1894   .095   5       1944  -.756  24       1994  1.119  25
  1895   .413   6       1945   .362  24       1995  -.580  25
  1896  1.135   7       1946  -.616  24       1996  -.547  24
  1897  2.223   7       1947 -1.745  24       1997  -.898  24
  1898  1.574   7       1948   .324  24       1998  -.519  24
  1899   .808   8       1949  -.294  24       1999  -.350  24
------------------------------------------------------------------------------------------------------------------------------------
PART 4:  Master Bar Plot:                                                                          14:35  Fri 15 Jun 2018  Page   4
------------------------------------------------------------------------------------------------------------------------------------
   Year Rel value  Year Rel value  Year Rel value  Year Rel value  Year Rel value  Year Rel value  Year Rel value  Year Rel value
                   1900--------C   1950--c         2000-------B
                   1901------A     1951---b        2001--------C
                   1902-----A      1952-e          2002-------B
                   1903---------E  1953f           2003---b
                   1904--------C   1954----@       2004--c
                   1905---------D  1955-------B    2005----a
                   1906--------C   1956---------E  2006-------B
                   1907-------B    1957-------B    2007------B
                   1908-----A      1958----------I 2008------B
                   1909--c         1959-------B    2009-------B
                   1910--c         1960----------F 2010-----A
                   1911f           1961---------D  2011----------H
                   1912k           1962----@       2012---------D
                   1913i           1963------A     2013-----@
                   1914i           1964-e          2014-c
                   1915--c         1965--b         2015j
                   1916-----A      1966h
                   1917------A     1967---a
                   1918-d          1968---------D
                   1919---b        1969-------B
                   1920---a        1970--------C
                   1921------A     1971-----@
                   1922---------E  1972-----A
                   1923------A     1973------A
                   1924---------D  1974----@
                   1925-------B    1975--------C
                   1926---------D  1976--------C
                   1927---------E  1977h
                   1928--------C   1978-----A
                   1929---------D  1979---b
                   1930---b        1980-c
                   1931-----A      1981----@
                   1932---b        1982------B
                   1933---b        1983----@
   1884n           1934-c          1984--c
   1885---b        1935-e          1985-----A
   1886--c         1936---a        1986--------C
   1887--------C   1937----@       1987----a
   1888----a       1938---------E  1988-------B
   1889-d          1939--b         1989------A
   1890i           1940-------B    1990----------H
   1891----a       1941---------E  1991--c
   1892--c         1942--------B   1992--b
   1893---b        1943-----A      1993---------E
   1894-----@      1944-c          1994---------D
   1895------B     1945------A     1995--b
   1896---------E  1946--b         1996--b
   1897----------I 1947g           1997-d
   1898----------F 1948------A     1998---b
   1899--------C   1949---a        1999---a
PART 5:  CORRELATION OF SERIES BY SEGMENTS:                                                        14:35  Fri 15 Jun 2018  Page   5
------------------------------------------------------------------------------------------------------------------------------------
 Correlations of  50-year dated segments, lagged  10 years
 Flags:  A = correlation under   .3281 but highest as dated;  B = correlation higher at other than dated position

 Seq Series  Time_span   1890 1900 1910 1920 1930 1940 1950 1960 1970
                         1939 1949 1959 1969 1979 1989 1999 2009 2019
 --- -------- ---------  ---- ---- ---- ---- ---- ---- ---- ---- ---- ---- ---- ---- ---- ---- ---- ---- ---- ---- ---- ----
   1 80640A   1915 2006             .51  .59  .70  .64  .59  .54
   2 91385    1884 2009   .39B .35  .38  .47  .41  .47  .59  .55
   3 121162   1895 2004   .63  .64  .66  .65  .59  .50  .44  .42
   4 70162    1892 2008   .51  .62  .71  .65  .66  .60  .53  .43
   5 91302    1896 2009   .53  .44  .49  .54  .51  .51  .60  .20B
   6 91332    1921 2009                  .43  .47  .45  .54  .45
   7 50336    1893 2009   .42  .35  .50  .37  .45  .48  .56  .55
   8 80554    1943 2008                            .70  .78  .64
   9 50356    1928 2009                  .50  .48  .44  .56  .59
  10 140810   1923 2009                  .56  .55  .49  .44  .32B
  11 131061   1925 2007                  .52  .49  .50  .50  .46
  12 111190A  1917 2009             .55  .54  .47  .46  .48  .37
  13 80503    1900 2008        .47  .57  .53  .48  .37  .31A .27A
  14 100963   1951 2008                                 .21A .19B
  15 131091   1918 2009             .54  .54  .49  .43  .44  .24A
  16 50262    1940 2010                            .22B .34  .24A .22B
  17 90552    1920 2009                  .47  .45  .40  .51  .47
  18 131138   1926 2009                  .32B .52  .59  .68  .60
  19 121301   1931 2009                       .29A .38  .41  .19B
  20 60124    1899 2009   .24A .24A .28A .29A .36  .37  .33  .23A
  21 190929A  1930 2015                       .33  .33A .28A .39  .36
  22 50442    1907 2008        .20B .27A .23A .44  .51  .46  .43
  23 130788   1917 2006             .32A .41  .39B .38B .34  .28B
  24 111081r  1892 2009   .39  .49  .55  .48  .44  .39  .52  .41
  25 60358r   1890 1995   .36  .31B .30A .28A .35  .37  .35
 Av segment correlation   .43  .41  .47  .47  .47  .46  .47  .39  .29
PART 6:  POTENTIAL PROBLEMS:                                                                       14:35  Fri 15 Jun 2018  Page   5
------------------------------------------------------------------------------------------------------------------------------------

 For each series with potential problems the following diagnostics may appear:

 [A] Correlations with master dating series of flagged  50-year segments of series filtered with  32-year spline,
     at every point from ten years earlier (-10) to ten years later (+10) than dated

 [B] Effect of those data values which most lower or raise correlation with master series
     Symbol following year indicates value in series is greater (>) or lesser (<) than master series value

 [C] Year-to-year changes very different from the mean change in other series

 [D] Absent rings (zero values)

 [E] Values which are statistical outliers from mean for the year
====================================================================================================================================

 80640A    1915 to  2006      92 years                                                                                    Series   1

 [B] Entire series, effect on correlation (  .527) is:
       Lower   2001< -.030   1994< -.028   1970< -.015   1923> -.012   1944> -.012   1917< -.011  Higher   1977  .038   1991  .025

====================================================================================================================================

 91385     1884 to  2009     126 years                                                                                    Series   2

 [*] Early part of series cannot be checked from 1884 to 1889 -- not matched by another series

 [A] Segment   High   -10   -9   -8   -7   -6   -5   -4   -3   -2   -1   +0   +1   +2   +3   +4   +5   +6   +7   +8   +9  +10
    ---------  ----   ---  ---  ---  ---  ---  ---  ---  ---  ---  ---  ---  ---  ---  ---  ---  ---  ---  ---  ---  ---  ---
    1890 1939    2      -    -    -    -  .01 -.17 -.11 -.09  .26  .38  .39| .02  .40* .31  .20  .17  .00 -.05  .08  .05 -.12

 [B] Entire series, effect on correlation (  .449) is:
       Lower   1891< -.023   1977> -.023   1918> -.019   1931< -.016   2006< -.014   1893> -.012  Higher   1912  .024   1990  .015
     1890 to 1939 segment:
       Lower   1891< -.062   1918> -.052   1931< -.048   1893> -.034   1934> -.025   1924< -.018  Higher   1912  .096   1890  .043

 [E] Outliers     1   3.0 SD above or -4.5 SD below mean for year
       1918 +3.0 SD
====================================================================================================================================

 121162    1895 to  2004     110 years                                                                                    Series   3

 [B] Entire series, effect on correlation (  .535) is:
       Lower   1997> -.020   1983< -.018   1980> -.013   1940< -.012   1993< -.010   1975< -.009  Higher   1912  .032   1947  .022

====================================================================================================================================

 70162     1892 to  2008     117 years                                                                                    Series   4

 [B] Entire series, effect on correlation (  .514) is:
       Lower   1987> -.025   1998> -.018   1939> -.015   2003> -.015   1979> -.013   1968< -.013  Higher   1977  .065   1947  .022

====================================================================================================================================

 91302     1896 to  2009     114 years                                                                                    Series   5

 [A] Segment   High   -10   -9   -8   -7   -6   -5   -4   -3   -2   -1   +0   +1   +2   +3   +4   +5   +6   +7   +8   +9  +10
    ---------  ----   ---  ---  ---  ---  ---  ---  ---  ---  ---  ---  ---  ---  ---  ---  ---  ---  ---  ---  ---  ---  ---
    1960 2009    6   -.01 -.21 -.06 -.02  .02  .07  .10 -.07 -.02 -.15  .20| .14 -.33 -.03  .02 -.02  .22*   -    -    -    -

 [B] Entire series, effect on correlation (  .319) is:
       Lower   2009< -.187   1947> -.031   1939> -.019   1992> -.009   2004> -.007   1912> -.006  Higher   1958  .025   1991  .019
     1960 to 2009 segment:
       Lower   2009< -.303   1992> -.015   2004> -.012   1981< -.009   1998> -.008   1987> -.007  Higher   1991  .038   1966  .034

 [C] Year-to-year changes diverging by over 4.0 std deviations:
       2008 2009  -6.6 SD

 [E] Outliers     1   3.0 SD above or -4.5 SD below mean for year
       2009 -6.7 SD
====================================================================================================================================

 91332     1921 to  2009      89 years                                                                                    Series   6

 [B] Entire series, effect on correlation (  .475) is:
       Lower   1962< -.052   2004> -.021   1946> -.018   1927< -.018   1921< -.016   1976< -.014  Higher   1991  .030   1958  .027

====================================================================================================================================

 50336     1893 to  2009     117 years                                                                                    Series   7

 [B] Entire series, effect on correlation (  .449) is:
       Lower   1900< -.034   1947> -.030   1938< -.018   1904< -.015   1998> -.012   1969< -.011  Higher   1977  .043   1912  .040

====================================================================================================================================

 80554     1943 to  2008      66 years                                                                                    Series   8

 [B] Entire series, effect on correlation (  .648) is:
       Lower   2004> -.031   1943> -.017   1991> -.013   1985< -.013   1946> -.012   1992> -.011  Higher   1977  .036   1956  .012

====================================================================================================================================

 50356     1928 to  2009      82 years                                                                                    Series   9

 [B] Entire series, effect on correlation (  .428) is:
       Lower   2005< -.045   1947> -.033   1980> -.024   1956< -.021   1950> -.017   2004> -.014  Higher   1977  .122   1966  .045

====================================================================================================================================

 140810    1923 to  2009      87 years                                                                                    Series  10

 [A] Segment   High   -10   -9   -8   -7   -6   -5   -4   -3   -2   -1   +0   +1   +2   +3   +4   +5   +6   +7   +8   +9  +10
    ---------  ----   ---  ---  ---  ---  ---  ---  ---  ---  ---  ---  ---  ---  ---  ---  ---  ---  ---  ---  ---  ---  ---
    1960 2009   -7    .06 -.25 -.01  .37*-.17  .05 -.16 -.01  .17 -.11  .32|-.08 -.06 -.09 -.07  .12 -.11    -    -    -    -

 [B] Entire series, effect on correlation (  .388) is:
       Lower   1980> -.040   2002< -.020   1925< -.016   1998< -.014   1979< -.012   1946> -.012  Higher   1966  .024   1947  .018
     1960 to 2009 segment:
       Lower   1980> -.060   2002< -.033   1998< -.021   1979< -.018   1988< -.018   1997> -.016  Higher   1966  .047   1968  .023

 [E] Outliers     1   3.0 SD above or -4.5 SD below mean for year
       1980 +3.1 SD
====================================================================================================================================

 131061    1925 to  2007      83 years                                                                                    Series  11

 [B] Entire series, effect on correlation (  .504) is:
       Lower   1944> -.018   1964> -.018   1952< -.017   1980> -.016   1931< -.015   2002> -.014  Higher   1947  .020   1990  .015

====================================================================================================================================

 111190A   1917 to  2009      93 years                                                                                    Series  12

 [B] Entire series, effect on correlation (  .425) is:
       Lower   1977> -.048   2007< -.020   1935> -.015   1986< -.011   1934> -.011   1982< -.009  Higher   1958  .024   1964  .022

 [E] Outliers     1   3.0 SD above or -4.5 SD below mean for year
       1947 -7.0 SD
====================================================================================================================================

 80503     1900 to  2008     109 years                                                                                    Series  13

 [A] Segment   High   -10   -9   -8   -7   -6   -5   -4   -3   -2   -1   +0   +1   +2   +3   +4   +5   +6   +7   +8   +9  +10
    ---------  ----   ---  ---  ---  ---  ---  ---  ---  ---  ---  ---  ---  ---  ---  ---  ---  ---  ---  ---  ---  ---  ---
    1950 1999    0   -.20 -.13 -.12  .08 -.07 -.06 -.17  .14 -.13  .14  .31*-.03  .10 -.01  .05  .05 -.02  .11 -.19 -.12  .00
    1959 2008    0   -.18 -.11 -.10  .13 -.02  .01 -.21  .11 -.19  .12  .27*-.07  .02 -.13  .05  .11  .11  .12    -    -    -

 [B] Entire series, effect on correlation (  .376) is:
       Lower   1998< -.068   1941< -.033   1907< -.015   1987> -.011   1984> -.011   1970< -.009  Higher   1977  .032   1958  .017
     1950 to 1999 segment:
       Lower   1998< -.116   1987> -.019   1984> -.019   1970< -.015   1980> -.015   1966> -.015  Higher   1977  .067   1958  .036
     1959 to 2008 segment:
       Lower   1998< -.092   1987> -.019   1984> -.019   1970< -.016   1980> -.015   1966> -.015  Higher   1977  .074   1993  .032

 [C] Year-to-year changes diverging by over 4.0 std deviations:
       1997 1998  -4.6 SD

 [E] Outliers     1   3.0 SD above or -4.5 SD below mean for year
       1998 -4.5 SD
====================================================================================================================================

 100963    1951 to  2008      58 years                                                                                    Series  14

 [A] Segment   High   -10   -9   -8   -7   -6   -5   -4   -3   -2   -1   +0   +1   +2   +3   +4   +5   +6   +7   +8   +9  +10
    ---------  ----   ---  ---  ---  ---  ---  ---  ---  ---  ---  ---  ---  ---  ---  ---  ---  ---  ---  ---  ---  ---  ---
    1951 2000    0    .13 -.22  .12 -.12 -.07  .16 -.02  .15  .00  .13  .21*-.12 -.14 -.11  .07 -.06  .02 -.01  .10  .05  .11
    1959 2008   -5    .07 -.25  .02 -.13 -.07  .24* .08  .05 -.05  .07  .19| .03  .01 -.18  .02 -.02  .08  .17    -    -    -

 [B] Entire series, effect on correlation (  .143) is:
       Lower   2008< -.055   1966> -.045   1964> -.039   1958< -.017   1975< -.016   1991> -.016  Higher   1977  .097   1960  .031
     1951 to 2000 segment:
       Lower   1966> -.059   1964> -.053   1958< -.029   1975< -.025   1956< -.020   1995> -.020  Higher   1977  .131   1960  .037
     1959 to 2008 segment:
       Lower   2008< -.078   1966> -.053   1964> -.045   1975< -.021   1991> -.020   1995> -.018  Higher   1977  .104   1960  .035

====================================================================================================================================

 131091    1918 to  2009      92 years                                                                                    Series  15

 [A] Segment   High   -10   -9   -8   -7   -6   -5   -4   -3   -2   -1   +0   +1   +2   +3   +4   +5   +6   +7   +8   +9  +10
    ---------  ----   ---  ---  ---  ---  ---  ---  ---  ---  ---  ---  ---  ---  ---  ---  ---  ---  ---  ---  ---  ---  ---
    1960 2009    0   -.07  .12  .09  .16 -.13 -.07 -.16 -.01 -.15  .08  .24* .04 -.14  .05  .17  .02 -.03    -    -    -    -

 [B] Entire series, effect on correlation (  .335) is:
       Lower   2004< -.053   2006< -.022   2005> -.013   1977> -.012   1929< -.012   2000< -.011  Higher   1993  .017   1922  .016
     1960 to 2009 segment:
       Lower   2004< -.043   2006< -.031   2000< -.016   1977> -.015   2005> -.013   1978< -.013  Higher   1993  .031   1968  .026

 [C] Year-to-year changes diverging by over 4.0 std deviations:
       2003 2004  -4.7 SD    2004 2005   5.2 SD

 [E] Outliers     1   3.0 SD above or -4.5 SD below mean for year
       2004 -5.5 SD
====================================================================================================================================

 50262     1940 to  2010      71 years                                                                                    Series  16

 [A] Segment   High   -10   -9   -8   -7   -6   -5   -4   -3   -2   -1   +0   +1   +2   +3   +4   +5   +6   +7   +8   +9  +10
    ---------  ----   ---  ---  ---  ---  ---  ---  ---  ---  ---  ---  ---  ---  ---  ---  ---  ---  ---  ---  ---  ---  ---
    1940 1989  -10    .27*-.15  .09 -.04  .11 -.13 -.06  .13 -.05  .05  .22|-.06  .21 -.06 -.11  .11 -.24 -.03 -.12 -.01 -.07
    - - - - - - - - - - - - - - - - - - - - - - - - - - - - - - - - - - - - - - - - - - - - - - - - - - - - - - - - - - - - -
    1960 2009    0    .10  .00  .22 -.06 -.10  .00 -.08 -.06 -.13  .00  .24*-.13  .01  .02 -.09  .15 -.03    -    -    -    -
    1961 2010   -8    .10  .00  .23*-.04 -.10 -.01 -.11 -.07 -.18  .00  .22|-.16  .02  .02 -.05  .18    -    -    -    -    -

 [B] Entire series, effect on correlation (  .247) is:
       Lower   1980> -.032   1945< -.026   1946> -.025   1972< -.013   1974< -.011   1977> -.011  Higher   1958  .038   1990  .037
     1940 to 1989 segment:
       Lower   1980> -.042   1946> -.033   1945< -.033   1972< -.016   1962> -.014   1977> -.013  Higher   1958  .053   1953  .033
     1960 to 2009 segment:
       Lower   1980> -.047   1972< -.023   1974< -.021   1962> -.015   2005> -.014   2007< -.014  Higher   1990  .059   1966  .031
     1961 to 2010 segment:
       Lower   1980> -.047   1972< -.023   1974< -.021   1962> -.015   2007< -.014   2006< -.013  Higher   1990  .064   1966  .031

 [E] Outliers     1   3.0 SD above or -4.5 SD below mean for year
       2005 +3.2 SD
====================================================================================================================================

 90552     1920 to  2009      90 years                                                                                    Series  17

 [B] Entire series, effect on correlation (  .433) is:
       Lower   1947> -.047   1986< -.016   1935> -.013   2007< -.011   1922< -.010   1985< -.009  Higher   1990  .021   1964  .019

====================================================================================================================================

 131138    1926 to  2009      84 years                                                                                    Series  18

 [A] Segment   High   -10   -9   -8   -7   -6   -5   -4   -3   -2   -1   +0   +1   +2   +3   +4   +5   +6   +7   +8   +9  +10
    ---------  ----   ---  ---  ---  ---  ---  ---  ---  ---  ---  ---  ---  ---  ---  ---  ---  ---  ---  ---  ---  ---  ---
    1926 1975    3    .03  .02 -.08 -.05 -.28 -.15 -.18 -.18  .02  .20  .32| .25  .03  .39* .05  .04  .03 -.07 -.34 -.33 -.15

 [B] Entire series, effect on correlation (  .482) is:
       Lower   1930> -.033   1929< -.031   1939> -.025   1948< -.022   1947> -.017   2000< -.013  Higher   1977  .082   1991  .034
     1926 to 1975 segment:
       Lower   1930> -.067   1929< -.061   1939> -.047   1948< -.041   1947> -.021   1960< -.020  Higher   1966  .047   1958  .043

 [C] Year-to-year changes diverging by over 4.0 std deviations:
       1929 1930   4.2 SD

====================================================================================================================================

 121301    1931 to  2009      79 years                                                                                    Series  19

 [A] Segment   High   -10   -9   -8   -7   -6   -5   -4   -3   -2   -1   +0   +1   +2   +3   +4   +5   +6   +7   +8   +9  +10
    ---------  ----   ---  ---  ---  ---  ---  ---  ---  ---  ---  ---  ---  ---  ---  ---  ---  ---  ---  ---  ---  ---  ---
    1931 1980    0    .13 -.21  .00 -.12 -.32 -.06 -.03 -.04  .03 -.03  .29* .18  .27  .16 -.05  .16 -.05 -.23 -.09 -.38  .14
    - - - - - - - - - - - - - - - - - - - - - - - - - - - - - - - - - - - - - - - - - - - - - - - - - - - - - - - - - - - - -
    1960 2009  -10    .33*-.21 -.06  .11 -.03 -.05 -.11 -.12 -.08 -.13  .19| .15  .06  .04 -.07  .05 -.08    -    -    -    -

 [B] Entire series, effect on correlation (  .282) is:
       Lower   2002< -.062   1980> -.043   2003> -.026   1935> -.025   1976< -.019   1932> -.013  Higher   1947  .036   1958  .023
     1931 to 1980 segment:
       Lower   1980> -.072   1935> -.040   1976< -.034   1961< -.023   1932> -.022   1937< -.014  Higher   1947  .058   1958  .040
     1960 to 2009 segment:
       Lower   2002< -.087   1980> -.066   2003> -.040   1976< -.027   1961< -.018   1975< -.011  Higher   1993  .037   1977  .033

 [C] Year-to-year changes diverging by over 4.0 std deviations:
       2002 2003   4.0 SD

 [E] Outliers     1   3.0 SD above or -4.5 SD below mean for year
       1980 +3.0 SD
====================================================================================================================================

 60124     1899 to  2009     111 years                                                                                    Series  20

 [A] Segment   High   -10   -9   -8   -7   -6   -5   -4   -3   -2   -1   +0   +1   +2   +3   +4   +5   +6   +7   +8   +9  +10
    ---------  ----   ---  ---  ---  ---  ---  ---  ---  ---  ---  ---  ---  ---  ---  ---  ---  ---  ---  ---  ---  ---  ---
    1899 1948    0    .09 -.06 -.13  .00 -.05 -.08 -.11 -.02  .15  .16  .24* .14  .02  .10 -.33 -.16  .03 -.11 -.11 -.13 -.18
    1900 1949    0    .09 -.06 -.13  .01 -.05 -.08 -.11 -.03  .14  .16  .24* .13  .02  .09 -.34 -.16  .03 -.10 -.11 -.12 -.18
    1910 1959    0    .07 -.23 -.21 -.01 -.12 -.11 -.08 -.07  .11  .15  .28* .08  .13  .09 -.25 -.04  .07  .01 -.17 -.05 -.17
    1920 1969    0    .11 -.18 -.27  .17 -.22  .03 -.15 -.05  .05  .05  .29*-.04  .12 -.01 -.15 -.03 -.15 -.08  .00 -.10 -.14
    - - - - - - - - - - - - - - - - - - - - - - - - - - - - - - - - - - - - - - - - - - - - - - - - - - - - - - - - - - - - -
    1960 2009    0    .06 -.14 -.51  .12 -.12  .01 -.15  .22  .00 -.20  .23* .17  .20 -.03 -.12  .03 -.14    -    -    -    -

 [B] Entire series, effect on correlation (  .256) is:
       Lower   1994< -.031   1914> -.023   1924< -.021   1910> -.018   1939> -.017   1969< -.014  Higher   1912  .082   1958  .025
     1899 to 1948 segment:
       Lower   1914> -.054   1924< -.045   1910> -.040   1939> -.038   1947> -.023   1927< -.021  Higher   1912  .224   1911  .036
     1900 to 1949 segment:
       Lower   1914> -.053   1924< -.046   1910> -.039   1939> -.038   1947> -.022   1927< -.021  Higher   1912  .223   1911  .035
     1910 to 1959 segment:
       Lower   1914> -.050   1924< -.043   1910> -.037   1939> -.035   1947> -.023   1957< -.022  Higher   1912  .173   1958  .054
     1920 to 1969 segment:
       Lower   1939> -.048   1924< -.046   1947> -.030   1969< -.030   1957< -.021   1927< -.020  Higher   1958  .062   1964  .045
     1960 to 2009 segment:
       Lower   1994< -.078   1969< -.036   2004> -.024   1960< -.022   2001< -.021   1987> -.015  Higher   1966  .049   1964  .046

====================================================================================================================================

 190929A   1930 to  2015      86 years                                                                                    Series  21

 [*] Later part of series cannot be checked from 2011 to 2015 -- not matched by another series

 [A] Segment   High   -10   -9   -8   -7   -6   -5   -4   -3   -2   -1   +0   +1   +2   +3   +4   +5   +6   +7   +8   +9  +10
    ---------  ----   ---  ---  ---  ---  ---  ---  ---  ---  ---  ---  ---  ---  ---  ---  ---  ---  ---  ---  ---  ---  ---
    1940 1989    0   -.02  .02 -.01  .00 -.11 -.18  .22  .06  .29  .01  .33*-.11 -.15  .03 -.12 -.23  .02 -.14  .05 -.10  .17
    1950 1999    0   -.04  .01  .05 -.03 -.07 -.01  .09  .06  .25  .10  .28*-.18 -.14 -.02 -.20 -.14  .05 -.12  .06 -.10  .08

 [B] Entire series, effect on correlation (  .278) is:
       Lower   1955< -.044   1991> -.025   1954< -.021   1962> -.019   1990< -.018   1943< -.017  Higher   1977  .098   1966  .025
     1940 to 1989 segment:
       Lower   1955< -.068   1962> -.034   1954< -.032   1943< -.026   1983> -.017   1964> -.017  Higher   1977  .152   1966  .037
     1950 to 1999 segment:
       Lower   1955< -.062   1991> -.040   1962> -.032   1954< -.029   1990< -.022   1983> -.016  Higher   1977  .154   1966  .038

====================================================================================================================================

 50442     1907 to  2008     102 years                                                                                    Series  22

 [A] Segment   High   -10   -9   -8   -7   -6   -5   -4   -3   -2   -1   +0   +1   +2   +3   +4   +5   +6   +7   +8   +9  +10
    ---------  ----   ---  ---  ---  ---  ---  ---  ---  ---  ---  ---  ---  ---  ---  ---  ---  ---  ---  ---  ---  ---  ---
    1907 1956   -1   -.19 -.17 -.11 -.01  .23  .18  .03  .02  .18  .28* .20| .12 -.09 -.12 -.05 -.24 -.14  .07 -.03  .08 -.11
    1910 1959    0   -.24 -.20 -.16 -.01  .19  .08 -.03  .00  .19  .21  .27* .10  .01 -.03  .02 -.09 -.14  .12 -.13  .04 -.07
    1920 1969    0   -.18 -.23 -.21 -.18  .04 -.05 -.05 -.12  .19  .10  .23* .17 -.01  .11 -.08 -.09 -.23  .11  .09  .02  .02

 [B] Entire series, effect on correlation (  .346) is:
       Lower   1995> -.027   1947> -.026   2000< -.019   1926< -.017   1950> -.015   1933> -.015  Higher   1977  .123   1958  .021
     1907 to 1956 segment:
       Lower   1947> -.055   1926< -.043   1936< -.036   1950> -.033   1933> -.031   1955< -.029  Higher   1922  .042   1912  .033
     1910 to 1959 segment:
       Lower   1947> -.060   1926< -.041   1950> -.037   1933> -.036   1936< -.035   1939> -.031  Higher   1958  .066   1922  .035
     1920 to 1969 segment:
       Lower   1947> -.061   1950> -.038   1933> -.038   1926< -.037   1939> -.032   1936< -.026  Higher   1958  .063   1960  .039

 [E] Outliers     1   3.0 SD above or -4.5 SD below mean for year
       1977 -4.5 SD
====================================================================================================================================

 130788    1917 to  2006      90 years                                                                                    Series  23

 [A] Segment   High   -10   -9   -8   -7   -6   -5   -4   -3   -2   -1   +0   +1   +2   +3   +4   +5   +6   +7   +8   +9  +10
    ---------  ----   ---  ---  ---  ---  ---  ---  ---  ---  ---  ---  ---  ---  ---  ---  ---  ---  ---  ---  ---  ---  ---
    1917 1966    0    .04  .04 -.20 -.03 -.28  .18  .14  .01  .16 -.16  .32* .00 -.07 -.04 -.10  .02 -.24  .00  .07 -.17  .02
    - - - - - - - - - - - - - - - - - - - - - - - - - - - - - - - - - - - - - - - - - - - - - - - - - - - - - - - - - - - - -
    1930 1979   -2   -.09  .00 -.18 -.01 -.19  .13  .08  .04  .42*-.08  .39| .06  .06 -.07 -.02  .05 -.27 -.15  .08 -.23 -.02
    1940 1989   -2   -.05 -.14 -.29 -.04 -.09 -.09  .02  .03  .41*-.02  .38| .18  .17 -.10 -.01 -.04 -.24 -.29  .17 -.22 -.13
    - - - - - - - - - - - - - - - - - - - - - - - - - - - - - - - - - - - - - - - - - - - - - - - - - - - - - - - - - - - - -
    1957 2006    8    .03 -.06 -.27 -.05  .08 -.08  .01 -.07  .26  .00  .28| .10  .16 -.10 -.02 -.07 -.18 -.22  .30*-.16    -

 [B] Entire series, effect on correlation (  .247) is:
       Lower   1918> -.033   1980> -.033   1975< -.021   1922< -.020   1991> -.020   2003> -.019  Higher   1990  .028   1947  .023
     1917 to 1966 segment:
       Lower   1918> -.071   1922< -.045   1923< -.032   1927< -.030   1932> -.022   1933> -.020  Higher   1947  .043   1958  .037
     1930 to 1979 segment:
       Lower   1979< -.065   1975< -.044   1977> -.033   1932> -.019   1933> -.018   1935> -.016  Higher   1958  .031   1960  .030
     1940 to 1989 segment:
       Lower   1980> -.064   1979< -.052   1975< -.041   1977> -.035   1983< -.028   1978< -.013  Higher   1947  .031   1958  .031
     1957 to 2006 segment:
       Lower   1980> -.054   1975< -.038   1991> -.033   1979< -.032   2003> -.032   1983< -.020  Higher   1990  .044   1958  .033

 [C] Year-to-year changes diverging by over 4.0 std deviations:
       1979 1980   5.2 SD

 [E] Outliers     2   3.0 SD above or -4.5 SD below mean for year
       1918 +3.0 SD;    1979 -5.4 SD
====================================================================================================================================

 111081r   1892 to  2009     118 years                                                                                    Series  24

 [B] Entire series, effect on correlation (  .429) is:
       Lower   1895< -.022   1960< -.017   1979> -.014   1941< -.013   2004> -.012   1940< -.011  Higher   1990  .022   1958  .022

====================================================================================================================================

 60358r    1890 to  1995     106 years                                                                                    Series  25

 [A] Segment   High   -10   -9   -8   -7   -6   -5   -4   -3   -2   -1   +0   +1   +2   +3   +4   +5   +6   +7   +8   +9  +10
    ---------  ----   ---  ---  ---  ---  ---  ---  ---  ---  ---  ---  ---  ---  ---  ---  ---  ---  ---  ---  ---  ---  ---
    1900 1949   -3   -.42 -.20 -.12  .13  .12  .28  .24  .31* .30  .21  .31| .19  .20  .04 -.02  .09  .04 -.11 -.20 -.26 -.19
    1910 1959    0   -.26 -.24 -.27  .14  .07  .02  .19  .17  .16  .23  .30* .07  .17 -.03 -.02 -.02  .17 -.13 -.12 -.09 -.15
    1920 1969    0   -.20 -.22 -.26  .06 -.10 -.08 -.01  .12  .05  .12  .28* .01  .15 -.08  .00  .01  .17 -.13 -.05 -.08 -.09

 [B] Entire series, effect on correlation (  .316) is:
       Lower   1993< -.041   1952> -.029   1941< -.022   1891> -.016   1990< -.014   1970< -.014  Higher   1977  .067   1953  .013
     1900 to 1949 segment:
       Lower   1941< -.072   1944> -.024   1932> -.023   1937< -.018   1916< -.018   1934> -.016  Higher   1939  .035   1922  .026
     1910 to 1959 segment:
       Lower   1952> -.066   1941< -.060   1944> -.019   1932> -.018   1937< -.015   1916< -.015  Higher   1953  .032   1939  .029
     1920 to 1969 segment:
       Lower   1952> -.074   1941< -.057   1944> -.023   1932> -.022   1960< -.017   1934> -.016  Higher   1953  .041   1939  .040

 [E] Outliers     1   3.0 SD above or -4.5 SD below mean for year
       1952 +3.6 SD
====================================================================================================================================
PART 7:  DESCRIPTIVE STATISTICS:                                                                   14:35  Fri 15 Jun 2018  Page   6
------------------------------------------------------------------------------------------------------------------------------------

                                                Corr   //-------- Unfiltered --------\\  //---- Filtered -----\\
                           No.    No.    No.    with   Mean   Max     Std   Auto   Mean   Max     Std   Auto  AR
 Seq Series   Interval   Years  Segmt  Flags   Master  msmt   msmt    dev   corr   sens  value    dev   corr  ()
 --- -------- ---------  -----  -----  -----   ------ -----  -----  -----  -----  -----  -----  -----  -----  --
   1 80640A   1915 2006     92      6      0    .527   1.23   2.26   .472   .689   .230   2.51   .449  -.046   1
   2 91385    1884 2009    126      8      1    .449   1.43   3.07   .514   .689   .211   2.66   .466   .040   1
   3 121162   1895 2004    110      8      0    .535    .98   3.43   .678   .857   .244   2.82   .563  -.040   1
   4 70162    1892 2008    117      8      0    .514   1.71   7.06  1.450   .907   .312   2.67   .448   .014   2
   5 91302    1896 2009    114      8      1    .319   2.38   5.17  1.145   .857   .204   2.41   .272  -.025   1
   6 91332    1921 2009     89      5      0    .475   2.38   4.57   .638   .481   .217   2.68   .419  -.057   1
   7 50336    1893 2009    117      8      0    .449   1.06   4.28   .731   .844   .255   2.94   .600   .046   2
   8 80554    1943 2008     66      3      0    .648   2.52   4.91   .925   .568   .254   2.62   .430  -.098   1
   9 50356    1928 2009     82      5      0    .428   2.14   3.28   .452   .253   .191   2.53   .428  -.018   1
  10 140810   1923 2009     87      5      1    .388   1.00   2.82   .542   .742   .294   2.84   .579  -.032   1
  11 131061   1925 2007     83      5      0    .504   1.33   2.75   .639   .689   .309   2.85   .455   .046   1
  12 111190A  1917 2009     93      6      0    .425    .74   1.62   .367   .873   .207   2.45   .310  -.044   1
  13 80503    1900 2008    109      7      2    .376    .87   2.53   .573   .907   .212   2.61   .353  -.037   1
  14 100963   1951 2008     58      2      2    .143    .89   3.56   .682   .797   .350   2.61   .466  -.095   2
  15 131091   1918 2009     92      6      1    .335   1.19   4.24   .955   .905   .241   2.64   .332  -.111   1
  16 50262    1940 2010     71      4      3    .247    .66   1.51   .207   .253   .259   2.79   .488   .015   1
  17 90552    1920 2009     90      5      0    .433   1.66   3.24   .612   .776   .186   2.67   .505  -.053   1
  18 131138   1926 2009     84      5      1    .482   1.04   2.08   .512   .736   .268   2.71   .551  -.102   1
  19 121301   1931 2009     79      4      2    .282    .84   2.36   .535   .834   .278   2.70   .499  -.123   1
  20 60124    1899 2009    111      8      5    .256   1.08   3.61   .750   .869   .254   2.58   .393  -.014   2
  21 190929A  1930 2015     86      5      2    .278    .64   2.04   .406   .802   .278   2.81   .619  -.049   1
  22 50442    1907 2008    102      7      3    .346   1.37   3.57   .764   .851   .251   2.49   .338  -.046   1
  23 130788   1917 2006     90      6      4    .247    .71   3.43   .644   .838   .337   2.68   .478  -.056   1
  24 111081r  1892 2009    118      8      0    .429   1.60   4.19   .902   .811   .259   2.86   .397   .031   2
  25 60358r   1890 1995    106      7      3    .316    .85   1.95   .467   .760   .297   2.76   .497  -.140   1
 --- -------- ---------  -----  -----  -----   ------ -----  -----  -----  -----  -----  -----  -----  -----  --
 Total or mean:           2372    149     31    .397   1.30   7.06   .680   .758   .254   2.94   .451  -.035

                                              - = [  COFECHA CAOVLCOF  ] = -
