[]  Dendrochronology Program Library                                        Run CATO   Program COF  14:36  Fri 15 Jun 2018  Page   1
[]
[]  P R O G R A M      C O F E C H A                                                                          Version 6.06P    30483
------------------------------------------------------------------------------------------------------------------------------------

 QUALITY CONTROL AND DATING CHECK OF TREE-RING MEASUREMENTS

 File of DATED series:   cato_drop.rwl

 CONTENTS:

    Part 1:  Title page, options selected, summary, absent rings by series
    Part 2:  Histogram of time spans
    Part 3:  Master series with sample depth and absent rings by year
    Part 4:  Bar plot of Master Dating Series
    Part 5:  Correlation by segment of each series with Master
    Part 6:  Potential problems: low correlation, divergent year-to-year changes, absent rings, outliers
    Part 7:  Descriptive statistics

 RUN CONTROL OPTIONS SELECTED                             VALUE

         1  Cubic smoothing spline 50% wavelength cutoff for filtering
                                                            32 years
         2  Segments examined are                           50 years lagged successively by  10 years
         3  Autoregressive model applied                     A  Residuals are used in master dating series and testing
         4  Series transformed to logarithms                 Y  Each series log-transformed for master dating series and testing
         5  CORRELATION is Pearson (parametric, quantitative)
            Critical correlation, 99% confidence level   .3281
         6  Master dating series saved                       N
         7  Ring measurements listed                         N
         8  Parts printed                              1234567 
         9  Absent rings are omitted from master series and segment correlations  (Y)

 Time span of Master dating series is  1868 to  2017   150 years
 Continuous time span is               1868 to  2017   150 years
 Portion with two or more series is    1889 to  2016   128 years


                                        ****************************************
                                        *C* Number of dated series        18 *C*
                                        *O* Master series 1868 2017  150 yrs *O*
                                        *F* Total rings in all series   1561 *F*
                                        *E* Total dated rings checked   1539 *E*
                                        *C* Series intercorrelation     .380 *C*
                                        *H* Average mean sensitivity    .275 *H*
                                        *A* Segments, possible problems   33 *A*
                                        *** Mean length of series       86.7 ***
                                        ****************************************

 ABSENT RINGS listed by SERIES:            (See Master Dating Series for absent rings listed by year)

               No ring measurements of zero value
PART 2:  TIME PLOT OF TREE-RING SERIES:                                                            14:36  Fri 15 Jun 2018  Page   2
------------------------------------------------------------------------------------------------------------------------------------
 1050 1100 1150 1200 1250 1300 1350 1400 1450 1500 1550 1600 1650 1700 1750 1800 1850 1900 1950 2000 2050 Ident   Seq Time-span  Yrs
   :    :    :    :    :    :    :    :    :    :    :    :    :    :    :    :    :    :    :    :    : -------- --- ---- ---- ----
   .    .    .    .    .    .    .    .    .    .    .    .    .    .    .    .    .    . <=======>    . 90552      1 1920 2009   90
   .    .    .    .    .    .    .    .    .    .    .    .    .    .    .    .    .    . <========>   . 12989A     2 1929 2016   88
   .    .    .    .    .    .    .    .    .    .    .    .    .    .    .    .    .    .   <======>   . 90639A     3 1946 2017   72
   .    .    .    .    .    .    .    .    .    .    .    .    .    .    .    .    .    .   <=====>    . 62100A     4 1948 2004   57
   .    .    .    .    .    .    .    .    .    .    .    .    .    .    .    .    .    .   <======>   . 152057A    5 1943 2010   68
   .    .    .    .    .    .    .    .    .    .    .    .    .    .    .    .    .  <============>   . 182279A    6 1889 2013  125
   .    .    .    .    .    .    .    .    .    .    .    .    .    .    .    .    .    <========>.    . 202341A    7 1906 1996   91
   .    .    .    .    .    .    .    .    .    .    .    .    .    .    .    .    .    . <========>   . 130992A    8 1922 2014   93
   .    .    .    .    .    .    .    .    .    .    .    .    .    .    .    .    .    .    <=====>   . 62369A     9 1950 2016   67
   .    .    .    .    .    .    .    .    .    .    .    .    .    .    .    .    .    .   <======>   . 131183A   10 1940 2015   76
   .    .    .    .    .    .    .    .    .    .    .    .    .    .    .    .    .    .<=========>   . 171194A   11 1919 2016   98
   .    .    .    .    .    .    .    .    .    .    .    .    .    .    .    .    .    .  <=======>   . 131179A   12 1930 2012   83
   .    .    .    .    .    .    .    .    .    .    .    .    .    .    .    .    .<=============>    . 142538A   13 1868 2008  141
   .    .    .    .    .    .    .    .    .    .    .    .    .    .    .    .    .    . <=======>    . 152464A   14 1920 2008   89
   .    .    .    .    .    .    .    .    .    .    .    .    .    .    .    .    .    . <=======>    . 080479A   15 1920 2007   88
   .    .    .    .    .    .    .    .    .    .    .    .    .    .    .    .    .    .<========>    . 10057A    16 1919 2003   85
   .    .    .    .    .    .    .    .    .    .    .    .    .    .    .    .    .    . <=======>    . 111227A   17 1926 2000   75
   .    .    .    .    .    .    .    .    .    .    .    .    .    .    .    .    .    .  <======>    . 152185A   18 1935 2009   75
   :    :    :    :    :    :    :    :    :    :    :    :    :    :    :    :    :    :    :    :    :
 1050 1100 1150 1200 1250 1300 1350 1400 1450 1500 1550 1600 1650 1700 1750 1800 1850 1900 1950 2000 2050
PART 3:  Master Dating Series:                                                                     14:36  Fri 15 Jun 2018  Page   3
------------------------------------------------------------------------------------------------------------------------------------
  Year  Value  No Ab    Year  Value  No Ab    Year  Value  No Ab    Year  Value  No Ab    Year  Value  No Ab    Year  Value  No Ab
  ------------------    ------------------    ------------------    ------------------    ------------------    ------------------
                        1900   .572   2       1950   .128  18       2000   .953  17
                        1901   .691   2       1951  -.447  18       2001   .546  16
                        1902  2.462   2       1952 -1.763  18       2002   .180  16
                        1903  1.897   2       1953 -1.033  18       2003 -1.268  16
                        1904  1.035   2       1954   .190  18       2004  -.465  15
                        1905   .042   2       1955   .512  18       2005  -.316  14
                        1906   .463   3       1956  -.124  18       2006  -.054  14
                        1907  -.790   3       1957  -.264  18       2007  -.656  14
                        1908  -.265   3       1958  1.434  18       2008  -.734  13
                        1909   .800   3       1959   .302  18       2009   .151  11

                        1910 -2.580   3       1960  1.051  18       2010  1.195   9
                        1911  -.980   3       1961   .745  18       2011  -.427   8
                        1912  -.265   3       1962  1.104  18       2012   .191   8
                        1913 -3.318   3       1963   .546  18       2013   .838   7
                        1914  -.025   3       1964  -.600  18       2014   .524   6
                        1915   .950   3       1965  -.760  18       2015   .720   5
                        1916  1.487   3       1966 -1.096  18       2016   .549   4
                        1917  -.333   3       1967   .202  18       2017   .485   1
  1868   .608   1       1918 -4.051   3       1968   .951  18
  1869  2.026   1       1919  -.254   5       1969  -.655  18

  1870  1.220   1       1920   .294   8       1970   .672  18
  1871 -1.197   1       1921   .819   8       1971  -.444  18
  1872 -1.031   1       1922   .610   9       1972   .295  18
  1873 -1.890   1       1923 -1.130   9       1973   .668  18
  1874  -.796   1       1924   .249   9       1974  -.137  18
  1875   .286   1       1925  -.295   9       1975   .245  18
  1876  2.859   1       1926  -.979  10       1976  -.852  18
  1877  1.541   1       1927  -.092  10       1977 -1.732  18
  1878  -.521   1       1928   .417  10       1978  -.358  18
  1879  1.068   1       1929  1.307  11       1979  -.368  18

  1880  -.423   1       1930  -.411  12       1980  -.466  18
  1881   .052   1       1931   .401  12       1981   .216  18
  1882  -.209   1       1932   .175  12       1982   .637  18
  1883 -1.333   1       1933   .081  12       1983   .172  18
  1884  -.807   1       1934   .704  12       1984  -.739  18
  1885  -.986   1       1935  -.512  13       1985  -.336  18
  1886 -1.596   1       1936   .378  13       1986   .294  18
  1887  -.947   1       1937  -.298  13       1987  -.442  18
  1888   .392   1       1938   .176  13       1988  -.651  18
  1889  2.436   2       1939 -2.141  13       1989   .007  18

  1890   .343   2       1940   .759  14       1990  -.288  18
  1891  -.014   2       1941  1.114  14       1991  -.277  18
  1892 -2.107   2       1942   .735  14       1992   .754  18
  1893 -2.184   2       1943   .081  15       1993   .977  18
  1894  -.784   2       1944   .258  15       1994   .525  18
  1895  -.591   2       1945   .352  15       1995   .146  18
  1896   .965   2       1946  -.175  16       1996  -.513  18
  1897   .664   2       1947  -.412  16       1997   .557  17
  1898   .831   2       1948   .432  17       1998   .425  17
  1899   .903   2       1949 -1.270  17       1999   .238  17
------------------------------------------------------------------------------------------------------------------------------------
PART 4:  Master Bar Plot:                                                                          14:36  Fri 15 Jun 2018  Page   4
------------------------------------------------------------------------------------------------------------------------------------
   Year Rel value  Year Rel value  Year Rel value  Year Rel value  Year Rel value  Year Rel value  Year Rel value  Year Rel value
                   1900-------B    1950-----A      2000---------D
                   1901--------C   1951---b        2001-------B
                   1902----------J 1952g           2002-----A
                   1903----------H 1953-d          2003-e
                   1904---------D  1954-----A      2004---b
                   1905-----@      1955-------B    2005---a
                   1906-------B    1956----@       2006----@
                   1907-c          1957----a       2007--c
                   1908----a       1958----------F 2008--c
                   1909--------C   1959------A     2009-----A
                   1910j           1960---------D  2010---------E
                   1911-d          1961--------C   2011---b
                   1912----a       1962---------D  2012-----A
                   1913m           1963-------B    2013---------C
                   1914----@       1964--b         2014-------B
                   1915---------D  1965--c         2015--------C
                   1916----------F 1966-d          2016-------B
                   1917---a        1967-----A      2017-------B
   1868--------B   1918p           1968---------D
   1869----------H 1919----a       1969--c
   1870----------E 1920------A     1970--------C
   1871-e          1921---------C  1971---b
   1872-d          1922--------B   1972------A
   1873h           1923-e          1973--------C
   1874-c          1924------A     1974----a
   1875------A     1925---a        1975------A
   1876----------K 1926-d          1976-c
   1877----------F 1927----@       1977g
   1878--b         1928-------B    1978---a
   1879---------D  1929----------E 1979---a
   1880---b        1930---b        1980---b
   1881-----@      1931-------B    1981-----A
   1882----a       1932-----A      1982--------C
   1883-e          1933-----@      1983-----A
   1884-c          1934--------C   1984--c
   1885-d          1935--b         1985---a
   1886f           1936------B     1986------A
   1887-d          1937---a        1987---b
   1888-------B    1938-----A      1988--c
   1889----------J 1939i           1989-----@
   1890------A     1940--------C   1990---a
   1891----@       1941---------D  1991---a
   1892h           1942--------C   1992--------C
   1893i           1943-----@      1993---------D
   1894--c         1944------A     1994-------B
   1895--b         1945------A     1995-----A
   1896---------D  1946----a       1996--b
   1897--------C   1947---b        1997-------B
   1898---------C  1948-------B    1998-------B
   1899---------D  1949-e          1999------A
PART 5:  CORRELATION OF SERIES BY SEGMENTS:                                                        14:36  Fri 15 Jun 2018  Page   5
------------------------------------------------------------------------------------------------------------------------------------
 Correlations of  50-year dated segments, lagged  10 years
 Flags:  A = correlation under   .3281 but highest as dated;  B = correlation higher at other than dated position

 Seq Series  Time_span   1880 1890 1900 1910 1920 1930 1940 1950 1960 1970
                         1929 1939 1949 1959 1969 1979 1989 1999 2009 2019
 --- -------- ---------  ---- ---- ---- ---- ---- ---- ---- ---- ---- ---- ---- ---- ---- ---- ---- ---- ---- ---- ---- ----
   1 90552    1920 2009                       .26B .31B .29B .33A .45
   2 12989A   1929 2016                       .56  .52  .47  .49  .49  .49
   3 90639A   1946 2017                                 .53  .45  .40  .35
   4 62100A   1948 2004                                 .50  .51  .56
   5 152057A  1943 2010                                 .44  .45  .34  .36
   6 182279A  1889 2013   .56  .56  .62  .62  .57  .60  .46  .44  .41  .41
   7 202341A  1906 1996             .52  .52  .42  .46  .63  .72
   8 130992A  1922 2014                       .32A .51  .49  .40  .34  .36
   9 62369A   1950 2016                                      .18B .32A .22A
  10 131183A  1940 2015                                 .20A .29A .33  .29A
  11 171194A  1919 2016                  .38  .39  .40  .27A .32A .22A .24A
  12 131179A  1930 2012                            .29A .32A .41  .40  .41B
  13 142538A  1868 2008   .54  .54  .59  .61  .57  .47  .37  .33  .27B
  14 152464A  1920 2008                       .54  .51  .31A .30A .25A
  15 080479A  1920 2007                       .25A .29A .39  .35  .23B
  16 10057A   1919 2003                  .50  .51  .40  .34  .21B .23A
  17 111227A  1926 2000                       .39  .34  .31B .19A .23A
  18 152185A  1935 2009                            .39  .26A .26A .18A
 Av segment correlation   .55  .55  .58  .53  .43  .42  .39  .37  .33  .35
PART 6:  POTENTIAL PROBLEMS:                                                                       14:36  Fri 15 Jun 2018  Page   5
------------------------------------------------------------------------------------------------------------------------------------

 For each series with potential problems the following diagnostics may appear:

 [A] Correlations with master dating series of flagged  50-year segments of series filtered with  32-year spline,
     at every point from ten years earlier (-10) to ten years later (+10) than dated

 [B] Effect of those data values which most lower or raise correlation with master series
     Symbol following year indicates value in series is greater (>) or lesser (<) than master series value

 [C] Year-to-year changes very different from the mean change in other series

 [D] Absent rings (zero values)

 [E] Values which are statistical outliers from mean for the year
====================================================================================================================================

 90552     1920 to  2009      90 years                                                                                    Series   1

 [A] Segment   High   -10   -9   -8   -7   -6   -5   -4   -3   -2   -1   +0   +1   +2   +3   +4   +5   +6   +7   +8   +9  +10
    ---------  ----   ---  ---  ---  ---  ---  ---  ---  ---  ---  ---  ---  ---  ---  ---  ---  ---  ---  ---  ---  ---  ---
    1920 1969    3    .08 -.05 -.23  .23 -.22  .04 -.10 -.13  .04 -.13  .26|-.15 -.13  .32*-.19  .21  .00  .18 -.10 -.11  .23
    1930 1979   -7   -.10 -.09 -.12  .32*-.24 -.11 -.12 -.06  .02 -.09  .31|-.16 -.20  .17 -.30  .14  .00  .14 -.09 -.10  .27
    1940 1989   -7    .03 -.10 -.04  .34*-.22 -.03 -.21  .01 -.07 -.02  .29|-.10 -.15  .24 -.18 -.01 -.02  .07 -.09 -.20  .24
    1950 1999    0    .07 -.18  .16  .19 -.11 -.17 -.15 -.02 -.06  .06  .33*-.11 -.04  .01 -.03 -.05 -.19  .10 -.05 -.27  .26

 [B] Entire series, effect on correlation (  .313) is:
       Lower   1926> -.034   1934< -.027   1944< -.020   1952> -.019   1920< -.019   1947> -.016  Higher   1939  .049   2003  .046
     1920 to 1969 segment:
       Lower   1926> -.056   1934< -.041   1944< -.030   1952> -.029   1920< -.028   1947> -.026  Higher   1939  .092   1958  .032
     1930 to 1979 segment:
       Lower   1934< -.049   1944< -.037   1952> -.030   1947> -.026   1951> -.020   1935> -.015  Higher   1939  .091   1958  .031
     1940 to 1989 segment:
       Lower   1952> -.038   1944< -.037   1947> -.031   1951> -.023   1986< -.023   1976> -.019  Higher   1958  .037   1949  .033
     1950 to 1999 segment:
       Lower   1952> -.041   1990> -.032   1986< -.032   1951> -.028   1974> -.021   1967< -.020  Higher   1984  .039   1958  .038

 [E] Outliers     2   3.0 SD above or -4.5 SD below mean for year
       1926 +3.1 SD;    1990 +3.5 SD
====================================================================================================================================

 12989A    1929 to  2016      88 years                                                                                    Series   2

 [B] Entire series, effect on correlation (  .509) is:
       Lower   2007> -.019   1967< -.018   1936< -.015   1949> -.013   2015< -.013   1985> -.010  Higher   2003  .026   1939  .014

====================================================================================================================================

 90639A    1946 to  2017      72 years                                                                                    Series   3

 [*] Later part of series cannot be checked from 2017 to 2017 -- not matched by another series

 [B] Entire series, effect on correlation (  .421) is:
       Lower   1950< -.030   1955< -.026   2010< -.026   2003> -.019   1977> -.015   1997< -.014  Higher   1952  .051   1949  .043

====================================================================================================================================

 62100A    1948 to  2004      57 years                                                                                    Series   4

 [B] Entire series, effect on correlation (  .542) is:
       Lower   1984> -.029   1953> -.023   1951> -.023   1964> -.020   1970< -.019   1971> -.015  Higher   1952  .054   2003  .042

====================================================================================================================================

 152057A   1943 to  2010      68 years                                                                                    Series   5

 [B] Entire series, effect on correlation (  .370) is:
       Lower   2003> -.039   1998< -.024   1961< -.019   2008> -.012   1948< -.011   1984> -.011  Higher   1977  .048   2010  .026

====================================================================================================================================

 182279A   1889 to  2013     125 years                                                                                    Series   6

 [B] Entire series, effect on correlation (  .485) is:
       Lower   1892> -.030   1987< -.020   1981< -.012   1901< -.011   1911< -.010   1927> -.009  Higher   1939  .020   1910  .018

====================================================================================================================================

 202341A   1906 to  1996      91 years                                                                                    Series   7

 [B] Entire series, effect on correlation (  .568) is:
       Lower   1942< -.026   1930> -.021   1913< -.013   1917> -.012   1911> -.012   1912> -.011  Higher   1918  .051   1910  .038

====================================================================================================================================

 130992A   1922 to  2014      93 years                                                                                    Series   8

 [A] Segment   High   -10   -9   -8   -7   -6   -5   -4   -3   -2   -1   +0   +1   +2   +3   +4   +5   +6   +7   +8   +9  +10
    ---------  ----   ---  ---  ---  ---  ---  ---  ---  ---  ---  ---  ---  ---  ---  ---  ---  ---  ---  ---  ---  ---  ---
    1922 1971    0    .10  .22 -.05 -.13 -.21 -.07  .05 -.19  .11  .06  .32*-.07 -.06  .29  .02  .19 -.03 -.12 -.12 -.12  .04

 [B] Entire series, effect on correlation (  .337) is:
       Lower   1927< -.085   1987> -.028   1992< -.019   1925> -.018   1926> -.015   1969> -.014  Higher   1958  .019   2010  .017
     1922 to 1971 segment:
       Lower   1927< -.156   1925> -.030   1926> -.024   1969> -.023   1948< -.012   1965> -.010  Higher   1958  .034   1940  .022

 [C] Year-to-year changes diverging by over 4.0 std deviations:
       1926 1927  -5.4 SD

 [E] Outliers     3   3.0 SD above or -4.5 SD below mean for year
       1925 +3.1 SD;    1927 -5.1 SD;    1987 +3.3 SD
====================================================================================================================================

 62369A    1950 to  2016      67 years                                                                                    Series   9

 [A] Segment   High   -10   -9   -8   -7   -6   -5   -4   -3   -2   -1   +0   +1   +2   +3   +4   +5   +6   +7   +8   +9  +10
    ---------  ----   ---  ---  ---  ---  ---  ---  ---  ---  ---  ---  ---  ---  ---  ---  ---  ---  ---  ---  ---  ---  ---
    1950 1999  -10    .21* .05  .14  .18  .01  .11 -.23  .20  .16 -.13  .18|-.26 -.32 -.23 -.06  .13 -.02  .10  .03 -.11  .12
    1960 2009    0    .09  .09  .07 -.05 -.23  .09 -.24  .25  .15  .28  .32*-.18 -.24  .02  .06  .02 -.19 -.01  .03    -    -
    1967 2016    0    .21  .14  .20 -.05 -.13  .05 -.17  .19  .03  .13  .22*-.25    -    -    -    -    -    -    -    -    -

 [B] Entire series, effect on correlation (  .127) is:
       Lower   1958< -.029   1959< -.026   2013< -.023   1952> -.021   1969> -.019   1988> -.019  Higher   1970  .022   2010  .021
     1950 to 1999 segment:
       Lower   1959< -.050   1958< -.045   1952> -.033   1969> -.028   1988> -.026   1984> -.024  Higher   1970  .030   1968  .028
     1960 to 2009 segment:
       Lower   2002> -.035   1969> -.031   1988> -.028   1984> -.027   2004< -.021   1999< -.017  Higher   1970  .028   1968  .025
     1967 to 2016 segment:
       Lower   2013< -.042   2002> -.032   1969> -.031   2015< -.030   1988> -.029   1984> -.027  Higher   1970  .028   1968  .026

 [E] Outliers     1   3.0 SD above or -4.5 SD below mean for year
       2002 +4.5 SD
====================================================================================================================================

 131183A   1940 to  2015      76 years                                                                                    Series  10

 [A] Segment   High   -10   -9   -8   -7   -6   -5   -4   -3   -2   -1   +0   +1   +2   +3   +4   +5   +6   +7   +8   +9  +10
    ---------  ----   ---  ---  ---  ---  ---  ---  ---  ---  ---  ---  ---  ---  ---  ---  ---  ---  ---  ---  ---  ---  ---
    1940 1989    0    .07 -.09  .09 -.20 -.17  .02  .13 -.09 -.09  .07  .20*-.04 -.02 -.06  .09  .00  .07 -.10  .04  .00  .07
    1950 1999    0    .04 -.14 -.14 -.03 -.13  .04  .11 -.18 -.05  .01  .29* .12 -.14 -.05  .07 -.05  .15 -.03  .29 -.05 -.08
    - - - - - - - - - - - - - - - - - - - - - - - - - - - - - - - - - - - - - - - - - - - - - - - - - - - - - - - - - - - - -
    1966 2015    0    .07 -.25 -.28 -.03 -.06  .26  .06 -.11 -.06 -.12  .29* .10  .03    -    -    -    -    -    -    -    -

 [B] Entire series, effect on correlation (  .207) is:
       Lower   1952> -.051   1977> -.034   2011> -.031   1946> -.021   1996> -.018   1940< -.016  Higher   1969  .035   1993  .022
     1940 to 1989 segment:
       Lower   1952> -.074   1977> -.049   1946> -.029   1940< -.021   1970< -.017   1942< -.014  Higher   1969  .046   1962  .028
     1950 to 1999 segment:
       Lower   1952> -.091   1977> -.059   1965< -.034   1996> -.029   1970< -.025   1979> -.013  Higher   1969  .049   1993  .032
     1966 to 2015 segment:
       Lower   1977> -.071   2011> -.063   1996> -.037   1970< -.029   2001< -.026   1979> -.017  Higher   1969  .060   1993  .038

 [E] Outliers     1   3.0 SD above or -4.5 SD below mean for year
       1952 +3.2 SD
====================================================================================================================================

 171194A   1919 to  2016      98 years                                                                                    Series  11

 [A] Segment   High   -10   -9   -8   -7   -6   -5   -4   -3   -2   -1   +0   +1   +2   +3   +4   +5   +6   +7   +8   +9  +10
    ---------  ----   ---  ---  ---  ---  ---  ---  ---  ---  ---  ---  ---  ---  ---  ---  ---  ---  ---  ---  ---  ---  ---
    1940 1989    0   -.02 -.10  .06 -.20 -.16  .17 -.01  .05  .11  .04  .27*-.05  .19 -.04 -.06  .13 -.09 -.13  .05  .09  .04
    1950 1999    0   -.07 -.03 -.06 -.16 -.19  .25 -.07  .12  .11  .03  .32*-.02  .15  .07 -.07  .07 -.13 -.07  .08  .10  .00
    1960 2009    0    .05  .00 -.02 -.04 -.20  .15 -.07  .18  .16 -.07  .22* .01  .16 -.03 -.20  .09  .01 -.03  .09    -    -
    1967 2016    0    .08 -.03 -.03 -.08 -.20  .04 -.14  .20  .05 -.12  .24* .06    -    -    -    -    -    -    -    -    -

 [B] Entire series, effect on correlation (  .304) is:
       Lower   1978< -.030   2003> -.025   1977> -.022   1949> -.022   1988> -.018   1946> -.016  Higher   1939  .091   1952  .035
     1940 to 1989 segment:
       Lower   1978< -.062   1977> -.039   1949> -.039   1988> -.031   1946> -.027   1959> -.016  Higher   1952  .072   1969  .046
     1950 to 1999 segment:
       Lower   1978< -.064   1977> -.049   1988> -.036   1959> -.019   1956> -.017   1954< -.014  Higher   1952  .070   1969  .045
     1960 to 2009 segment:
       Lower   1978< -.057   2003> -.052   1977> -.047   1988> -.035   2006< -.021   2008> -.015  Higher   1969  .067   1970  .025
     1967 to 2016 segment:
       Lower   2003> -.059   1977> -.053   1978< -.050   1988> -.040   2014< -.028   2016< -.025  Higher   1969  .072   2010  .035

 [C] Year-to-year changes diverging by over 4.0 std deviations:
       1977 1978  -4.3 SD

 [E] Outliers     1   3.0 SD above or -4.5 SD below mean for year
       1969 -4.7 SD
====================================================================================================================================

 131179A   1930 to  2012      83 years                                                                                    Series  12

 [A] Segment   High   -10   -9   -8   -7   -6   -5   -4   -3   -2   -1   +0   +1   +2   +3   +4   +5   +6   +7   +8   +9  +10
    ---------  ----   ---  ---  ---  ---  ---  ---  ---  ---  ---  ---  ---  ---  ---  ---  ---  ---  ---  ---  ---  ---  ---
    1930 1979    0    .10 -.34  .02  .12 -.05  .11  .05  .07 -.23  .03  .29*-.21  .15 -.05 -.14 -.06 -.13  .12 -.03  .08 -.01
    1940 1989    0    .11 -.29  .20  .04  .03  .09 -.04 -.03 -.28  .15  .32*-.08  .13  .08 -.14 -.11 -.23  .07 -.07 -.27  .02
    - - - - - - - - - - - - - - - - - - - - - - - - - - - - - - - - - - - - - - - - - - - - - - - - - - - - - - - - - - - - -
    1963 2012   -8   -.07 -.18  .41* .04  .15 -.11 -.02 -.07 -.29  .16  .41| .13  .14 -.09  .05 -.08    -    -    -    -    -

 [B] Entire series, effect on correlation (  .300) is:
       Lower   2008> -.028   1939> -.026   1940< -.022   1971> -.020   1946> -.015   1950< -.014  Higher   1977  .049   2003  .026
     1930 to 1979 segment:
       Lower   1939> -.036   1940< -.033   1971> -.028   1950< -.022   1946> -.021   1947> -.014  Higher   1977  .072   1968  .024
     1940 to 1989 segment:
       Lower   1971> -.038   1940< -.035   1946> -.029   1950< -.023   1947> -.021   1980> -.015  Higher   1977  .086   1984  .035
     1963 to 2012 segment:
       Lower   2008> -.055   1971> -.040   1982< -.016   1980> -.014   1992< -.014   1969> -.013  Higher   1977  .076   2003  .039

 [C] Year-to-year changes diverging by over 4.0 std deviations:
       1939 1940  -4.4 SD

 [E] Outliers     1   3.0 SD above or -4.5 SD below mean for year
       2008 +3.0 SD
====================================================================================================================================

 142538A   1868 to  2008     141 years                                                                                    Series  13

 [*] Early part of series cannot be checked from 1868 to 1888 -- not matched by another series

 [A] Segment   High   -10   -9   -8   -7   -6   -5   -4   -3   -2   -1   +0   +1   +2   +3   +4   +5   +6   +7   +8   +9  +10
    ---------  ----   ---  ---  ---  ---  ---  ---  ---  ---  ---  ---  ---  ---  ---  ---  ---  ---  ---  ---  ---  ---  ---
    1959 2008    8   -.15 -.11 -.12  .01 -.04  .08  .12  .02 -.02  .05  .27|-.06 -.20 -.13 -.09  .09 -.13 -.03  .30*-.03    -

 [B] Entire series, effect on correlation (  .498) is:
       Lower   1913> -.044   1977> -.020   1982< -.011   1901> -.010   1892< -.010   1970< -.009  Higher   1918  .060   1910  .027
     1959 to 2008 segment:
       Lower   1977> -.081   1982< -.042   1970< -.036   1997< -.025   1998< -.022   1968< -.020  Higher   2003  .107   1993  .031

 [E] Outliers     3   3.0 SD above or -4.5 SD below mean for year
       1913 +3.4 SD;    1977 +3.5 SD;    1978 +3.2 SD
====================================================================================================================================

 152464A   1920 to  2008      89 years                                                                                    Series  14

 [A] Segment   High   -10   -9   -8   -7   -6   -5   -4   -3   -2   -1   +0   +1   +2   +3   +4   +5   +6   +7   +8   +9  +10
    ---------  ----   ---  ---  ---  ---  ---  ---  ---  ---  ---  ---  ---  ---  ---  ---  ---  ---  ---  ---  ---  ---  ---
    1940 1989    0   -.02 -.12  .09  .04  .01 -.18 -.06  .06 -.21 -.26  .31* .16  .01 -.16 -.11  .09 -.04  .07  .17  .02 -.10
    1950 1999    0    .09 -.10  .08  .00 -.10 -.18 -.13  .02 -.27 -.22  .30* .19  .00 -.20 -.07  .11 -.14  .20  .25  .11 -.07
    1959 2008    0   -.01 -.11  .11  .12 -.05 -.15 -.14  .06 -.06 -.14  .25* .19  .06 -.31 -.26  .05 -.04 -.05  .20  .10    -

 [B] Entire series, effect on correlation (  .470) is:
       Lower   1949> -.032   1982< -.019   1960< -.017   1953> -.016   1966> -.015   2004> -.011  Higher   1939  .074   1952  .021
     1940 to 1989 segment:
       Lower   1949> -.051   1982< -.040   1960< -.035   1953> -.029   1966> -.024   1941< -.020  Higher   1952  .071   1977  .035
     1950 to 1999 segment:
       Lower   1982< -.038   1960< -.033   1953> -.033   1966> -.028   1985> -.021   1962< -.017  Higher   1952  .074   1977  .035
     1959 to 2008 segment:
       Lower   1982< -.040   1960< -.034   1966> -.029   2004> -.022   1985> -.021   1998< -.017  Higher   2000  .047   2003  .042

 [E] Outliers     1   3.0 SD above or -4.5 SD below mean for year
       1939 -6.2 SD
====================================================================================================================================

 080479A   1920 to  2007      88 years                                                                                    Series  15

 [A] Segment   High   -10   -9   -8   -7   -6   -5   -4   -3   -2   -1   +0   +1   +2   +3   +4   +5   +6   +7   +8   +9  +10
    ---------  ----   ---  ---  ---  ---  ---  ---  ---  ---  ---  ---  ---  ---  ---  ---  ---  ---  ---  ---  ---  ---  ---
    1920 1969    0    .19 -.11 -.19 -.07  .15  .15 -.02 -.16 -.10 -.02  .25* .08 -.04  .03 -.04 -.18 -.25  .09  .16 -.16 -.03
    1930 1979    0    .19 -.24  .03 -.11  .14 -.05 -.08  .05 -.05  .03  .29* .05 -.05  .05 -.09 -.19 -.21  .12  .12 -.23  .01
    - - - - - - - - - - - - - - - - - - - - - - - - - - - - - - - - - - - - - - - - - - - - - - - - - - - - - - - - - - - - -
    1958 2007   -8   -.08 -.35  .26*-.14  .06 -.17  .05  .15 -.05  .13  .23| .11 -.06 -.07 -.18 -.20 -.14 -.06 -.09 -.07  .03

 [B] Entire series, effect on correlation (  .241) is:
       Lower   1939> -.056   2003> -.038   1963< -.018   1928< -.015   1971> -.015   1940< -.014  Higher   1977  .052   1952  .045
     1920 to 1969 segment:
       Lower   1939> -.095   1963< -.030   1928< -.024   1969> -.023   1940< -.022   1933> -.018  Higher   1952  .074   1949  .071
     1930 to 1979 segment:
       Lower   1939> -.091   1963< -.030   1940< -.024   1971> -.020   1969> -.020   1976> -.016  Higher   1977  .067   1952  .061
     1958 to 2007 segment:
       Lower   2003> -.081   1963< -.034   1971> -.030   1969> -.028   1976> -.024   1982< -.020  Higher   1977  .124   1962  .028

 [C] Year-to-year changes diverging by over 4.0 std deviations:
       1939 1940  -4.4 SD

 [E] Outliers     2   3.0 SD above or -4.5 SD below mean for year
       1939 +4.0 SD;    2003 +3.2 SD
====================================================================================================================================

 10057A    1919 to  2003      85 years                                                                                    Series  16

 [A] Segment   High   -10   -9   -8   -7   -6   -5   -4   -3   -2   -1   +0   +1   +2   +3   +4   +5   +6   +7   +8   +9  +10
    ---------  ----   ---  ---  ---  ---  ---  ---  ---  ---  ---  ---  ---  ---  ---  ---  ---  ---  ---  ---  ---  ---  ---
    1950 1999  -10    .23*-.01 -.10 -.01  .04  .14  .14  .12 -.22 -.11  .21|-.15  .09  .01  .00 -.01 -.22  .08  .22 -.05  .16
    1954 2003    0    .12 -.11 -.15 -.01  .03  .10  .14  .09 -.29 -.10  .23*-.05  .22  .06  .00  .02 -.17  .04  .14 -.07  .07

 [B] Entire series, effect on correlation (  .347) is:
       Lower   1996> -.030   1972< -.021   1984> -.021   1979> -.020   1946< -.018   1977> -.012  Higher   1949  .031   1939  .030
     1950 to 1999 segment:
       Lower   1996> -.049   1972< -.044   1984> -.032   1979> -.031   1970< -.024   1993< -.015  Higher   1969  .070   1958  .045
     1954 to 2003 segment:
       Lower   1996> -.057   1972< -.039   1984> -.038   1979> -.038   1970< -.020   1977> -.017  Higher   1969  .073   1958  .046

 [E] Outliers     2   3.0 SD above or -4.5 SD below mean for year
       1979 +3.5 SD;    1996 +3.6 SD
====================================================================================================================================

 111227A   1926 to  2000      75 years                                                                                    Series  17

 [A] Segment   High   -10   -9   -8   -7   -6   -5   -4   -3   -2   -1   +0   +1   +2   +3   +4   +5   +6   +7   +8   +9  +10
    ---------  ----   ---  ---  ---  ---  ---  ---  ---  ---  ---  ---  ---  ---  ---  ---  ---  ---  ---  ---  ---  ---  ---
    1940 1989    3    .21 -.05 -.12  .00  .03 -.15 -.14 -.14  .10 -.06  .31| .13  .09  .32* .04 -.11  .07  .05 -.08 -.35 -.06
    1950 1999    0   -.12 -.01  .01 -.17 -.13  .00 -.03 -.11 -.03  .12  .19* .01  .03  .17  .15  .02  .06  .03 -.05 -.04 -.21
    1951 2000    0   -.12  .00  .06 -.11 -.11  .00 -.06 -.08  .00  .13  .23* .03  .02  .06  .14  .01  .05  .00 -.07 -.01 -.12

 [B] Entire series, effect on correlation (  .344) is:
       Lower   1999< -.035   1984> -.023   1956> -.018   1964> -.016   1939> -.016   1970< -.014  Higher   1949  .045   1929  .021
     1940 to 1989 segment:
       Lower   1984> -.038   1956> -.030   1964> -.026   1970< -.026   1975< -.015   1966> -.014  Higher   1949  .085   1952  .043
     1950 to 1999 segment:
       Lower   1999< -.064   1984> -.036   1956> -.030   1970< -.026   1964> -.025   1975< -.015  Higher   1952  .062   1958  .027
     1951 to 2000 segment:
       Lower   1999< -.065   1984> -.035   1956> -.029   1970< -.027   1964> -.024   1975< -.015  Higher   1952  .057   2000  .036

====================================================================================================================================

 152185A   1935 to  2009      75 years                                                                                    Series  18

 [A] Segment   High   -10   -9   -8   -7   -6   -5   -4   -3   -2   -1   +0   +1   +2   +3   +4   +5   +6   +7   +8   +9  +10
    ---------  ----   ---  ---  ---  ---  ---  ---  ---  ---  ---  ---  ---  ---  ---  ---  ---  ---  ---  ---  ---  ---  ---
    1940 1989    0   -.09  .01 -.18  .19  .06 -.19  .13 -.11  .02  .05  .26* .17 -.08  .09 -.11 -.08 -.09 -.26 -.12 -.26  .14
    1950 1999    0   -.15  .07 -.23  .16  .04 -.08  .08 -.06 -.01  .12  .26* .02 -.06  .07 -.13  .06 -.13 -.17 -.11 -.23  .07
    1960 2009    0   -.28  .13 -.18  .14  .05 -.10 -.11 -.27  .00  .06  .18* .06  .02  .08 -.14  .12  .08 -.17 -.08    -    -

 [B] Entire series, effect on correlation (  .346) is:
       Lower   1987> -.029   1984> -.021   1980> -.020   1988> -.020   1947> -.017   1973< -.016  Higher   1952  .049   1939  .032
     1940 to 1989 segment:
       Lower   1987> -.039   1980> -.027   1984> -.026   1988> -.026   1973< -.026   1947> -.022  Higher   1952  .092   1958  .043
     1950 to 1999 segment:
       Lower   1987> -.048   1984> -.035   1980> -.033   1988> -.032   1971> -.025   1979> -.022  Higher   1952  .090   1958  .048
     1960 to 2009 segment:
       Lower   1987> -.047   1984> -.032   1980> -.032   1988> -.031   1973< -.025   1971> -.024  Higher   2003  .077   1962  .036

 [E] Outliers     2   3.0 SD above or -4.5 SD below mean for year
       1944 +3.1 SD;    1980 +3.3 SD
====================================================================================================================================
PART 7:  DESCRIPTIVE STATISTICS:                                                                   14:36  Fri 15 Jun 2018  Page   6
------------------------------------------------------------------------------------------------------------------------------------

                                                Corr   //-------- Unfiltered --------\\  //---- Filtered -----\\
                           No.    No.    No.    with   Mean   Max     Std   Auto   Mean   Max     Std   Auto  AR
 Seq Series   Interval   Years  Segmt  Flags   Master  msmt   msmt    dev   corr   sens  value    dev   corr  ()
 --- -------- ---------  -----  -----  -----   ------ -----  -----  -----  -----  -----  -----  -----  -----  --
   1 90552    1920 2009     90      5      4    .313   1.66   3.24   .612   .776   .186   2.67   .505  -.053   1
   2 12989A   1929 2016     88      6      0    .509   1.39   4.28   .671   .717   .206   2.73   .501  -.009   1
   3 90639A   1946 2017     72      4      0    .421    .58   1.57   .323   .786   .279   2.71   .547   .004   2
   4 62100A   1948 2004     57      3      0    .542    .80   2.47   .529   .839   .288   2.66   .420  -.054   1
   5 152057A  1943 2010     68      4      0    .370   1.31   4.96  1.201   .849   .291   2.73   .503  -.009   1
   6 182279A  1889 2013    125     10      0    .485   1.13   3.73   .745   .695   .326   2.75   .466  -.064   1
   7 202341A  1906 1996     91      6      0    .568    .85   1.80   .441   .680   .321   2.52   .375  -.036   1
   8 130992A  1922 2014     93      6      1    .337    .84   2.21   .574   .889   .250   2.56   .443  -.093   2
   9 62369A   1950 2016     67      3      3    .127   1.23   3.00   .609   .607   .286   3.12   .531   .059   1
  10 131183A  1940 2015     76      4      3    .207    .74   2.16   .535   .886   .252   2.72   .445   .007   1
  11 171194A  1919 2016     98      7      4    .304    .80   2.82   .594   .878   .283   2.57   .452  -.048   1
  12 131179A  1930 2012     83      5      3    .300   1.24   3.73  1.020   .908   .301   2.71   .475  -.014   1
  13 142538A  1868 2008    141      9      1    .498    .65   2.57   .357   .809   .235   2.63   .424  -.009   1
  14 152464A  1920 2008     89      5      3    .470    .62   1.68   .275   .691   .258   2.59   .364  -.014   1
  15 080479A  1920 2007     88      5      3    .241    .67   1.73   .394   .722   .314   2.68   .455  -.060   2
  16 10057A   1919 2003     85      6      2    .347   1.12   2.27   .500   .606   .274   2.73   .529  -.030   1
  17 111227A  1926 2000     75      5      3    .344    .72   1.98   .522   .882   .266   2.96   .481   .007   2
  18 152185A  1935 2009     75      4      3    .346   1.22   3.04   .582   .483   .352   2.91   .673   .041   1
 --- -------- ---------  -----  -----  -----   ------ -----  -----  -----  -----  -----  -----  -----  -----  --
 Total or mean:           1561     97     33    .380    .97   4.96   .573   .762   .275   3.12   .472  -.024

                                              - = [  COFECHA CATO COF  ] = -
