[]  Dendrochronology Program Library                                        Run CECA   Program COF  14:36  Fri 15 Jun 2018  Page   1
[]
[]  P R O G R A M      C O F E C H A                                                                          Version 6.06P    30483
------------------------------------------------------------------------------------------------------------------------------------

 QUALITY CONTROL AND DATING CHECK OF TREE-RING MEASUREMENTS

 File of DATED series:   ceca_drop.rwl

 CONTENTS:

    Part 1:  Title page, options selected, summary, absent rings by series
    Part 2:  Histogram of time spans
    Part 3:  Master series with sample depth and absent rings by year
    Part 4:  Bar plot of Master Dating Series
    Part 5:  Correlation by segment of each series with Master
    Part 6:  Potential problems: low correlation, divergent year-to-year changes, absent rings, outliers
    Part 7:  Descriptive statistics

 RUN CONTROL OPTIONS SELECTED                             VALUE

         1  Cubic smoothing spline 50% wavelength cutoff for filtering
                                                            32 years
         2  Segments examined are                           50 years lagged successively by  10 years
         3  Autoregressive model applied                     A  Residuals are used in master dating series and testing
         4  Series transformed to logarithms                 Y  Each series log-transformed for master dating series and testing
         5  CORRELATION is Pearson (parametric, quantitative)
            Critical correlation, 99% confidence level   .3281
         6  Master dating series saved                       N
         7  Ring measurements listed                         N
         8  Parts printed                              1234567 
         9  Absent rings are omitted from master series and segment correlations  (Y)

 Time span of Master dating series is  1956 to  2017    62 years
 Continuous time span is               1956 to  2017    62 years
 Portion with two or more series is    1961 to  2014    54 years


                                        ****************************************
                                        *C* Number of dated series         7 *C*
                                        *O* Master series 1956 2017   62 yrs *O*
                                        *F* Total rings in all series    320 *F*
                                        *E* Total dated rings checked    312 *E*
                                        *C* Series intercorrelation     .299 *C*
                                        *H* Average mean sensitivity    .293 *H*
                                        *A* Segments, possible problems    4 *A*
                                        *** Mean length of series       45.7 ***
                                        ****************************************

 ABSENT RINGS listed by SERIES:            (See Master Dating Series for absent rings listed by year)

               No ring measurements of zero value
PART 2:  TIME PLOT OF TREE-RING SERIES:                                                            14:36  Fri 15 Jun 2018  Page   2
------------------------------------------------------------------------------------------------------------------------------------
 1050 1100 1150 1200 1250 1300 1350 1400 1450 1500 1550 1600 1650 1700 1750 1800 1850 1900 1950 2000 2050 Ident   Seq Time-span  Yrs
   :    :    :    :    :    :    :    :    :    :    :    :    :    :    :    :    :    :    :    :    : -------- --- ---- ---- ----
   .    .    .    .    .    .    .    .    .    .    .    .    .    .    .    .    .    .    <=====>   . 141094A    1 1956 2012   57
   .    .    .    .    .    .    .    .    .    .    .    .    .    .    .    .    .    .    .<====>   . 161005A    2 1963 2012   50
   .    .    .    .    .    .    .    .    .    .    .    .    .    .    .    .    .    .    .<====>   . 171372A    3 1965 2013   49
   .    .    .    .    .    .    .    .    .    .    .    .    .    .    .    .    .    .    .   <=>   . 182198A    4 1994 2014   21
   .    .    .    .    .    .    .    .    .    .    .    .    .    .    .    .    .    .    .<====>   . 142391A    5 1967 2012   46
   .    .    .    .    .    .    .    .    .    .    .    .    .    .    .    .    .    .    .<===>    . 182499A    6 1968 2007   40
   .    .    .    .    .    .    .    .    .    .    .    .    .    .    .    .    .    .    .<====>   . 171252A    7 1961 2017   57
   :    :    :    :    :    :    :    :    :    :    :    :    :    :    :    :    :    :    :    :    :
 1050 1100 1150 1200 1250 1300 1350 1400 1450 1500 1550 1600 1650 1700 1750 1800 1850 1900 1950 2000 2050
PART 3:  Master Dating Series:                                                                     14:36  Fri 15 Jun 2018  Page   3
------------------------------------------------------------------------------------------------------------------------------------
  Year  Value  No Ab    Year  Value  No Ab    Year  Value  No Ab    Year  Value  No Ab    Year  Value  No Ab    Year  Value  No Ab
  ------------------    ------------------    ------------------    ------------------    ------------------    ------------------
                        2000  -.836   7
                        2001   .036   7
                        2002  -.749   7
                        2003  -.715   7
                        2004  -.558   7
                        2005  1.290   7
  1956 -1.002   1       2006  -.265   7
  1957 -1.888   1       2007   .664   7
  1958  -.831   1       2008   .316   6
  1959   .875   1       2009   .599   6

  1960  1.308   1       2010   .774   6
  1961  1.656   2       2011   .875   6
  1962   .024   2       2012   .364   6
  1963  -.203   3       2013  1.185   3
  1964 -2.124   3       2014  2.282   2
  1965   .811   4       2015 -2.410   1
  1966  1.967   4       2016 -1.000   1
  1967   .536   5       2017  -.741   1
  1968   .074   6
  1969   .703   6

  1970   .787   6
  1971   .194   6
  1972   .675   6
  1973 -2.812   6
  1974 -1.439   6
  1975 -1.350   6
  1976   .424   6
  1977  -.130   6
  1978   .314   6
  1979   .169   6

  1980   .031   6
  1981  -.330   6
  1982   .261   6
  1983  1.403   6
  1984  -.300   6
  1985   .688   6
  1986 -1.325   6
  1987   .409   6
  1988  -.833   6
  1989   .130   6

  1990   .160   6
  1991  -.383   6
  1992   .462   6
  1993   .264   6
  1994   .272   7
  1995   .440   7
  1996   .065   7
  1997   .257   7
  1998  -.069   7
  1999 -1.447   7
------------------------------------------------------------------------------------------------------------------------------------
PART 4:  Master Bar Plot:                                                                          14:36  Fri 15 Jun 2018  Page   4
------------------------------------------------------------------------------------------------------------------------------------
   Year Rel value  Year Rel value  Year Rel value  Year Rel value  Year Rel value  Year Rel value  Year Rel value  Year Rel value
                   2000--c
                   2001----@
                   2002--c
                   2003--c
                   2004--b
                   2005----------E
   1956-d          2006---a
   1957h           2007--------C
   1958--c         2008------A
   1959---------C  2009--------B
   1960----------E 2010--------C
   1961----------G 2011---------D
   1962----@       2012------A
   1963---a        2013---------E
   1964h           2014----------I
   1965---------C  2015j
   1966----------H 2016-d
   1967-------B    2017--c
   1968----@
   1969--------C
   1970---------C
   1971-----A
   1972--------C
   1973k
   1974-f
   1975-e
   1976-------B
   1977---a
   1978------A
   1979-----A
   1980----@
   1981---a
   1982------A
   1983----------F
   1984---a
   1985--------C
   1986-e
   1987-------B
   1988--c
   1989-----A
   1990-----A
   1991---b
   1992-------B
   1993------A
   1994------A
   1995-------B
   1996----@
   1997------A
   1998----@
   1999f
PART 5:  CORRELATION OF SERIES BY SEGMENTS:                                                        14:36  Fri 15 Jun 2018  Page   5
------------------------------------------------------------------------------------------------------------------------------------
 Correlations of  50-year dated segments, lagged  10 years
 Flags:  A = correlation under   .3281 but highest as dated;  B = correlation higher at other than dated position

 Seq Series  Time_span   1960 1970 1980 1990
                         2009 2019 2029 2039
 --- -------- ---------  ---- ---- ---- ---- ---- ---- ---- ---- ---- ---- ---- ---- ---- ---- ---- ---- ---- ---- ---- ----
   1 141094A  1956 2012   .39  .35
   2 161005A  1963 2012   .39
   3 171372A  1965 2013   .23A
   4 182198A  1994 2014                  .42
   5 142391A  1967 2012   .15B
   6 182499A  1968 2007   .32A
   7 171252A  1961 2017   .33  .24B
 Av segment correlation   .30  .29  .00  .42
PART 6:  POTENTIAL PROBLEMS:                                                                       14:36  Fri 15 Jun 2018  Page   5
------------------------------------------------------------------------------------------------------------------------------------

 For each series with potential problems the following diagnostics may appear:

 [A] Correlations with master dating series of flagged  50-year segments of series filtered with  32-year spline,
     at every point from ten years earlier (-10) to ten years later (+10) than dated

 [B] Effect of those data values which most lower or raise correlation with master series
     Symbol following year indicates value in series is greater (>) or lesser (<) than master series value

 [C] Year-to-year changes very different from the mean change in other series

 [D] Absent rings (zero values)

 [E] Values which are statistical outliers from mean for the year
====================================================================================================================================

 141094A   1956 to  2012      57 years                                                                                    Series   1

 [*] Early part of series cannot be checked from 1956 to 1960 -- not matched by another series

 [B] Entire series, effect on correlation (  .363) is:
       Lower   2009< -.053   1988< -.049   2012< -.026   1984> -.025   1977> -.012   2001< -.009  Higher   1999  .050   1964  .033

====================================================================================================================================

 161005A   1963 to  2012      50 years                                                                                    Series   2

 [B] Entire series, effect on correlation (  .386) is:
       Lower   1984> -.054   1964> -.043   1987< -.033   1963< -.025   1986< -.017   1980> -.016  Higher   1973  .139   1999  .047

====================================================================================================================================

 171372A   1965 to  2013      49 years                                                                                    Series   3

 [A] Segment   High   -10   -9   -8   -7   -6   -5   -4   -3   -2   -1   +0   +1   +2   +3   +4   +5   +6   +7   +8   +9  +10
    ---------  ----   ---  ---  ---  ---  ---  ---  ---  ---  ---  ---  ---  ---  ---  ---  ---  ---  ---  ---  ---  ---  ---
    1965 2013    0      - -.05 -.16 -.06  .02 -.04 -.02  .00 -.06 -.18  .23* .03  .16 -.10  .13    -    -    -    -    -    -

 [B] Entire series, effect on correlation (  .232) is:
       Lower   1995< -.039   1970< -.035   2008> -.026   1996< -.018   1986> -.016   1989> -.015  Higher   1973  .185   1983  .025
     1965 to 2013 segment:
       Lower   1995< -.039   1970< -.035   2008> -.026   1996< -.018   1986> -.016   1989> -.015  Higher   1973  .185   1983  .025

====================================================================================================================================

 182198A   1994 to  2014      21 years                                                                                    Series   4

 [B] Entire series, effect on correlation (  .417) is:
       Lower   2005< -.064   1998> -.056   2000> -.044   2010< -.043   2001> -.043   2006> -.030  Higher   1999  .315   2014  .065

====================================================================================================================================

 142391A   1967 to  2012      46 years                                                                                    Series   5

 [A] Segment   High   -10   -9   -8   -7   -6   -5   -4   -3   -2   -1   +0   +1   +2   +3   +4   +5   +6   +7   +8   +9  +10
    ---------  ----   ---  ---  ---  ---  ---  ---  ---  ---  ---  ---  ---  ---  ---  ---  ---  ---  ---  ---  ---  ---  ---
    1967 2012   -9   -.04  .22* .08  .08  .02  .00 -.13 -.28  .12 -.17  .15|-.14  .16 -.10  .22 -.14    -    -    -    -    -

 [B] Entire series, effect on correlation (  .146) is:
       Lower   2008< -.147   1969< -.040   1988> -.034   1986> -.023   1979< -.020   1982< -.018  Higher   1973  .129   1999  .074
     1967 to 2012 segment:
       Lower   2008< -.147   1969< -.040   1988> -.034   1986> -.023   1979< -.020   1982< -.018  Higher   1973  .129   1999  .074

 [E] Outliers     1   3.0 SD above or -4.5 SD below mean for year
       2008 -4.7 SD
====================================================================================================================================

 182499A   1968 to  2007      40 years                                                                                    Series   6

 [A] Segment   High   -10   -9   -8   -7   -6   -5   -4   -3   -2   -1   +0   +1   +2   +3   +4   +5   +6   +7   +8   +9  +10
    ---------  ----   ---  ---  ---  ---  ---  ---  ---  ---  ---  ---  ---  ---  ---  ---  ---  ---  ---  ---  ---  ---  ---
    1968 2007    0    .13  .32 -.31  .07 -.01 -.02  .06 -.24  .05 -.38  .32* .09  .14 -.30  .03  .11  .05 -.21 -.04  .20 -.35

 [B] Entire series, effect on correlation (  .322) is:
       Lower   1980< -.099   1983< -.051   1999> -.049   1974> -.039   1968< -.027   1997< -.020  Higher   1973  .261   1986  .040
     1968 to 2007 segment:
       Lower   1980< -.099   1983< -.051   1999> -.049   1974> -.039   1968< -.027   1997< -.020  Higher   1973  .261   1986  .040

 [E] Outliers     1   3.0 SD above or -4.5 SD below mean for year
       1974 +3.3 SD
====================================================================================================================================

 171252A   1961 to  2017      57 years                                                                                    Series   7

 [*] Later part of series cannot be checked from 2015 to 2017 -- not matched by another series

 [A] Segment   High   -10   -9   -8   -7   -6   -5   -4   -3   -2   -1   +0   +1   +2   +3   +4   +5   +6   +7   +8   +9  +10
    ---------  ----   ---  ---  ---  ---  ---  ---  ---  ---  ---  ---  ---  ---  ---  ---  ---  ---  ---  ---  ---  ---  ---
    1965 2014   -5      -  .16 -.15 -.02 -.19  .25* .02  .17 -.09  .11  .24|-.18  .02 -.35    -    -    -    -    -    -    -

 [B] Entire series, effect on correlation (  .287) is:
       Lower   2011< -.062   1999> -.056   1989< -.031   1994< -.025   1992< -.023   1993< -.020  Higher   1973  .199   1964  .042
     1965 to 2014 segment:
       Lower   2011< -.064   1999> -.060   1989< -.031   1994< -.025   1992< -.024   1984> -.021  Higher   1973  .250   2014  .034

====================================================================================================================================
PART 7:  DESCRIPTIVE STATISTICS:                                                                   14:36  Fri 15 Jun 2018  Page   6
------------------------------------------------------------------------------------------------------------------------------------

                                                Corr   //-------- Unfiltered --------\\  //---- Filtered -----\\
                           No.    No.    No.    with   Mean   Max     Std   Auto   Mean   Max     Std   Auto  AR
 Seq Series   Interval   Years  Segmt  Flags   Master  msmt   msmt    dev   corr   sens  value    dev   corr  ()
 --- -------- ---------  -----  -----  -----   ------ -----  -----  -----  -----  -----  -----  -----  -----  --
   1 141094A  1956 2012     57      2      0    .363   1.04   2.28   .546   .690   .347   2.60   .496   .002   1
   2 161005A  1963 2012     50      1      0    .386   1.20   3.01   .770   .627   .308   2.50   .473   .019   1
   3 171372A  1965 2013     49      1      1    .232    .98   3.79   .708   .739   .243   2.82   .474  -.116   1
   4 182198A  1994 2014     21      1      0    .417   1.16   2.48   .689   .791   .263   2.64   .586  -.163   2
   5 142391A  1967 2012     46      1      1    .146    .79   1.35   .279   .568   .296   2.54   .533  -.002   1
   6 182499A  1968 2007     40      1      1    .322   1.28   2.48   .529   .391   .304   2.66   .601  -.102   1
   7 171252A  1961 2017     57      2      1    .287    .65   1.83   .306   .472   .271   2.84   .559   .129   2
 --- -------- ---------  -----  -----  -----   ------ -----  -----  -----  -----  -----  -----  -----  -----  --
 Total or mean:            320      9      4    .299    .99   3.79   .532   .601   .293   2.84   .525  -.015

                                              - = [  COFECHA CECA COF  ] = -
