[]  Dendrochronology Program Library                                        Run FAGR   Program COF  14:36  Fri 15 Jun 2018  Page   1
[]
[]  P R O G R A M      C O F E C H A                                                                          Version 6.06P    30483
------------------------------------------------------------------------------------------------------------------------------------

 QUALITY CONTROL AND DATING CHECK OF TREE-RING MEASUREMENTS

 File of DATED series:   fagr_drop.rwl

 CONTENTS:

    Part 1:  Title page, options selected, summary, absent rings by series
    Part 2:  Histogram of time spans
    Part 3:  Master series with sample depth and absent rings by year
    Part 4:  Bar plot of Master Dating Series
    Part 5:  Correlation by segment of each series with Master
    Part 6:  Potential problems: low correlation, divergent year-to-year changes, absent rings, outliers
    Part 7:  Descriptive statistics

 RUN CONTROL OPTIONS SELECTED                             VALUE

         1  Cubic smoothing spline 50% wavelength cutoff for filtering
                                                            32 years
         2  Segments examined are                           50 years lagged successively by  10 years
         3  Autoregressive model applied                     A  Residuals are used in master dating series and testing
         4  Series transformed to logarithms                 Y  Each series log-transformed for master dating series and testing
         5  CORRELATION is Pearson (parametric, quantitative)
            Critical correlation, 99% confidence level   .3281
         6  Master dating series saved                       N
         7  Ring measurements listed                         N
         8  Parts printed                              1234567 
         9  Absent rings are omitted from master series and segment correlations  (Y)

 Time span of Master dating series is  1887 to  2009   123 years
 Continuous time span is               1887 to  2009   123 years
 Portion with two or more series is    1902 to  2009   108 years


                                        ****************************************
                                        *C* Number of dated series        81 *C*
                                        *O* Master series 1887 2009  123 yrs *O*
                                        *F* Total rings in all series   4323 *F*
                                        *E* Total dated rings checked   4308 *E*
                                        *C* Series intercorrelation     .460 *C*
                                        *H* Average mean sensitivity    .263 *H*
                                        *A* Segments, possible problems   18 *A*
                                        *** Mean length of series       53.4 ***
                                        ****************************************

 ABSENT RINGS listed by SERIES:            (See Master Dating Series for absent rings listed by year)

               No ring measurements of zero value
PART 2:  TIME PLOT OF TREE-RING SERIES:                                                            14:36  Fri 15 Jun 2018  Page   2
------------------------------------------------------------------------------------------------------------------------------------
 1050 1100 1150 1200 1250 1300 1350 1400 1450 1500 1550 1600 1650 1700 1750 1800 1850 1900 1950 2000 2050 Ident   Seq Time-span  Yrs
   :    :    :    :    :    :    :    :    :    :    :    :    :    :    :    :    :    :    :    :    : -------- --- ---- ---- ----
   .    .    .    .    .    .    .    .    .    .    .    .    .    .    .    .    .    .    <====>    . 60086      1 1954 2009   56
   .    .    .    .    .    .    .    .    .    .    .    .    .    .    .    .    .    .   <=====>    . 101100     2 1944 2007   64
   .    .    .    .    .    .    .    .    .    .    .    .    .    .    .    .    .    .   <=====>    . 60111      3 1940 2009   70
   .    .    .    .    .    .    .    .    .    .    .    .    .    .    .    .    .    .    .<===>    . 40479      4 1969 2009   41
   .    .    .    .    .    .    .    .    .    .    .    .    .    .    .    .    .    .  <======>    . 90658      5 1933 2009   77
   .    .    .    .    .    .    .    .    .    .    .    .    .    .    .    .    .    .    . <==>    . 40485      6 1973 2009   37
   .    .    .    .    .    .    .    .    .    .    .    .    .    .    .    .    .    .   <=====>    . 90062      7 1948 2009   62
   .    .    .    .    .    .    .    .    .    .    .    .    .    .    .    .    .    .   <=====>    . 111208     8 1940 2009   70
   .    .    .    .    .    .    .    .    .    .    .    .    .    .    .    .    .    .    <====>    . 70182      9 1951 2009   59
   .    .    .    .    .    .    .    .    .    .    .    .    .    .    .    .    .    .    . <==>    . 100956    10 1971 2007   37
   .    .    .    .    .    .    .    .    .    .    .    .    .    .    .    .    .    . <=======>    . 90616     11 1921 2006   86
   .    .    .    .    .    .    .    .    .    .    .    .    .    .    .    .    .    .    <====>    . 40549     12 1951 2009   59
   .    .    .    .    .    .    .    .    .    .    .    .    .    .    .    .    .    .   <=====>    . 90278     13 1946 2005   60
   .    .    .    .    .    .    .    .    .    .    .    .    .    .    .    .    .    .   <=====>    . 50340     14 1944 2009   66
   .    .    .    .    .    .    .    .    .    .    .    .    .    .    .    .    .    .    .<===>    . 110795    15 1966 2009   44
   .    .    .    .    .    .    .    .    .    .    .    .    .    .    .    .    .    .    .<===>    . 60339     16 1964 2009   46
   .    .    .    .    .    .    .    .    .    .    .    .    .    .    .    .    .    .    <====>    . 110797    17 1954 2009   56
   .    .    .    .    .    .    .    .    .    .    .    .    .    .    .    .    .    .    <====>    . 90121     18 1954 2009   56
   .    .    .    .    .    .    .    .    .    .    .    .    .    .    .    .    .    . <=======>    . 40554     19 1928 2009   82
   .    .    .    .    .    .    .    .    .    .    .    .    .    .    .    .    .    .    .<===>    . 50299     20 1964 2009   46
   .    .    .    .    .    .    .    .    .    .    .    .    .    .    .    .    .    .    . <==>    . 60145     21 1971 2009   39
   .    .    .    .    .    .    .    .    .    .    .    .    .    .    .    .    .    .    .<===>    . 90276     22 1960 2009   50
   .    .    .    .    .    .    .    .    .    .    .    .    .    .    .    .    .    .    .<===>    . 40480     23 1963 2009   47
   .    .    .    .    .    .    .    .    .    .    .    .    .    .    .    .    .    .    <====>    . 90567     24 1950 2008   59
   .    .    .    .    .    .    .    .    .    .    .    .    .    .    .    .    .    .    .<===>    . 182695    25 1963 2009   47
   .    .    .    .    .    .    .    .    .    .    .    .    .    .    .    .    .    .    .  <=>    . 10194     26 1983 2009   27
   .    .    .    .    .    .    .    .    .    .    .    .    .    .    .    .    .    .    .<===>    . 171306    27 1969 2009   41
   .    .    .    .    .    .    .    .    .    .    .    .    .    .    .    .    .    .    . <==>    . 12032     28 1975 2005   31
   .    .    .    .    .    .    .    .    .    .    .    .    .    .    .    .    .    .    .<===>    . 190635    29 1969 2009   41
   .    .    .    .    .    .    .    .    .    .    .    .    .    .    .    .    .    .    <====>    . 150911    30 1959 2009   51
   .    .    .    .    .    .    .    .    .    .    .    .    .    .    .    .    .    .    .<===>    . 151140    31 1963 2009   47
   .    .    .    .    .    .    .    .    .    .    .    .    .    .    .    .    .    .    . <==>    . 160760    32 1974 2008   35
   .    .    .    .    .    .    .    .    .    .    .    .    .    .    .    .    .    .    .<===>    . 151123    33 1961 2009   49
   .    .    .    .    .    .    .    .    .    .    .    .    .    .    .    .    .    .    <====>    . 152529    34 1955 2009   55
   .    .    .    .    .    .    .    .    .    .    .    .    .    .    .    .    .    .    <====>    . 10619     35 1959 2009   51
   .    .    .    .    .    .    .    .    .    .    .    .    .    .    .    .    .    .    . <==>    . 20820     36 1971 2009   39
   .    .    .    .    .    .    .    .    .    .    .    .    .    .    .    .    .    .    <====>    . 60426     37 1954 2009   56
   .    .    .    .    .    .    .    .    .    .    .    .    .    .    .    .    .    .    <====>    . 70018     38 1958 2009   52
   .    .    .    .    .    .    .    .    .    .    .    .    .    .    .    .    .    .    .<===>    . 10675     39 1960 2009   50
   .    .    .    .    .    .    .    .    .    .    .    .    .    .    .    .    .    .    <====>    . 50559     40 1955 2009   55
   .    .    .    .    .    .    .    .    .    .    .    .    .    .    .    .    .    .    <====>    . 52130     41 1959 2009   51
   .    .    .    .    .    .    .    .    .    .    .    .    .    .    .    .    .    .    <====>    . 102157    42 1951 2009   59
   .    .    .    .    .    .    .    .    .    .    .    .    .    .    .    .    .    .    .<===>    . 50652     43 1967 2009   43
   .    .    .    .    .    .    .    .    .    .    .    .    .    .    .    .    .    . <=======>    . 40873     44 1920 2009   90
   .    .    .    .    .    .    .    .    .    .    .    .    .    .    .    .    .    .    <====>    . 52010     45 1956 2009   54
   .    .    .    .    .    .    .    .    .    .    .    .    .    .    .    .    .    .    .<===>    . 30483     46 1968 2009   42
   .    .    .    .    .    .    .    .    .    .    .    .    .    .    .    .    .    .    <====>    . 50557     47 1955 2009   55
   .    .    .    .    .    .    .    .    .    .    .    .    .    .    .    .    .    .   <=====>    . 60486     48 1948 2008   61
   .    .    .    .    .    .    .    .    .    .    .    .    .    .    .    .    .    .    .<===>    . 60467     49 1962 2009   48
   .    .    .    .    .    .    .    .    .    .    .    .    .    .    .    .    .    .    <====>    . 50563     50 1954 2009   56
   :    :    :    :    :    :    :    :    :    :    :    :    :    :    :    :    :    :    :    :    :
 1050 1100 1150 1200 1250 1300 1350 1400 1450 1500 1550 1600 1650 1700 1750 1800 1850 1900 1950 2000 2050
PART 2:  TIME PLOT OF TREE-RING SERIES:                                                            14:36  Fri 15 Jun 2018  Page   3
------------------------------------------------------------------------------------------------------------------------------------
 1050 1100 1150 1200 1250 1300 1350 1400 1450 1500 1550 1600 1650 1700 1750 1800 1850 1900 1950 2000 2050 Ident   Seq Time-span  Yrs
   :    :    :    :    :    :    :    :    :    :    :    :    :    :    :    :    :    :    :    :    : -------- --- ---- ---- ----
   .    .    .    .    .    .    .    .    .    .    .    .    .    .    .    .    .    .  <======>    . 40563     51 1932 2009   78
   .    .    .    .    .    .    .    .    .    .    .    .    .    .    .    .    .    .    .<===>    . 20693     52 1967 2009   43
   .    .    .    .    .    .    .    .    .    .    .    .    .    .    .    .    .    .  <======>    . 30333     53 1930 2009   80
   .    .    .    .    .    .    .    .    .    .    .    .    .    .    .    .    .    .    <====>    . 92562     54 1953 2009   57
   .    .    .    .    .    .    .    .    .    .    .    .    .    .    .    .    .    .    . <==>    . 20627     55 1977 2009   33
   .    .    .    .    .    .    .    .    .    .    .    .    .    .    .    .    .    .    . <==>    . 10664     56 1974 2009   36
   .    .    .    .    .    .    .    .    .    .    .    .    .    .    .    .    .    .    . <==>    . 40585     57 1979 2009   31
   .    .    .    .    .    .    .    .    .    .    .    .    .    .    .    .    .    .    . <==>    . 101150    58 1975 2009   35
   .    .    .    .    .    .    .    .    .    .    .    .    .    .    .    .    .    .    <====>    . 150941    59 1954 2009   56
   .    .    .    .    .    .    .    .    .    .    .    .    .    .    .    .    .    .    .<===>    . 20847     60 1968 2009   42
   .    .    .    .    .    .    .    .    .    .    .    .    .    .    .    .    .    <=========>    . 30233     61 1902 2008  107
   .    .    .    .    .    .    .    .    .    .    .    .    .    .    .    .    .    .    .<===>    . 40536     62 1964 2009   46
   .    .    .    .    .    .    .    .    .    .    .    .    .    .    .    .    .    .    <====>    . 40493     63 1953 2009   57
   .    .    .    .    .    .    .    .    .    .    .    .    .    .    .    .    .    .    <====>    . 60129     64 1952 2009   58
   .    .    .    .    .    .    .    .    .    .    .    .    .    .    .    .    .    .    <====>    . 50330     65 1958 2009   52
   .    .    .    .    .    .    .    .    .    .    .    .    .    .    .    .    .    .    <====>    . 30214     66 1950 2009   60
   .    .    .    .    .    .    .    .    .    .    .    .    .    .    .    .    .    .    <====>    . 132532    67 1952 2007   56
   .    .    .    .    .    .    .    .    .    .    .    .    .    .    .    .    .    .    <====>    . 50301     68 1958 2007   50
   .    .    .    .    .    .    .    .    .    .    .    .    .    .    .    .    .    .    . <==>    . 152661    69 1970 2009   40
   .    .    .    .    .    .    .    .    .    .    .    .    .    .    .    .    .    .    <====>    . 111171    70 1950 2009   60
   .    .    .    .    .    .    .    .    .    .    .    .    .    .    .    .    .    .    .<===>    . 10743     71 1964 2009   46
   .    .    .    .    .    .    .    .    .    .    .    .    .    .    .    .    .    .    .<===>    . 40889     72 1962 2009   48
   .    .    .    .    .    .    .    .    .    .    .    .    .    .    .    .    .    .    .<===>    . 60295     73 1962 2009   48
   .    .    .    .    .    .    .    .    .    .    .    .    .    .    .    .    .    .    . <==>    . 30534     74 1979 2008   30
   .    .    .    .    .    .    .    .    .    .    .    .    .    .    .    .    .    .    .<===>    . 50433     75 1960 2006   47
   .    .    .    .    .    .    .    .    .    .    .    .    .    .    .    .    .    .   <=====>    . 10647     76 1942 2009   68
   .    .    .    .    .    .    .    .    .    .    .    .    .    .    .    .    .    .    .<===>    . 171150    77 1961 2000   40
   .    .    .    .    .    .    .    .    .    .    .    .    .    .    .    .    .    .    . <==>    . 70180     78 1977 2007   31
   .    .    .    .    .    .    .    .    .    .    .    .    .    .    .    .    .    .  <======>    . 10730     79 1936 2002   67
   .    .    .    .    .    .    .    .    .    .    .    .    .    .    .    .    .    .    <====>    . 30472     80 1954 2001   48
   .    .    .    .    .    .    .    .    .    .    .    .    .    .    .    .    .  <===========>    . 30421r    81 1887 2004  118
   :    :    :    :    :    :    :    :    :    :    :    :    :    :    :    :    :    :    :    :    :
 1050 1100 1150 1200 1250 1300 1350 1400 1450 1500 1550 1600 1650 1700 1750 1800 1850 1900 1950 2000 2050
PART 3:  Master Dating Series:                                                                     14:36  Fri 15 Jun 2018  Page   4
------------------------------------------------------------------------------------------------------------------------------------
  Year  Value  No Ab    Year  Value  No Ab    Year  Value  No Ab    Year  Value  No Ab    Year  Value  No Ab    Year  Value  No Ab
  ------------------    ------------------    ------------------    ------------------    ------------------    ------------------
                        1900   .255   1       1950   .696  20       2000  1.215  81
                        1901  1.839   1       1951   .039  23       2001   .556  80
                        1902   .621   2       1952  -.588  25       2002  -.128  79
                        1903  1.041   2       1953  -.375  27       2003   .656  78
                        1904  1.272   2       1954  -.213  34       2004  -.389  78
                        1905  1.150   2       1955  -.359  37       2005  -.264  77
                        1906  -.304   2       1956   .405  38       2006  -.384  75
                        1907  -.219   2       1957   .287  38       2007   .377  73
                        1908 -1.252   2       1958  1.093  41       2008  -.144  68
                        1909   .331   2       1959   .010  44       2009   .660  63

                        1910   .737   2       1960   .881  47
                        1911 -1.847   2       1961   .570  49
                        1912 -2.014   2       1962  -.152  52
                        1913 -1.408   2       1963   .047  55
                        1914   .538   2       1964 -1.143  59
                        1915  -.552   2       1965  -.516  59
                        1916  1.175   2       1966 -1.980  60
                        1917   .563   2       1967   .136  62
                        1918 -1.565   2       1968   .618  64
                        1919   .020   2       1969  1.312  67

                        1920   .022   3       1970   .003  68
                        1921   .920   4       1971  -.090  71
                        1922  1.658   4       1972   .284  71
                        1923  -.688   4       1973  -.267  72
                        1924   .785   4       1974  -.822  74
                        1925  -.032   4       1975 -1.270  76
                        1926 -1.705   4       1976  -.082  76
                        1927   .991   4       1977  -.788  78
                        1928  1.177   5       1978  -.128  78
                        1929  1.661   5       1979 -1.006  80

                        1930 -1.887   6       1980  2.070  80
                        1931  -.777   6       1981  1.488  80
                        1932 -1.300   7       1982  1.453  80
                        1933   .822   8       1983   .248  81
                        1934  -.085   8       1984   .278  81
                        1935   .014   8       1985   .138  81
                        1936   .530   9       1986   .167  81
  1887  -.413   1       1937  -.343   9       1987  -.523  81
  1888 -2.458   1       1938   .393   9       1988  -.384  81
  1889  2.390   1       1939  -.345   9       1989 -1.137  81

  1890  -.102   1       1940  -.103  11       1990  -.075  81
  1891  -.441   1       1941   .432  11       1991 -2.009  81
  1892  2.346   1       1942   .878  12       1992  -.196  81
  1893 -3.474   1       1943  -.799  12       1993   .537  81
  1894   .073   1       1944 -1.106  14       1994   .773  81
  1895   .701   1       1945  1.122  14       1995  -.723  81
  1896  -.035   1       1946   .972  15       1996   .531  81
  1897   .195   1       1947  -.106  15       1997   .427  81
  1898 -2.101   1       1948  -.115  17       1998  -.322  81
  1899  -.013   1       1949   .363  17       1999 -1.902  81
------------------------------------------------------------------------------------------------------------------------------------
PART 4:  Master Bar Plot:                                                                          14:36  Fri 15 Jun 2018  Page   5
------------------------------------------------------------------------------------------------------------------------------------
   Year Rel value  Year Rel value  Year Rel value  Year Rel value  Year Rel value  Year Rel value  Year Rel value  Year Rel value
                   1900------A     1950--------C   2000---------E
                   1901----------G 1951-----@      2001-------B
                   1902--------B   1952--b         2002----a
                   1903---------D  1953---b        2003--------C
                   1904---------E  1954---a        2004---b
                   1905---------E  1955---a        2005---a
                   1906---a        1956-------B    2006---b
                   1907---a        1957------A     2007------B
                   1908-e          1958---------D  2008----a
                   1909------A     1959-----@      2009--------C
                   1910--------C   1960---------D
                   1911g           1961-------B
                   1912h           1962----a
                   1913-f          1963-----@
                   1914-------B    1964-e
                   1915--b         1965--b
                   1916---------E  1966h
                   1917-------B    1967------A
                   1918f           1968--------B
                   1919-----@      1969---------E
                   1920-----@      1970-----@
                   1921---------D  1971----@
                   1922----------G 1972------A
                   1923--c         1973---a
                   1924--------C   1974-c
                   1925-----@      1975-e
                   1926g           1976----@
                   1927---------D  1977--c
                   1928---------E  1978----a
                   1929----------G 1979-d
                   1930h           1980----------H
                   1931--c         1981----------F
                   1932-e          1982----------F
                   1933--------C   1983------A
                   1934----@       1984------A
                   1935-----@      1985------A
                   1936-------B    1986------A
   1887--b         1937---a        1987--b
   1888j           1938------B     1988---b
   1889----------J 1939---a        1989-e
   1890----@       1940----@       1990----@
   1891--b         1941-------B    1991h
   1892----------I 1942---------D  1992----a
   1893n           1943--c         1993-------B
   1894-----@      1944-d          1994--------C
   1895--------C   1945---------D  1995--c
   1896-----@      1946---------D  1996-------B
   1897------A     1947----@       1997-------B
   1898h           1948----@       1998---a
   1899-----@      1949------A     1999h
PART 5:  CORRELATION OF SERIES BY SEGMENTS:                                                        14:36  Fri 15 Jun 2018  Page   5
------------------------------------------------------------------------------------------------------------------------------------
 Correlations of  50-year dated segments, lagged  10 years
 Flags:  A = correlation under   .3281 but highest as dated;  B = correlation higher at other than dated position

 Seq Series  Time_span   1900 1910 1920 1930 1940 1950 1960 1970 1980
                         1949 1959 1969 1979 1989 1999 2009 2019 2029
 --- -------- ---------  ---- ---- ---- ---- ---- ---- ---- ---- ---- ---- ---- ---- ---- ---- ---- ---- ---- ---- ---- ----
   1 60086    1954 2009                            .48  .44
   2 101100   1944 2007                       .43  .61  .60
   3 60111    1940 2009                       .24A .41  .40
   4 40479    1969 2009                                 .42
   5 90658    1933 2009                  .32A .37  .34  .31A
   6 40485    1973 2009                                      .56
   7 90062    1948 2009                       .56  .56  .59
   8 111208   1940 2009                       .23A .38  .41
   9 70182    1951 2009                            .40  .42
  10 100956   1971 2007                                      .56
  11 90616    1921 2006             .48  .44  .54  .59  .56
  12 40549    1951 2009                            .58  .49
  13 90278    1946 2005                       .69  .59  .61
  14 50340    1944 2009                       .45  .45  .43
  15 110795   1966 2009                                 .67
  16 60339    1964 2009                                 .32A
  17 110797   1954 2009                            .38  .41
  18 90121    1954 2009                            .51  .49
  19 40554    1928 2009             .61  .49  .43  .43  .34
  20 50299    1964 2009                                 .45
  21 60145    1971 2009                                      .39
  22 90276    1960 2009                                 .82
  23 40480    1963 2009                                 .69
  24 90567    1950 2008                            .62  .54
  25 182695   1963 2009                                 .42
  26 10194    1983 2009                                           .35
  27 171306   1969 2009                                 .35
  28 12032    1975 2005                                      .35
  29 190635   1969 2009                                 .46
  30 150911   1959 2009                            .58  .50
  31 151140   1963 2009                                 .52
  32 160760   1974 2008                                      .45
  33 151123   1961 2009                                 .47
  34 152529   1955 2009                            .52  .55
  35 10619    1959 2009                            .42  .40
  36 20820    1971 2009                                      .61
  37 60426    1954 2009                            .64  .66
  38 70018    1958 2009                            .64  .60
  39 10675    1960 2009                                 .62
  40 50559    1955 2009                            .55  .56
  41 52130    1959 2009                            .65  .61
  42 102157   1951 2009                            .54  .50
  43 50652    1967 2009                                 .45
  44 40873    1920 2009             .53  .48  .52  .65  .71
  45 52010    1956 2009                            .52  .51
  46 30483    1968 2009                                 .57
  47 50557    1955 2009                            .34  .35
  48 60486    1948 2008                       .50  .57  .66
  49 60467    1962 2009                                 .25A
  50 50563    1954 2009                            .16B .25A
  51 40563    1932 2009                  .48  .58  .46  .44
  52 20693    1967 2009                                 .43
  53 30333    1930 2009                  .36  .49  .60  .62
  54 92562    1953 2009                            .32A .36
  55 20627    1977 2009                                      .53
  56 10664    1974 2009                                      .71
  57 40585    1979 2009                                      .69
  58 101150   1975 2009                                      .46
  59 150941   1954 2009                            .62  .60
  60 20847    1968 2009                                 .41
  61 30233    1902 2008   .33  .45  .53  .45  .30A .37  .34
  62 40536    1964 2009                                 .46
  63 40493    1953 2009                            .61  .56
  64 60129    1952 2009                            .42  .43
  65 50330    1958 2009                            .72  .70
  66 30214    1950 2009                            .40  .42
  67 132532   1952 2007                            .46  .44
  68 50301    1958 2007                            .63
  69 152661   1970 2009                                      .55
  70 111171   1950 2009                            .40  .36
  71 10743    1964 2009                                 .58
  72 40889    1962 2009                                 .60
  73 60295    1962 2009                                 .34
  74 30534    1979 2008                                      .19A
  75 50433    1960 2006                                 .26A
  76 10647    1942 2009                       .20B .39  .38
  77 171150   1961 2000                                 .29B
  78 70180    1977 2007                                      .30A
  79 10730    1936 2002                  .58  .59  .67  .69
  80 30472    1954 2001                            .32A
  81 30421r   1887 2004   .35  .47  .43  .34  .29A .33  .23A
 Av segment correlation   .34  .46  .52  .44  .44  .50  .48  .49  .35
PART 6:  POTENTIAL PROBLEMS:                                                                       14:36  Fri 15 Jun 2018  Page   6
------------------------------------------------------------------------------------------------------------------------------------

 For each series with potential problems the following diagnostics may appear:

 [A] Correlations with master dating series of flagged  50-year segments of series filtered with  32-year spline,
     at every point from ten years earlier (-10) to ten years later (+10) than dated

 [B] Effect of those data values which most lower or raise correlation with master series
     Symbol following year indicates value in series is greater (>) or lesser (<) than master series value

 [C] Year-to-year changes very different from the mean change in other series

 [D] Absent rings (zero values)

 [E] Values which are statistical outliers from mean for the year
====================================================================================================================================

 60086     1954 to  2009      56 years                                                                                    Series   1

 [B] Entire series, effect on correlation (  .422) is:
       Lower   2006< -.060   1966> -.028   1970> -.024   1976< -.020   1979> -.018   2004> -.014  Higher   1999  .099   1980  .036

====================================================================================================================================

 101100    1944 to  2007      64 years                                                                                    Series   2

 [B] Entire series, effect on correlation (  .540) is:
       Lower   1991> -.051   1945< -.036   2000< -.029   1964> -.021   1948> -.018   1993< -.015  Higher   1999  .074   1980  .029

====================================================================================================================================

 60111     1940 to  2009      70 years                                                                                    Series   3

 [A] Segment   High   -10   -9   -8   -7   -6   -5   -4   -3   -2   -1   +0   +1   +2   +3   +4   +5   +6   +7   +8   +9  +10
    ---------  ----   ---  ---  ---  ---  ---  ---  ---  ---  ---  ---  ---  ---  ---  ---  ---  ---  ---  ---  ---  ---  ---
    1940 1989    0   -.07  .06  .03  .01 -.08  .10  .02 -.03  .08 -.04  .24* .12  .01 -.23  .21 -.05 -.17 -.31 -.07 -.13 -.27

 [B] Entire series, effect on correlation (  .325) is:
       Lower   1964> -.034   1946< -.033   1991> -.029   1998> -.019   1992< -.017   1947> -.017  Higher   1999  .121   1966  .058
     1940 to 1989 segment:
       Lower   1946< -.057   1964> -.054   1947> -.027   1942< -.026   1979> -.019   1980< -.019  Higher   1966  .129   1945  .031

====================================================================================================================================

 40479     1969 to  2009      41 years                                                                                    Series   4

 [B] Entire series, effect on correlation (  .415) is:
       Lower   2007< -.059   1995> -.042   1989> -.031   1984< -.027   1974> -.026   1997< -.014  Higher   1980  .045   1991  .044

====================================================================================================================================

 90658     1933 to  2009      77 years                                                                                    Series   5

 [A] Segment   High   -10   -9   -8   -7   -6   -5   -4   -3   -2   -1   +0   +1   +2   +3   +4   +5   +6   +7   +8   +9  +10
    ---------  ----   ---  ---  ---  ---  ---  ---  ---  ---  ---  ---  ---  ---  ---  ---  ---  ---  ---  ---  ---  ---  ---
    1933 1982    0   -.13  .14 -.13 -.11  .00  .01  .15 -.26  .01  .10  .32*-.12 -.11 -.12  .10 -.32 -.16 -.11 -.12 -.09 -.02
    - - - - - - - - - - - - - - - - - - - - - - - - - - - - - - - - - - - - - - - - - - - - - - - - - - - - - - - - - - - - -
    1960 2009    0   -.01  .24  .12 -.13  .02 -.08  .21 -.16  .22  .08  .31*   -    -    -    -    -    -    -    -    -    -

 [B] Entire series, effect on correlation (  .252) is:
       Lower   2000< -.034   1936< -.033   1989> -.028   1997< -.020   1935> -.018   2004> -.018  Higher   1999  .049   1975  .034
     1933 to 1982 segment:
       Lower   1936< -.050   1935> -.035   1934> -.026   1960< -.022   1945< -.021   1982< -.018  Higher   1975  .051   1966  .034
     1960 to 2009 segment:
       Lower   2000< -.050   1989> -.040   1997< -.033   2004> -.025   1960< -.023   1996< -.022  Higher   1999  .063   1991  .034

====================================================================================================================================

 40485     1973 to  2009      37 years                                                                                    Series   6

 [B] Entire series, effect on correlation (  .557) is:
       Lower   2004< -.059   1995> -.051   2003< -.025   2002> -.019   2005> -.018   2006> -.009  Higher   1980  .032   2000  .030

====================================================================================================================================

 90062     1948 to  2009      62 years                                                                                    Series   7

 [B] Entire series, effect on correlation (  .575) is:
       Lower   1994< -.034   1979> -.020   1991> -.016   1961< -.013   2007< -.013   1998> -.013  Higher   1966  .074   1980  .026

====================================================================================================================================

 111208    1940 to  2009      70 years                                                                                    Series   8

 [A] Segment   High   -10   -9   -8   -7   -6   -5   -4   -3   -2   -1   +0   +1   +2   +3   +4   +5   +6   +7   +8   +9  +10
    ---------  ----   ---  ---  ---  ---  ---  ---  ---  ---  ---  ---  ---  ---  ---  ---  ---  ---  ---  ---  ---  ---  ---
    1940 1989    0    .14  .01  .03 -.12  .09 -.13  .12 -.03 -.16 -.05  .23* .16  .08  .05  .17  .02 -.04 -.11 -.10 -.27 -.18

 [B] Entire series, effect on correlation (  .301) is:
       Lower   1999> -.037   1947< -.029   1966> -.021   1968< -.019   1955> -.017   2002> -.016  Higher   1991  .052   1980  .039
     1940 to 1989 segment:
       Lower   1966> -.029   1947< -.028   1968< -.026   1955> -.026   1977> -.025   1944> -.018  Higher   1980  .070   1989  .027

====================================================================================================================================

 70182     1951 to  2009      59 years                                                                                    Series   9

 [B] Entire series, effect on correlation (  .412) is:
       Lower   1981< -.060   1999> -.038   1976< -.019   1975> -.015   1969< -.015   1974< -.013  Higher   1991  .048   2000  .037

====================================================================================================================================

 100956    1971 to  2007      37 years                                                                                    Series  10

 [B] Entire series, effect on correlation (  .564) is:
       Lower   2004< -.071   1977> -.051   1999> -.025   1971< -.015   1984< -.014   1986< -.014  Higher   1980  .053   2000  .042

====================================================================================================================================

 90616     1921 to  2006      86 years                                                                                    Series  11

 [B] Entire series, effect on correlation (  .505) is:
       Lower   1942< -.018   1969< -.018   2001< -.014   1941< -.013   1924< -.011   1930> -.011  Higher   1980  .028   1991  .026

====================================================================================================================================

 40549     1951 to  2009      59 years                                                                                    Series  12

 [B] Entire series, effect on correlation (  .500) is:
       Lower   2009< -.044   1977> -.023   2008> -.021   1999> -.014   1971< -.011   1967< -.011  Higher   2000  .023   1989  .018

====================================================================================================================================

 90278     1946 to  2005      60 years                                                                                    Series  13

 [B] Entire series, effect on correlation (  .587) is:
       Lower   1996< -.063   1999> -.035   1960< -.018   1957< -.016   1977> -.015   1950< -.013  Higher   1966  .066   1991  .052

====================================================================================================================================

 50340     1944 to  2009      66 years                                                                                    Series  14

 [B] Entire series, effect on correlation (  .378) is:
       Lower   1950< -.037   1996< -.032   2007< -.028   2004> -.023   1960< -.019   1947> -.018  Higher   1991  .072   1980  .029

====================================================================================================================================

 110795    1966 to  2009      44 years                                                                                    Series  15

 [B] Entire series, effect on correlation (  .668) is:
       Lower   1985< -.036   1993< -.030   1977> -.021   1974> -.019   2007< -.017   2002> -.017  Higher   1966  .061   1980  .027

====================================================================================================================================

 60339     1964 to  2009      46 years                                                                                    Series  16

 [A] Segment   High   -10   -9   -8   -7   -6   -5   -4   -3   -2   -1   +0   +1   +2   +3   +4   +5   +6   +7   +8   +9  +10
    ---------  ----   ---  ---  ---  ---  ---  ---  ---  ---  ---  ---  ---  ---  ---  ---  ---  ---  ---  ---  ---  ---  ---
    1964 2009    0    .15  .06 -.20 -.01 -.08 -.09  .14  .10 -.22 -.15  .32*   -    -    -    -    -    -    -    -    -    -

 [B] Entire series, effect on correlation (  .322) is:
       Lower   1969< -.141   1966> -.048   1964> -.036   2008< -.022   1999> -.021   2009< -.007  Higher   1980  .077   2000  .034
     1964 to 2009 segment:
       Lower   1969< -.141   1966> -.048   1964> -.036   2008< -.022   1999> -.021   2009< -.007  Higher   1980  .077   2000  .034

====================================================================================================================================

 110797    1954 to  2009      56 years                                                                                    Series  17

 [B] Entire series, effect on correlation (  .370) is:
       Lower   1961< -.058   1955< -.043   1977> -.030   1998> -.019   1995> -.016   2008> -.013  Higher   1969  .025   1991  .022

====================================================================================================================================

 90121     1954 to  2009      56 years                                                                                    Series  18

 [B] Entire series, effect on correlation (  .471) is:
       Lower   1965< -.069   2008> -.024   1995> -.018   2003< -.017   1966> -.016   2007< -.015  Higher   1991  .073   1964  .020

====================================================================================================================================

 40554     1928 to  2009      82 years                                                                                    Series  19

 [B] Entire series, effect on correlation (  .399) is:
       Lower   1978< -.068   2000< -.049   1999> -.024   1984< -.019   2003< -.017   1934> -.013  Higher   1966  .061   1930  .048

 [C] Year-to-year changes diverging by over 4.0 std deviations:
       1999 2000  -4.3 SD

 [E] Outliers     1   3.0 SD above or -4.5 SD below mean for year
       1978 -4.5 SD
====================================================================================================================================

 50299     1964 to  2009      46 years                                                                                    Series  20

 [B] Entire series, effect on correlation (  .447) is:
       Lower   2004< -.138   1964> -.040   1969< -.024   1998> -.010   1984< -.009   1979> -.008  Higher   1980  .065   2000  .029

 [E] Outliers     1   3.0 SD above or -4.5 SD below mean for year
       2004 -5.6 SD
====================================================================================================================================

 60145     1971 to  2009      39 years                                                                                    Series  21

 [B] Entire series, effect on correlation (  .393) is:
       Lower   1982< -.138   2003< -.030   1983> -.027   2000< -.021   2008> -.019   2006> -.016  Higher   1999  .145   1995  .041

 [C] Year-to-year changes diverging by over 4.0 std deviations:
       1982 1983   4.4 SD

 [E] Outliers     1   3.0 SD above or -4.5 SD below mean for year
       1983 +3.1 SD
====================================================================================================================================

 90276     1960 to  2009      50 years                                                                                    Series  22

 [B] Entire series, effect on correlation (  .817) is:
       Lower   2008> -.031   1980< -.015   1988< -.013   2007< -.008   1965< -.008   1986< -.007  Higher   1999  .028   1966  .026

====================================================================================================================================

 40480     1963 to  2009      47 years                                                                                    Series  23

 [B] Entire series, effect on correlation (  .693) is:
       Lower   1967< -.019   1989> -.018   2006< -.016   1999> -.015   2009< -.013   1968< -.012  Higher   1991  .054   1980  .034

====================================================================================================================================

 90567     1950 to  2008      59 years                                                                                    Series  24

 [B] Entire series, effect on correlation (  .505) is:
       Lower   2001< -.087   1955< -.035   1966> -.016   2002> -.014   2006> -.013   1991> -.011  Higher   1999  .068   1964  .022

====================================================================================================================================

 182695    1963 to  2009      47 years                                                                                    Series  25

 [B] Entire series, effect on correlation (  .417) is:
       Lower   1994< -.195   1989> -.021   1999> -.018   1995> -.016   2007< -.014   1990< -.011  Higher   2000  .045   1991  .033

====================================================================================================================================

 10194     1983 to  2009      27 years                                                                                    Series  26

 [B] Entire series, effect on correlation (  .349) is:
       Lower   2009< -.215   1997< -.050   1986< -.029   1987> -.025   2004> -.022   1995> -.020  Higher   1999  .133   1991  .128

====================================================================================================================================

 171306    1969 to  2009      41 years                                                                                    Series  27

 [B] Entire series, effect on correlation (  .353) is:
       Lower   1996< -.071   1969< -.058   1999> -.047   2007< -.044   1989> -.036   1993< -.019  Higher   1991  .176   1995  .035

====================================================================================================================================

 12032     1975 to  2005      31 years                                                                                    Series  28

 [B] Entire series, effect on correlation (  .351) is:
       Lower   1999> -.146   1975> -.036   1988> -.015   1985< -.012   2003< -.012   1977> -.011  Higher   1991  .049   1989  .046

 [E] Outliers     1   3.0 SD above or -4.5 SD below mean for year
       1999 +3.6 SD
====================================================================================================================================

 190635    1969 to  2009      41 years                                                                                    Series  29

 [B] Entire series, effect on correlation (  .460) is:
       Lower   1982< -.039   1984< -.035   1995> -.029   1979> -.020   1977> -.020   2009< -.020  Higher   1991  .053   1980  .049

====================================================================================================================================

 150911    1959 to  2009      51 years                                                                                    Series  30

 [B] Entire series, effect on correlation (  .493) is:
       Lower   2009< -.090   1977> -.021   1999> -.021   1986< -.017   1998> -.017   1961< -.016  Higher   1991  .060   1966  .048

====================================================================================================================================

 151140    1963 to  2009      47 years                                                                                    Series  31

 [B] Entire series, effect on correlation (  .518) is:
       Lower   1990< -.045   2002< -.024   2004> -.022   1998> -.017   1966> -.017   1973< -.016  Higher   1980  .041   1969  .027

====================================================================================================================================

 160760    1974 to  2008      35 years                                                                                    Series  32

 [B] Entire series, effect on correlation (  .454) is:
       Lower   1997< -.056   1974> -.040   1991> -.035   2002> -.022   1992< -.018   1998> -.013  Higher   1999  .085   1980  .030

====================================================================================================================================

 151123    1961 to  2009      49 years                                                                                    Series  33

 [B] Entire series, effect on correlation (  .472) is:
       Lower   1999> -.063   1998> -.032   1993< -.025   1994< -.015   1965> -.014   1962< -.012  Higher   1980  .062   1964  .031

 [E] Outliers     2   3.0 SD above or -4.5 SD below mean for year
       1998 +3.0 SD;    1999 +3.1 SD
====================================================================================================================================

 152529    1955 to  2009      55 years                                                                                    Series  34

 [B] Entire series, effect on correlation (  .522) is:
       Lower   1995> -.034   1979> -.026   1997< -.020   1974< -.019   1993< -.014   1994< -.013  Higher   1991  .078   1999  .042

====================================================================================================================================

 10619     1959 to  2009      51 years                                                                                    Series  35

 [B] Entire series, effect on correlation (  .397) is:
       Lower   1964> -.049   1965< -.040   1999> -.039   1990< -.038   1968< -.022   2009< -.021  Higher   1980  .066   2000  .033

 [E] Outliers     1   3.0 SD above or -4.5 SD below mean for year
       1964 +3.0 SD
====================================================================================================================================

 20820     1971 to  2009      39 years                                                                                    Series  36

 [B] Entire series, effect on correlation (  .611) is:
       Lower   2008> -.038   2000< -.024   2002> -.023   1991> -.018   2009< -.016   1971< -.014  Higher   1999  .107   1980  .054

====================================================================================================================================

 60426     1954 to  2009      56 years                                                                                    Series  37

 [B] Entire series, effect on correlation (  .639) is:
       Lower   1978< -.066   1961< -.027   1970> -.020   2008> -.015   1956< -.015   2003< -.013  Higher   1991  .033   1966  .030

====================================================================================================================================

 70018     1958 to  2009      52 years                                                                                    Series  38

 [B] Entire series, effect on correlation (  .605) is:
       Lower   1964> -.054   1970< -.044   2009< -.029   1995> -.023   1967< -.013   1974> -.012  Higher   1999  .048   1966  .040

====================================================================================================================================

 10675     1960 to  2009      50 years                                                                                    Series  39

 [B] Entire series, effect on correlation (  .619) is:
       Lower   2005< -.044   1995> -.040   1968< -.018   1975> -.013   1974> -.012   2000< -.011  Higher   1991  .073   1999  .029

====================================================================================================================================

 50559     1955 to  2009      55 years                                                                                    Series  40

 [B] Entire series, effect on correlation (  .546) is:
       Lower   1980< -.041   1995> -.027   1955> -.021   1975> -.021   1987> -.019   1969< -.013  Higher   1991  .079   1999  .067

 [E] Outliers     1   3.0 SD above or -4.5 SD below mean for year
       1972 +3.2 SD
====================================================================================================================================

 52130     1959 to  2009      51 years                                                                                    Series  41

 [B] Entire series, effect on correlation (  .601) is:
       Lower   2009< -.053   1970< -.053   1992< -.038   2008> -.021   2001< -.011   1959> -.009  Higher   1966  .040   1980  .023

====================================================================================================================================

 102157    1951 to  2009      59 years                                                                                    Series  42

 [B] Entire series, effect on correlation (  .496) is:
       Lower   2002< -.047   1980< -.042   1975> -.020   1998> -.018   1970> -.016   1964> -.014  Higher   1991  .068   1999  .041

====================================================================================================================================

 50652     1967 to  2009      43 years                                                                                    Series  43

 [B] Entire series, effect on correlation (  .454) is:
       Lower   1994< -.028   1970< -.027   1974> -.023   1975> -.023   1996< -.014   1993< -.013  Higher   1982  .031   1995  .022

====================================================================================================================================

 40873     1920 to  2009      90 years                                                                                    Series  44

 [B] Entire series, effect on correlation (  .605) is:
       Lower   1958< -.021   1957< -.021   1934< -.016   2003< -.015   2004> -.015   1948> -.012  Higher   1999  .040   1966  .021

====================================================================================================================================

 52010     1956 to  2009      54 years                                                                                    Series  45

 [B] Entire series, effect on correlation (  .511) is:
       Lower   1969< -.057   1980< -.030   1979> -.026   1984< -.021   2003< -.017   1985< -.011  Higher   1999  .096   1981  .016

====================================================================================================================================

 30483     1968 to  2009      42 years                                                                                    Series  46

 [B] Entire series, effect on correlation (  .570) is:
       Lower   1979> -.055   1975> -.053   2005> -.031   1971< -.026   1978> -.012   1981< -.009  Higher   1999  .091   1991  .066

 [E] Outliers     2   3.0 SD above or -4.5 SD below mean for year
       1979 +3.0 SD;    2005 +3.1 SD
====================================================================================================================================

 50557     1955 to  2009      55 years                                                                                    Series  47

 [B] Entire series, effect on correlation (  .344) is:
       Lower   1980< -.059   1966> -.052   1970> -.024   1994< -.018   1960< -.017   1989> -.015  Higher   1964  .050   1999  .035

====================================================================================================================================

 60486     1948 to  2008      61 years                                                                                    Series  48

 [B] Entire series, effect on correlation (  .594) is:
       Lower   1967< -.077   1954< -.061   1995> -.013   1979> -.010   1973> -.009   1989> -.008  Higher   1991  .064   1999  .059

====================================================================================================================================

 60467     1962 to  2009      48 years                                                                                    Series  49

 [A] Segment   High   -10   -9   -8   -7   -6   -5   -4   -3   -2   -1   +0   +1   +2   +3   +4   +5   +6   +7   +8   +9  +10
    ---------  ----   ---  ---  ---  ---  ---  ---  ---  ---  ---  ---  ---  ---  ---  ---  ---  ---  ---  ---  ---  ---  ---
    1962 2009    0   -.01 -.19 -.02 -.32 -.08  .03 -.18 -.06  .02  .06  .25*   -    -    -    -    -    -    -    -    -    -

 [B] Entire series, effect on correlation (  .248) is:
       Lower   1967< -.059   2007< -.024   1966> -.014   1975> -.014   1996< -.011   1991> -.011  Higher   1989  .043   2000  .022
     1962 to 2009 segment:
       Lower   1967< -.059   2007< -.024   1966> -.014   1975> -.014   1996< -.011   1991> -.011  Higher   1989  .043   2000  .022

====================================================================================================================================

 50563     1954 to  2009      56 years                                                                                    Series  50

 [A] Segment   High   -10   -9   -8   -7   -6   -5   -4   -3   -2   -1   +0   +1   +2   +3   +4   +5   +6   +7   +8   +9  +10
    ---------  ----   ---  ---  ---  ---  ---  ---  ---  ---  ---  ---  ---  ---  ---  ---  ---  ---  ---  ---  ---  ---  ---
    1954 2003    2    .12  .05  .09 -.05 -.05  .02  .00 -.15 -.36  .04  .16|-.21  .16* .12  .14 -.24  .03    -    -    -    -
    1960 2009    0    .05  .06  .02  .00  .01  .12 -.11 -.19 -.30  .01  .25*   -    -    -    -    -    -    -    -    -    -

 [B] Entire series, effect on correlation (  .187) is:
       Lower   1991> -.112   1966> -.043   1958< -.040   1998> -.019   1984< -.017   1992< -.011  Higher   1969  .047   1980  .038
     1954 to 2003 segment:
       Lower   1991> -.124   1966> -.046   1958< -.043   1998> -.021   1984< -.018   1992< -.012  Higher   1969  .055   1980  .046
     1960 to 2009 segment:
       Lower   1991> -.124   1966> -.048   1984< -.022   1998> -.020   1992< -.015   1971< -.011  Higher   1969  .046   1980  .035

 [E] Outliers     1   3.0 SD above or -4.5 SD below mean for year
       1991 +4.2 SD
====================================================================================================================================

 40563     1932 to  2009      78 years                                                                                    Series  51

 [B] Entire series, effect on correlation (  .381) is:
       Lower   1999> -.059   1993< -.028   1935< -.028   1934> -.024   1968< -.023   1943> -.022  Higher   1966  .058   1980  .037

====================================================================================================================================

 20693     1967 to  2009      43 years                                                                                    Series  52

 [B] Entire series, effect on correlation (  .425) is:
       Lower   1977> -.078   1990< -.041   2004> -.033   1967< -.027   2000< -.025   1969< -.014  Higher   1999  .064   1995  .039

 [E] Outliers     1   3.0 SD above or -4.5 SD below mean for year
       1977 +4.1 SD
====================================================================================================================================

 30333     1930 to  2009      80 years                                                                                    Series  53

 [B] Entire series, effect on correlation (  .510) is:
       Lower   1966> -.031   1944> -.022   1938< -.019   1931> -.018   1947> -.015   2002< -.013  Higher   1980  .033   2000  .018

====================================================================================================================================

 92562     1953 to  2009      57 years                                                                                    Series  54

 [A] Segment   High   -10   -9   -8   -7   -6   -5   -4   -3   -2   -1   +0   +1   +2   +3   +4   +5   +6   +7   +8   +9  +10
    ---------  ----   ---  ---  ---  ---  ---  ---  ---  ---  ---  ---  ---  ---  ---  ---  ---  ---  ---  ---  ---  ---  ---
    1953 2002    0    .13  .00  .09 -.15 -.01 -.19  .05 -.22  .22 -.22  .32*-.07 -.16 -.01 -.05  .08 -.12  .13    -    -    -

 [B] Entire series, effect on correlation (  .324) is:
       Lower   2001< -.117   1966> -.041   1995> -.028   1986< -.015   2002> -.013   1953> -.013  Higher   1980  .039   1999  .035
     1953 to 2002 segment:
       Lower   2001< -.123   1966> -.043   1995> -.029   1986< -.016   2002> -.013   1953> -.013  Higher   1980  .042   1999  .036

 [E] Outliers     1   3.0 SD above or -4.5 SD below mean for year
       2001 -5.2 SD
====================================================================================================================================

 20627     1977 to  2009      33 years                                                                                    Series  55

 [B] Entire series, effect on correlation (  .534) is:
       Lower   2002< -.053   1977> -.044   1991> -.040   1995> -.027   2004> -.014   2005> -.008  Higher   1999  .072   1989  .026

====================================================================================================================================

 10664     1974 to  2009      36 years                                                                                    Series  56

 [B] Entire series, effect on correlation (  .705) is:
       Lower   1989> -.041   1995> -.032   1975> -.019   1976< -.016   2001< -.013   2003< -.011  Higher   1991  .076   1999  .053

====================================================================================================================================

 40585     1979 to  2009      31 years                                                                                    Series  57

 [B] Entire series, effect on correlation (  .691) is:
       Lower   2005> -.032   2002< -.028   2000< -.023   2006> -.022   1989> -.021   1996< -.013  Higher   1999  .093   1980  .029

====================================================================================================================================

 101150    1975 to  2009      35 years                                                                                    Series  58

 [B] Entire series, effect on correlation (  .458) is:
       Lower   2006< -.159   1993< -.033   1995> -.018   2004> -.018   2009< -.012   1987> -.010  Higher   1991  .054   1980  .048

====================================================================================================================================

 150941    1954 to  2009      56 years                                                                                    Series  59

 [B] Entire series, effect on correlation (  .584) is:
       Lower   2004> -.028   1977> -.025   1999> -.019   1954> -.014   2007< -.011   1997< -.010  Higher   1966  .040   1991  .034

====================================================================================================================================

 20847     1968 to  2009      42 years                                                                                    Series  60

 [B] Entire series, effect on correlation (  .414) is:
       Lower   2004> -.043   1968< -.028   1999> -.027   1991> -.020   2007< -.018   1996< -.015  Higher   1980  .070   1969  .026

====================================================================================================================================

 30233     1902 to  2008     107 years                                                                                    Series  61

 [A] Segment   High   -10   -9   -8   -7   -6   -5   -4   -3   -2   -1   +0   +1   +2   +3   +4   +5   +6   +7   +8   +9  +10
    ---------  ----   ---  ---  ---  ---  ---  ---  ---  ---  ---  ---  ---  ---  ---  ---  ---  ---  ---  ---  ---  ---  ---
    1940 1989    0    .00  .07 -.05  .00 -.28  .13  .02  .06 -.01  .15  .30*-.03 -.07 -.21 -.17 -.29 -.15  .02  .13  .08  .03

 [B] Entire series, effect on correlation (  .329) is:
       Lower   1980< -.039   1906< -.022   1931< -.021   1989> -.021   1913> -.021   1909< -.020  Higher   1999  .029   1966  .022
     1940 to 1989 segment:
       Lower   1980< -.111   1989> -.055   1946< -.024   1970> -.021   1943> -.020   1976< -.013  Higher   1964  .090   1966  .062

 [E] Outliers     2   3.0 SD above or -4.5 SD below mean for year
       1913 +3.1 SD;    1989 +3.3 SD
====================================================================================================================================

 40536     1964 to  2009      46 years                                                                                    Series  62

 [B] Entire series, effect on correlation (  .459) is:
       Lower   1964> -.055   2006< -.047   1990< -.024   2007< -.022   1982< -.019   1991> -.017  Higher   1980  .075   1966  .060

====================================================================================================================================

 40493     1953 to  2009      57 years                                                                                    Series  63

 [B] Entire series, effect on correlation (  .551) is:
       Lower   2008< -.034   1987< -.027   1991> -.021   2004> -.018   1979> -.016   1955> -.015  Higher   1999  .077   2000  .022

====================================================================================================================================

 60129     1952 to  2009      58 years                                                                                    Series  64

 [B] Entire series, effect on correlation (  .358) is:
       Lower   1956< -.059   1991> -.038   1966> -.021   1952> -.019   2005< -.018   2004> -.017  Higher   1995  .038   1980  .038

====================================================================================================================================

 50330     1958 to  2009      52 years                                                                                    Series  65

 [B] Entire series, effect on correlation (  .707) is:
       Lower   2005< -.028   1965> -.022   2008> -.018   1991> -.015   1972< -.011   1979> -.011  Higher   1966  .044   1980  .016

====================================================================================================================================

 30214     1950 to  2009      60 years                                                                                    Series  66

 [B] Entire series, effect on correlation (  .418) is:
       Lower   1992< -.071   1997< -.041   1975> -.018   1974> -.017   1951> -.013   1967< -.012  Higher   1966  .052   1982  .023

====================================================================================================================================

 132532    1952 to  2007      56 years                                                                                    Series  67

 [B] Entire series, effect on correlation (  .415) is:
       Lower   1997< -.045   1995> -.033   1964> -.029   2004> -.026   1976< -.022   1958< -.019  Higher   1999  .100   1991  .077

 [E] Outliers     1   3.0 SD above or -4.5 SD below mean for year
       1971 +3.1 SD
====================================================================================================================================

 50301     1958 to  2007      50 years                                                                                    Series  68

 [B] Entire series, effect on correlation (  .628) is:
       Lower   1991> -.061   1998< -.040   1967< -.028   1992< -.013   1959> -.008   1973> -.007  Higher   1966  .033   1980  .029

====================================================================================================================================

 152661    1970 to  2009      40 years                                                                                    Series  69

 [B] Entire series, effect on correlation (  .547) is:
       Lower   2003< -.040   1999> -.036   1979> -.028   1983< -.028   1981< -.025   1970< -.024  Higher   1991  .110   1980  .043

====================================================================================================================================

 111171    1950 to  2009      60 years                                                                                    Series  70

 [B] Entire series, effect on correlation (  .373) is:
       Lower   1981< -.049   1999> -.020   1979> -.018   2006> -.016   1977> -.015   2008< -.012  Higher   1980  .083   1991  .051

====================================================================================================================================

 10743     1964 to  2009      46 years                                                                                    Series  71

 [B] Entire series, effect on correlation (  .584) is:
       Lower   1999> -.063   1990< -.035   2003< -.032   2005< -.020   1995> -.017   2004> -.017  Higher   1966  .066   1980  .047

====================================================================================================================================

 40889     1962 to  2009      48 years                                                                                    Series  72

 [B] Entire series, effect on correlation (  .598) is:
       Lower   1962< -.039   1994< -.024   2009< -.023   1965> -.022   1970> -.018   1964> -.017  Higher   1991  .053   1966  .052

====================================================================================================================================

 60295     1962 to  2009      48 years                                                                                    Series  73

 [B] Entire series, effect on correlation (  .337) is:
       Lower   1983< -.066   1991> -.043   1981< -.036   1977> -.029   1975> -.017   1989> -.013  Higher   2000  .037   1982  .029

====================================================================================================================================

 30534     1979 to  2008      30 years                                                                                    Series  74

 [A] Segment   High   -10   -9   -8   -7   -6   -5   -4   -3   -2   -1   +0   +1   +2   +3   +4   +5   +6   +7   +8   +9  +10
    ---------  ----   ---  ---  ---  ---  ---  ---  ---  ---  ---  ---  ---  ---  ---  ---  ---  ---  ---  ---  ---  ---  ---
    1979 2008    0   -.01 -.09  .05  .17 -.14 -.21 -.14  .09 -.17  .02  .19*-.08    -    -    -    -    -    -    -    -    -

 [B] Entire series, effect on correlation (  .189) is:
       Lower   1999> -.086   1989> -.052   1979> -.049   1995> -.046   2004> -.029   1980< -.027  Higher   1991  .400   1993  .019
     1979 to 2008 segment:
       Lower   1999> -.086   1989> -.052   1979> -.049   1995> -.046   2004> -.029   1980< -.027  Higher   1991  .400   1993  .019

====================================================================================================================================

 50433     1960 to  2006      47 years                                                                                    Series  75

 [A] Segment   High   -10   -9   -8   -7   -6   -5   -4   -3   -2   -1   +0   +1   +2   +3   +4   +5   +6   +7   +8   +9  +10
    ---------  ----   ---  ---  ---  ---  ---  ---  ---  ---  ---  ---  ---  ---  ---  ---  ---  ---  ---  ---  ---  ---  ---
    1960 2006    0    .22 -.08  .17  .04 -.22 -.30 -.03 -.25 -.02 -.02  .26* .10  .00 -.02    -    -    -    -    -    -    -

 [B] Entire series, effect on correlation (  .261) is:
       Lower   2006< -.063   1991> -.044   1966> -.043   1981< -.033   1977> -.024   2002> -.017  Higher   1980  .070   1995  .023
     1960 to 2006 segment:
       Lower   2006< -.063   1991> -.044   1966> -.043   1981< -.033   1977> -.024   2002> -.017  Higher   1980  .070   1995  .023

 [E] Outliers     1   3.0 SD above or -4.5 SD below mean for year
       2006 -4.7 SD
====================================================================================================================================

 10647     1942 to  2009      68 years                                                                                    Series  76

 [A] Segment   High   -10   -9   -8   -7   -6   -5   -4   -3   -2   -1   +0   +1   +2   +3   +4   +5   +6   +7   +8   +9  +10
    ---------  ----   ---  ---  ---  ---  ---  ---  ---  ---  ---  ---  ---  ---  ---  ---  ---  ---  ---  ---  ---  ---  ---
    1942 1991   -9   -.03  .22* .06 -.17 -.23  .07  .17 -.38  .11  .14  .20|-.06  .13  .00 -.11 -.12 -.21  .02 -.33  .02 -.02

 [B] Entire series, effect on correlation (  .197) is:
       Lower   1948< -.066   1991> -.048   1947> -.030   1944> -.018   1994< -.017   1945< -.016  Higher   1980  .047   1969  .034
     1942 to 1991 segment:
       Lower   1948< -.096   1991> -.065   1947> -.039   1944> -.023   1945< -.023   1976< -.013  Higher   1980  .062   1969  .045

 [E] Outliers     1   3.0 SD above or -4.5 SD below mean for year
       1991 +3.2 SD
====================================================================================================================================

 171150    1961 to  2000      40 years                                                                                    Series  77

 [A] Segment   High   -10   -9   -8   -7   -6   -5   -4   -3   -2   -1   +0   +1   +2   +3   +4   +5   +6   +7   +8   +9  +10
    ---------  ----   ---  ---  ---  ---  ---  ---  ---  ---  ---  ---  ---  ---  ---  ---  ---  ---  ---  ---  ---  ---  ---
    1961 2000   -8    .25 -.03  .39*-.20  .02 -.32  .36 -.40  .03 -.01  .29|-.18 -.08  .20 -.24 -.01 -.17 -.08 -.23  .17    -

 [B] Entire series, effect on correlation (  .290) is:
       Lower   1980< -.053   1991> -.036   1972< -.033   1963< -.027   1981< -.025   2000< -.022  Higher   1999  .196   1969  .024
     1961 to 2000 segment:
       Lower   1980< -.053   1991> -.036   1972< -.033   1963< -.027   1981< -.025   2000< -.022  Higher   1999  .196   1969  .024

====================================================================================================================================

 70180     1977 to  2007      31 years                                                                                    Series  78

 [A] Segment   High   -10   -9   -8   -7   -6   -5   -4   -3   -2   -1   +0   +1   +2   +3   +4   +5   +6   +7   +8   +9  +10
    ---------  ----   ---  ---  ---  ---  ---  ---  ---  ---  ---  ---  ---  ---  ---  ---  ---  ---  ---  ---  ---  ---  ---
    1977 2007    0    .08  .17  .17 -.28  .04 -.13  .14 -.28 -.07  .03  .30*-.08  .07    -    -    -    -    -    -    -    -

 [B] Entire series, effect on correlation (  .296) is:
       Lower   2000< -.158   1995> -.056   1983< -.022   2006> -.021   1996< -.014   1997< -.012  Higher   1980  .103   1999  .062
     1977 to 2007 segment:
       Lower   2000< -.158   1995> -.056   1983< -.022   2006> -.021   1996< -.014   1997< -.012  Higher   1980  .103   1999  .062

====================================================================================================================================

 10730     1936 to  2002      67 years                                                                                    Series  79

 [B] Entire series, effect on correlation (  .625) is:
       Lower   1937< -.028   1989> -.027   1939> -.022   1947< -.011   1987> -.009   1993< -.009  Higher   1991  .048   1999  .038

====================================================================================================================================

 30472     1954 to  2001      48 years                                                                                    Series  80

 [A] Segment   High   -10   -9   -8   -7   -6   -5   -4   -3   -2   -1   +0   +1   +2   +3   +4   +5   +6   +7   +8   +9  +10
    ---------  ----   ---  ---  ---  ---  ---  ---  ---  ---  ---  ---  ---  ---  ---  ---  ---  ---  ---  ---  ---  ---  ---
    1954 2001    0    .21 -.17 -.21  .02 -.26 -.17 -.09  .11  .00  .07  .32* .22 -.10  .03  .05  .07 -.08 -.08 -.02    -    -

 [B] Entire series, effect on correlation (  .324) is:
       Lower   1991> -.048   1979> -.047   1975> -.032   1999> -.024   1958< -.019   1996< -.017  Higher   1966  .172   1980  .037
     1954 to 2001 segment:
       Lower   1991> -.048   1979> -.047   1975> -.032   1999> -.024   1958< -.019   1996< -.017  Higher   1966  .172   1980  .037

 [E] Outliers     1   3.0 SD above or -4.5 SD below mean for year
       1966 -4.9 SD
====================================================================================================================================

 30421r    1887 to  2004     118 years                                                                                    Series  81

 [*] Early part of series cannot be checked from 1887 to 1901 -- not matched by another series

 [A] Segment   High   -10   -9   -8   -7   -6   -5   -4   -3   -2   -1   +0   +1   +2   +3   +4   +5   +6   +7   +8   +9  +10
    ---------  ----   ---  ---  ---  ---  ---  ---  ---  ---  ---  ---  ---  ---  ---  ---  ---  ---  ---  ---  ---  ---  ---
    1940 1989    0   -.10 -.08 -.30  .01 -.10  .25  .00  .16 -.04  .14  .29* .07 -.06 -.22 -.12 -.15  .02  .05  .07 -.19  .14
    - - - - - - - - - - - - - - - - - - - - - - - - - - - - - - - - - - - - - - - - - - - - - - - - - - - - - - - - - - - - -
    1955 2004    0    .03 -.14 -.37 -.03 -.09  .02 -.05  .19  .22  .05  .23* .08 -.06 -.18  .02 -.28    -    -    -    -    -

 [B] Entire series, effect on correlation (  .287) is:
       Lower   1969< -.037   1906> -.027   1999> -.021   2001< -.021   2000< -.020   1909> -.017  Higher   1991  .042   1930  .039
     1940 to 1989 segment:
       Lower   1969< -.098   1989> -.023   1951> -.016   1955> -.016   1974> -.015   1949< -.014  Higher   1966  .033   1964  .033
     1955 to 2004 segment:
       Lower   1969< -.077   1999> -.049   2000< -.044   2001< -.039   1989> -.017   1955> -.011  Higher   1991  .104   1966  .031

 [E] Outliers     3   3.0 SD above or -4.5 SD below mean for year
       1906 +3.4 SD;    1977 -4.6 SD;    2001 -4.5 SD
====================================================================================================================================
PART 7:  DESCRIPTIVE STATISTICS:                                                                   14:36  Fri 15 Jun 2018  Page   7
------------------------------------------------------------------------------------------------------------------------------------

                                                Corr   //-------- Unfiltered --------\\  //---- Filtered -----\\
                           No.    No.    No.    with   Mean   Max     Std   Auto   Mean   Max     Std   Auto  AR
 Seq Series   Interval   Years  Segmt  Flags   Master  msmt   msmt    dev   corr   sens  value    dev   corr  ()
 --- -------- ---------  -----  -----  -----   ------ -----  -----  -----  -----  -----  -----  -----  -----  --
   1 60086    1954 2009     56      2      0    .422   1.20   2.86   .514   .729   .241   2.63   .477  -.104   1
   2 101100   1944 2007     64      3      0    .540   1.10   2.67   .569   .832   .220   2.73   .519   .045   1
   3 60111    1940 2009     70      3      1    .325   1.89   3.49   .658   .747   .185   2.53   .443  -.067   1
   4 40479    1969 2009     41      1      0    .415   1.62   3.54   .650   .679   .255   2.89   .714  -.077   1
   5 90658    1933 2009     77      4      2    .252   1.66   3.40   .764   .723   .245   2.66   .509   .114   1
   6 40485    1973 2009     37      1      0    .557   1.55   2.62   .538   .520   .280   2.56   .531  -.014   1
   7 90062    1948 2009     62      3      0    .575   1.63   3.70   .661   .710   .225   2.74   .440  -.026   2
   8 111208   1940 2009     70      3      1    .301   1.39   4.17   .735   .752   .271   2.66   .478  -.091   2
   9 70182    1951 2009     59      2      0    .412   1.28   2.30   .465   .543   .271   2.80   .490  -.013   1
  10 100956   1971 2007     37      1      0    .564   1.48   2.84   .480   .450   .249   2.78   .511  -.079   1
  11 90616    1921 2006     86      5      0    .505   1.16   2.80   .428   .423   .286   2.79   .476   .018   1
  12 40549    1951 2009     59      2      0    .500   1.32   2.52   .484   .568   .254   2.70   .504  -.074   1
  13 90278    1946 2005     60      3      0    .587   1.31   3.20   .681   .736   .257   2.74   .532  -.002   1
  14 50340    1944 2009     66      3      0    .378   1.03   2.62   .505   .710   .283   2.87   .694  -.028   1
  15 110795   1966 2009     44      1      0    .668   1.27   2.19   .404   .451   .250   2.94   .560   .007   1
  16 60339    1964 2009     46      1      1    .322   1.55   3.08   .791   .806   .248   2.92   .570  -.014   1
  17 110797   1954 2009     56      2      0    .370   1.78   2.82   .526   .681   .184   2.60   .490  -.051   1
  18 90121    1954 2009     56      2      0    .471   2.17   5.66   .742   .148   .270   2.55   .475   .047   1
  19 40554    1928 2009     82      5      0    .399   2.38   3.56   .603   .402   .241   2.45   .433  -.022   1
  20 50299    1964 2009     46      1      0    .447   1.42   2.83   .580   .612   .272   2.65   .382  -.044   1
  21 60145    1971 2009     39      1      0    .393   1.88   4.93   .695   .049   .284   2.95   .610  -.007   1
  22 90276    1960 2009     50      1      0    .817   2.50   5.24   .899   .707   .211   2.81   .594  -.016   2
  23 40480    1963 2009     47      1      0    .693   1.66   3.41   .779   .823   .203   2.80   .486  -.063   1
  24 90567    1950 2008     59      2      0    .505   1.25   2.81   .554   .709   .285   2.69   .564  -.043   1
  25 182695   1963 2009     47      1      0    .417   1.65   3.55   .586   .472   .246   2.78   .477  -.013   2
  26 10194    1983 2009     27      1      0    .349   3.89   6.48  1.145   .308   .293   2.56   .640  -.099   1
  27 171306   1969 2009     41      1      0    .353   2.25   3.05   .453   .444   .177   2.45   .540  -.065   2
  28 12032    1975 2005     31      1      0    .351   2.34   3.95   .864   .747   .198   2.56   .591  -.016   1
  29 190635   1969 2009     41      1      0    .460   1.69   3.54   .607   .380   .305   2.90   .641   .128   1
  30 150911   1959 2009     51      2      0    .493   1.76   3.05   .500   .522   .206   2.89   .683  -.018   1
  31 151140   1963 2009     47      1      0    .518   1.60   3.10   .773   .725   .290   3.09   .698  -.112   1
  32 160760   1974 2008     35      1      0    .454   1.97   3.82   .706   .612   .259   2.65   .527  -.108   2
  33 151123   1961 2009     49      1      0    .472   1.50   3.28   .550   .598   .204   3.16   .688  -.118   1
  34 152529   1955 2009     55      2      0    .522   2.77   5.23  1.015   .533   .264   2.55   .546   .049   2
  35 10619    1959 2009     51      2      0    .397   1.65   4.10   .949   .829   .218   2.93   .550   .108   1
  36 20820    1971 2009     39      1      0    .611   2.19   4.75   .709   .600   .197   2.76   .470  -.002   1
  37 60426    1954 2009     56      2      0    .639   2.33   4.88  1.033   .712   .257   2.80   .613   .026   1
  38 70018    1958 2009     52      2      0    .605   2.18   5.02  1.067   .784   .230   2.82   .571  -.047   1
  39 10675    1960 2009     50      1      0    .619   1.71   3.55   .649   .737   .247   2.56   .458  -.043   1
  40 50559    1955 2009     55      2      0    .546   1.76   3.37   .846   .710   .235   2.90   .569  -.002   1
  41 52130    1959 2009     51      2      0    .601   1.56   3.43   .700   .693   .290   2.61   .552  -.057   1
  42 102157   1951 2009     59      2      0    .496   1.92   2.85   .508   .615   .187   2.42   .513  -.057   1
  43 50652    1967 2009     43      1      0    .454   1.81   3.79   .586   .511   .246   2.87   .582   .024   1
  44 40873    1920 2009     90      5      0    .605   1.61   3.52   .799   .827   .237   2.70   .469  -.021   1
  45 52010    1956 2009     54      2      0    .511   1.33   4.32   .882   .880   .259   2.74   .481  -.016   1
  46 30483    1968 2009     42      1      0    .570   1.75   3.46   .564   .414   .273   2.85   .636  -.079   1
  47 50557    1955 2009     55      2      0    .344   2.13   6.82   .892   .375   .225   2.99   .498   .101   1
  48 60486    1948 2008     61      3      0    .594   1.56   4.59   .887   .753   .308   2.74   .589  -.029   3
PART 7:  DESCRIPTIVE STATISTICS:                                                                   14:36  Fri 15 Jun 2018  Page   8
------------------------------------------------------------------------------------------------------------------------------------

                                                Corr   //-------- Unfiltered --------\\  //---- Filtered -----\\
                           No.    No.    No.    with   Mean   Max     Std   Auto   Mean   Max     Std   Auto  AR
 Seq Series   Interval   Years  Segmt  Flags   Master  msmt   msmt    dev   corr   sens  value    dev   corr  ()
 --- -------- ---------  -----  -----  -----   ------ -----  -----  -----  -----  -----  -----  -----  -----  --
  49 60467    1962 2009     48      1      1    .248   1.75   3.63   .670   .670   .239   2.55   .432  -.002   1
  50 50563    1954 2009     56      2      2    .187   1.81   8.13  1.413   .601   .378   3.26   .652   .024   1
  51 40563    1932 2009     78      4      0    .381   1.88   4.45   .687   .615   .244   2.86   .607   .009   2
  52 20693    1967 2009     43      1      0    .425   2.22   4.68   .986   .528   .298   3.10   .673  -.005   1
  53 30333    1930 2009     80      4      0    .510   1.35   3.71   .659   .560   .331   2.92   .545  -.073   1
  54 92562    1953 2009     57      2      1    .324   1.31   2.31   .501   .671   .246   2.54   .446  -.133   1
  55 20627    1977 2009     33      1      0    .534   2.78   4.77   .938   .039   .346   2.59   .628  -.129   1
  56 10664    1974 2009     36      1      0    .705   1.47   3.23   .674   .651   .310   2.75   .522   .120   1
  57 40585    1979 2009     31      1      0    .691   1.92   4.12   .950   .658   .293   2.61   .548   .036   1
  58 101150   1975 2009     35      1      0    .458   1.44   2.47   .448   .512   .257   2.47   .461  -.053   1
  59 150941   1954 2009     56      2      0    .584    .89   2.28   .465   .801   .272   2.51   .445  -.088   2
  60 20847    1968 2009     42      1      0    .414    .90   1.79   .299   .390   .252   2.95   .584   .109   1
  61 30233    1902 2008    107      7      1    .329   1.66   3.86   .852   .770   .266   2.67   .404   .014   1
  62 40536    1964 2009     46      1      0    .459   1.28   2.46   .521   .741   .251   3.16   .591   .088   1
  63 40493    1953 2009     57      2      0    .551   1.15   2.70   .556   .700   .304   2.65   .548  -.113   2
  64 60129    1952 2009     58      2      0    .358   1.12   2.36   .462   .729   .282   2.68   .622  -.118   1
  65 50330    1958 2009     52      2      0    .707   1.23   2.20   .553   .834   .209   2.69   .494  -.054   1
  66 30214    1950 2009     60      2      0    .418    .87   2.27   .401   .589   .293   2.68   .546   .067   3
  67 132532   1952 2007     56      2      0    .415    .87   1.76   .387   .658   .286   2.90   .561  -.031   1
  68 50301    1958 2007     50      1      0    .628    .95   2.26   .410   .652   .302   2.76   .576  -.030   1
  69 152661   1970 2009     40      1      0    .547   1.10   2.45   .449   .525   .237   2.83   .599  -.006   1
  70 111171   1950 2009     60      2      0    .373    .54   1.98   .393   .602   .345   3.34   .555  -.096   1
  71 10743    1964 2009     46      1      0    .584    .89   1.98   .308   .524   .225   3.03   .650   .072   1
  72 40889    1962 2009     48      1      0    .598   1.04   2.39   .434   .666   .236   2.94   .648  -.121   1
  73 60295    1962 2009     48      1      0    .337   1.06   2.73   .812   .905   .276   2.68   .510  -.052   1
  74 30534    1979 2008     30      1      1    .189   1.45   3.07  1.064   .821   .392   2.38   .478  -.057   1
  75 50433    1960 2006     47      1      1    .261   1.08   2.03   .444   .674   .283   2.61   .439   .021   1
  76 10647    1942 2009     68      3      1    .197   1.07   2.88   .633   .755   .332   2.72   .412  -.080   1
  77 171150   1961 2000     40      1      1    .290   1.26   3.26   .660   .644   .283   2.59   .470  -.075   1
  78 70180    1977 2007     31      1      1    .296   1.19   2.42   .541   .477   .310   3.03   .803  -.018   1
  79 10730    1936 2002     67      4      0    .625   1.03   1.98   .370   .501   .299   2.65   .578  -.034   1
  80 30472    1954 2001     48      1      1    .324   1.00   1.90   .359   .454   .300   2.77   .430   .094   1
  81 30421r   1887 2004    118      7      2    .287   1.11   2.88   .521   .659   .295   2.75   .466  -.023   1
 --- -------- ---------  -----  -----  -----   ------ -----  -----  -----  -----  -----  -----  -----  -----  --
 Total or mean:           4323    158     18    .460   1.53   8.13   .646   .628   .263   3.34   .534  -.022

                                              - = [  COFECHA FAGR COF  ] = -
