[]  Dendrochronology Program Library                                        Run FRNI   Program COF  13:39  Tue 19 Jun 2018  Page   1
[]
[]  P R O G R A M      C O F E C H A                                                                          Version 6.06P    30487
------------------------------------------------------------------------------------------------------------------------------------

 QUALITY CONTROL AND DATING CHECK OF TREE-RING MEASUREMENTS

 File of DATED series:   frni_drop.rwl

 CONTENTS:

    Part 1:  Title page, options selected, summary, absent rings by series
    Part 2:  Histogram of time spans
    Part 3:  Master series with sample depth and absent rings by year
    Part 4:  Bar plot of Master Dating Series
    Part 5:  Correlation by segment of each series with Master
    Part 6:  Potential problems: low correlation, divergent year-to-year changes, absent rings, outliers
    Part 7:  Descriptive statistics

 RUN CONTROL OPTIONS SELECTED                             VALUE

         1  Cubic smoothing spline 50% wavelength cutoff for filtering
                                                            32 years
         2  Segments examined are                           50 years lagged successively by  10 years
         3  Autoregressive model applied                     A  Residuals are used in master dating series and testing
         4  Series transformed to logarithms                 Y  Each series log-transformed for master dating series and testing
         5  CORRELATION is Pearson (parametric, quantitative)
            Critical correlation, 99% confidence level   .3281
         6  Master dating series saved                       N
         7  Ring measurements listed                         N
         8  Parts printed                              1234567 
         9  Absent rings are omitted from master series and segment correlations  (Y)

 Time span of Master dating series is  1871 to  2016   146 years
 Continuous time span is               1871 to  2016   146 years
 Portion with two or more series is    1904 to  2016   113 years


                                        ****************************************
                                        *C* Number of dated series        17 *C*
                                        *O* Master series 1871 2016  146 yrs *O*
                                        *F* Total rings in all series   1305 *F*
                                        *E* Total dated rings checked   1272 *E*
                                        *C* Series intercorrelation     .442 *C*
                                        *H* Average mean sensitivity    .252 *H*
                                        *A* Segments, possible problems   16 *A*
                                        *** Mean length of series       76.8 ***
                                        ****************************************

 ABSENT RINGS listed by SERIES:            (See Master Dating Series for absent rings listed by year)

               No ring measurements of zero value
PART 2:  TIME PLOT OF TREE-RING SERIES:                                                            13:39  Tue 19 Jun 2018  Page   2
------------------------------------------------------------------------------------------------------------------------------------
 1050 1100 1150 1200 1250 1300 1350 1400 1450 1500 1550 1600 1650 1700 1750 1800 1850 1900 1950 2000 2050 Ident   Seq Time-span  Yrs
   :    :    :    :    :    :    :    :    :    :    :    :    :    :    :    :    :    :    :    :    : -------- --- ---- ---- ----
   .    .    .    .    .    .    .    .    .    .    .    .    .    .    .    .    .    .    .<====>   . 30142A     1 1961 2011   51
   .    .    .    .    .    .    .    .    .    .    .    .    .    .    .    .    .    .    .<===>    . 40113A     2 1968 2005   38
   .    .    .    .    .    .    .    .    .    .    .    .    .    .    .    .    .    .<=========>   . 41039A     3 1916 2014   99
   .    .    .    .    .    .    .    .    .    .    .    .    .    .    .    .    .    .<=========>   . 41039      4 1912 2015  104
   .    .    .    .    .    .    .    .    .    .    .    .    .    .    .    .    .    <==========>   . 90716A     5 1905 2015  111
   .    .    .    .    .    .    .    .    .    .    .    .    .    .    .    .    .    .    .<===>    . 90718A     6 1964 2009   46
   .    .    .    .    .    .    .    .    .    .    .    .    .    .    .    .    .    .<=========>   . 102001A    7 1916 2014   99
   .    .    .    .    .    .    .    .    .    .    .    .    .    .    .    .    .    .    . <===>   . 30141A     8 1977 2015   39
   .    .    .    .    .    .    .    .    .    .    .    .    .    .    .    .    .    .<=========>   . 41040A     9 1917 2016  100
   .    .    .    .    .    .    .    .    .    .    .    .    .    .    .    .    .    .    . <===>   . 090759A   10 1973 2016   44
   .    .    .    .    .    .    .    .    .    .    .    .    .    .    .    .    .    .   <======>   . 190549A   11 1940 2016   77
   .    .    .    .    .    .    .    .    .    .    .    .    .    .    .    .    .    .    .<====>   . 190774A   12 1963 2014   52
   .    .    .    .    .    .    .    .    .    .    .    .    .    .    .    .    .    .   <======>   . 12171A    13 1943 2015   73
   .    .    .    .    .    .    .    .    .    .    .    .    .    .    .    .    .    .    <=====>   . 180968A   14 1955 2015   61
   .    .    .    .    .    .    .    .    .    .    .    .    .    .    .    .    . <============>    . 12221A    15 1871 2004  134
   .    .    .    .    .    .    .    .    .    .    .    .    .    .    .    .    .    <=========>    . 20155A    16 1904 2005  102
   .    .    .    .    .    .    .    .    .    .    .    .    .    .    .    .    .    .   <======>   . 22208A    17 1942 2016   75
   :    :    :    :    :    :    :    :    :    :    :    :    :    :    :    :    :    :    :    :    :
 1050 1100 1150 1200 1250 1300 1350 1400 1450 1500 1550 1600 1650 1700 1750 1800 1850 1900 1950 2000 2050
PART 3:  Master Dating Series:                                                                     13:39  Tue 19 Jun 2018  Page   3
------------------------------------------------------------------------------------------------------------------------------------
  Year  Value  No Ab    Year  Value  No Ab    Year  Value  No Ab    Year  Value  No Ab    Year  Value  No Ab    Year  Value  No Ab
  ------------------    ------------------    ------------------    ------------------    ------------------    ------------------
                        1900   .829   1       1950  -.931  10       2000  -.924  17
                        1901  2.284   1       1951  -.735  10       2001  -.420  17
                        1902  1.618   1       1952   .847  10       2002  -.322  17
                        1903   .945   1       1953   .914  10       2003  -.092  17
                        1904  1.253   2       1954  -.110  10       2004   .553  17
                        1905  -.214   3       1955   .177  11       2005   .353  16
                        1906 -1.355   3       1956   .625  11       2006   .357  14
                        1907  -.678   3       1957   .948  11       2007   .724  14
                        1908 -1.167   3       1958   .874  11       2008  -.058  14
                        1909  -.852   3       1959   .796  11       2009   .555  14

                        1910  1.182   3       1960  -.198  11       2010   .362  13
                        1911  -.389   3       1961  1.256  12       2011   .220  13
                        1912   .194   4       1962  -.206  12       2012  -.469  12
                        1913  -.335   4       1963   .391  13       2013   .077  12
                        1914  1.083   4       1964   .068  14       2014   .532  12
                        1915  1.786   4       1965  -.336  14       2015  -.151   9
                        1916  1.284   6       1966  -.697  14       2016 -4.190   4
                        1917   .595   7       1967  -.423  14
                        1918   .170   7       1968  -.480  15
                        1919   .369   7       1969   .068  15

                        1920 -1.156   7       1970  -.588  15
  1871   .450   1       1921  -.090   7       1971  -.851  15
  1872  1.267   1       1922  -.495   7       1972  -.324  15
  1873  1.752   1       1923   .106   7       1973   .538  16
  1874  -.530   1       1924 -2.926   7       1974   .418  16
  1875  -.256   1       1925 -1.802   7       1975  -.079  16
  1876  -.630   1       1926 -1.254   7       1976  -.054  16
  1877 -2.126   1       1927  1.039   7       1977 -1.967  17
  1878  -.043   1       1928   .317   7       1978  -.307  17
  1879 -2.252   1       1929  -.362   7       1979   .086  17

  1880  2.642   1       1930  -.690   7       1980   .446  17
  1881  -.977   1       1931  -.097   7       1981   .392  17
  1882   .247   1       1932  -.046   7       1982   .527  17
  1883  -.496   1       1933   .915   7       1983   .660  17
  1884   .338   1       1934   .040   7       1984   .751  17
  1885  -.513   1       1935  -.316   7       1985   .620  17
  1886  -.513   1       1936  1.332   7       1986  -.073  17
  1887  1.642   1       1937  1.335   7       1987   .430  17
  1888   .829   1       1938   .953   7       1988   .564  17
  1889  -.410   1       1939   .210   7       1989   .062  17

  1890   .215   1       1940   .925   8       1990  -.086  17
  1891  -.709   1       1941   .491   8       1991 -1.849  17
  1892 -1.650   1       1942  1.476   9       1992 -1.032  17
  1893 -2.014   1       1943  1.112  10       1993  -.063  17
  1894  -.306   1       1944   .215  10       1994  -.075  17
  1895  -.485   1       1945  -.469  10       1995   .206  17
  1896  -.787   1       1946  -.249  10       1996   .097  17
  1897  -.509   1       1947 -2.848  10       1997   .235  17
  1898   .841   1       1948 -1.253  10       1998   .470  17
  1899  2.038   1       1949 -1.476  10       1999   .296  17
------------------------------------------------------------------------------------------------------------------------------------
PART 4:  Master Bar Plot:                                                                          13:39  Tue 19 Jun 2018  Page   4
------------------------------------------------------------------------------------------------------------------------------------
   Year Rel value  Year Rel value  Year Rel value  Year Rel value  Year Rel value  Year Rel value  Year Rel value  Year Rel value
                   1900---------C  1950-d          2000-d
                   1901----------I 1951-c          2001---b
                   1902----------F 1952---------C  2002---a
                   1903---------D  1953---------D  2003----@
                   1904---------E  1954----@       2004--------B
                   1905---a        1955------A     2005-------A
                   1906e           1956--------C   2006-------A
                   1907--c         1957---------D  2007--------C
                   1908-e          1958---------C  2008----@
                   1909-c          1959--------C   2009--------B
                   1910---------E  1960----a       2010-------A
                   1911---b        1961---------E  2011------A
                   1912------A     1962----a       2012--b
                   1913---a        1963-------B    2013-----@
                   1914---------D  1964-----@      2014-------B
                   1915----------G 1965---a        2015----a
                   1916----------E 1966-c          2016q
                   1917--------B   1967--b
                   1918------A     1968--b
                   1919-------A    1969-----@
                   1920-e          1970--b
   1871-------B    1921----@       1971-c
   1872---------E  1922--b         1972---a
   1873----------G 1923-----@      1973-------B
   1874--b         1924l           1974-------B
   1875---a        1925g           1975----@
   1876--c         1926-e          1976----@
   1877i           1927---------D  1977h
   1878----@       1928------A     1978---a
   1879i           1929---a        1979-----@
   1880----------K 1930-c          1980-------B
   1881-d          1931----@       1981-------B
   1882------A     1932----@       1982-------B
   1883--b         1933---------D  1983--------C
   1884-------A    1934-----@      1984--------C
   1885--b         1935---a        1985--------B
   1886--b         1936----------E 1986----@
   1887----------G 1937----------E 1987-------B
   1888---------C  1938---------D  1988--------B
   1889---b        1939------A     1989-----@
   1890------A     1940---------D  1990----@
   1891-c          1941-------B    1991g
   1892g           1942----------F 1992-d
   1893h           1943---------D  1993----@
   1894---a        1944------A     1994----@
   1895--b         1945--b         1995------A
   1896-c          1946---a        1996-----@
   1897--b         1947k           1997------A
   1898---------C  1948-e          1998-------B
   1899----------H 1949f           1999------A
PART 5:  CORRELATION OF SERIES BY SEGMENTS:                                                        13:39  Tue 19 Jun 2018  Page   5
------------------------------------------------------------------------------------------------------------------------------------
 Correlations of  50-year dated segments, lagged  10 years
 Flags:  A = correlation under   .3281 but highest as dated;  B = correlation higher at other than dated position

 Seq Series  Time_span   1900 1910 1920 1930 1940 1950 1960 1970
                         1949 1959 1969 1979 1989 1999 2009 2019
 --- -------- ---------  ---- ---- ---- ---- ---- ---- ---- ---- ---- ---- ---- ---- ---- ---- ---- ---- ---- ---- ---- ----
   1 30142A   1961 2011                                 .35  .36
   2 40113A   1968 2005                                 .42
   3 41039A   1916 2014        .67  .68  .55  .44  .28A .33  .34
   4 41039    1912 2015        .67  .69  .65  .64  .53  .56  .43
   5 90716A   1905 2015   .53  .63  .58  .55  .48  .52  .52  .45
   6 90718A   1964 2009                                 .41
   7 102001A  1916 2014        .48  .47  .54  .52  .31A .14B .21A
   8 30141A   1977 2015                                      .31A
   9 41040A   1917 2016        .54  .53  .65  .64  .40  .49  .66
  10 090759A  1973 2016                                      .19A
  11 190549A  1940 2016                       .38  .42  .47  .67
  12 190774A  1963 2014                                 .29A .31A
  13 12171A   1943 2015                       .42  .32A .29B .28B
  14 180968A  1955 2015                            .21B .21A .10B
  15 12221A   1871 2004   .40  .43  .51  .48  .56  .49  .46
  16 20155A   1904 2005   .50  .49  .46  .40  .41  .45  .40
  17 22208A   1942 2016                       .34  .31A .28A .61
 Av segment correlation   .48  .56  .56  .55  .48  .38  .38  .38
PART 6:  POTENTIAL PROBLEMS:                                                                       13:39  Tue 19 Jun 2018  Page   5
------------------------------------------------------------------------------------------------------------------------------------

 For each series with potential problems the following diagnostics may appear:

 [A] Correlations with master dating series of flagged  50-year segments of series filtered with  32-year spline,
     at every point from ten years earlier (-10) to ten years later (+10) than dated

 [B] Effect of those data values which most lower or raise correlation with master series
     Symbol following year indicates value in series is greater (>) or lesser (<) than master series value

 [C] Year-to-year changes very different from the mean change in other series

 [D] Absent rings (zero values)

 [E] Values which are statistical outliers from mean for the year
====================================================================================================================================

 30142A    1961 to  2011      51 years                                                                                    Series   1

 [B] Entire series, effect on correlation (  .348) is:
       Lower   1973< -.040   1966> -.028   1990< -.025   1976> -.018   1968> -.018   1972< -.012  Higher   1977  .085   1962  .046

 [E] Outliers     1   3.0 SD above or -4.5 SD below mean for year
       1969 +3.4 SD
====================================================================================================================================

 40113A    1968 to  2005      38 years                                                                                    Series   2

 [B] Entire series, effect on correlation (  .424) is:
       Lower   1978< -.061   1988< -.050   2000> -.041   1975> -.039   1993< -.035   1998< -.014  Higher   1977  .308   1973  .020

 [C] Year-to-year changes diverging by over 4.0 std deviations:
       1977 1978  -4.7 SD

 [E] Outliers     1   3.0 SD above or -4.5 SD below mean for year
       1976 +3.1 SD
====================================================================================================================================

 41039A    1916 to  2014      99 years                                                                                    Series   3

 [A] Segment   High   -10   -9   -8   -7   -6   -5   -4   -3   -2   -1   +0   +1   +2   +3   +4   +5   +6   +7   +8   +9  +10
    ---------  ----   ---  ---  ---  ---  ---  ---  ---  ---  ---  ---  ---  ---  ---  ---  ---  ---  ---  ---  ---  ---  ---
    1950 1999    0    .22 -.03 -.03 -.06 -.29 -.19 -.07  .05 -.26 -.12  .28* .01  .09 -.29 -.23  .07  .14  .10  .11  .22  .04

 [B] Entire series, effect on correlation (  .557) is:
       Lower   1980< -.034   1977> -.024   1963< -.018   1971> -.017   1942< -.015   1984< -.015  Higher   1947  .094   1924  .058
     1950 to 1999 segment:
       Lower   1980< -.074   1963< -.040   1971> -.038   1984< -.033   1977> -.027   1957< -.023  Higher   1991  .107   1952  .040

 [E] Outliers     1   3.0 SD above or -4.5 SD below mean for year
       1971 +3.1 SD
====================================================================================================================================

 41039     1912 to  2015     104 years                                                                                    Series   4

 [B] Entire series, effect on correlation (  .579) is:
       Lower   1999< -.037   2014< -.016   1940< -.013   2012> -.012   1960> -.012   1980< -.010  Higher   1947  .064   1924  .051

====================================================================================================================================

 90716A    1905 to  2015     111 years                                                                                    Series   5

 [B] Entire series, effect on correlation (  .457) is:
       Lower   1909> -.020   1906> -.018   2005< -.016   1996< -.013   1970> -.011   2010> -.010  Higher   1991  .043   1977  .023

 [E] Outliers     2   3.0 SD above or -4.5 SD below mean for year
       1909 +3.6 SD;    2010 +3.3 SD
====================================================================================================================================

 90718A    1964 to  2009      46 years                                                                                    Series   6

 [B] Entire series, effect on correlation (  .412) is:
       Lower   1999> -.032   1965> -.031   1977> -.028   1987< -.026   1973< -.023   2005< -.015  Higher   1991  .192   2000  .044

====================================================================================================================================

 102001A   1916 to  2014      99 years                                                                                    Series   7

 [A] Segment   High   -10   -9   -8   -7   -6   -5   -4   -3   -2   -1   +0   +1   +2   +3   +4   +5   +6   +7   +8   +9  +10
    ---------  ----   ---  ---  ---  ---  ---  ---  ---  ---  ---  ---  ---  ---  ---  ---  ---  ---  ---  ---  ---  ---  ---
    1950 1999    0   -.11  .13 -.21 -.22 -.06 -.04 -.09 -.21 -.12  .07  .31* .04  .24  .04 -.15  .12  .07 -.12  .02 -.08  .08
    1960 2009    2   -.10  .20 -.22 -.20 -.04 -.08  .03 -.28 -.16 -.02  .14|-.01  .23*-.06 -.18  .12  .07 -.09    -    -    -
    1965 2014    0   -.11  .19 -.06 -.11 -.11 -.02  .13 -.22 -.11 -.04  .21* .16 -.04    -    -    -    -    -    -    -    -

 [B] Entire series, effect on correlation (  .379) is:
       Lower   2004< -.026   1960< -.022   1962> -.017   1988< -.016   1935> -.016   2008> -.011  Higher   1947  .117   1977  .035
     1950 to 1999 segment:
       Lower   1962> -.043   1988< -.031   1961< -.026   1960< -.020   1991> -.018   1963< -.017  Higher   1977  .098   1973  .016
     1960 to 2009 segment:
       Lower   2004< -.044   1962> -.037   1988< -.025   2008> -.022   2000> -.022   2007< -.016  Higher   1977  .115   1973  .024
     1965 to 2014 segment:
       Lower   2004< -.066   1988< -.039   2007< -.026   2008> -.025   2000> -.024   2012> -.016  Higher   1977  .147   1973  .025

====================================================================================================================================

 30141A    1977 to  2015      39 years                                                                                    Series   8

 [A] Segment   High   -10   -9   -8   -7   -6   -5   -4   -3   -2   -1   +0   +1   +2   +3   +4   +5   +6   +7   +8   +9  +10
    ---------  ----   ---  ---  ---  ---  ---  ---  ---  ---  ---  ---  ---  ---  ---  ---  ---  ---  ---  ---  ---  ---  ---
    1977 2015    0   -.13  .16 -.15  .02  .29 -.03 -.02  .10 -.01  .17  .31*-.39    -    -    -    -    -    -    -    -    -

 [B] Entire series, effect on correlation (  .311) is:
       Lower   1991> -.105   2015> -.039   1992< -.020   2004< -.019   2007< -.018   2012> -.016  Higher   1977  .380   2000  .009
     1977 to 2015 segment:
       Lower   1991> -.105   2015> -.039   1992< -.020   2004< -.019   2007< -.018   2012> -.016  Higher   1977  .380   2000  .009

 [C] Year-to-year changes diverging by over 4.0 std deviations:
       1991 1992  -4.2 SD

 [E] Outliers     3   3.0 SD above or -4.5 SD below mean for year
       1977 -4.6 SD;    1991 +3.8 SD;    2015 +3.1 SD
====================================================================================================================================

 41040A    1917 to  2016     100 years                                                                                    Series   9

 [B] Entire series, effect on correlation (  .592) is:
       Lower   1924> -.050   1962> -.019   1990< -.012   1987< -.010   1998< -.009   1969< -.008  Higher   1947  .065   2016  .057

 [E] Outliers     1   3.0 SD above or -4.5 SD below mean for year
       1927 +3.0 SD
====================================================================================================================================

 090759A   1973 to  2016      44 years                                                                                    Series  10

 [A] Segment   High   -10   -9   -8   -7   -6   -5   -4   -3   -2   -1   +0   +1   +2   +3   +4   +5   +6   +7   +8   +9  +10
    ---------  ----   ---  ---  ---  ---  ---  ---  ---  ---  ---  ---  ---  ---  ---  ---  ---  ---  ---  ---  ---  ---  ---
    1973 2016    0   -.03  .07 -.22  .10  .09 -.12 -.04 -.10 -.10 -.14  .19*   -    -    -    -    -    -    -    -    -    -

 [B] Entire series, effect on correlation (  .190) is:
       Lower   2008> -.057   1974< -.034   1988< -.021   1997< -.021   2016> -.021   1987< -.012  Higher   1977  .127   1991  .026
     1973 to 2016 segment:
       Lower   2008> -.057   1974< -.034   1988< -.021   1997< -.021   2016> -.021   1987< -.012  Higher   1977  .127   1991  .026

 [C] Year-to-year changes diverging by over 4.0 std deviations:
       2015 2016   5.1 SD

 [E] Outliers     3   3.0 SD above or -4.5 SD below mean for year
       1993 +3.1 SD;    2008 +4.6 SD;    2016 +4.2 SD
====================================================================================================================================

 190549A   1940 to  2016      77 years                                                                                    Series  11

 [B] Entire series, effect on correlation (  .581) is:
       Lower   1947> -.026   2005> -.017   1954> -.016   1971> -.014   1952< -.013   1953< -.013  Higher   2016  .137   1991  .038

====================================================================================================================================

 190774A   1963 to  2014      52 years                                                                                    Series  12

 [A] Segment   High   -10   -9   -8   -7   -6   -5   -4   -3   -2   -1   +0   +1   +2   +3   +4   +5   +6   +7   +8   +9  +10
    ---------  ----   ---  ---  ---  ---  ---  ---  ---  ---  ---  ---  ---  ---  ---  ---  ---  ---  ---  ---  ---  ---  ---
    1963 2012    0    .12  .22  .02  .16 -.02  .15 -.18 -.34  .27  .03  .29*-.11 -.08 -.09  .01    -    -    -    -    -    -
    1965 2014    0    .13  .26 -.01  .15 -.08  .11 -.15 -.35  .21  .08  .31*-.07 -.18    -    -    -    -    -    -    -    -

 [B] Entire series, effect on correlation (  .307) is:
       Lower   1982< -.035   1979< -.032   1973< -.029   1968> -.023   1994> -.020   1966> -.017  Higher   1977  .117   2000  .082
     1963 to 2012 segment:
       Lower   1982< -.035   1979< -.033   1973< -.029   1968> -.024   1994> -.020   1966> -.019  Higher   1977  .124   2000  .086
     1965 to 2014 segment:
       Lower   1982< -.036   1979< -.033   1973< -.029   1968> -.025   1994> -.023   1966> -.020  Higher   1977  .118   2000  .082

 [E] Outliers     1   3.0 SD above or -4.5 SD below mean for year
       1981 +3.1 SD
====================================================================================================================================

 12171A    1943 to  2015      73 years                                                                                    Series  13

 [A] Segment   High   -10   -9   -8   -7   -6   -5   -4   -3   -2   -1   +0   +1   +2   +3   +4   +5   +6   +7   +8   +9  +10
    ---------  ----   ---  ---  ---  ---  ---  ---  ---  ---  ---  ---  ---  ---  ---  ---  ---  ---  ---  ---  ---  ---  ---
    1950 1999    0   -.23 -.15  .16 -.20  .02 -.13 -.09 -.06  .20 -.06  .32* .14  .16  .00  .18 -.22  .05  .21 -.27  .29 -.29
    1960 2009   -8   -.10 -.10  .34*-.13 -.02 -.07 -.29 -.03  .15 -.15  .29| .07  .16  .06  .03 -.12 -.02  .07    -    -    -
    1966 2015   -8   -.07 -.07  .31*-.12 -.01 -.06 -.29 -.03  .07 -.03  .28|-.04    -    -    -    -    -    -    -    -    -

 [B] Entire series, effect on correlation (  .420) is:
       Lower   1968< -.042   1991> -.025   2007< -.023   1973< -.015   1966> -.012   1954> -.009  Higher   1947  .069   1977  .034
     1950 to 1999 segment:
       Lower   1968< -.038   1991> -.035   1973< -.022   1966> -.018   1954> -.015   1992> -.013  Higher   1977  .074   1962  .040
     1960 to 2009 segment:
       Lower   1991> -.037   1968< -.037   2007< -.031   1973< -.020   1966> -.018   1992> -.013  Higher   1977  .068   1962  .036
     1966 to 2015 segment:
       Lower   1991> -.043   2007< -.032   1968< -.031   1973< -.022   1966> -.020   1992> -.014  Higher   1977  .076   2000  .024

====================================================================================================================================

 180968A   1955 to  2015      61 years                                                                                    Series  14

 [A] Segment   High   -10   -9   -8   -7   -6   -5   -4   -3   -2   -1   +0   +1   +2   +3   +4   +5   +6   +7   +8   +9  +10
    ---------  ----   ---  ---  ---  ---  ---  ---  ---  ---  ---  ---  ---  ---  ---  ---  ---  ---  ---  ---  ---  ---  ---
    1955 2004   -6   -.19  .12  .16 -.17  .27* .00  .05  .12  .02 -.03  .21|-.19  .03 -.07 -.09  .12  .09 -.17 -.11 -.36 -.19
    1960 2009    0   -.16  .17  .04 -.30  .18  .12 -.02  .17  .01 -.18  .21*-.19 -.02  .07 -.14  .03  .16 -.14    -    -    -
    1966 2015   -9    .02  .15* .06 -.22  .14  .13  .08  .05  .07 -.13  .10|-.15    -    -    -    -    -    -    -    -    -

 [B] Entire series, effect on correlation (  .193) is:
       Lower   1991> -.077   2005< -.042   1955< -.029   2010< -.020   2004< -.018   1968> -.011  Higher   2000  .055   1961  .042
     1955 to 2004 segment:
       Lower   1991> -.096   1955< -.041   2004< -.025   1968> -.014   1986> -.012   1972< -.011  Higher   2000  .070   1961  .055
     1960 to 2009 segment:
       Lower   1991> -.092   2005< -.060   2004< -.023   1968> -.013   1986> -.011   1972< -.011  Higher   2000  .060   1961  .052
     1966 to 2015 segment:
       Lower   1991> -.081   2005< -.048   2010< -.025   2004< -.023   1968> -.012   1986> -.011  Higher   2000  .077   2007  .026

 [E] Outliers     3   3.0 SD above or -4.5 SD below mean for year
       1982 +3.2 SD;    1991 +3.3 SD;    2005 -5.6 SD
====================================================================================================================================

 12221A    1871 to  2004     134 years                                                                                    Series  15

 [*] Early part of series cannot be checked from 1871 to 1903 -- not matched by another series

 [B] Entire series, effect on correlation (  .417) is:
       Lower   1911> -.031   1920> -.020   1962> -.017   1916< -.015   1922> -.014   1937< -.014  Higher   1924  .089   1947  .028

 [E] Outliers     1   3.0 SD above or -4.5 SD below mean for year
       1924 -6.2 SD
====================================================================================================================================

 20155A    1904 to  2005     102 years                                                                                    Series  16

 [B] Entire series, effect on correlation (  .453) is:
       Lower   1981< -.022   1970> -.021   1989< -.012   1911< -.009   1936< -.009   1947> -.009  Higher   1977  .023   1920  .022

 [E] Outliers     2   3.0 SD above or -4.5 SD below mean for year
       1970 +3.3 SD;    1998 +3.1 SD
====================================================================================================================================

 22208A    1942 to  2016      75 years                                                                                    Series  17

 [A] Segment   High   -10   -9   -8   -7   -6   -5   -4   -3   -2   -1   +0   +1   +2   +3   +4   +5   +6   +7   +8   +9  +10
    ---------  ----   ---  ---  ---  ---  ---  ---  ---  ---  ---  ---  ---  ---  ---  ---  ---  ---  ---  ---  ---  ---  ---
    1950 1999    0   -.02  .01 -.08 -.14  .06  .04  .05  .13  .03  .26  .31*-.14 -.10  .00 -.09  .15 -.09 -.01  .15  .07 -.35
    1960 2009    0    .01  .21 -.02 -.08  .12  .03  .05  .15 -.04  .26  .28*-.22 -.06 -.05 -.05  .15 -.07  .03    -    -    -

 [B] Entire series, effect on correlation (  .471) is:
       Lower   1947> -.053   1963< -.040   1990> -.029   1962> -.028   1969< -.021   1978< -.010  Higher   2016  .165   1991  .057
     1950 to 1999 segment:
       Lower   1963< -.062   1962> -.059   1990> -.051   1969< -.030   1965> -.019   1975> -.017  Higher   1991  .210   1977  .048
     1960 to 2009 segment:
       Lower   1963< -.064   1962> -.053   1990> -.042   1969< -.033   1978< -.017   1965> -.016  Higher   1991  .206   1977  .050

 [E] Outliers     1   3.0 SD above or -4.5 SD below mean for year
       1990 +4.1 SD
====================================================================================================================================
PART 7:  DESCRIPTIVE STATISTICS:                                                                   13:39  Tue 19 Jun 2018  Page   6
------------------------------------------------------------------------------------------------------------------------------------

                                                Corr   //-------- Unfiltered --------\\  //---- Filtered -----\\
                           No.    No.    No.    with   Mean   Max     Std   Auto   Mean   Max     Std   Auto  AR
 Seq Series   Interval   Years  Segmt  Flags   Master  msmt   msmt    dev   corr   sens  value    dev   corr  ()
 --- -------- ---------  -----  -----  -----   ------ -----  -----  -----  -----  -----  -----  -----  -----  --
   1 30142A   1961 2011     51      2      0    .348   1.16   3.63   .812   .846   .198   2.84   .542   .001   1
   2 40113A   1968 2005     38      1      0    .424    .59   2.15   .547   .694   .397   2.67   .468   .080   1
   3 41039A   1916 2014     99      7      1    .557   1.60   3.35   .656   .747   .197   2.76   .408  -.064   3
   4 41039    1912 2015    104      7      0    .579   3.99  10.40  2.018   .786   .226   2.66   .537   .019   1
   5 90716A   1905 2015    111      8      0    .457   1.48   2.92   .527   .701   .212   2.70   .403  -.015   1
   6 90718A   1964 2009     46      1      0    .412    .83   3.17   .618   .607   .361   3.05   .534  -.068   1
   7 102001A  1916 2014     99      7      3    .379    .99   2.16   .483   .826   .215   2.64   .445  -.047   1
   8 30141A   1977 2015     39      1      1    .311    .99   2.49   .621   .820   .250   2.54   .449  -.059   1
   9 41040A   1917 2016    100      7      0    .592   1.62   3.83   .702   .752   .189   2.71   .436   .010   1
  10 090759A  1973 2016     44      1      1    .190    .75   2.62   .731   .853   .318   3.17   .623  -.024   1
  11 190549A  1940 2016     77      4      0    .581   1.04   3.03   .751   .776   .322   2.70   .418   .002   1
  12 190774A  1963 2014     52      2      2    .307    .81   3.05   .555   .750   .220   2.77   .498  -.021   2
  13 12171A   1943 2015     73      4      3    .420    .48   1.41   .252   .628   .300   2.99   .501   .023   1
  14 180968A  1955 2015     61      3      3    .193    .78   3.15   .717   .846   .291   2.86   .547  -.006   1
  15 12221A   1871 2004    134      7      0    .417    .87   3.91   .602   .773   .231   2.58   .276  -.024   1
  16 20155A   1904 2005    102      7      0    .453    .68   1.96   .426   .769   .295   2.84   .629  -.006   1
  17 22208A   1942 2016     75      4      2    .471    .98   3.00   .654   .854   .262   2.92   .448  -.006   2
 --- -------- ---------  -----  -----  -----   ------ -----  -----  -----  -----  -----  -----  -----  -----  --
 Total or mean:           1305     73     16    .442   1.27  10.40   .705   .766   .252   3.17   .464  -.013

                                              - = [  COFECHA FRNI COF  ] = -
