[]  Dendrochronology Program Library                                        Run JUNI   Program COF  14:37  Fri 15 Jun 2018  Page   1
[]
[]  P R O G R A M      C O F E C H A                                                                          Version 6.06P    30483
------------------------------------------------------------------------------------------------------------------------------------

 QUALITY CONTROL AND DATING CHECK OF TREE-RING MEASUREMENTS

 File of DATED series:   juni_drop.rwl

 CONTENTS:

    Part 1:  Title page, options selected, summary, absent rings by series
    Part 2:  Histogram of time spans
    Part 3:  Master series with sample depth and absent rings by year
    Part 4:  Bar plot of Master Dating Series
    Part 5:  Correlation by segment of each series with Master
    Part 6:  Potential problems: low correlation, divergent year-to-year changes, absent rings, outliers
    Part 7:  Descriptive statistics

 RUN CONTROL OPTIONS SELECTED                             VALUE

         1  Cubic smoothing spline 50% wavelength cutoff for filtering
                                                            32 years
         2  Segments examined are                           50 years lagged successively by  10 years
         3  Autoregressive model applied                     A  Residuals are used in master dating series and testing
         4  Series transformed to logarithms                 Y  Each series log-transformed for master dating series and testing
         5  CORRELATION is Pearson (parametric, quantitative)
            Critical correlation, 99% confidence level   .3281
         6  Master dating series saved                       N
         7  Ring measurements listed                         N
         8  Parts printed                              1234567 
         9  Absent rings are omitted from master series and segment correlations  (Y)

 Time span of Master dating series is  1880 to  2010   131 years
 Continuous time span is               1880 to  2010   131 years
 Portion with two or more series is    1891 to  2010   120 years


                                        ****************************************
                                        *C* Number of dated series        31 *C*
                                        *O* Master series 1880 2010  131 yrs *O*
                                        *F* Total rings in all series   2511 *F*
                                        *E* Total dated rings checked   2500 *E*
                                        *C* Series intercorrelation     .471 *C*
                                        *H* Average mean sensitivity    .315 *H*
                                        *A* Segments, possible problems   18 *A*
                                        *** Mean length of series       81.0 ***
                                        ****************************************

 ABSENT RINGS listed by SERIES:            (See Master Dating Series for absent rings listed by year)

               No ring measurements of zero value
PART 2:  TIME PLOT OF TREE-RING SERIES:                                                            14:37  Fri 15 Jun 2018  Page   2
------------------------------------------------------------------------------------------------------------------------------------
 1050 1100 1150 1200 1250 1300 1350 1400 1450 1500 1550 1600 1650 1700 1750 1800 1850 1900 1950 2000 2050 Ident   Seq Time-span  Yrs
   :    :    :    :    :    :    :    :    :    :    :    :    :    :    :    :    :    :    :    :    : -------- --- ---- ---- ----
   .    .    .    .    .    .    .    .    .    .    .    .    .    .    .    .    .    .<========>    . 112323     1 1913 2009   97
   .    .    .    .    .    .    .    .    .    .    .    .    .    .    .    .    .    . <=======>    . 10122      2 1929 2009   81
   .    .    .    .    .    .    .    .    .    .    .    .    .    .    .    .    .    .<========>    . 162575     3 1915 2009   95
   .    .    .    .    .    .    .    .    .    .    .    .    .    .    .    .    .    . <=======>    . 10010      4 1928 2009   82
   .    .    .    .    .    .    .    .    .    .    .    .    .    .    .    .    .    .   <=====>    . 12354      5 1945 2009   65
   .    .    .    .    .    .    .    .    .    .    .    .    .    .    .    .    .    .<========>    . 30315      6 1914 2009   96
   .    .    .    .    .    .    .    .    .    .    .    .    .    .    .    .    .    .<========>    . 200577     7 1910 2009  100
   .    .    .    .    .    .    .    .    .    .    .    .    .    .    .    .    .    .  <=======>   . 10296      8 1935 2010   76
   .    .    .    .    .    .    .    .    .    .    .    .    .    .    .    .    .    .    .<===>    . 12387      9 1966 2009   44
   .    .    .    .    .    .    .    .    .    .    .    .    .    .    .    .    .    .<========>    . 161554    10 1918 2009   92
   .    .    .    .    .    .    .    .    .    .    .    .    .    .    .    .    .    .<========>    . 190483    11 1916 2009   94
   .    .    .    .    .    .    .    .    .    .    .    .    .    .    .    .    .    .    .<===>    . 150761    12 1962 2009   48
   .    .    .    .    .    .    .    .    .    .    .    .    .    .    .    .    .    .   <=====>    . 172637    13 1943 2009   67
   .    .    .    .    .    .    .    .    .    .    .    .    .    .    .    .    .    .  <======>    . 201261    14 1934 2002   69
   .    .    .    .    .    .    .    .    .    .    .    .    .    .    .    .    .    .<========>    . 30226     15 1914 2003   90
   .    .    .    .    .    .    .    .    .    .    .    .    .    .    .    .    .    .    <====>    . 190074    16 1955 2009   55
   .    .    .    .    .    .    .    .    .    .    .    .    .    .    .    .    .    <=========>    . 202941    17 1907 2008  102
   .    .    .    .    .    .    .    .    .    .    .    .    .    .    .    .    .    .  <======>    . 192588    18 1930 2002   73
   .    .    .    .    .    .    .    .    .    .    .    .    .    .    .    .    .    . <=======>    . 172453    19 1923 2009   87
   .    .    .    .    .    .    .    .    .    .    .    .    .    .    .    .    .    . <=======>    . 202585    20 1924 2009   86
   .    .    .    .    .    .    .    .    .    .    .    .    .    .    .    .    .    . <=======>    . 152623    21 1925 2009   85
   .    .    .    .    .    .    .    .    .    .    .    .    .    .    .    .    .    .<========>    . 80694     22 1915 2009   95
   .    .    .    .    .    .    .    .    .    .    .    .    .    .    .    .    .    .    <====>    . 30135     23 1958 2009   52
   .    .    .    .    .    .    .    .    .    .    .    .    .    .    .    .    .    <=========>    . 122295    24 1904 2009  106
   .    .    .    .    .    .    .    .    .    .    .    .    .    .    .    .    .    .    <====>    . 40024A    25 1950 2009   60
   .    .    .    .    .    .    .    .    .    .    .    .    .    .    .    .    .    .   <=====>    . 180644    26 1946 2000   55
   .    .    .    .    .    .    .    .    .    .    .    .    .    .    .    .    .    .    .  <==>   . 180341    27 1981 2010   30
   .    .    .    .    .    .    .    .    .    .    .    .    .    .    .    .    .   <==========>    . 162355    28 1898 2009  112
   .    .    .    .    .    .    .    .    .    .    .    .    .    .    .    .    .  <===========>    . 131360    29 1880 2009  130
   .    .    .    .    .    .    .    .    .    .    .    .    .    .    .    .    .   <==========>    . 72424     30 1891 2009  119
   .    .    .    .    .    .    .    .    .    .    .    .    .    .    .    .    .    .  <======>    . 180906    31 1933 2000   68
   :    :    :    :    :    :    :    :    :    :    :    :    :    :    :    :    :    :    :    :    :
 1050 1100 1150 1200 1250 1300 1350 1400 1450 1500 1550 1600 1650 1700 1750 1800 1850 1900 1950 2000 2050
PART 3:  Master Dating Series:                                                                     14:37  Fri 15 Jun 2018  Page   3
------------------------------------------------------------------------------------------------------------------------------------
  Year  Value  No Ab    Year  Value  No Ab    Year  Value  No Ab    Year  Value  No Ab    Year  Value  No Ab    Year  Value  No Ab
  ------------------    ------------------    ------------------    ------------------    ------------------    ------------------
                        1900   .429   3       1950   .892  26       2000   .482  31
                        1901  1.667   3       1951   .456  26       2001   .554  29
                        1902 -3.349   3       1952  -.041  26       2002   .018  29
                        1903  2.908   3       1953   .625  26       2003  -.499  27
                        1904   .429   4       1954   .693  26       2004   .439  26
                        1905   .289   4       1955   .714  27       2005  -.429  26
                        1906  -.565   4       1956   .341  27       2006  -.300  26
                        1907  -.106   5       1957   .021  27       2007   .308  26
                        1908  -.247   5       1958   .340  28       2008   .841  26
                        1909  -.472   5       1959 -1.209  28       2009   .837  25

                        1910   .267   6       1960  -.125  28       2010 -1.163   2
                        1911  -.883   6       1961  -.630  28
                        1912   .194   6       1962  -.782  29
                        1913  1.417   7       1963 -1.345  29
                        1914   .010   9       1964 -1.280  29
                        1915   .477  11       1965  -.073  29
                        1916  1.658  12       1966 -2.994  30
                        1917   .170  12       1967  -.147  30
                        1918 -1.507  13       1968   .449  30
                        1919   .550  13       1969   .729  30

                        1920  -.029  13       1970  1.058  30
                        1921  -.536  13       1971  -.139  30
                        1922   .903  13       1972   .791  30
                        1923 -1.080  14       1973   .133  30
                        1924   .007  15       1974  -.305  30
                        1925 -1.229  16       1975   .553  30
                        1926  -.276  16       1976  1.141  30
                        1927   .127  16       1977  -.327  30
                        1928  1.532  17       1978  1.143  30
                        1929  -.591  18       1979 -1.190  30

  1880   .475   1       1930 -2.626  19       1980  -.328  30
  1881  1.004   1       1931   .813  19       1981   .388  31
  1882  -.869   1       1932  -.014  19       1982   .873  31
  1883 -2.971   1       1933   .543  20       1983   .428  31
  1884  -.345   1       1934  -.077  21       1984  -.211  31
  1885   .047   1       1935  -.126  22       1985   .590  31
  1886 -1.473   1       1936   .718  22       1986  1.120  31
  1887  -.300   1       1937   .854  22       1987  -.693  31
  1888  -.394   1       1938  -.107  22       1988  -.629  31
  1889  3.092   1       1939  -.647  22       1989   .843  31

  1890  1.920   1       1940   .497  22       1990   .730  31
  1891  1.947   2       1941   .718  22       1991 -1.491  31
  1892   .037   2       1942   .852  22       1992   .112  31
  1893  -.668   2       1943  -.677  23       1993   .845  31
  1894  -.996   2       1944  -.651  23       1994   .329  31
  1895   .440   2       1945   .497  24       1995   .073  31
  1896  -.420   2       1946 -1.840  25       1996  -.882  31
  1897  -.478   2       1947  -.020  25       1997 -1.118  31
  1898   .635   3       1948  -.484  25       1998   .082  31
  1899 -1.731   3       1949   .400  25       1999 -1.381  31
------------------------------------------------------------------------------------------------------------------------------------
PART 4:  Master Bar Plot:                                                                          14:37  Fri 15 Jun 2018  Page   4
------------------------------------------------------------------------------------------------------------------------------------
   Year Rel value  Year Rel value  Year Rel value  Year Rel value  Year Rel value  Year Rel value  Year Rel value  Year Rel value
                   1900-------B    1950---------D  2000-------B
                   1901----------G 1951-------B    2001-------B
                   1902m           1952----@       2002-----@
                   1903----------L 1953--------B   2003--b
                   1904-------B    1954--------C   2004-------B
                   1905------A     1955--------C   2005---b
                   1906--b         1956------A     2006---a
                   1907----@       1957-----@      2007------A
                   1908---a        1958------A     2008---------C
                   1909--b         1959-e          2009---------C
                   1910------A     1960----a       2010-e
                   1911-d          1961--c
                   1912------A     1962--c
                   1913----------F 1963e
                   1914-----@      1964e
                   1915-------B    1965----@
                   1916----------G 1966l
                   1917-----A      1967----a
                   1918f           1968-------B
                   1919-------B    1969--------C
                   1920-----@      1970---------D
                   1921--b         1971----a
                   1922---------D  1972---------C
                   1923-d          1973-----A
                   1924-----@      1974---a
                   1925-e          1975-------B
                   1926---a        1976---------E
                   1927-----A      1977---a
                   1928----------F 1978---------E
                   1929--b         1979-e
   1880-------B    1930k           1980---a
   1881---------D  1931---------C  1981------B
   1882-c          1932-----@      1982---------C
   1883l           1933-------B    1983-------B
   1884---a        1934----@       1984----a
   1885-----@      1935----a       1985--------B
   1886f           1936--------C   1986---------D
   1887---a        1937---------C  1987--c
   1888---b        1938----@       1988--c
   1889----------L 1939--c         1989---------C
   1890----------H 1940-------B    1990--------C
   1891----------H 1941--------C   1991f
   1892-----@      1942---------C  1992-----@
   1893--c         1943--c         1993---------C
   1894-d          1944--c         1994------A
   1895-------B    1945-------B    1995-----@
   1896---b        1946g           1996-d
   1897--b         1947-----@      1997-d
   1898--------C   1948--b         1998-----@
   1899g           1949------B     1999f
PART 5:  CORRELATION OF SERIES BY SEGMENTS:                                                        14:37  Fri 15 Jun 2018  Page   5
------------------------------------------------------------------------------------------------------------------------------------
 Correlations of  50-year dated segments, lagged  10 years
 Flags:  A = correlation under   .3281 but highest as dated;  B = correlation higher at other than dated position

 Seq Series  Time_span   1890 1900 1910 1920 1930 1940 1950 1960 1970 1980
                         1939 1949 1959 1969 1979 1989 1999 2009 2019 2029
 --- -------- ---------  ---- ---- ---- ---- ---- ---- ---- ---- ---- ---- ---- ---- ---- ---- ---- ---- ---- ---- ---- ----
   1 112323   1913 2009             .36  .46  .57  .73  .76  .72
   2 10122    1929 2009                  .42  .40  .56  .58  .39
   3 162575   1915 2009             .60  .55  .58  .56  .49  .48
   4 10010    1928 2009                  .54  .55  .53  .62  .75
   5 12354    1945 2009                            .56  .48  .47
   6 30315    1914 2009             .59  .57  .56  .51  .57  .53
   7 200577   1910 2009             .56  .58  .58  .55  .47  .37
   8 10296    1935 2010                       .37  .40  .36  .41  .43
   9 12387    1966 2009                                      .50
  10 161554   1918 2009             .60  .61  .59  .63  .72  .74
  11 190483   1916 2009             .61  .63  .62  .59  .56  .46
  12 150761   1962 2009                                      .50
  13 172637   1943 2009                            .70  .69  .64
  14 201261   1934 2002                       .52  .55  .46  .45
  15 30226    1914 2003             .58  .53  .53  .48  .30A .31A
  16 190074   1955 2009                                 .52  .46
  17 202941   1907 2008        .60  .62  .62  .65  .59  .35  .39
  18 192588   1930 2002                       .30A .34  .45  .44
  19 172453   1923 2009                  .40  .52  .53  .52  .41
  20 202585   1924 2009                  .55  .59  .63  .63  .64
  21 152623   1925 2009                  .71  .76  .79  .75  .66
  22 80694    1915 2009             .38  .33  .32A .40  .46  .51
  23 30135    1958 2009                                 .61  .59
  24 122295   1904 2009        .20B .25A .44  .53  .45  .36  .42
  25 40024A   1950 2009                                 .34B .49
  26 180644   1946 2000                            .30A .36  .35
  27 180341   1981 2010                                                .31A
  28 162355   1898 2009   .63  .58  .32A .40  .42  .39  .48  .55
  29 131360   1880 2009   .41  .40  .38  .32A .35  .18B .38  .44
  30 72424    1891 2009   .55  .50  .28A .29A .18A .17A .32A .30A
  31 180906   1933 2000                       .62  .65  .52  .52
 Av segment correlation   .53  .45  .47  .50  .51  .51  .50  .50  .43  .31
PART 6:  POTENTIAL PROBLEMS:                                                                       14:37  Fri 15 Jun 2018  Page   5
------------------------------------------------------------------------------------------------------------------------------------

 For each series with potential problems the following diagnostics may appear:

 [A] Correlations with master dating series of flagged  50-year segments of series filtered with  32-year spline,
     at every point from ten years earlier (-10) to ten years later (+10) than dated

 [B] Effect of those data values which most lower or raise correlation with master series
     Symbol following year indicates value in series is greater (>) or lesser (<) than master series value

 [C] Year-to-year changes very different from the mean change in other series

 [D] Absent rings (zero values)

 [E] Values which are statistical outliers from mean for the year
====================================================================================================================================

 112323    1913 to  2009      97 years                                                                                    Series   1

 [B] Entire series, effect on correlation (  .508) is:
       Lower   1939< -.057   1913< -.018   1940< -.016   1918> -.014   1923> -.014   1919< -.013  Higher   1946  .031   1979  .018

 [E] Outliers     1   3.0 SD above or -4.5 SD below mean for year
       1939 -6.2 SD
====================================================================================================================================

 10122     1929 to  2009      81 years                                                                                    Series   2

 [B] Entire series, effect on correlation (  .288) is:
       Lower   2009< -.109   1930> -.074   1989< -.019   1993< -.018   1931< -.011   1942< -.008  Higher   1966  .141   1991  .027

 [C] Year-to-year changes diverging by over 4.0 std deviations:
       1930 1931  -4.2 SD

 [E] Outliers     3   3.0 SD above or -4.5 SD below mean for year
       1930 +3.6 SD;    1943 -4.7 SD;    2009 -6.2 SD
====================================================================================================================================

 162575    1915 to  2009      95 years                                                                                    Series   3

 [B] Entire series, effect on correlation (  .540) is:
       Lower   1967< -.033   1954< -.024   1932< -.020   1992< -.017   2008< -.016   1994< -.013  Higher   1966  .031   1930  .023

====================================================================================================================================

 10010     1928 to  2009      82 years                                                                                    Series   4

 [B] Entire series, effect on correlation (  .577) is:
       Lower   1948< -.057   1950< -.027   1952< -.025   1946> -.024   1954< -.020   1991> -.013  Higher   1966  .039   1979  .017

====================================================================================================================================

 12354     1945 to  2009      65 years                                                                                    Series   5

 [B] Entire series, effect on correlation (  .520) is:
       Lower   1966> -.056   1979> -.029   1958< -.026   1996> -.017   1980> -.016   1960< -.014  Higher   1946  .047   1991  .021

====================================================================================================================================

 30315     1914 to  2009      96 years                                                                                    Series   6

 [B] Entire series, effect on correlation (  .553) is:
       Lower   1944< -.054   1983< -.012   1979> -.011   1987> -.010   1948> -.010   1930> -.010  Higher   1946  .032   1966  .017

 [E] Outliers     1   3.0 SD above or -4.5 SD below mean for year
       1944 -5.1 SD
====================================================================================================================================

 200577    1910 to  2009     100 years                                                                                    Series   7

 [B] Entire series, effect on correlation (  .479) is:
       Lower   2009< -.038   1916< -.025   1938> -.025   1977> -.024   1989< -.014   2005> -.013  Higher   1946  .043   1930  .043

 [E] Outliers     2   3.0 SD above or -4.5 SD below mean for year
       1938 +3.5 SD;    1977 +3.1 SD
====================================================================================================================================

 10296     1935 to  2010      76 years                                                                                    Series   8

 [B] Entire series, effect on correlation (  .375) is:
       Lower   1956< -.068   1975< -.033   1970< -.029   1971> -.023   1976< -.015   1936< -.015  Higher   1966  .106   1946  .034

 [E] Outliers     1   3.0 SD above or -4.5 SD below mean for year
       1956 -5.2 SD
====================================================================================================================================

 12387     1966 to  2009      44 years                                                                                    Series   9

 [B] Entire series, effect on correlation (  .505) is:
       Lower   1966> -.103   1976< -.055   1997> -.022   1978< -.013   1971> -.012   2004< -.011  Higher   1991  .081   1987  .032

====================================================================================================================================

 161554    1918 to  2009      92 years                                                                                    Series  10

 [B] Entire series, effect on correlation (  .630) is:
       Lower   1945< -.018   1949< -.015   1943> -.014   1932> -.012   1983< -.011   1996> -.009  Higher   1966  .062   1979  .015

====================================================================================================================================

 190483    1916 to  2009      94 years                                                                                    Series  11

 [B] Entire series, effect on correlation (  .536) is:
       Lower   1923> -.021   1999> -.020   1979> -.019   1941< -.015   1975< -.015   1994> -.014  Higher   1930  .065   1966  .045

====================================================================================================================================

 150761    1962 to  2009      48 years                                                                                    Series  12

 [B] Entire series, effect on correlation (  .505) is:
       Lower   1976< -.047   1989< -.030   1986< -.028   1977> -.018   2002> -.015   1987> -.015  Higher   1966  .075   1991  .070

====================================================================================================================================

 172637    1943 to  2009      67 years                                                                                    Series  13

 [B] Entire series, effect on correlation (  .624) is:
       Lower   1946> -.034   1996< -.019   2004< -.018   1972< -.014   1987> -.014   1980< -.014  Higher   1979  .027   1991  .024

====================================================================================================================================

 201261    1934 to  2002      69 years                                                                                    Series  14

 [B] Entire series, effect on correlation (  .446) is:
       Lower   1991> -.041   1992< -.031   1944> -.016   1987> -.016   1961< -.014   1953< -.013  Higher   1946  .033   1959  .031

====================================================================================================================================

 30226     1914 to  2003      90 years                                                                                    Series  15

 [A] Segment   High   -10   -9   -8   -7   -6   -5   -4   -3   -2   -1   +0   +1   +2   +3   +4   +5   +6   +7   +8   +9  +10
    ---------  ----   ---  ---  ---  ---  ---  ---  ---  ---  ---  ---  ---  ---  ---  ---  ---  ---  ---  ---  ---  ---  ---
    1950 1999    0    .03  .07 -.02  .15 -.05  .00 -.03  .27 -.05 -.28  .30*-.25  .15  .10  .12  .27 -.11  .10  .09 -.09  .11
    1954 2003    0   -.01  .01 -.01  .27 -.03 -.04 -.03  .20 -.06 -.31  .31*-.25  .13  .08  .12  .22 -.09  .14    -    -    -

 [B] Entire series, effect on correlation (  .461) is:
       Lower   1994< -.031   1993< -.023   1969< -.022   1979> -.016   1922< -.016   1956< -.013  Higher   1966  .038   1946  .027
     1950 to 1999 segment:
       Lower   1994< -.042   1993< -.037   1969< -.036   1979> -.030   1999> -.023   1987> -.020  Higher   1966  .106   1978  .037
     1954 to 2003 segment:
       Lower   1994< -.041   1993< -.037   1969< -.036   1979> -.028   1999> -.022   1956< -.019  Higher   1966  .103   1978  .037

====================================================================================================================================

 190074    1955 to  2009      55 years                                                                                    Series  16

 [B] Entire series, effect on correlation (  .486) is:
       Lower   1962> -.043   1976< -.033   2005> -.026   1994> -.023   2001< -.020   1985< -.019  Higher   1966  .235   1959  .021

 [E] Outliers     1   3.0 SD above or -4.5 SD below mean for year
       1966 -4.6 SD
====================================================================================================================================

 202941    1907 to  2008     102 years                                                                                    Series  17

 [B] Entire series, effect on correlation (  .501) is:
       Lower   1999> -.030   1991> -.028   1995< -.019   1953< -.017   1967< -.013   1908> -.013  Higher   1946  .044   1966  .027

====================================================================================================================================

 192588    1930 to  2002      73 years                                                                                    Series  18

 [A] Segment   High   -10   -9   -8   -7   -6   -5   -4   -3   -2   -1   +0   +1   +2   +3   +4   +5   +6   +7   +8   +9  +10
    ---------  ----   ---  ---  ---  ---  ---  ---  ---  ---  ---  ---  ---  ---  ---  ---  ---  ---  ---  ---  ---  ---  ---
    1930 1979    0   -.17 -.16  .10 -.09 -.27 -.04 -.07  .10 -.28 -.14  .30* .11  .25  .04  .02  .13  .23 -.30  .22 -.12 -.04

 [B] Entire series, effect on correlation (  .312) is:
       Lower   1946> -.043   1933< -.033   1990< -.023   1937< -.017   1942< -.017   1939> -.015  Higher   1930  .070   1979  .035
     1930 to 1979 segment:
       Lower   1946> -.059   1933< -.040   1939> -.021   1937< -.020   1942< -.020   1958< -.018  Higher   1930  .088   1979  .044

====================================================================================================================================

 172453    1923 to  2009      87 years                                                                                    Series  19

 [B] Entire series, effect on correlation (  .378) is:
       Lower   1923> -.035   2000< -.022   1929> -.019   1991> -.014   1948> -.013   1941< -.013  Higher   1966  .042   1999  .022

====================================================================================================================================

 202585    1924 to  2009      86 years                                                                                    Series  20

 [B] Entire series, effect on correlation (  .569) is:
       Lower   1933< -.067   1948< -.024   1929> -.014   1991> -.009   2008< -.009   1959> -.008  Higher   1930  .060   1946  .031

====================================================================================================================================

 152623    1925 to  2009      85 years                                                                                    Series  21

 [B] Entire series, effect on correlation (  .665) is:
       Lower   2000< -.038   1925> -.017   1932< -.016   1967< -.013   1996> -.010   1952< -.010  Higher   1966  .049   1946  .024

====================================================================================================================================

 80694     1915 to  2009      95 years                                                                                    Series  22

 [A] Segment   High   -10   -9   -8   -7   -6   -5   -4   -3   -2   -1   +0   +1   +2   +3   +4   +5   +6   +7   +8   +9  +10
    ---------  ----   ---  ---  ---  ---  ---  ---  ---  ---  ---  ---  ---  ---  ---  ---  ---  ---  ---  ---  ---  ---  ---
    1930 1979    0   -.16 -.18 -.03  .03  .00 -.12 -.11 -.07 -.18 -.14  .32*-.11  .23  .16  .01  .09  .10  .09  .21  .01  .17

 [B] Entire series, effect on correlation (  .427) is:
       Lower   1936< -.030   1996> -.026   1943> -.019   1966> -.017   1935> -.014   1940< -.013  Higher   1930  .025   1916  .020
     1930 to 1979 segment:
       Lower   1936< -.058   1943> -.031   1940< -.025   1935> -.022   1952< -.019   1958< -.019  Higher   1930  .073   1963  .023

====================================================================================================================================

 30135     1958 to  2009      52 years                                                                                    Series  23

 [B] Entire series, effect on correlation (  .617) is:
       Lower   1962> -.032   1996> -.020   1978< -.018   1975< -.017   1982< -.017   1961> -.017  Higher   1966  .042   1991  .037

====================================================================================================================================

 122295    1904 to  2009     106 years                                                                                    Series  24

 [A] Segment   High   -10   -9   -8   -7   -6   -5   -4   -3   -2   -1   +0   +1   +2   +3   +4   +5   +6   +7   +8   +9  +10
    ---------  ----   ---  ---  ---  ---  ---  ---  ---  ---  ---  ---  ---  ---  ---  ---  ---  ---  ---  ---  ---  ---  ---
    1904 1953   -4    .11 -.09  .15 -.20  .19 -.15  .27* .07 -.13 -.04  .20| .18 -.14  .03 -.20 -.02  .09 -.32 -.07  .11 -.20
    1910 1959    0    .12 -.12  .17 -.21  .20  .00  .19  .17 -.09 -.07  .25* .13 -.13 -.07 -.21 -.11  .06 -.31 -.14  .09 -.19

 [B] Entire series, effect on correlation (  .275) is:
       Lower   1912< -.056   1918> -.028   1911> -.020   1910< -.020   1979> -.018   1904> -.014  Higher   1946  .033   1991  .028
     1904 to 1953 segment:
       Lower   1912< -.089   1918> -.048   1911> -.034   1910< -.031   1904> -.024   1950< -.019  Higher   1946  .062   1930  .034
     1910 to 1959 segment:
       Lower   1912< -.098   1918> -.048   1910< -.034   1911> -.034   1959> -.022   1950< -.022  Higher   1946  .063   1930  .034

 [C] Year-to-year changes diverging by over 4.0 std deviations:
       1911 1912  -4.6 SD

 [E] Outliers     1   3.0 SD above or -4.5 SD below mean for year
       1929 -5.1 SD
====================================================================================================================================

 40024A    1950 to  2009      60 years                                                                                    Series  25

 [A] Segment   High   -10   -9   -8   -7   -6   -5   -4   -3   -2   -1   +0   +1   +2   +3   +4   +5   +6   +7   +8   +9  +10
    ---------  ----   ---  ---  ---  ---  ---  ---  ---  ---  ---  ---  ---  ---  ---  ---  ---  ---  ---  ---  ---  ---  ---
    1950 1999    8    .07 -.13  .20  .05 -.19  .05 -.04  .03 -.19 -.29  .34|-.03 -.12  .09  .11  .14  .11 -.20  .48*-.06 -.27

 [B] Entire series, effect on correlation (  .308) is:
       Lower   1958< -.125   2001< -.042   1959> -.018   1963> -.016   1952> -.016   1976< -.014  Higher   1991  .053   1966  .048
     1950 to 1999 segment:
       Lower   1958< -.161   1959> -.021   1963> -.019   1952> -.018   1976< -.016   1964> -.016  Higher   1991  .055   1966  .048

 [C] Year-to-year changes diverging by over 4.0 std deviations:
       1958 1959   5.1 SD

 [E] Outliers     1   3.0 SD above or -4.5 SD below mean for year
       1958 -6.2 SD
====================================================================================================================================

 180644    1946 to  2000      55 years                                                                                    Series  26

 [A] Segment   High   -10   -9   -8   -7   -6   -5   -4   -3   -2   -1   +0   +1   +2   +3   +4   +5   +6   +7   +8   +9  +10
    ---------  ----   ---  ---  ---  ---  ---  ---  ---  ---  ---  ---  ---  ---  ---  ---  ---  ---  ---  ---  ---  ---  ---
    1946 1995    0   -.29 -.07 -.07  .05 -.17  .09 -.10  .20 -.04 -.02  .30* .12 -.12 -.03 -.07  .15 -.10 -.05  .26  .01 -.37

 [B] Entire series, effect on correlation (  .359) is:
       Lower   1966> -.046   1947< -.043   1987> -.039   1977> -.036   1951< -.034   1955< -.019  Higher   1999  .048   1979  .040
     1946 to 1995 segment:
       Lower   1947< -.053   1987> -.043   1977> -.043   1951< -.042   1966> -.037   1955< -.023  Higher   1979  .058   1991  .052

 [E] Outliers     2   3.0 SD above or -4.5 SD below mean for year
       1977 +3.0 SD;    1999 -4.6 SD
====================================================================================================================================

 180341    1981 to  2010      30 years                                                                                    Series  27

 [A] Segment   High   -10   -9   -8   -7   -6   -5   -4   -3   -2   -1   +0   +1   +2   +3   +4   +5   +6   +7   +8   +9  +10
    ---------  ----   ---  ---  ---  ---  ---  ---  ---  ---  ---  ---  ---  ---  ---  ---  ---  ---  ---  ---  ---  ---  ---
    1981 2010    0    .08 -.07 -.09  .08  .06 -.01 -.05  .09 -.22 -.31  .31*   -    -    -    -    -    -    -    -    -    -

 [B] Entire series, effect on correlation (  .309) is:
       Lower   1999> -.103   1991> -.071   1994< -.053   2007< -.033   1990< -.030   2001< -.018  Higher   2010  .073   2000  .040
     1981 to 2010 segment:
       Lower   1999> -.103   1991> -.071   1994< -.053   2007< -.033   1990< -.030   2001< -.018  Higher   2010  .073   2000  .040

====================================================================================================================================

 162355    1898 to  2009     112 years                                                                                    Series  28

 [A] Segment   High   -10   -9   -8   -7   -6   -5   -4   -3   -2   -1   +0   +1   +2   +3   +4   +5   +6   +7   +8   +9  +10
    ---------  ----   ---  ---  ---  ---  ---  ---  ---  ---  ---  ---  ---  ---  ---  ---  ---  ---  ---  ---  ---  ---  ---
    1910 1959    0   -.30  .18 -.28  .11  .08  .12  .10  .09  .25 -.10  .32*-.25 -.23  .04 -.07 -.22 -.13  .08 -.23  .17 -.11

 [B] Entire series, effect on correlation (  .531) is:
       Lower   1946> -.027   1993< -.023   1949< -.016   1985< -.016   1950< -.015   1939> -.013  Higher   1902  .079   1966  .044
     1910 to 1959 segment:
       Lower   1946> -.061   1949< -.041   1950< -.039   1939> -.032   1948< -.017   1938> -.013  Higher   1930  .059   1916  .047

 [E] Outliers     1   3.0 SD above or -4.5 SD below mean for year
       1902 -4.6 SD
====================================================================================================================================

 131360    1880 to  2009     130 years                                                                                    Series  29

 [*] Early part of series cannot be checked from 1880 to 1890 -- not matched by another series

 [A] Segment   High   -10   -9   -8   -7   -6   -5   -4   -3   -2   -1   +0   +1   +2   +3   +4   +5   +6   +7   +8   +9  +10
    ---------  ----   ---  ---  ---  ---  ---  ---  ---  ---  ---  ---  ---  ---  ---  ---  ---  ---  ---  ---  ---  ---  ---
    1920 1969    0   -.13  .02 -.23  .19 -.11  .19 -.07 -.20 -.21  .28  .32* .03  .04  .03  .03  .08 -.10 -.11 -.04 -.04 -.13
    - - - - - - - - - - - - - - - - - - - - - - - - - - - - - - - - - - - - - - - - - - - - - - - - - - - - - - - - - - - - -
    1940 1989    3   -.05 -.14 -.02  .05 -.15  .04 -.11 -.23 -.09  .18  .18| .09  .13  .20* .04 -.20 -.09  .09 -.10 -.25 -.17

 [B] Entire series, effect on correlation (  .361) is:
       Lower   1945< -.034   1966> -.030   1892> -.020   1921> -.014   1902> -.013   1915< -.011  Higher   1930  .048   1903  .031
     1920 to 1969 segment:
       Lower   1966> -.087   1945< -.080   1921> -.029   1923> -.025   1941< -.016   1946> -.015  Higher   1930  .213   1931  .020
     1940 to 1989 segment:
       Lower   1945< -.103   1966> -.100   1941< -.018   1948> -.013   1959> -.013   1958< -.011  Higher   1986  .037   1964  .025

 [E] Outliers     3   3.0 SD above or -4.5 SD below mean for year
       1930 -5.2 SD;    1945 -5.1 SD;    1966 +3.5 SD
====================================================================================================================================

 72424     1891 to  2009     119 years                                                                                    Series  30

 [A] Segment   High   -10   -9   -8   -7   -6   -5   -4   -3   -2   -1   +0   +1   +2   +3   +4   +5   +6   +7   +8   +9  +10
    ---------  ----   ---  ---  ---  ---  ---  ---  ---  ---  ---  ---  ---  ---  ---  ---  ---  ---  ---  ---  ---  ---  ---
    1910 1959    0   -.17  .06 -.07  .06  .23 -.09 -.17  .14  .01 -.23  .28* .15 -.18  .11 -.10  .05  .05  .07 -.17 -.19 -.02
    1920 1969    0   -.34 -.04  .04  .00  .06 -.04 -.08 -.03  .06 -.03  .29* .07  .05  .13 -.17  .05 -.01  .08 -.19 -.25  .03
    1930 1979    0   -.25 -.05  .07  .02 -.02 -.03 -.07  .02 -.08  .04  .18* .01  .17  .17 -.23 -.07 -.06 -.04 -.04 -.28 -.02
    1940 1989    0   -.20 -.01 -.02  .08  .02 -.02 -.02  .02 -.10  .07  .17* .08  .08  .10 -.03 -.12 -.27  .05 -.04 -.24 -.07
    1950 1999    0   -.20  .04  .11  .04 -.06  .05  .10 -.09 -.20  .08  .32* .07  .05  .11 -.01 -.21 -.22  .03  .05 -.21 -.08
    1960 2009    0   -.06 -.08  .07  .04 -.09 -.02  .02 -.15 -.24  .01  .30* .25    -    -    -    -    -    -    -    -    -

 [B] Entire series, effect on correlation (  .397) is:
       Lower   1892< -.018   1909< -.017   2009< -.014   1945< -.014   1934> -.013   1957> -.012  Higher   1902  .091   1903  .029
     1910 to 1959 segment:
       Lower   1945< -.040   1934> -.033   1917< -.032   1957> -.029   1941< -.024   1949< -.022  Higher   1930  .054   1923  .034
     1920 to 1969 segment:
       Lower   1945< -.040   1934> -.029   1957> -.025   1941< -.024   1949< -.022   1946> -.017  Higher   1930  .046   1923  .029
     1930 to 1979 segment:
       Lower   1945< -.039   1934> -.029   1978< -.024   1941< -.023   1957> -.023   1949< -.021  Higher   1930  .067   1963  .027
     1940 to 1989 segment:
       Lower   1945< -.035   1957> -.029   1978< -.022   1941< -.021   1949< -.018   1946> -.016  Higher   1987  .037   1963  .032
     1950 to 1999 segment:
       Lower   1957> -.034   1978< -.029   1986< -.019   1953< -.015   1980< -.014   1966> -.013  Higher   1987  .030   1963  .025
     1960 to 2009 segment:
       Lower   2009< -.042   1978< -.027   2003> -.018   1966> -.017   1986< -.017   2004< -.017  Higher   1987  .030   1963  .026

 [E] Outliers     1   3.0 SD above or -4.5 SD below mean for year
       1957 +3.1 SD
====================================================================================================================================

 180906    1933 to  2000      68 years                                                                                    Series  31

 [B] Entire series, effect on correlation (  .518) is:
       Lower   1999> -.074   1940< -.016   1939> -.016   1957< -.015   1989< -.015   1953< -.015  Higher   1966  .112   1979  .022

 [E] Outliers     1   3.0 SD above or -4.5 SD below mean for year
       1999 +3.4 SD
====================================================================================================================================
PART 7:  DESCRIPTIVE STATISTICS:                                                                   14:37  Fri 15 Jun 2018  Page   6
------------------------------------------------------------------------------------------------------------------------------------

                                                Corr   //-------- Unfiltered --------\\  //---- Filtered -----\\
                           No.    No.    No.    with   Mean   Max     Std   Auto   Mean   Max     Std   Auto  AR
 Seq Series   Interval   Years  Segmt  Flags   Master  msmt   msmt    dev   corr   sens  value    dev   corr  ()
 --- -------- ---------  -----  -----  -----   ------ -----  -----  -----  -----  -----  -----  -----  -----  --
   1 112323   1913 2009     97      6      0    .508   2.22   4.98   .891   .487   .336   2.59   .398   .033   1
   2 10122    1929 2009     81      5      0    .288   3.10  10.56  1.927   .780   .268   2.52   .427  -.027   1
   3 162575   1915 2009     95      6      0    .540   2.11   5.37  1.383   .872   .279   2.66   .614  -.030   1
   4 10010    1928 2009     82      5      0    .577   2.69   6.70  1.383   .672   .379   2.51   .480  -.101   1
   5 12354    1945 2009     65      3      0    .520   2.99   9.88  2.008   .892   .238   2.64   .461  -.018   1
   6 30315    1914 2009     96      6      0    .553   2.01   6.84  1.103   .668   .365   2.76   .424  -.040   1
   7 200577   1910 2009    100      6      0    .479   2.01   6.63  1.132   .819   .271   2.91   .542  -.088   1
   8 10296    1935 2010     76      5      0    .375   1.90   7.07  1.556   .768   .459   2.74   .503  -.072   1
   9 12387    1966 2009     44      1      0    .505   1.85   4.28   .851   .703   .286   2.43   .496  -.043   2
  10 161554   1918 2009     92      6      0    .630   1.72   4.08   .793   .700   .313   2.57   .449  -.065   1
  11 190483   1916 2009     94      6      0    .536   1.47   4.16   .943   .886   .240   2.64   .445  -.034   2
  12 150761   1962 2009     48      1      0    .505   2.97   6.87  1.815   .772   .371   2.62   .486  -.050   1
  13 172637   1943 2009     67      3      0    .624   2.06   6.16  1.258   .766   .328   2.64   .521   .026   1
  14 201261   1934 2002     69      4      0    .446   1.14   4.25  1.125   .937   .280   2.78   .531  -.022   1
  15 30226    1914 2003     90      6      2    .461   1.47   4.16   .943   .666   .361   2.92   .575   .081   2
  16 190074   1955 2009     55      2      0    .486   2.81   8.09  1.843   .885   .281   2.51   .363   .046   1
  17 202941   1907 2008    102      7      0    .501   1.67   4.75  1.280   .866   .285   2.53   .438   .063   1
  18 192588   1930 2002     73      4      1    .312   1.21   3.24   .896   .829   .396   2.62   .593  -.070   1
  19 172453   1923 2009     87      5      0    .378   1.12   3.13   .860   .917   .259   2.52   .409   .035   1
  20 202585   1924 2009     86      5      0    .569   1.49   6.77  1.316   .867   .315   2.55   .553  -.041   1
  21 152623   1925 2009     85      5      0    .665   1.73   3.60   .706   .681   .274   2.65   .578   .062   1
  22 80694    1915 2009     95      6      1    .427   1.20   4.75   .926   .869   .317   2.75   .481  -.025   1
  23 30135    1958 2009     52      2      0    .617   1.81   4.65   .893   .448   .396   2.86   .765  -.057   1
  24 122295   1904 2009    106      7      2    .275   2.10   7.02  1.930   .932   .282   2.61   .383   .008   1
  25 40024A   1950 2009     60      2      1    .308    .71   2.54   .613   .905   .312   2.60   .454   .013   1
  26 180644   1946 2000     55      3      1    .359   1.80  10.72  2.782   .941   .388   2.63   .501  -.061   2
  27 180341   1981 2010     30      1      1    .309   3.59   7.84  1.625   .578   .308   3.01   .647  -.044   1
  28 162355   1898 2009    112      8      1    .531   1.42   4.90   .917   .756   .348   2.59   .408  -.061   1
  29 131360   1880 2009    130      8      2    .361   1.62   5.55  1.021   .713   .347   2.63   .318  -.013   1
  30 72424    1891 2009    119      8      6    .397   1.50   7.24  1.473   .877   .293   2.96   .523  -.079   1
  31 180906   1933 2000     68      4      0    .518   2.12   6.49  1.695   .940   .246   2.68   .509  -.030   1
 --- -------- ---------  -----  -----  -----   ------ -----  -----  -----  -----  -----  -----  -----  -----  --
 Total or mean:           2511    146     18    .471   1.85  10.72  1.249   .791   .315   3.01   .482  -.022

                                              - = [  COFECHA JUNI COF  ] = -
