[]  Dendrochronology Program Library                                        Run NYSY   Program COF  14:38  Fri 15 Jun 2018  Page   1
[]
[]  P R O G R A M      C O F E C H A                                                                          Version 6.06P    30483
------------------------------------------------------------------------------------------------------------------------------------

 QUALITY CONTROL AND DATING CHECK OF TREE-RING MEASUREMENTS

 File of DATED series:   nysy_drop.rwl

 CONTENTS:

    Part 1:  Title page, options selected, summary, absent rings by series
    Part 2:  Histogram of time spans
    Part 3:  Master series with sample depth and absent rings by year
    Part 4:  Bar plot of Master Dating Series
    Part 5:  Correlation by segment of each series with Master
    Part 6:  Potential problems: low correlation, divergent year-to-year changes, absent rings, outliers
    Part 7:  Descriptive statistics

 RUN CONTROL OPTIONS SELECTED                             VALUE

         1  Cubic smoothing spline 50% wavelength cutoff for filtering
                                                            32 years
         2  Segments examined are                           50 years lagged successively by  10 years
         3  Autoregressive model applied                     A  Residuals are used in master dating series and testing
         4  Series transformed to logarithms                 Y  Each series log-transformed for master dating series and testing
         5  CORRELATION is Pearson (parametric, quantitative)
            Critical correlation, 99% confidence level   .3281
         6  Master dating series saved                       N
         7  Ring measurements listed                         N
         8  Parts printed                              1234567 
         9  Absent rings are omitted from master series and segment correlations  (Y)

 Time span of Master dating series is  1676 to  2017   342 years
 Continuous time span is               1676 to  2017   342 years
 Portion with two or more series is    1762 to  2017   256 years


                                        ****************************************
                                        *C* Number of dated series        13 *C*
                                        *O* Master series 1676 2017  342 yrs *O*
                                        *F* Total rings in all series   1874 *F*
                                        *E* Total dated rings checked   1788 *E*
                                        *C* Series intercorrelation    -.017 *C*
                                        *H* Average mean sensitivity    .303 *H*
                                        *A* Segments, possible problems  134 *A*
                                        *** Mean length of series      144.2 ***
                                        ****************************************

 ABSENT RINGS listed by SERIES:            (See Master Dating Series for absent rings listed by year)

               No ring measurements of zero value
PART 2:  TIME PLOT OF TREE-RING SERIES:                                                            14:38  Fri 15 Jun 2018  Page   2
------------------------------------------------------------------------------------------------------------------------------------
 1050 1100 1150 1200 1250 1300 1350 1400 1450 1500 1550 1600 1650 1700 1750 1800 1850 1900 1950 2000 2050 Ident   Seq Time-span  Yrs
   :    :    :    :    :    :    :    :    :    :    :    :    :    :    :    :    :    :    :    :    : -------- --- ---- ---- ----
   .    .    .    .    .    .    .    .    .    .    .    .    .    .    .    .    .<=============>    . 80559      1 1861 2009  149
   .    .    .    .    .    .    .    .    .    .    .    .    .    .    .    .    .    . <=======>    . 50415      2 1927 2009   83
   .    .    .    .    .    .    .    .    .    .    .    .    . <================================>    . 80085      3 1676 2009  334
   .    .    .    .    .    .    .    .    .    .    .    .    .    .    .    .    .    . <=======>    . 100834     4 1926 2009   84
   .    .    .    .    .    .    .    .    .    .    .    .    .    .    .<=======================>    . 50416      5 1762 2009  248
   .    .    .    .    .    .    .    .    .    .    .    .    .    .    .    .    .    <==========>   . 162005A    6 1904 2015  112
   .    .    .    .    .    .    .    .    .    .    .    .    .    .    .    .    .    . <========>   . 182212A    7 1925 2015   91
   .    .    .    .    .    .    .    .    .    .    .    .    .    .    .    .    .   <===========>   . 190908A    8 1892 2015  124
   .    .    .    .    .    .    .    .    .    .    .    .    .    .    .    .    .    .<========>    . 190910A    9 1913 2004   92
   .    .    .    .    .    .    .    .    .    .    .    .    .    .    .    .    . <=============>   . 101016A   10 1873 2017  145
   .    .    .    .    .    .    .    .    .    .    .    .    .    .    .    .    .    <==========>   . 101019A   11 1906 2017  112
   .    .    .    .    .    .    .    .    .    .    .    .    .    .    .    .    .    .   <======>   . 142573A   12 1943 2017   75
   .    .    .    .    .    .    .    .    .    .    .    .    .    .    .   <=====================>   . 180840A   13 1793 2017  225
   :    :    :    :    :    :    :    :    :    :    :    :    :    :    :    :    :    :    :    :    :
 1050 1100 1150 1200 1250 1300 1350 1400 1450 1500 1550 1600 1650 1700 1750 1800 1850 1900 1950 2000 2050
PART 3:  Master Dating Series:                                                                     14:38  Fri 15 Jun 2018  Page   3
------------------------------------------------------------------------------------------------------------------------------------
  Year  Value  No Ab    Year  Value  No Ab    Year  Value  No Ab    Year  Value  No Ab    Year  Value  No Ab    Year  Value  No Ab
  ------------------    ------------------    ------------------    ------------------    ------------------    ------------------
                        1700  -.028   1       1750  2.007   1       1800  1.107   3       1850  -.392   3       1900   .630   6
                        1701  1.221   1       1751  1.778   1       1801   .753   3       1851   .481   3       1901  -.092   6
                        1702   .136   1       1752  1.623   1       1802  -.147   3       1852  -.853   3       1902  -.200   6
                        1703   .669   1       1753   .680   1       1803   .860   3       1853   .263   3       1903 -1.385   6
                        1704   .713   1       1754 -1.016   1       1804  -.197   3       1854 -1.446   3       1904   .920   7
                        1705 -1.187   1       1755 -1.188   1       1805  -.424   3       1855  -.370   3       1905   .559   7
                        1706 -4.898   1       1756 -1.077   1       1806 -2.195   3       1856  -.137   3       1906   .846   8
                        1707   .322   1       1757  -.886   1       1807   .205   3       1857 -1.323   3       1907   .218   8
                        1708  1.336   1       1758  -.706   1       1808 -2.178   3       1858   .409   3       1908   .147   8
                        1709   .424   1       1759  -.814   1       1809   .930   3       1859   .892   3       1909  -.226   8

                        1710 -1.127   1       1760 -1.329   1       1810  -.383   3       1860   .800   3       1910   .260   8
                        1711 -1.978   1       1761 -1.123   1       1811   .879   3       1861   .600   4       1911   .171   8
                        1712 -3.115   1       1762  -.326   2       1812   .092   3       1862 -1.370   4       1912  -.025   8
                        1713   .908   1       1763   .845   2       1813   .276   3       1863   .024   4       1913  -.436   9
                        1714  2.586   1       1764  -.463   2       1814  1.502   3       1864   .791   4       1914  -.727   9
                        1715  2.390   1       1765  -.097   2       1815   .041   3       1865   .185   4       1915  -.039   9
                        1716  1.271   1       1766   .745   2       1816 -1.520   3       1866   .047   4       1916   .506   9
                        1717   .827   1       1767   .151   2       1817  -.389   3       1867   .298   4       1917  -.339   9
                        1718  -.654   1       1768  -.037   2       1818 -1.752   3       1868   .037   4       1918  -.430   9
                        1719  1.430   1       1769   .579   2       1819   .204   3       1869  -.242   4       1919  -.039   9

                        1720  1.051   1       1770  1.555   2       1820  1.467   3       1870  -.151   4       1920  -.378   9
                        1721   .003   1       1771  1.960   2       1821   .121   3       1871  -.907   4       1921  -.668   9
                        1722  2.308   1       1772  -.412   2       1822  -.246   3       1872  -.915   4       1922  -.168   9
                        1723  -.188   1       1773 -1.359   2       1823   .236   3       1873  1.310   5       1923  -.234   9
                        1724   .388   1       1774  -.858   2       1824  -.764   3       1874   .505   5       1924   .412   9
                        1725  -.267   1       1775   .579   2       1825  1.072   3       1875   .219   5       1925   .502  10
  1676   .870   1       1726   .503   1       1776 -1.177   2       1826  1.248   3       1876  -.293   5       1926   .110  11
  1677   .193   1       1727 -1.847   1       1777  1.211   2       1827   .439   3       1877  1.182   5       1927   .002  12
  1678  1.355   1       1728 -3.132   1       1778  -.015   2       1828   .211   3       1878  -.960   5       1928  -.467  12
  1679 -2.180   1       1729 -2.532   1       1779 -1.295   2       1829   .612   3       1879  -.196   5       1929  -.095  12

  1680 -1.387   1       1730   .137   1       1780   .045   2       1830   .052   3       1880  -.746   5       1930   .113  12
  1681 -1.214   1       1731   .287   1       1781   .003   2       1831  1.968   3       1881  -.819   5       1931   .284  12
  1682  1.470   1       1732  -.270   1       1782  1.978   2       1832   .564   3       1882   .560   5       1932   .278  12
  1683  1.976   1       1733  2.928   1       1783  1.025   2       1833  -.522   3       1883  1.000   5       1933  -.472  12
  1684   .212   1       1734 -1.571   1       1784   .256   2       1834   .109   3       1884   .235   5       1934   .430  12
  1685  1.799   1       1735  -.458   1       1785  -.594   2       1835  -.406   3       1885  -.629   5       1935   .077  12
  1686  -.848   1       1736  -.313   1       1786   .497   2       1836   .060   3       1886   .908   5       1936  -.469  12
  1687  2.013   1       1737   .720   1       1787  -.882   2       1837   .833   3       1887  -.617   5       1937  -.055  12
  1688 -2.920   1       1738  -.950   1       1788  -.751   2       1838 -1.002   3       1888  1.050   5       1938  -.510  12
  1689   .537   1       1739  -.684   1       1789 -1.661   2       1839 -1.246   3       1889   .511   5       1939  -.316  12

  1690  -.132   1       1740 -1.719   1       1790  1.153   2       1840  -.183   3       1890   .435   5       1940  -.015  12
  1691  -.631   1       1741  -.579   1       1791   .200   2       1841   .016   3       1891  1.178   5       1941  -.340  12
  1692  1.348   1       1742 -1.850   1       1792  -.201   2       1842   .371   3       1892   .382   6       1942  -.208  12
  1693 -1.665   1       1743 -1.103   1       1793 -1.006   3       1843   .179   3       1893  -.185   6       1943   .232  13
  1694  2.258   1       1744 -1.666   1       1794   .102   3       1844   .491   3       1894  -.631   6       1944   .993  13
  1695   .378   1       1745   .147   1       1795   .270   3       1845   .186   3       1895  -.832   6       1945   .072  13
  1696  -.467   1       1746  -.228   1       1796 -1.503   3       1846   .250   3       1896  -.800   6       1946   .531  13
  1697 -5.883   1       1747   .841   1       1797  1.164   3       1847   .261   3       1897  -.562   6       1947   .627  13
  1698   .489   1       1748  1.885   1       1798   .667   3       1848   .284   3       1898  -.515   6       1948  -.561  13
  1699  1.912   1       1749  1.988   1       1799   .485   3       1849  -.737   3       1899  -.165   6       1949  -.418  13
PART 3:  Master Dating Series:                                                                     14:38  Fri 15 Jun 2018  Page   4
------------------------------------------------------------------------------------------------------------------------------------
  Year  Value  No Ab    Year  Value  No Ab    Year  Value  No Ab    Year  Value  No Ab    Year  Value  No Ab    Year  Value  No Ab
  ------------------    ------------------    ------------------    ------------------    ------------------    ------------------
  1950  -.601  13       2000   .216  13
  1951  -.104  13       2001   .279  13
  1952  -.108  13       2002  -.258  13
  1953   .496  13       2003   .020  13
  1954  -.198  13       2004   .164  13
  1955   .301  13       2005   .113  12
  1956   .109  13       2006  -.922  12
  1957  -.322  13       2007  -.284  12
  1958   .588  13       2008   .355  12
  1959   .743  13       2009   .331  12

  1960  1.075  13       2010  -.153   7
  1961   .620  13       2011   .237   7
  1962  -.285  13       2012  -.161   7
  1963  -.255  13       2013   .650   7
  1964  -.806  13       2014  -.038   7
  1965  -.640  13       2015  -.508   7
  1966  -.356  13       2016   .053   4
  1967  -.220  13       2017   .896   4
  1968   .145  13
  1969   .274  13

  1970  -.030  13
  1971   .399  13
  1972   .100  13
  1973   .446  13
  1974  -.326  13
  1975   .757  13
  1976   .263  13
  1977   .244  13
  1978  -.297  13
  1979   .345  13

  1980   .293  13
  1981  -.075  13
  1982  -.162  13
  1983  -.626  13
  1984  -.081  13
  1985  -.068  13
  1986   .129  13
  1987  -.492  13
  1988  -.479  13
  1989  -.635  13

  1990   .193  13
  1991  -.052  13
  1992  -.111  13
  1993  -.194  13
  1994   .297  13
  1995  -.134  13
  1996   .570  13
  1997  1.083  13
  1998   .606  13
  1999  -.194  13
------------------------------------------------------------------------------------------------------------------------------------
PART 4:  Master Bar Plot:                                                                          14:38  Fri 15 Jun 2018  Page   5
------------------------------------------------------------------------------------------------------------------------------------
   Year Rel value  Year Rel value  Year Rel value  Year Rel value  Year Rel value  Year Rel value  Year Rel value  Year Rel value
                   1700-----@      1750----------H 1800---------D  1850---b        1900--------C   1950--b         2000------A
                   1701---------E  1751----------G 1801---------C  1851--------B   1901----@       1951----@       2001-------A
                   1702------A     1752----------F 1802----a       1852-c          1902----a       1952----@       2002---a
                   1703--------C   1753--------C   1803---------C  1853------A     1903f           1953--------B   2003-----@
                   1704--------C   1754-d          1804----a       1854f           1904---------D  1954----a       2004------A
                   1705-e          1755-e          1805--b         1855---a        1905--------B   1955-------A    2005-----@
                   1706t           1756-d          1806i           1856----a       1906---------C  1956-----@      2006-d
                   1707-------A    1757-d          1807------A     1857e           1907------A     1957---a        2007---a
                   1708---------E  1758-c          1808i           1858-------B    1908------A     1958--------B   2008-------A
                   1709-------B    1759-c          1809---------D  1859---------D  1909---a        1959--------C   2009-------A
                   1710-e          1760e           1810---b        1860---------C  1910------A     1960---------D  2010----a
                   1711h           1761-d          1811---------D  1861--------B   1911------A     1961--------B   2011------A
                   1712l           1762---a        1812-----@      1862e           1912-----@      1962---a        2012----a
                   1713---------D  1763---------C  1813-------A    1863-----@      1913--b         1963---a        2013--------C
                   1714----------J 1764--b         1814----------F 1864---------C  1914-c          1964-c          2014-----@
                   1715----------J 1765----@       1815-----@      1865------A     1915-----@      1965--c         2015--b
                   1716---------E  1766---------C  1816f           1866-----@      1916--------B   1966---a        2016-----@
                   1717---------C  1767------A     1817---b        1867-------A    1917---a        1967---a        2017---------D
                   1718--c         1768-----@      1818g           1868-----@      1918--b         1968------A
                   1719----------F 1769--------B   1819------A     1869---a        1919-----@      1969------A
                   1720---------D  1770----------F 1820----------F 1870----a       1920---b        1970-----@
                   1721-----@      1771----------H 1821-----@      1871-d          1921--c         1971-------B
                   1722----------I 1772--b         1822---a        1872-d          1922----a       1972-----@
                   1723----a       1773e           1823------A     1873---------E  1923---a        1973-------B
                   1724-------B    1774-c          1824-c          1874--------B   1924-------B    1974---a
                   1725---a        1775--------B   1825---------D  1875------A     1925--------B   1975---------C
   1676---------C  1726--------B   1776-e          1826---------E  1876---a        1926-----@      1976------A
   1677------A     1727g           1777---------E  1827-------B    1877---------E  1927-----@      1977------A
   1678----------E 1728m           1778-----@      1828------A     1878-d          1928--b         1978---a
   1679i           1729j           1779e           1829--------B   1879----a       1929----@       1979-------A
   1680f           1730------A     1780-----@      1830-----@      1880-c          1930-----@      1980-------A
   1681-e          1731-------A    1781-----@      1831----------H 1881-c          1931-------A    1981----@
   1682----------F 1732---a        1782----------H 1832--------B   1882--------B   1932-------A    1982----a
   1683----------H 1733----------L 1783---------D  1833--b         1883---------D  1933--b         1983--c
   1684------A     1734f           1784------A     1834-----@      1884------A     1934-------B    1984----@
   1685----------G 1735--b         1785--b         1835--b         1885--c         1935-----@      1985----@
   1686-c          1736---a        1786--------B   1836-----@      1886---------D  1936--b         1986------A
   1687----------H 1737--------C   1787-d          1837---------C  1887--b         1937----@       1987--b
   1688l           1738-d          1788-c          1838-d          1888---------D  1938--b         1988--b
   1689--------B   1739--c         1789g           1839-e          1889--------B   1939---a        1989--c
   1690----a       1740g           1790---------E  1840----a       1890-------B    1940-----@      1990------A
   1691--c         1741--b         1791------A     1841-----@      1891---------E  1941---a        1991----@
   1692----------E 1742g           1792----a       1842-------A    1892-------B    1942----a       1992----@
   1693g           1743-d          1793-d          1843------A     1893----a       1943------A     1993----a
   1694----------I 1744g           1794-----@      1844--------B   1894--c         1944---------D  1994-------A
   1695-------B    1745------A     1795------A     1845------A     1895-c          1945-----@      1995----a
   1696--b         1746---a        1796f           1846------A     1896-c          1946--------B   1996--------B
   1697x           1747---------C  1797---------E  1847------A     1897--b         1947--------C   1997---------D
   1698--------B   1748----------H 1798--------C   1848-------A    1898--b         1948--b         1998--------B
   1699----------H 1749----------H 1799--------B   1849-c          1899----a       1949--b         1999----a
PART 5:  CORRELATION OF SERIES BY SEGMENTS:                                                        14:38  Fri 15 Jun 2018  Page   5
------------------------------------------------------------------------------------------------------------------------------------
 Correlations of  50-year dated segments, lagged  10 years
 Flags:  A = correlation under   .3281 but highest as dated;  B = correlation higher at other than dated position

 Seq Series  Time_span   1760 1770 1780 1790 1800 1810 1820 1830 1840 1850 1860 1870 1880 1890 1900 1910 1920 1930 1940 1950
                         1809 1819 1829 1839 1849 1859 1869 1879 1889 1899 1909 1919 1929 1939 1949 1959 1969 1979 1989 1999
 --- -------- ---------  ---- ---- ---- ---- ---- ---- ---- ---- ---- ---- ---- ---- ---- ---- ---- ---- ---- ---- ---- ----
   1 80559    1861 2009                                                     .06B .04B-.02B-.10B-.16B-.17B-.05B .02B .11B .12B
   2 50415    1927 2009                                                                                  -.08B-.05B-.04B-.02B
   3 80085    1676 2009   .03B .12B .05B .10B .06B-.06B-.04B .00B .08B .15B .04B-.04B-.15B-.20B-.23B-.09B-.08B .03B-.03B-.03B
   4 100834   1926 2009                                                                                  -.23B-.17B-.17B-.11B
   5 50416    1762 2009   .04B .13B .11B .22A .22A .07B-.08B-.19B-.15B-.07B-.09B-.07B-.08B-.26B-.21B-.21B-.04B .15B .28A .28B
   6 162005A  1904 2015                                                                         .26A .30A .25A .19B .17B .00B
   7 182212A  1925 2015                                                                                   .03B .01B .01B-.07B
   8 190908A  1892 2015                                                                   -.19B-.10B-.16B-.10B-.01B .04B-.19B
   9 190910A  1913 2004                                                                              .00B .12B .10B .00B .01B
  10 101016A  1873 2017                                                          .02B-.02B-.09B .00B .18B .19B .18B .16B .05B
  11 101019A  1906 2017                                                                         .09B .10B .05B .01B .03B .02B
  12 142573A  1943 2017                                                                                             .00B-.01B
  13 180840A  1793 2017                 -.04B-.08B-.17B-.21B-.14B-.13B-.07B-.06B .00B-.03B-.13B-.04B-.02B .00B .00B .01B .03B
 Av segment correlation   .03  .13  .08  .10  .06 -.05 -.11 -.11 -.07  .00 -.02 -.01 -.06 -.16 -.05 -.01  .01  .04  .04  .01
PART 5:  CORRELATION OF SERIES BY SEGMENTS:                                                        14:38  Fri 15 Jun 2018  Page   6
------------------------------------------------------------------------------------------------------------------------------------
 Correlations of  50-year dated segments, lagged  10 years
 Flags:  A = correlation under   .3281 but highest as dated;  B = correlation higher at other than dated position

 Seq Series  Time_span   1960 1970
                         2009 2019
 --- -------- ---------  ---- ---- ---- ---- ---- ---- ---- ---- ---- ---- ---- ---- ---- ---- ---- ---- ---- ---- ---- ----
   1 80559    1861 2009   .20B
   2 50415    1927 2009   .02B
   3 80085    1676 2009  -.07B
   4 100834   1926 2009  -.08B
   5 50416    1762 2009   .27B
   6 162005A  1904 2015  -.03B-.07B
   7 182212A  1925 2015  -.14B-.24B
   8 190908A  1892 2015  -.06B-.05B
   9 190910A  1913 2004   .02B
  10 101016A  1873 2017  -.09B-.17B
  11 101019A  1906 2017  -.06B-.12B
  12 142573A  1943 2017  -.05B-.06B
  13 180840A  1793 2017   .02B .10B
 Av segment correlation   .00 -.09
PART 6:  POTENTIAL PROBLEMS:                                                                       14:38  Fri 15 Jun 2018  Page   6
------------------------------------------------------------------------------------------------------------------------------------

 For each series with potential problems the following diagnostics may appear:

 [A] Correlations with master dating series of flagged  50-year segments of series filtered with  32-year spline,
     at every point from ten years earlier (-10) to ten years later (+10) than dated

 [B] Effect of those data values which most lower or raise correlation with master series
     Symbol following year indicates value in series is greater (>) or lesser (<) than master series value

 [C] Year-to-year changes very different from the mean change in other series

 [D] Absent rings (zero values)

 [E] Values which are statistical outliers from mean for the year
====================================================================================================================================

 80559     1861 to  2009     149 years                                                                                    Series   1

 [A] Segment   High   -10   -9   -8   -7   -6   -5   -4   -3   -2   -1   +0   +1   +2   +3   +4   +5   +6   +7   +8   +9  +10
    ---------  ----   ---  ---  ---  ---  ---  ---  ---  ---  ---  ---  ---  ---  ---  ---  ---  ---  ---  ---  ---  ---  ---
    1861 1910   -8    .06 -.01  .34*-.26  .06  .17 -.03 -.13  .09 -.12  .06| .18 -.16 -.01 -.01 -.04 -.02  .19 -.07  .09  .16
    1870 1919    1   -.11  .02  .24 -.28  .12 -.02  .06 -.12  .23 -.19  .04| .27*-.03  .00  .13 -.10 -.21  .24 -.22  .03 -.01
    1880 1929    1   -.07  .04  .20 -.17 -.03  .01  .06 -.14  .17  .09 -.02| .25* .04 -.05  .05 -.15 -.10  .10 -.01 -.05 -.11
    1890 1939    2   -.21 -.16  .13 -.10  .09  .03  .14  .07  .00  .17 -.10| .26  .30*-.11 -.01 -.34 -.27 -.06 -.01 -.04 -.06
    1900 1949    1   -.31 -.15  .17  .01  .12  .08  .16 -.02  .03  .00 -.16| .38* .28 -.22  .00 -.25 -.40  .04 -.16  .00  .00
    1910 1959    1   -.17 -.20  .12  .04  .20 -.01  .21  .03  .01  .13 -.17| .32* .13 -.23  .08 -.24 -.48 -.09 -.20  .23  .15
    1920 1969    1   -.08 -.12  .00  .14  .16  .01  .11  .01 -.03  .14 -.05| .27* .10 -.22 -.01 -.21 -.30 -.15  .02  .21  .19
    1930 1979   10   -.15 -.07  .05  .06  .14 -.02  .12 -.12  .04 -.08  .02| .10  .08 -.24  .09 -.17 -.33 -.15  .01  .21  .26*
    1940 1989   10   -.17  .07 -.07  .09  .07  .05  .04 -.22  .15 -.11  .11| .05  .01 -.28  .09 -.12 -.15 -.24  .04  .14  .39*
    1950 1999   10   -.11  .07 -.11  .14  .05 -.02  .12 -.20  .06 -.09  .12|-.15  .07 -.07  .19 -.20 -.07 -.26  .02  .04  .35*
    1960 2009    4   -.16  .13  .09  .21 -.07 -.08 -.02 -.28  .07 -.01  .20|-.28 -.08  .00  .36*-.15  .07 -.20  .15    -    -

 [B] Entire series, effect on correlation (  .038) is:
       Lower   1862< -.022   1872> -.022   1924< -.016   1900< -.015   1889< -.012   1912> -.011  Higher   1873  .021   2006  .019
     1861 to 1910 segment:
       Lower   1862< -.057   1872> -.047   1900< -.030   1889< -.023   1903> -.023   1879> -.018  Higher   1873  .042   1878  .031
     1870 to 1919 segment:
       Lower   1872> -.053   1900< -.040   1889< -.031   1912> -.026   1916< -.026   1903> -.024  Higher   1873  .054   1878  .039
     1880 to 1929 segment:
       Lower   1924< -.045   1900< -.041   1912> -.033   1889< -.032   1903> -.032   1916< -.026  Higher   1891  .049   1883  .036
     1890 to 1939 segment:
       Lower   1924< -.052   1900< -.046   1912> -.031   1903> -.030   1916< -.030   1934< -.020  Higher   1891  .069   1906  .047
     1900 to 1949 segment:
       Lower   1924< -.049   1900< -.044   1912> -.029   1916< -.029   1934< -.020   1903> -.017  Higher   1946  .049   1906  .041
     1910 to 1959 segment:
       Lower   1924< -.057   1912> -.038   1916< -.032   1934< -.022   1914> -.021   1953< -.020  Higher   1959  .062   1946  .059
     1920 to 1969 segment:
       Lower   1924< -.069   1965> -.041   1934< -.027   1953< -.026   1930> -.026   1963> -.021  Higher   1959  .051   1946  .047
     1930 to 1979 segment:
       Lower   1965> -.044   1930> -.032   1973< -.031   1934< -.024   1976< -.024   1953< -.023  Higher   1975  .058   1959  .040
     1940 to 1989 segment:
       Lower   1965> -.046   1973< -.036   1976< -.029   1953< -.027   1963> -.024   1942> -.023  Higher   1975  .054   1959  .037
     1950 to 1999 segment:
       Lower   1965> -.050   1973< -.039   1976< -.031   1953< -.030   1993> -.028   1963> -.026  Higher   1975  .056   1959  .038
     1960 to 2009 segment:
       Lower   1965> -.054   1973< -.043   1976< -.035   1993> -.029   1963> -.028   1967> -.023  Higher   2006  .072   1975  .055

 [C] Year-to-year changes diverging by over 4.0 std deviations:
       1861 1862  -4.4 SD    1862 1863   4.6 SD

 [E] Outliers     1   3.0 SD above or -4.5 SD below mean for year
       1862 -6.9 SD
====================================================================================================================================

 50415     1927 to  2009      83 years                                                                                    Series   2

 [A] Segment   High   -10   -9   -8   -7   -6   -5   -4   -3   -2   -1   +0   +1   +2   +3   +4   +5   +6   +7   +8   +9  +10
    ---------  ----   ---  ---  ---  ---  ---  ---  ---  ---  ---  ---  ---  ---  ---  ---  ---  ---  ---  ---  ---  ---  ---
    1927 1976  -10    .32* .14  .19  .16 -.13 -.14 -.04 -.12 -.08 -.17 -.08| .17  .05  .16 -.13  .08  .13 -.17 -.07  .11 -.04
    1930 1979   -8    .25  .16  .26* .10 -.14 -.18 -.01 -.19 -.01 -.11 -.05| .06  .07  .19 -.08  .10  .07 -.12 -.10  .17 -.03
    1940 1989   -8    .09  .01  .32*-.10 -.05 -.06  .14 -.34  .02 -.05 -.04| .22  .12  .18 -.04  .14  .09 -.05 -.17  .09 -.14
    1950 1999    1    .02 -.06  .26 -.11 -.01 -.10  .15 -.28  .13  .07 -.02| .30* .00  .11 -.03  .09  .10  .01 -.17 -.05 -.18
    1960 2009   -4   -.02 -.09  .20 -.10 -.10 -.02  .25*-.21  .15  .06  .02| .23  .02  .12 -.10 -.02 -.03  .10 -.20    -    -

 [B] Entire series, effect on correlation ( -.077) is:
       Lower   1933> -.033   1961< -.028   1957> -.025   1974> -.021   1950> -.018   1947< -.017  Higher   1960  .033   1996  .027
     1927 to 1976 segment:
       Lower   1933> -.057   1961< -.051   1957> -.043   1974> -.035   1947< -.032   1950> -.031  Higher   1960  .057   1964  .050
     1930 to 1979 segment:
       Lower   1933> -.060   1961< -.051   1957> -.045   1974> -.037   1947< -.033   1950> -.032  Higher   1960  .054   1964  .049
     1940 to 1989 segment:
       Lower   1957> -.044   1961< -.043   1974> -.037   1950> -.032   1947< -.026   1946< -.022  Higher   1960  .051   1975  .040
     1950 to 1999 segment:
       Lower   1961< -.048   1957> -.042   1974> -.035   1950> -.030   1993> -.018   1992< -.017  Higher   1960  .048   1964  .042
     1960 to 2009 segment:
       Lower   1961< -.049   1974> -.041   1982< -.024   1993> -.021   1981> -.018   1992< -.018  Higher   1960  .052   1975  .041

====================================================================================================================================

 80085     1676 to  2009     334 years                                                                                    Series   3

 [*] Early part of series cannot be checked from 1676 to 1761 -- not matched by another series

 [A] Segment   High   -10   -9   -8   -7   -6   -5   -4   -3   -2   -1   +0   +1   +2   +3   +4   +5   +6   +7   +8   +9  +10
    ---------  ----   ---  ---  ---  ---  ---  ---  ---  ---  ---  ---  ---  ---  ---  ---  ---  ---  ---  ---  ---  ---  ---
    1762 1811   -6   -.22  .00  .12 -.09  .20* .05  .05 -.11 -.11  .15  .03|-.34 -.02 -.01  .11 -.11 -.05  .00  .01  .02  .12
    1770 1819   -6   -.02 -.10  .24 -.13  .29*-.04 -.03 -.16 -.13  .17  .12|-.24 -.05 -.05 -.01 -.02  .12  .04 -.06 -.10  .01
    1780 1829   -6    .00 -.06  .18 -.17  .30*-.08 -.06 -.10 -.10  .19  .05|-.18  .07  .06  .02 -.02  .08 -.06 -.12 -.13 -.02
    1790 1839   -6    .09 -.01  .25 -.06  .28*-.06 -.13 -.02 -.31 -.01  .10|-.21  .05  .03  .01  .12  .11 -.16 -.15 -.14 -.02
    1800 1849  -10    .25* .00  .13  .00  .23 -.16 -.20 -.01 -.20 -.01  .06|-.14 -.01  .00 -.01  .07  .24 -.10 -.12 -.14 -.02
    1810 1859   -6    .14 -.01  .22 -.13  .24*-.11 -.19  .06 -.32  .09 -.06|-.06 -.17 -.02 -.12  .22  .22  .01 -.17 -.11 -.08
    1820 1869    5   -.08  .22 -.03  .00  .10  .05 -.14  .03 -.24  .05 -.04|-.23 -.24 -.02 -.02  .22* .17  .00 -.04  .00 -.02
    1830 1879    6    .01  .16  .13  .05  .00  .03  .06 -.07 -.40 -.05  .00|-.15 -.05 -.05 -.02  .17  .19*-.08 -.06  .00 -.05
    1840 1889    2   -.05  .17  .04  .09 -.14 -.10  .14 -.14 -.34 -.02  .08|-.04  .19* .05  .05  .14  .07 -.08  .02  .04  .01
    1850 1899    5   -.16  .17 -.01  .01 -.09 -.14  .05 -.21 -.37 -.03  .15|-.04  .24  .03  .06  .31* .09 -.02  .02  .19  .03
    1860 1909    5    .00  .20 -.07  .12 -.10 -.13 -.04 -.28 -.38 -.24  .04|-.01  .21  .10  .12  .34* .20 -.08  .02  .27  .07
    1870 1919    6    .04  .24 -.11  .00 -.05 -.20 -.03 -.19 -.39 -.28 -.04| .05  .26 -.02  .08  .29  .30*-.05  .02  .28  .06
    1880 1929    6    .03  .16 -.21 -.03  .02 -.20 -.16 -.15 -.17 -.32 -.15| .10  .17  .05  .09  .23  .25* .13  .14  .25  .17
    1890 1939    6    .15  .08 -.14 -.10  .02 -.17 -.26 -.09 -.19 -.28 -.20| .10  .13 -.01  .09  .22  .23* .12  .04  .19  .12
    1900 1949  -10    .24* .04 -.15  .04  .11  .01 -.06  .00 -.05 -.24 -.23|-.02 -.04 -.04 -.04  .13  .22 -.02  .10  .15  .08
    1910 1959   -9    .08  .11*-.16  .03 -.02  .03  .04  .10  .04 -.10 -.09|-.13 -.04 -.08 -.06  .08  .07  .08 -.04  .04  .06
    1920 1969   -5   -.14 -.04 -.14  .09  .04  .14* .09  .08  .07  .02 -.08|-.19  .00 -.07 -.05  .10 -.12  .02  .06 -.02  .13
    1930 1979   -4    .02  .05 -.13 -.04 -.07  .13  .22* .13  .05  .07  .03|-.40 -.04 -.16  .01  .05 -.12  .03  .04  .05 -.03
    1940 1989   -4   -.03  .18 -.11  .02  .01  .08  .27* .03  .16  .08 -.03|-.40 -.07 -.20  .01 -.06 -.15 -.04  .03  .05 -.08
    1950 1999   -2   -.11  .13 -.08 -.03 -.02  .09  .17  .05  .20* .14 -.03|-.39  .02 -.23  .08 -.08 -.16 -.11 -.12  .01  .02
    1960 2009   -2   -.11 -.03  .02 -.05  .01  .19  .17 -.12  .25* .19 -.07|-.41  .07 -.12  .00 -.22 -.03 -.24 -.02    -    -

 [B] Entire series, effect on correlation ( -.003) is:
       Lower   1903> -.014   1789< -.013   1810> -.013   1802< -.009   1763< -.009   1921> -.007  Higher   1806  .017   1808  .013
     1762 to 1811 segment:
       Lower   1789< -.048   1810> -.045   1802< -.033   1763< -.030   1795> -.025   1784> -.024  Higher   1806  .055   1808  .040
     1770 to 1819 segment:
       Lower   1789< -.051   1810> -.046   1802< -.035   1772> -.027   1784> -.025   1795> -.025  Higher   1806  .044   1796  .031
     1780 to 1829 segment:
       Lower   1810> -.052   1789< -.045   1802< -.030   1784> -.029   1795> -.029   1788> -.022  Higher   1806  .057   1796  .041
     1790 to 1839 segment:
       Lower   1810> -.053   1802< -.039   1795> -.029   1792< -.025   1791< -.022   1824< -.019  Higher   1806  .058   1808  .042
     1800 to 1849 segment:
       Lower   1810> -.054   1802< -.045   1842< -.027   1824< -.022   1828< -.015   1838> -.014  Higher   1806  .070   1808  .052
     1810 to 1859 segment:
       Lower   1810> -.055   1842< -.024   1858< -.021   1824< -.016   1821> -.015   1835> -.014  Higher   1831  .053   1816  .043
     1820 to 1869 segment:
       Lower   1842< -.032   1858< -.028   1821> -.021   1824< -.019   1836> -.019   1835> -.018  Higher   1831  .066   1854  .051
     1830 to 1879 segment:
       Lower   1872> -.038   1842< -.034   1858< -.030   1879< -.028   1838> -.020   1835> -.018  Higher   1831  .068   1873  .052
     1840 to 1889 segment:
       Lower   1872> -.051   1842< -.042   1858< -.038   1879< -.034   1880> -.024   1881> -.023  Higher   1873  .053   1854  .050
     1850 to 1899 segment:
       Lower   1872> -.059   1879< -.034   1858< -.034   1880> -.029   1881> -.027   1851< -.019  Higher   1873  .053   1854  .038
     1860 to 1909 segment:
       Lower   1903> -.097   1872> -.047   1902> -.044   1879< -.035   1880> -.022   1881> -.021  Higher   1873  .058   1862  .048
     1870 to 1919 segment:
       Lower   1903> -.086   1872> -.041   1902> -.038   1879< -.032   1918> -.028   1880> -.018  Higher   1873  .063   1886  .035
     1880 to 1929 segment:
       Lower   1903> -.083   1921> -.042   1902> -.037   1925< -.035   1918> -.027   1881> -.017  Higher   1886  .042   1888  .036
     1890 to 1939 segment:
       Lower   1903> -.082   1921> -.042   1902> -.037   1925< -.036   1918> -.027   1890< -.014  Higher   1936  .033   1900  .031
     1900 to 1949 segment:
       Lower   1903> -.078   1921> -.042   1925< -.036   1902> -.034   1918> -.028   1943< -.020  Higher   1936  .039   1900  .030
     1910 to 1959 segment:
       Lower   1921> -.065   1925< -.044   1918> -.043   1948> -.025   1943< -.023   1952< -.011  Higher   1936  .039   1957  .036
     1920 to 1969 segment:
       Lower   1921> -.066   1964> -.049   1968< -.040   1925< -.039   1948> -.027   1943< -.020  Higher   1960  .054   1936  .036
     1930 to 1979 segment:
       Lower   1964> -.058   1968< -.046   1948> -.033   1943< -.023   1956> -.018   1930> -.017  Higher   1960  .046   1936  .037
     1940 to 1989 segment:
       Lower   1964> -.054   1968< -.046   1948> -.029   1981> -.026   1943< -.023   1982> -.020  Higher   1960  .051   1957  .036
     1950 to 1999 segment:
       Lower   1999> -.057   1964> -.052   1968< -.050   1981> -.025   1982> -.018   1975< -.017  Higher   1960  .049   1957  .039
     1960 to 2009 segment:
       Lower   1999> -.059   1968< -.057   1964> -.055   2000< -.026   1981> -.025   1982> -.019  Higher   1960  .059   2006  .059

 [C] Year-to-year changes diverging by over 4.0 std deviations:
       1788 1789  -5.1 SD

 [E] Outliers     9   3.0 SD above or -4.5 SD below mean for year
       1772 +3.6 SD;    1784 +3.3 SD;    1789 -4.5 SD;    1810 +3.8 SD;    1837 +3.7 SD;    1838 +3.8 SD;    1839 +3.3 SD;
       1903 +4.3 SD;    1999 +3.7 SD
====================================================================================================================================

 100834    1926 to  2009      84 years                                                                                    Series   4

 [A] Segment   High   -10   -9   -8   -7   -6   -5   -4   -3   -2   -1   +0   +1   +2   +3   +4   +5   +6   +7   +8   +9  +10
    ---------  ----   ---  ---  ---  ---  ---  ---  ---  ---  ---  ---  ---  ---  ---  ---  ---  ---  ---  ---  ---  ---  ---
    1926 1975   -8    .02 -.10  .40*-.09  .17  .23 -.12  .09 -.13 -.05 -.23| .02 -.03 -.23  .03 -.10  .13  .17  .17  .13 -.22
    1930 1979   -8    .08 -.08  .47*-.05  .23  .20 -.09  .04 -.11 -.11 -.17| .05  .01 -.27 -.04 -.06  .10  .25  .17  .14 -.21
    1940 1989   -8   -.01 -.13  .47* .06  .14  .10 -.16  .01 -.04 -.24 -.17| .14 -.01 -.18 -.08 -.07  .10  .36  .22  .08 -.11
    1950 1999   -8    .05 -.23  .34* .01  .07 -.03 -.09 -.23 -.10 -.24 -.11| .20  .12 -.03 -.13  .02  .20  .33  .16 -.07 -.10
    1960 2009    7    .02 -.30  .20  .07  .11 -.05 -.01 -.10 -.10 -.21 -.08| .13  .05 -.12 -.03  .16 -.01  .30* .06    -    -

 [B] Entire series, effect on correlation ( -.148) is:
       Lower   1928> -.028   1935> -.027   1943< -.016   2008< -.015   1957> -.015   1987> -.015  Higher   2006  .028   1997  .023
     1926 to 1975 segment:
       Lower   1928> -.043   1935> -.040   1957> -.022   1943< -.022   1963> -.022   1952> -.018  Higher   1948  .030   1962  .030
     1930 to 1979 segment:
       Lower   1935> -.048   1957> -.027   1963> -.026   1952> -.024   1943< -.022   1967> -.022  Higher   1962  .029   1948  .028
     1940 to 1989 segment:
       Lower   1957> -.027   1987> -.026   1963> -.025   1989> -.025   1952> -.022   1943< -.022  Higher   1962  .027   1948  .027
     1950 to 1999 segment:
       Lower   1963> -.026   1952> -.026   1957> -.026   1987> -.026   1989> -.024   1967> -.022  Higher   1997  .035   1962  .032
     1960 to 2009 segment:
       Lower   2008< -.031   1987> -.028   1963> -.027   2005< -.027   1989> -.026   1967> -.023  Higher   2006  .047   1997  .038

 [C] Year-to-year changes diverging by over 4.0 std deviations:
       1934 1935   4.1 SD

 [E] Outliers     3   3.0 SD above or -4.5 SD below mean for year
       1928 +3.0 SD;    1935 +3.6 SD;    1952 +3.5 SD
====================================================================================================================================

 50416     1762 to  2009     248 years                                                                                    Series   5

 [A] Segment   High   -10   -9   -8   -7   -6   -5   -4   -3   -2   -1   +0   +1   +2   +3   +4   +5   +6   +7   +8   +9  +10
    ---------  ----   ---  ---  ---  ---  ---  ---  ---  ---  ---  ---  ---  ---  ---  ---  ---  ---  ---  ---  ---  ---  ---
    1762 1811    6    .19 -.07  .03  .14 -.09 -.28  .07 -.08 -.12 -.31  .04| .07  .04 -.07  .08  .04  .25*-.19  .12  .03  .01
    1770 1819    6    .15 -.03  .02  .13 -.16 -.24  .08 -.06 -.16 -.27  .13| .08  .09 -.08  .02  .01  .25*-.19  .07 -.02  .00
    1780 1829    6    .08 -.10 -.02  .12 -.01 -.19  .08 -.07 -.15 -.16  .11| .07  .16 -.05 -.01  .04  .19*-.36  .09  .00  .14
    1790 1839    0   -.01 -.11 -.08  .07  .03 -.20  .16  .05 -.10 -.11  .22*-.14  .09  .08 -.18 -.07  .17 -.29 -.10  .06  .19
    1800 1849    0   -.10 -.18 -.09  .02  .04 -.05 -.01 -.06 -.08  .02  .22*-.11  .17  .17 -.18  .11  .11 -.22  .00  .11  .03
    1810 1859    5   -.21 -.13 -.04  .05  .03  .05 -.12  .01 -.07 -.08  .07| .01 -.01  .14 -.37  .27* .15 -.29  .03  .16 -.08
    1820 1869    5   -.27 -.17 -.20  .13  .19  .01 -.26  .11 -.15 -.12 -.08| .02 -.05  .16 -.29  .31* .15 -.17 -.08  .17  .09
    1830 1879    9    .04 -.05 -.16  .11  .03 -.05 -.28  .12  .09 -.13 -.19|-.09 -.11  .12 -.18  .10  .18  .03  .02  .21* .03
    1840 1889    9    .12 -.02 -.26  .14  .04 -.01 -.35  .07  .05 -.11 -.15|-.09 -.04  .03 -.14  .06  .08  .02  .06  .20* .00
    1850 1899  -10    .25* .08 -.23  .02  .11  .05 -.29  .18  .07 -.03 -.07|-.11 -.04 -.09 -.16 -.17  .07 -.07  .13  .08  .05
    1860 1909  -10    .24* .12 -.21  .00  .21  .05 -.13  .11  .03  .06 -.09|-.15 -.02 -.03 -.09 -.39  .00  .05  .11  .00 -.01
    1870 1919  -10    .32* .15 -.05 -.15  .11  .05 -.07  .11  .12  .07 -.07|-.19 -.07 -.09 -.01 -.33  .06  .12  .17 -.01 -.07
    1880 1929   -9    .12  .18* .04 -.14  .08  .10 -.03  .03 -.10  .06 -.08|-.02 -.04 -.11 -.13 -.22 -.05  .02  .11 -.01 -.07
    1890 1939    7    .19  .00  .17 -.20 -.05  .06  .05  .03 -.13  .02 -.26|-.03 -.09 -.01 -.09 -.03 -.06  .19* .18 -.06  .06
    1900 1949    7    .11  .02  .08 -.22 -.21 -.02  .08  .02 -.15  .00 -.21|-.04 -.02  .02  .03  .21  .05  .26* .11 -.06  .00
    1910 1959   -3    .17 -.05  .00 -.23 -.32 -.02 -.04  .21*-.22  .02 -.21|-.02  .00  .02  .13  .15  .00  .14  .00 -.03 -.01
    1920 1969   -1    .13  .05 -.07 -.15 -.28  .02 -.07  .07 -.21  .18*-.04|-.01  .09  .10  .10  .08 -.06  .00 -.06 -.14 -.07
    1930 1979  -10    .18*-.05 -.04 -.15 -.22  .04 -.05  .14 -.11  .09  .15|-.06  .12  .01  .17  .07 -.10 -.09  .01 -.17 -.06
    1940 1989    0    .04  .05 -.03 -.05 -.18 -.18  .02  .08  .00  .09  .28* .03  .20 -.04  .20 -.10  .00 -.22 -.07 -.24 -.24
    1950 1999    4    .03 -.03 -.04 -.08 -.04 -.18 -.02 -.15  .02 -.17  .28| .06  .20 -.06  .32*-.04 -.04 -.01 -.08 -.18 -.20
    1960 2009    4   -.01  .00  .03  .13  .14 -.19 -.01 -.17  .01 -.23  .27| .03  .03 -.16  .34* .05  .02  .08  .10    -    -

 [B] Entire series, effect on correlation (  .004) is:
       Lower   1789> -.014   1872< -.010   1868< -.010   1834> -.010   1795< -.009   1920> -.009  Higher   1806  .018   1816  .015
     1762 to 1811 segment:
       Lower   1789> -.052   1795< -.030   1763> -.028   1784< -.024   1772< -.021   1792> -.021  Higher   1806  .056   1808  .042
     1770 to 1819 segment:
       Lower   1789> -.061   1795< -.033   1818> -.027   1784< -.026   1772< -.025   1792> -.022  Higher   1806  .045   1816  .038
     1780 to 1829 segment:
       Lower   1789> -.067   1795< -.037   1784< -.030   1818> -.029   1792> -.024   1794> -.023  Higher   1806  .057   1816  .048
     1790 to 1839 segment:
       Lower   1834> -.050   1795< -.047   1818> -.039   1792> -.032   1794> -.029   1793> -.024  Higher   1806  .056   1816  .048
     1800 to 1849 segment:
       Lower   1834> -.073   1818> -.060   1847< -.036   1840< -.028   1845< -.019   1811> -.018  Higher   1806  .071   1816  .054
     1810 to 1859 segment:
       Lower   1834> -.052   1858> -.045   1847< -.041   1818> -.040   1840< -.033   1845< -.023  Higher   1816  .072   1831  .053
     1820 to 1869 segment:
       Lower   1834> -.051   1858> -.044   1868< -.043   1862> -.035   1847< -.034   1840< -.027  Higher   1831  .063   1854  .036
     1830 to 1879 segment:
       Lower   1868< -.035   1834> -.034   1858> -.028   1847< -.028   1876> -.027   1872< -.025  Higher   1831  .065   1854  .034
     1840 to 1889 segment:
       Lower   1868< -.038   1858> -.035   1876> -.033   1872< -.029   1847< -.029   1840< -.023  Higher   1854  .036   1877  .030
     1850 to 1899 segment:
       Lower   1872< -.054   1868< -.054   1858> -.030   1876> -.028   1862> -.023   1894> -.019  Higher   1854  .034   1877  .028
     1860 to 1909 segment:
       Lower   1868< -.048   1872< -.043   1876> -.035   1862> -.030   1894> -.025   1870> -.022  Higher   1877  .031   1891  .029
     1870 to 1919 segment:
       Lower   1872< -.055   1876> -.041   1918> -.030   1894> -.029   1870> -.026   1898> -.021  Higher   1877  .037   1891  .035
     1880 to 1929 segment:
       Lower   1920> -.055   1918> -.036   1894> -.035   1911< -.028   1898> -.025   1907< -.024  Higher   1891  .043   1888  .038
     1890 to 1939 segment:
       Lower   1920> -.042   1931< -.030   1918> -.028   1894> -.028   1911< -.023   1898> -.020  Higher   1891  .060   1933  .034
     1900 to 1949 segment:
       Lower   1920> -.055   1918> -.037   1931< -.030   1911< -.022   1928> -.020   1907< -.018  Higher   1947  .049   1933  .038
     1910 to 1959 segment:
       Lower   1920> -.063   1918> -.042   1931< -.038   1911< -.028   1928> -.022   1953< -.020  Higher   1947  .054   1959  .042
     1920 to 1969 segment:
       Lower   1920> -.076   1931< -.060   1953< -.030   1928> -.026   1936> -.023   1944< -.018  Higher   1960  .048   1947  .044
     1930 to 1979 segment:
       Lower   1931< -.073   1936> -.040   1953< -.034   1944< -.027   1948> -.023   1930> -.017  Higher   1960  .040   1947  .029
     1940 to 1989 segment:
       Lower   1953< -.051   1944< -.042   1948> -.031   1982> -.022   1980< -.021   1983> -.015  Higher   1960  .044   1975  .032
     1950 to 1999 segment:
       Lower   1953< -.050   1997< -.040   1992> -.034   1982> -.025   1980< -.020   1983> -.017  Higher   1960  .045   1975  .032
     1960 to 2009 segment:
       Lower   1997< -.042   2003> -.030   1992> -.029   1980< -.022   1982> -.022   1983> -.015  Higher   1960  .046   1975  .033

 [E] Outliers    13   3.0 SD above or -4.5 SD below mean for year
       1763 +3.8 SD;    1789 +4.5 SD;    1794 +3.9 SD;    1818 +3.7 SD;    1834 +4.3 SD;    1858 +3.9 SD;    1872 -4.8 SD;
       1876 +3.3 SD;    1920 +3.8 SD;    1933 -4.7 SD;    1947 +3.1 SD;    1969 +3.0 SD;    1992 +3.1 SD
====================================================================================================================================

 162005A   1904 to  2015     112 years                                                                                    Series   6

 [A] Segment   High   -10   -9   -8   -7   -6   -5   -4   -3   -2   -1   +0   +1   +2   +3   +4   +5   +6   +7   +8   +9  +10
    ---------  ----   ---  ---  ---  ---  ---  ---  ---  ---  ---  ---  ---  ---  ---  ---  ---  ---  ---  ---  ---  ---  ---
    1904 1953    0   -.10 -.05 -.25  .14 -.19 -.10 -.18  .00 -.31  .16  .26*-.03  .20  .12 -.16 -.11 -.07 -.12 -.12  .08 -.10
    1910 1959    0   -.11  .04 -.26  .15 -.11 -.03 -.20  .07 -.30  .17  .30*-.04  .19  .04 -.22 -.15 -.18 -.11 -.14  .11  .03
    1920 1969    0   -.19 -.06 -.14  .16  .16 -.05 -.13  .04 -.08  .18  .25* .00  .20 -.10 -.30 -.31 -.25 -.10 -.19  .15 -.04
    1930 1979    9   -.16 -.20 -.34  .10  .10  .05 -.15  .09 -.09  .08  .19|-.01  .14 -.02 -.16 -.16 -.16 -.15 -.11  .20* .02
    1940 1989    9   -.14 -.12 -.42  .12  .02  .06 -.21  .03 -.14  .04  .17| .00  .11 -.12 -.14 -.10 -.02 -.03 -.02  .22* .11
    1950 1999    8   -.15  .04 -.34  .02  .05  .11 -.09  .07 -.18 -.04  .00| .09 -.05 -.19  .11 -.16 -.15  .09  .15*-.02  .07
    1960 2009    8   -.19  .05 -.32  .05  .01  .09 -.02 -.06 -.15  .02 -.03| .04 -.08 -.14  .19 -.20  .10  .01  .24*   -    -
    1966 2015   -5   -.08  .07 -.34 -.03 -.07  .11* .00  .05 -.29 -.05 -.07|-.03 -.13    -    -    -    -    -    -    -    -

 [B] Entire series, effect on correlation (  .116) is:
       Lower   1998< -.057   2014> -.019   1968< -.015   1977< -.013   1964> -.011   1906< -.011  Higher   2006  .046   1997  .028
     1904 to 1953 segment:
       Lower   1906< -.039   1910< -.030   1937< -.029   1928> -.026   1930> -.025   1920> -.016  Higher   1944  .058   1948  .051
     1910 to 1959 segment:
       Lower   1910< -.033   1937< -.032   1928> -.029   1930> -.026   1920> -.018   1918< -.015  Higher   1944  .060   1948  .046
     1920 to 1969 segment:
       Lower   1968< -.052   1937< -.035   1964> -.031   1969< -.023   1930> -.020   1928> -.020  Higher   1944  .058   1960  .047
     1930 to 1979 segment:
       Lower   1968< -.044   1977< -.037   1964> -.030   1937< -.028   1930> -.022   1969< -.019  Higher   1948  .058   1944  .057
     1940 to 1989 segment:
       Lower   1968< -.047   1977< -.040   1964> -.026   1989> -.024   1969< -.021   1987> -.019  Higher   1944  .060   1948  .059
     1950 to 1999 segment:
       Lower   1998< -.113   1968< -.030   1977< -.024   1989> -.020   1964> -.020   1996< -.019  Higher   1997  .070   1960  .053
     1960 to 2009 segment:
       Lower   1998< -.101   1968< -.027   1977< -.023   1964> -.019   1989> -.019   2004< -.019  Higher   2006  .114   1997  .071
     1966 to 2015 segment:
       Lower   1998< -.098   2014> -.034   1968< -.027   1977< -.023   2004< -.019   1989> -.018  Higher   2006  .121   1997  .076

====================================================================================================================================

 182212A   1925 to  2015      91 years                                                                                    Series   7

 [A] Segment   High   -10   -9   -8   -7   -6   -5   -4   -3   -2   -1   +0   +1   +2   +3   +4   +5   +6   +7   +8   +9  +10
    ---------  ----   ---  ---  ---  ---  ---  ---  ---  ---  ---  ---  ---  ---  ---  ---  ---  ---  ---  ---  ---  ---  ---
    1925 1974    8   -.12  .12 -.13  .07  .00 -.14 -.15 -.15  .03  .03  .03| .12 -.18  .15 -.01 -.02 -.07  .10  .20*-.06 -.03
    1930 1979    3   -.27  .14 -.20 -.01  .01 -.14 -.04 -.12 -.02  .05  .01| .14 -.24  .21* .05 -.14 -.01  .09  .17 -.10 -.07
    1940 1989    8   -.16  .11 -.22 -.04  .12 -.13 -.05 -.20 -.05  .11  .01| .09 -.23  .10  .03 -.16 -.01  .01  .19* .01 -.11
    1950 1999    8   -.13  .04 -.20 -.06  .15  .06  .05 -.22  .16  .11 -.07| .11 -.14 -.18 -.02 -.03 -.17  .06  .24* .13 -.14
    1960 2009    1    .07 -.17 -.20 -.10  .04  .04  .19 -.15  .09  .04 -.14| .20*-.14 -.10  .09  .03 -.07 -.02  .03    -    -
    1966 2015    1    .07 -.17 -.09 -.22  .08  .15  .21 -.21  .07 -.01 -.24| .22*-.13    -    -    -    -    -    -    -    -

 [B] Entire series, effect on correlation ( -.103) is:
       Lower   1997< -.034   1962> -.027   1994< -.023   1941> -.021   1985> -.020   2010> -.018  Higher   1960  .026   1964  .021
     1925 to 1974 segment:
       Lower   1962> -.060   1941> -.046   1958< -.026   1933> -.021   1939> -.020   1972> -.020  Higher   1960  .043   1964  .035
     1930 to 1979 segment:
       Lower   1962> -.066   1941> -.051   1958< -.029   1939> -.023   1972> -.022   1933> -.021  Higher   1960  .046   1964  .042
     1940 to 1989 segment:
       Lower   1962> -.060   1985> -.048   1941> -.046   1958< -.029   1972> -.020   1944< -.019  Higher   1960  .044   1964  .039
     1950 to 1999 segment:
       Lower   1997< -.073   1962> -.061   1994< -.047   1985> -.047   1958< -.025   1965> -.020  Higher   1960  .051   1964  .044
     1960 to 2009 segment:
       Lower   1997< -.079   1962> -.053   1994< -.051   1985> -.039   2007> -.017   2003< -.017  Higher   1960  .054   2006  .051
     1966 to 2015 segment:
       Lower   1997< -.062   1994< -.041   2011< -.032   1985> -.032   2010> -.030   2015> -.024  Higher   2006  .054   1996  .044

 [E] Outliers     3   3.0 SD above or -4.5 SD below mean for year
       1941 +3.1 SD;    1985 +3.4 SD;    1986 +3.1 SD
====================================================================================================================================

 190908A   1892 to  2015     124 years                                                                                    Series   8

 [A] Segment   High   -10   -9   -8   -7   -6   -5   -4   -3   -2   -1   +0   +1   +2   +3   +4   +5   +6   +7   +8   +9  +10
    ---------  ----   ---  ---  ---  ---  ---  ---  ---  ---  ---  ---  ---  ---  ---  ---  ---  ---  ---  ---  ---  ---  ---
    1892 1941    1   -.03 -.10  .14 -.03  .07  .13 -.05 -.21 -.03  .01 -.19| .24*-.36 -.01  .17 -.01  .04  .02 -.07  .04  .03
    1900 1949    1   -.06  .00  .07 -.05  .17  .12  .11 -.13  .00  .06 -.10| .22*-.55 -.04  .16 -.08  .00  .01 -.10  .08  .08
    1910 1959   -6   -.04 -.04  .03 -.07  .24* .19  .09  .07  .07 -.17 -.16| .00 -.41  .14  .17 -.12  .03  .00  .12  .05  .04
    1920 1969   -9   -.06  .28* .08 -.14  .07 -.11  .00 -.08  .11 -.08 -.10|-.10 -.38  .17  .03 -.16  .06  .14  .21  .09  .05
    1930 1979   -9   -.10  .21*-.09 -.13  .07 -.10  .02 -.04  .05 -.18 -.01|-.04 -.31  .19 -.02 -.10  .03  .11  .12  .03  .01
    1940 1989   -9   -.07  .33*-.09 -.27  .02 -.24  .13  .06  .11 -.12  .04| .02 -.09  .18  .02 -.10  .15  .11  .21  .11 -.13
    1950 1999   -9   -.09  .34*-.04 -.12 -.18 -.19  .01  .19  .09 -.01 -.19| .18  .07  .26  .06 -.01 -.07 -.13  .19  .03 -.17
    1960 2009    1   -.16  .16 -.05  .06 -.45 -.17  .04  .12 -.02  .10 -.06| .23* .04  .12  .07 -.03  .05 -.23  .09    -    -
    1966 2015   -9   -.10  .25*-.05  .06 -.38  .02  .03  .17 -.03  .08 -.05| .14 -.08    -    -    -    -    -    -    -    -

 [B] Entire series, effect on correlation ( -.112) is:
       Lower   1901> -.036   1990< -.025   1892< -.021   1999> -.013   1959< -.011   1922< -.009  Higher   2006  .022   1906  .018
     1892 to 1941 segment:
       Lower   1901> -.066   1892< -.043   1917< -.021   1922< -.020   1921> -.014   1919< -.011  Higher   1906  .046   1904  .043
     1900 to 1949 segment:
       Lower   1901> -.080   1917< -.023   1922< -.019   1921> -.018   1924< -.011   1936> -.011  Higher   1906  .036   1904  .033
     1910 to 1959 segment:
       Lower   1959< -.029   1922< -.022   1950> -.022   1958< -.021   1921> -.019   1924< -.014  Higher   1946  .031   1944  .022
     1920 to 1969 segment:
       Lower   1959< -.040   1958< -.029   1922< -.029   1950> -.028   1921> -.026   1961< -.021  Higher   1946  .035   1944  .020
     1930 to 1979 segment:
       Lower   1959< -.054   1958< -.040   1950> -.028   1961< -.026   1931> -.022   1942< -.018  Higher   1975  .029   1946  .028
     1940 to 1989 segment:
       Lower   1959< -.052   1950> -.039   1958< -.037   1988> -.032   1961< -.025   1942< -.020  Higher   1975  .037   1946  .033
     1950 to 1999 segment:
       Lower   1990< -.074   1999> -.042   1959< -.035   1950> -.027   1958< -.025   1993> -.025  Higher   1975  .041   1987  .031
     1960 to 2009 segment:
       Lower   1990< -.091   1999> -.048   1993> -.028   1988> -.026   1992< -.025   1961< -.020  Higher   2006  .074   1975  .038
     1966 to 2015 segment:
       Lower   1990< -.095   1999> -.049   2010> -.030   1993> -.029   1992< -.026   1988> -.026  Higher   2006  .078   1975  .038

 [C] Year-to-year changes diverging by over 4.0 std deviations:
       1901 1902  -4.4 SD    1917 1918   4.4 SD    1989 1990  -4.2 SD

 [E] Outliers     3   3.0 SD above or -4.5 SD below mean for year
       1901 +4.4 SD;    1917 -5.7 SD;    1931 +3.3 SD
====================================================================================================================================

 190910A   1913 to  2004      92 years                                                                                    Series   9

 [A] Segment   High   -10   -9   -8   -7   -6   -5   -4   -3   -2   -1   +0   +1   +2   +3   +4   +5   +6   +7   +8   +9  +10
    ---------  ----   ---  ---  ---  ---  ---  ---  ---  ---  ---  ---  ---  ---  ---  ---  ---  ---  ---  ---  ---  ---  ---
    1913 1962    3   -.02  .07 -.13  .23 -.13 -.14 -.08 -.03  .15 -.14  .00| .06  .12  .24*-.21  .14  .18 -.14 -.06 -.13  .07
    1920 1969   -2    .03  .11  .04  .19 -.30 -.35 -.17  .00  .28*-.15  .12| .20  .21  .23 -.14  .10  .17 -.17 -.05 -.13  .04
    1930 1979    6    .10  .07 -.09  .19 -.40 -.35 -.27 -.01  .21 -.11  .10| .20  .17  .17  .02  .20  .22*-.16 -.12 -.10  .07
    1940 1989    2   -.08  .06 -.10  .24 -.41 -.34 -.25  .07  .24 -.05  .00| .04  .33* .10  .07  .10  .18 -.23 -.10 -.07  .04
    1950 1999    2   -.04 -.05 -.12  .19 -.32 -.26 -.15 -.02  .20 -.01  .01| .01  .24* .01  .06  .13  .21 -.02 -.03 -.16  .01
    1955 2004   -2   -.10 -.04 -.08  .09 -.22 -.14 -.17  .02  .19*-.06  .02| .06  .16  .06  .02 -.02  .17  .00  .07 -.15 -.03

 [B] Entire series, effect on correlation (  .028) is:
       Lower   1917> -.050   1959< -.039   1977< -.022   1954> -.019   1935< -.018   1985< -.017  Higher   1964  .029   1944  .026
     1913 to 1962 segment:
       Lower   1917> -.092   1959< -.073   1935< -.033   1954> -.033   1952< -.029   1925< -.024  Higher   1944  .050   1948  .045
     1920 to 1969 segment:
       Lower   1959< -.077   1935< -.042   1954> -.041   1952< -.033   1941> -.029   1925< -.024  Higher   1964  .048   1944  .046
     1930 to 1979 segment:
       Lower   1959< -.070   1954> -.040   1977< -.038   1935< -.032   1941> -.028   1952< -.027  Higher   1964  .052   1944  .043
     1940 to 1989 segment:
       Lower   1959< -.067   1977< -.037   1954> -.032   1985< -.027   1982> -.026   1952< -.025  Higher   1964  .056   1948  .045
     1950 to 1999 segment:
       Lower   1959< -.062   1954> -.035   1977< -.033   1982> -.029   1988> -.025   1985< -.023  Higher   1964  .054   1997  .046
     1955 to 2004 segment:
       Lower   1959< -.068   1977< -.036   1982> -.031   2002> -.028   1988> -.026   1985< -.025  Higher   1964  .059   1997  .046

 [E] Outliers     1   3.0 SD above or -4.5 SD below mean for year
       1917 +4.1 SD
====================================================================================================================================

 101016A   1873 to  2017     145 years                                                                                    Series  10

 [A] Segment   High   -10   -9   -8   -7   -6   -5   -4   -3   -2   -1   +0   +1   +2   +3   +4   +5   +6   +7   +8   +9  +10
    ---------  ----   ---  ---  ---  ---  ---  ---  ---  ---  ---  ---  ---  ---  ---  ---  ---  ---  ---  ---  ---  ---  ---
    1873 1922   -7    .04  .07 -.02  .22*-.17  .12  .01 -.18  .12  .22  .02|-.15  .14 -.14  .15 -.11  .03 -.11 -.01 -.07 -.06
    1880 1929   -1    .08  .08 -.08  .21 -.15  .16  .03 -.11  .14  .28*-.02|-.15  .06 -.16  .01 -.01  .10 -.11 -.05 -.09 -.02
    1890 1939   -1    .14  .08 -.02  .23 -.14  .19  .07 -.25  .20  .37*-.09|-.07 -.08 -.24 -.03 -.05  .07 -.11 -.07 -.11  .05
    1900 1949   -5    .10  .14  .00  .11  .09  .22*-.06 -.17  .07  .21  .00|-.21 -.12 -.11 -.05 -.13  .18 -.12 -.09  .06  .06
    1910 1959   -9    .01  .28*-.17 -.06  .26  .04 -.26 -.05 -.06 -.06  .18| .08  .02  .18 -.06 -.15  .03 -.03  .02 -.04 -.04
    1920 1969   -9    .04  .30*-.12 -.20  .13  .06 -.21  .07 -.03 -.14  .19| .22  .13  .11  .01 -.12 -.08 -.09 -.08 -.08 -.12
    1930 1979    1    .00  .28 -.06 -.30 -.08 -.06 -.19 -.01  .01  .00  .18| .29* .11  .20  .02 -.13 -.14  .01 -.15 -.09 -.23
    1940 1989    1   -.08  .22 -.17 -.27 -.17 -.02 -.19  .16 -.18  .07  .16| .27* .19  .14  .08 -.06  .00  .08 -.06 -.02 -.20
    1950 1999   -1   -.12  .04 -.22 -.20 -.17  .00 -.10  .07 -.12  .26* .05| .21  .08  .16  .07  .08  .00  .19 -.08 -.23 -.12
    1960 2009   -1   -.16 -.05 -.25 -.16 -.06  .05 -.05  .03  .00  .24*-.09| .21  .07 -.05  .08  .17 -.05  .18  .01    -    -
    1968 2017   -1   -.18 -.06 -.20  .03 -.02 -.02  .06 -.09 -.05  .27*-.17|   -    -    -    -    -    -    -    -    -    -

 [B] Entire series, effect on correlation (  .009) is:
       Lower   1903< -.033   1877< -.016   2015> -.016   1964> -.014   1917> -.014   1898> -.009  Higher   1873  .019   1948  .017
     1873 to 1922 segment:
       Lower   1903< -.082   1877< -.032   1917> -.027   1898> -.017   1880> -.014   1909> -.013  Higher   1873  .038   1891  .033
     1880 to 1929 segment:
       Lower   1903< -.084   1917> -.029   1898> -.018   1880> -.014   1909> -.014   1897< -.013  Higher   1891  .041   1886  .034
     1890 to 1939 segment:
       Lower   1903< -.080   1917> -.034   1898> -.021   1933> -.017   1909> -.016   1897< -.015  Higher   1891  .062   1904  .039
     1900 to 1949 segment:
       Lower   1903< -.116   1917> -.042   1933> -.021   1909> -.020   1936> -.015   1924< -.012  Higher   1948  .048   1904  .033
     1910 to 1959 segment:
       Lower   1917> -.070   1933> -.033   1924< -.032   1936> -.025   1926< -.021   1929> -.020  Higher   1948  .056   1958  .027
     1920 to 1969 segment:
       Lower   1964> -.081   1933> -.037   1936> -.029   1924< -.025   1929> -.024   1926< -.017  Higher   1948  .055   1959  .028
     1930 to 1979 segment:
       Lower   1964> -.077   1974> -.036   1933> -.034   1970> -.031   1936> -.024   1975< -.011  Higher   1948  .063   1962  .028
     1940 to 1989 segment:
       Lower   1964> -.074   1986< -.036   1974> -.035   1981< -.035   1970> -.028   1989> -.016  Higher   1948  .057   1983  .027
     1950 to 1999 segment:
       Lower   1964> -.069   1986< -.037   1974> -.032   1981< -.030   1970> -.026   1991> -.018  Higher   1997  .047   1983  .038
     1960 to 2009 segment:
       Lower   1964> -.057   1986< -.029   1974> -.028   2008< -.024   1970> -.020   1981< -.017  Higher   1997  .055   1983  .040
     1968 to 2017 segment:
       Lower   2015> -.054   1986< -.026   2008< -.025   2011< -.024   1974> -.023   1970> -.017  Higher   1997  .053   2006  .052

 [C] Year-to-year changes diverging by over 4.0 std deviations:
       1877 1878   4.2 SD    1902 1903  -4.9 SD

 [E] Outliers     1   3.0 SD above or -4.5 SD below mean for year
       1903 -9.1 SD
====================================================================================================================================

 101019A   1906 to  2017     112 years                                                                                    Series  11

 [A] Segment   High   -10   -9   -8   -7   -6   -5   -4   -3   -2   -1   +0   +1   +2   +3   +4   +5   +6   +7   +8   +9  +10
    ---------  ----   ---  ---  ---  ---  ---  ---  ---  ---  ---  ---  ---  ---  ---  ---  ---  ---  ---  ---  ---  ---  ---
    1906 1955    3    .05  .03  .02  .07 -.02 -.40 -.29 -.18  .11  .18  .09|-.02  .09  .37* .00  .00  .20 -.03  .01 -.08 -.19
    1910 1959    6    .02  .19  .01  .01 -.14 -.27 -.31 -.09 -.01  .12  .10|-.02  .02  .24 -.08  .01  .27* .09 -.04 -.11 -.15
    1920 1969    6   -.05  .07  .18 -.03 -.16 -.28 -.28  .08  .11  .15  .05|-.01  .05  .13 -.14  .06  .21* .05 -.06 -.16 -.15
    1930 1979   -1    .01  .05  .17  .16 -.11 -.14 -.12  .08  .04  .21* .01|-.01 -.04  .17 -.10  .05  .12  .00 -.12 -.11 -.13
    1940 1989   -1    .11 -.09  .13  .13  .03  .07 -.09 -.01 -.07  .30* .03| .02 -.08  .01 -.04  .17 -.12  .05 -.23 -.39 -.12
    1950 1999   -1    .12 -.12  .18  .12  .09  .11 -.02  .01  .11  .21* .02| .04 -.18 -.18 -.01  .18 -.14  .14 -.20 -.35 -.13
    1960 2009    5    .16 -.30  .08  .13  .08  .14  .08  .07 -.03  .15 -.06| .17 -.19 -.13 -.15  .18*-.18  .00 -.27    -    -
    1968 2017   -7    .14 -.21  .02  .19* .09  .15  .10  .03 -.08  .02 -.12|   -    -    -    -    -    -    -    -    -    -

 [B] Entire series, effect on correlation ( -.011) is:
       Lower   2017< -.034   1930< -.026   1988< -.025   1971< -.023   1954> -.015   1946< -.013  Higher   1944  .023   1975  .016
     1906 to 1955 segment:
       Lower   1930< -.109   1946< -.050   1954> -.041   1909< -.025   1941> -.020   1917> -.019  Higher   1944  .059   1906  .032
     1910 to 1959 segment:
       Lower   1930< -.112   1946< -.049   1954> -.044   1941> -.022   1917> -.021   1928> -.018  Higher   1944  .060   1957  .030
     1920 to 1969 segment:
       Lower   1930< -.092   1946< -.042   1954> -.039   1969< -.026   1941> -.020   1928> -.016  Higher   1944  .058   1957  .030
     1930 to 1979 segment:
       Lower   1930< -.067   1971< -.055   1954> -.039   1946< -.033   1941> -.020   1969< -.020  Higher   1944  .053   1975  .036
     1940 to 1989 segment:
       Lower   1988< -.075   1971< -.051   1954> -.033   1946< -.031   1969< -.018   1941> -.017  Higher   1944  .046   1975  .032
     1950 to 1999 segment:
       Lower   1988< -.066   1971< -.049   1954> -.036   1997< -.023   1969< -.017   1976> -.017  Higher   1975  .035   1957  .027
     1960 to 2009 segment:
       Lower   1971< -.044   1988< -.043   2009< -.025   1997< -.017   1969< -.015   1963> -.013  Higher   1975  .037   1996  .027
     1968 to 2017 segment:
       Lower   2017< -.046   1971< -.035   2009< -.018   1988< -.013   1997< -.012   1969< -.012  Higher   1975  .034   2015  .024

 [C] Year-to-year changes diverging by over 4.0 std deviations:
       1987 1988  -5.0 SD    2016 2017  -4.0 SD

 [E] Outliers     4   3.0 SD above or -4.5 SD below mean for year
       1930 -5.1 SD;    1976 +3.2 SD;    1988 -7.3 SD;    2008 +4.2 SD
====================================================================================================================================

 142573A   1943 to  2017      75 years                                                                                    Series  12

 [A] Segment   High   -10   -9   -8   -7   -6   -5   -4   -3   -2   -1   +0   +1   +2   +3   +4   +5   +6   +7   +8   +9  +10
    ---------  ----   ---  ---  ---  ---  ---  ---  ---  ---  ---  ---  ---  ---  ---  ---  ---  ---  ---  ---  ---  ---  ---
    1943 1992   -1    .09  .01  .21  .06  .02 -.09 -.29  .13  .07  .26* .00|-.09  .02 -.33 -.25 -.19  .11 -.06 -.08 -.09 -.05
    1950 1999   -8    .06  .13  .20* .00  .09 -.06 -.27  .08  .01  .20 -.01| .04  .01 -.31 -.31 -.20  .11 -.10 -.11 -.13 -.02
    1960 2009   -7    .11  .09  .17  .18*-.06 -.07 -.19 -.03 -.06  .07 -.05|-.10  .03 -.15 -.02 -.21 -.02 -.10 -.05    -    -
    1968 2017   -4    .06  .13  .16  .19  .05  .12  .22* .03 -.25 -.04 -.06|   -    -    -    -    -    -    -    -    -    -

 [B] Entire series, effect on correlation (  .016) is:
       Lower   1978> -.040   1943< -.034   1960< -.023   1995> -.018   1945> -.016   1987> -.012  Higher   1964  .042   1959  .025
     1943 to 1992 segment:
       Lower   1978> -.064   1943< -.056   1960< -.037   1945> -.025   1987> -.019   1985> -.014  Higher   1964  .071   1959  .043
     1950 to 1999 segment:
       Lower   1978> -.070   1960< -.035   1995> -.032   1987> -.021   1985> -.016   1966> -.014  Higher   1964  .075   1959  .047
     1960 to 2009 segment:
       Lower   1978> -.059   1960< -.038   1995> -.025   1987> -.016   1975< -.014   1994< -.013  Higher   1964  .077   1997  .020
     1968 to 2017 segment:
       Lower   1978> -.061   1995> -.027   1987> -.016   1975< -.016   1994< -.013   1985> -.013  Higher   2017  .033   2002  .025

 [E] Outliers     1   3.0 SD above or -4.5 SD below mean for year
       1978 +3.5 SD
====================================================================================================================================

 180840A   1793 to  2017     225 years                                                                                    Series  13

 [A] Segment   High   -10   -9   -8   -7   -6   -5   -4   -3   -2   -1   +0   +1   +2   +3   +4   +5   +6   +7   +8   +9  +10
    ---------  ----   ---  ---  ---  ---  ---  ---  ---  ---  ---  ---  ---  ---  ---  ---  ---  ---  ---  ---  ---  ---  ---
    1793 1842   -2    .01  .05 -.18 -.37  .15  .24 -.13  .03  .35*-.22 -.04| .05 -.03 -.07 -.10 -.10  .09  .00  .12 -.01  .03
    1800 1849   -2    .03  .04 -.16 -.39  .13  .22 -.08  .06  .31*-.25 -.08| .00 -.14 -.13 -.13 -.06  .08  .00  .03 -.04 -.01
    1810 1859   -5    .05  .01 -.21 -.19  .13  .29*-.08  .10  .19 -.19 -.17|-.12 -.13  .07 -.15 -.05  .15  .02  .00 -.03  .02
    1820 1869   -5    .09  .10 -.17 -.19  .19  .25*-.09  .12 -.09 -.21 -.21|-.08  .03  .08 -.19 -.11 -.11  .02  .17 -.02  .02
    1830 1879    8    .13  .12 -.05 -.13  .09  .08  .10  .05 -.07 -.08 -.14|-.20 -.01 -.11 -.15 -.06 -.12 -.05  .20* .04  .04
    1840 1889   -4    .05  .20  .09  .00  .13  .04  .27* .12  .04 -.08 -.13|-.30  .01 -.06 -.29  .00 -.18 -.17  .14  .00  .03
    1850 1899   -4   -.11  .20  .05  .00  .05  .02  .24* .16  .08  .06 -.07|-.12 -.03 -.04 -.18  .13 -.20 -.11  .07  .12 -.02
    1860 1909   -4   -.17  .17  .07 -.13  .08 -.03  .25* .10  .06  .04 -.06| .04 -.03 -.29 -.13  .18 -.05 -.15 -.04  .15 -.12
    1870 1919   -4   -.19  .09 -.05 -.12  .10  .03  .32* .08  .10  .06  .00| .06 -.09 -.28 -.12  .18 -.11 -.18 -.11  .18 -.09
    1880 1929   -6   -.23  .15 -.03 -.13  .21* .07  .19  .11  .08  .08 -.03| .12 -.10 -.28 -.06  .18 -.26 -.14 -.19  .02 -.02
    1890 1939   -9   -.25  .18* .00 -.10  .15  .07  .14  .16  .06  .17 -.13| .17 -.06 -.33  .01  .13 -.16 -.11 -.19  .09 -.12
    1900 1949   -4   -.10  .10 -.03 -.02  .15  .06  .16* .04  .08  .05 -.04| .09  .09 -.32 -.14 -.06 -.06 -.07  .06  .13  .12
    1910 1959   -4   -.12  .05 -.12  .13  .17  .09  .23* .06  .05  .08 -.02|-.03  .03 -.17 -.36 -.07 -.25  .00  .15  .22  .19
    1920 1969    7   -.04  .02 -.01  .02  .10  .09  .08  .09  .07  .13  .00|-.06  .00 -.04 -.40 -.07 -.24  .23* .06  .19  .21
    1930 1979   -4   -.07 -.16 -.04  .01  .19  .16  .22*-.04  .18 -.07  .00|-.11  .09 -.05 -.33 -.15 -.21  .17  .01  .19  .10
    1940 1989   -4   -.02 -.17 -.10  .03  .16  .22  .27*-.10  .22 -.06  .01|-.07  .06 -.15 -.19 -.09 -.24  .16  .00  .12  .14
    1950 1999    7    .01 -.27 -.02 -.01  .23  .14  .17 -.24  .06  .02  .03|-.14  .10 -.03 -.07 -.08 -.13  .30*-.18 -.02  .14
    1960 2009    4    .07 -.23  .00  .02 -.04 -.05  .17 -.13 -.01  .11  .02|-.11 -.03 -.01  .27* .02 -.18  .24 -.17    -    -
    1968 2017   -4    .03 -.15  .06 -.01 -.12 -.24  .30*-.25 -.08  .09  .10|   -    -    -    -    -    -    -    -    -    -

 [B] Entire series, effect on correlation ( -.051) is:
       Lower   1816> -.021   1802> -.015   1859< -.014   1824> -.013   1834< -.011   1898< -.010  Higher   1808  .018   1831  .011
     1793 to 1842 segment:
       Lower   1816> -.079   1802> -.052   1824> -.048   1834< -.034   1794< -.019   1798< -.017  Higher   1808  .061   1831  .036
     1800 to 1849 segment:
       Lower   1816> -.065   1802> -.046   1824> -.041   1834< -.037   1847> -.020   1846> -.019  Higher   1808  .067   1831  .035
     1810 to 1859 segment:
       Lower   1816> -.067   1824> -.046   1859< -.043   1834< -.033   1847> -.023   1846> -.022  Higher   1831  .047   1854  .044
     1820 to 1869 segment:
       Lower   1859< -.056   1824> -.046   1834< -.042   1860< -.029   1847> -.023   1846> -.022  Higher   1854  .060   1831  .051
     1830 to 1879 segment:
       Lower   1859< -.055   1834< -.042   1860< -.027   1862> -.026   1847> -.026   1846> -.025  Higher   1831  .053   1877  .053
     1840 to 1889 segment:
       Lower   1859< -.069   1860< -.035   1862> -.029   1847> -.029   1846> -.028   1882< -.026  Higher   1877  .062   1854  .058
     1850 to 1899 segment:
       Lower   1859< -.055   1898< -.041   1862> -.035   1895> -.030   1860< -.026   1882< -.020  Higher   1877  .046   1854  .041
     1860 to 1909 segment:
       Lower   1898< -.044   1862> -.033   1895> -.031   1860< -.030   1882< -.022   1870< -.019  Higher   1877  .045   1891  .027
     1870 to 1919 segment:
       Lower   1898< -.072   1895> -.039   1882< -.028   1870< -.026   1902> -.022   1909> -.015  Higher   1877  .049   1891  .031
     1880 to 1929 segment:
       Lower   1898< -.073   1895> -.044   1882< -.029   1902> -.025   1909> -.017   1905< -.014  Higher   1891  .038   1904  .032
     1890 to 1939 segment:
       Lower   1898< -.078   1895> -.042   1902> -.022   1934< -.020   1905< -.016   1908< -.016  Higher   1891  .055   1904  .046
     1900 to 1949 segment:
       Lower   1948> -.041   1940< -.036   1902> -.029   1934< -.027   1916< -.023   1905< -.022  Higher   1944  .047   1904  .043
     1910 to 1959 segment:
       Lower   1948> -.059   1940< -.043   1934< -.031   1955< -.026   1916< -.026   1919< -.022  Higher   1944  .060   1921  .038
     1920 to 1969 segment:
       Lower   1948> -.055   1940< -.038   1967< -.030   1934< -.028   1965> -.026   1955< -.024  Higher   1944  .052   1921  .034
     1930 to 1979 segment:
       Lower   1948> -.054   1940< -.035   1934< -.027   1965> -.027   1967< -.025   1955< -.023  Higher   1944  .048   1978  .029
     1940 to 1989 segment:
       Lower   1948> -.053   1940< -.036   1967< -.028   1984< -.027   1965> -.026   1955< -.024  Higher   1944  .047   1960  .028
     1950 to 1999 segment:
       Lower   1967< -.030   1965> -.029   1984< -.028   1964> -.025   1955< -.025   1996< -.022  Higher   1997  .030   1960  .029
     1960 to 2009 segment:
       Lower   1967< -.028   1965> -.026   1984< -.026   1964> -.023   1996< -.019   1982> -.019  Higher   1997  .029   1960  .029
     1968 to 2017 segment:
       Lower   1984< -.029   2002< -.025   1996< -.024   1982> -.022   1991> -.018   2015> -.016  Higher   2013  .028   1997  .025

 [C] Year-to-year changes diverging by over 4.0 std deviations:
       1815 1816   4.2 SD    1861 1862   4.0 SD

 [E] Outliers     6   3.0 SD above or -4.5 SD below mean for year
       1802 +3.6 SD;    1816 +4.4 SD;    1824 +4.0 SD;    1847 +3.7 SD;    1877 +3.7 SD;    1898 -4.8 SD
====================================================================================================================================
PART 7:  DESCRIPTIVE STATISTICS:                                                                   14:38  Fri 15 Jun 2018  Page   7
------------------------------------------------------------------------------------------------------------------------------------

                                                Corr   //-------- Unfiltered --------\\  //---- Filtered -----\\
                           No.    No.    No.    with   Mean   Max     Std   Auto   Mean   Max     Std   Auto  AR
 Seq Series   Interval   Years  Segmt  Flags   Master  msmt   msmt    dev   corr   sens  value    dev   corr  ()
 --- -------- ---------  -----  -----  -----   ------ -----  -----  -----  -----  -----  -----  -----  -----  --
   1 80559    1861 2009    149     11     11    .038   1.17   3.45   .724   .748   .326   2.65   .362  -.046   1
   2 50415    1927 2009     83      5      5   -.077    .70   1.78   .448   .693   .357   2.70   .435  -.085   1
   3 80085    1676 2009    334     21     21   -.003    .60   3.88   .517   .778   .316   2.82   .484  -.056   4
   4 100834   1926 2009     84      5      5   -.148    .88   2.75   .494   .402   .362   3.00   .525   .032   1
   5 50416    1762 2009    248     21     21    .004    .72   2.36   .390   .461   .348   3.06   .519   .005   1
   6 162005A  1904 2015    112      8      8    .116    .74   2.29   .428   .710   .263   2.92   .485  -.079   1
   7 182212A  1925 2015     91      6      6   -.103    .54   1.68   .360   .761   .320   2.85   .471  -.023   1
   8 190908A  1892 2015    124      9      9   -.112    .57   3.75   .517   .761   .262   2.79   .420  -.042   1
   9 190910A  1913 2004     92      6      6    .028    .45   1.93   .337   .808   .314   2.89   .612  -.005   1
  10 101016A  1873 2017    145     11     11    .009   1.16   4.08   .703   .727   .277   2.48   .315  -.005   1
  11 101019A  1906 2017    112      8      8   -.011   1.28   3.50   .757   .800   .275   2.99   .376   .034   1
  12 142573A  1943 2017     75      4      4    .016    .23   1.38   .273   .893   .243   3.02   .651   .054   1
  13 180840A  1793 2017    225     19     19   -.051    .58   1.68   .296   .781   .259   2.92   .427  -.053   1
 --- -------- ---------  -----  -----  -----   ------ -----  -----  -----  -----  -----  -----  -----  -----  --
 Total or mean:           1874    134    134   -.017    .74   4.08   .483   .711   .303   3.06   .460  -.027

                                              - = [  COFECHA NYSY COF  ] = -
