[]  Dendrochronology Program Library                                        Run PIST   Program COF  14:38  Fri 15 Jun 2018  Page   1
[]
[]  P R O G R A M      C O F E C H A                                                                          Version 6.06P    30483
------------------------------------------------------------------------------------------------------------------------------------

 QUALITY CONTROL AND DATING CHECK OF TREE-RING MEASUREMENTS

 File of DATED series:   pist_drop.rwl

 CONTENTS:

    Part 1:  Title page, options selected, summary, absent rings by series
    Part 2:  Histogram of time spans
    Part 3:  Master series with sample depth and absent rings by year
    Part 4:  Bar plot of Master Dating Series
    Part 5:  Correlation by segment of each series with Master
    Part 6:  Potential problems: low correlation, divergent year-to-year changes, absent rings, outliers
    Part 7:  Descriptive statistics

 RUN CONTROL OPTIONS SELECTED                             VALUE

         1  Cubic smoothing spline 50% wavelength cutoff for filtering
                                                            32 years
         2  Segments examined are                           50 years lagged successively by  10 years
         3  Autoregressive model applied                     A  Residuals are used in master dating series and testing
         4  Series transformed to logarithms                 Y  Each series log-transformed for master dating series and testing
         5  CORRELATION is Pearson (parametric, quantitative)
            Critical correlation, 99% confidence level   .3281
         6  Master dating series saved                       N
         7  Ring measurements listed                         N
         8  Parts printed                              1234567 
         9  Absent rings are omitted from master series and segment correlations  (Y)

 Time span of Master dating series is  1931 to  2016    86 years
 Continuous time span is               1931 to  2016    86 years
 Portion with two or more series is    1935 to  2012    78 years


                                        ****************************************
                                        *C* Number of dated series        37 *C*
                                        *O* Master series 1931 2016   86 yrs *O*
                                        *F* Total rings in all series   2333 *F*
                                        *E* Total dated rings checked   2325 *E*
                                        *C* Series intercorrelation     .467 *C*
                                        *H* Average mean sensitivity    .279 *H*
                                        *A* Segments, possible problems   31 *A*
                                        *** Mean length of series       63.1 ***
                                        ****************************************

 ABSENT RINGS listed by SERIES:            (See Master Dating Series for absent rings listed by year)

               No ring measurements of zero value
PART 2:  TIME PLOT OF TREE-RING SERIES:                                                            14:38  Fri 15 Jun 2018  Page   2
------------------------------------------------------------------------------------------------------------------------------------
 1050 1100 1150 1200 1250 1300 1350 1400 1450 1500 1550 1600 1650 1700 1750 1800 1850 1900 1950 2000 2050 Ident   Seq Time-span  Yrs
   :    :    :    :    :    :    :    :    :    :    :    :    :    :    :    :    :    :    :    :    : -------- --- ---- ---- ----
   .    .    .    .    .    .    .    .    .    .    .    .    .    .    .    .    .    .   <=====>    . 132241     1 1945 2009   65
   .    .    .    .    .    .    .    .    .    .    .    .    .    .    .    .    .    .  <======>    . 182058     2 1937 2009   73
   .    .    .    .    .    .    .    .    .    .    .    .    .    .    .    .    .    .  <======>    . 132236     3 1939 2009   71
   .    .    .    .    .    .    .    .    .    .    .    .    .    .    .    .    .    .    <====>    . 112170     4 1950 2009   60
   .    .    .    .    .    .    .    .    .    .    .    .    .    .    .    .    .    .   <=====>    . 192213     5 1948 2009   62
   .    .    .    .    .    .    .    .    .    .    .    .    .    .    .    .    .    .    <====>    . 122187     6 1950 2009   60
   .    .    .    .    .    .    .    .    .    .    .    .    .    .    .    .    .    .   <=====>    . 72458      7 1946 2009   64
   .    .    .    .    .    .    .    .    .    .    .    .    .    .    .    .    .    .    <====>    . 142521     8 1953 2009   57
   .    .    .    .    .    .    .    .    .    .    .    .    .    .    .    .    .    .  <======>    . 112215     9 1936 2009   74
   .    .    .    .    .    .    .    .    .    .    .    .    .    .    .    .    .    .  <======>    . 142484    10 1938 2009   72
   .    .    .    .    .    .    .    .    .    .    .    .    .    .    .    .    .    .   <=====>    . 122180    11 1940 2009   70
   .    .    .    .    .    .    .    .    .    .    .    .    .    .    .    .    .    .    <====>    . 102279    12 1950 2009   60
   .    .    .    .    .    .    .    .    .    .    .    .    .    .    .    .    .    .    <====>    . 122146    13 1955 2009   55
   .    .    .    .    .    .    .    .    .    .    .    .    .    .    .    .    .    .    .<===>    . 122131    14 1969 2009   41
   .    .    .    .    .    .    .    .    .    .    .    .    .    .    .    .    .    .  <======>    . 122150    15 1935 2009   75
   .    .    .    .    .    .    .    .    .    .    .    .    .    .    .    .    .    .   <=====>    . 122128    16 1940 2009   70
   .    .    .    .    .    .    .    .    .    .    .    .    .    .    .    .    .    .    <====>    . 122157    17 1952 2009   58
   .    .    .    .    .    .    .    .    .    .    .    .    .    .    .    .    .    .   <=====>    . 122165    18 1940 2009   70
   .    .    .    .    .    .    .    .    .    .    .    .    .    .    .    .    .    .   <=====>    . 122184    19 1944 2009   66
   .    .    .    .    .    .    .    .    .    .    .    .    .    .    .    .    .    .   <=====>    . 122166    20 1943 2009   67
   .    .    .    .    .    .    .    .    .    .    .    .    .    .    .    .    .    .    .  <=>    . 122278    21 1980 2009   30
   .    .    .    .    .    .    .    .    .    .    .    .    .    .    .    .    .    .    .<===>    . 122302    22 1963 2009   47
   .    .    .    .    .    .    .    .    .    .    .    .    .    .    .    .    .    .  <======>    . 142046    23 1936 2009   74
   .    .    .    .    .    .    .    .    .    .    .    .    .    .    .    .    .    .   <======>   . 122256A   24 1947 2016   70
   .    .    .    .    .    .    .    .    .    .    .    .    .    .    .    .    .    .    .<===>    . 162432    25 1962 2005   44
   .    .    .    .    .    .    .    .    .    .    .    .    .    .    .    .    .    .    <=====>   . 112180    26 1958 2010   53
   .    .    .    .    .    .    .    .    .    .    .    .    .    .    .    .    .    .   <=====>    . 132194    27 1940 2007   68
   .    .    .    .    .    .    .    .    .    .    .    .    .    .    .    .    .    .  <======>    . 122164    28 1937 2003   67
   .    .    .    .    .    .    .    .    .    .    .    .    .    .    .    .    .    .    <=====>   . 122275A   29 1951 2012   62
   .    .    .    .    .    .    .    .    .    .    .    .    .    .    .    .    .    .    <====>    . 122275    30 1954 2009   56
   .    .    .    .    .    .    .    .    .    .    .    .    .    .    .    .    .    .   <=====>    . 112145    31 1945 2005   61
   .    .    .    .    .    .    .    .    .    .    .    .    .    .    .    .    .    .   <=====>    . 102273    32 1946 2006   61
   .    .    .    .    .    .    .    .    .    .    .    .    .    .    .    .    .    .  <======>    . 132233    33 1938 2009   72
   .    .    .    .    .    .    .    .    .    .    .    .    .    .    .    .    .    .   <=====>    . 122229    34 1945 2009   65
   .    .    .    .    .    .    .    .    .    .    .    .    .    .    .    .    .    .   <=====>    . 122149    35 1946 2004   59
   .    .    .    .    .    .    .    .    .    .    .    .    .    .    .    .    .    .  <======>    . 112136    36 1935 2009   75
   .    .    .    .    .    .    .    .    .    .    .    .    .    .    .    .    .    .  <======>    . 112258    37 1931 2009   79
   :    :    :    :    :    :    :    :    :    :    :    :    :    :    :    :    :    :    :    :    :
 1050 1100 1150 1200 1250 1300 1350 1400 1450 1500 1550 1600 1650 1700 1750 1800 1850 1900 1950 2000 2050
PART 3:  Master Dating Series:                                                                     14:38  Fri 15 Jun 2018  Page   3
------------------------------------------------------------------------------------------------------------------------------------
  Year  Value  No Ab    Year  Value  No Ab    Year  Value  No Ab    Year  Value  No Ab    Year  Value  No Ab    Year  Value  No Ab
  ------------------    ------------------    ------------------    ------------------    ------------------    ------------------
                        1950 -1.172  27       2000   .495  37
                        1951 -1.329  28       2001   .141  37
                        1952 -1.152  29       2002   .934  37
                        1953  -.849  30       2003  -.007  37
                        1954   .677  31       2004   .525  36
                        1955  1.015  32       2005   .866  35
                        1956  1.167  32       2006  -.124  33
                        1957   .617  32       2007  -.351  32
                        1958   .322  33       2008  -.698  31
                        1959   .587  33       2009  1.036  31

                        1960   .661  33       2010  -.085   3
                        1961   .435  33       2011   .149   2
                        1962   .796  34       2012   .401   2
                        1963   .207  35       2013 -1.141   1
                        1964  -.429  35       2014  1.238   1
                        1965  -.652  35       2015  1.496   1
                        1966 -3.403  35       2016  1.674   1
                        1967  -.005  35
                        1968  1.166  35
                        1969   .634  36

                        1970   .174  36
                        1971  -.558  36
                        1972  -.252  36
                        1973  -.127  36
                        1974  -.328  36
                        1975 -1.044  36
                        1976   .201  36
                        1977  -.274  36
                        1978  -.014  36
                        1979 -2.025  36

                        1980  -.428  37
  1931   .131   1       1981   .076  37
  1932 -2.219   1       1982   .934  37
  1933  -.774   1       1983  1.348  37
  1934 -1.997   1       1984   .281  37
  1935 -1.306   3       1985   .778  37
  1936  -.388   5       1986  -.428  37
  1937   .538   7       1987  -.702  37
  1938   .514   9       1988   .899  37
  1939  1.761  10       1989   .528  37

  1940  1.122  14       1990  1.148  37
  1941   .010  14       1991   .438  37
  1942   .677  14       1992 -1.041  37
  1943  -.253  15       1993 -1.490  37
  1944  -.331  16       1994 -1.931  37
  1945   .629  19       1995   .453  37
  1946   .245  22       1996   .902  37
  1947   .490  23       1997  1.549  37
  1948  -.112  24       1998   .217  37
  1949 -1.019  24       1999 -2.847  37
------------------------------------------------------------------------------------------------------------------------------------
PART 4:  Master Bar Plot:                                                                          14:38  Fri 15 Jun 2018  Page   4
------------------------------------------------------------------------------------------------------------------------------------
   Year Rel value  Year Rel value  Year Rel value  Year Rel value  Year Rel value  Year Rel value  Year Rel value  Year Rel value
                   1950-e          2000-------B
                   1951-e          2001-----A
                   1952-e          2002---------D
                   1953-c          2003----@
                   1954--------C   2004-------B
                   1955---------D  2005---------C
                   1956---------E  2006----@
                   1957--------B   2007---a
                   1958------A     2008--c
                   1959-------B    2009---------D
                   1960--------C   2010----@
                   1961------B     2011-----A
                   1962--------C   2012------B
                   1963-----A      2013-e
                   1964---b        2014---------E
                   1965--c         2015----------F
                   1966n           2016----------G
                   1967----@
                   1968---------E
                   1969--------C
                   1970-----A
                   1971--b
                   1972---a
                   1973----a
                   1974---a
                   1975-d
                   1976-----A
                   1977---a
                   1978----@
                   1979h
                   1980---b
   1931-----A      1981----@
   1932i           1982---------D
   1933--c         1983----------E
   1934h           1984-----A
   1935-e          1985--------C
   1936---b        1986---b
   1937-------B    1987--c
   1938-------B    1988---------D
   1939----------G 1989-------B
   1940---------D  1990---------E
   1941----@       1991------B
   1942--------C   1992-d
   1943---a        1993-f
   1944---a        1994h
   1945--------C   1995------B
   1946-----A      1996---------D
   1947-------B    1997----------F
   1948----@       1998-----A
   1949-d          1999k
PART 5:  CORRELATION OF SERIES BY SEGMENTS:                                                        14:38  Fri 15 Jun 2018  Page   5
------------------------------------------------------------------------------------------------------------------------------------
 Correlations of  50-year dated segments, lagged  10 years
 Flags:  A = correlation under   .3281 but highest as dated;  B = correlation higher at other than dated position

 Seq Series  Time_span   1930 1940 1950 1960 1970 1980
                         1979 1989 1999 2009 2019 2029
 --- -------- ---------  ---- ---- ---- ---- ---- ---- ---- ---- ---- ---- ---- ---- ---- ---- ---- ---- ---- ---- ---- ----
   1 132241   1945 2009        .64  .66  .65
   2 182058   1937 2009   .52  .50  .63  .61
   3 132236   1939 2009   .47  .48  .51  .46
   4 112170   1950 2009             .32A .46
   5 192213   1948 2009        .36  .44  .49
   6 122187   1950 2009             .34B .27A
   7 72458    1946 2009        .47  .52  .58
   8 142521   1953 2009             .75  .75
   9 112215   1936 2009   .28A .34  .56  .54
  10 142484   1938 2009   .50  .48  .65  .62
  11 122180   1940 2009        .69  .70  .66
  12 102279   1950 2009             .44  .58
  13 122146   1955 2009             .52  .53
  14 122131   1969 2009                  .43
  15 122150   1935 2009   .76  .76  .86  .83
  16 122128   1940 2009        .77  .78  .73
  17 122157   1952 2009             .72  .66
  18 122165   1940 2009        .34  .43  .49
  19 122184   1944 2009        .43  .58  .49
  20 122166   1943 2009        .60  .66  .66
  21 122278   1980 2009                            .60
  22 122302   1963 2009                  .28A
  23 142046   1936 2009   .33  .30A .38B .37B
  24 122256A  1947 2016        .37  .39  .38  .34
  25 162432   1962 2005                  .43
  26 112180   1958 2010             .32A .27A .25A
  27 132194   1940 2007        .30A .34B .34B
  28 122164   1937 2003   .64  .69  .45  .44
  29 122275A  1951 2012             .29A .30A .28A
  30 122275   1954 2009             .35  .31A
  31 112145   1945 2005        .47  .37  .37
  32 102273   1946 2006        .31B .34B .31B
  33 132233   1938 2009   .26B .22B .38  .44
  34 122229   1945 2009        .43B .41B .36
  35 122149   1946 2004        .53  .45  .44
  36 112136   1935 2009   .28A .27A .46  .50
  37 112258   1931 2009   .16B .14B .19A .31A
 Av segment correlation   .42  .45  .49  .48  .29  .60
PART 6:  POTENTIAL PROBLEMS:                                                                       14:38  Fri 15 Jun 2018  Page   5
------------------------------------------------------------------------------------------------------------------------------------

 For each series with potential problems the following diagnostics may appear:

 [A] Correlations with master dating series of flagged  50-year segments of series filtered with  32-year spline,
     at every point from ten years earlier (-10) to ten years later (+10) than dated

 [B] Effect of those data values which most lower or raise correlation with master series
     Symbol following year indicates value in series is greater (>) or lesser (<) than master series value

 [C] Year-to-year changes very different from the mean change in other series

 [D] Absent rings (zero values)

 [E] Values which are statistical outliers from mean for the year
====================================================================================================================================

 132241    1945 to  2009      65 years                                                                                    Series   1

 [B] Entire series, effect on correlation (  .601) is:
       Lower   1992> -.035   1994> -.030   2006> -.015   1947< -.013   2009< -.013   1955< -.011  Higher   1966  .128   1979  .028

====================================================================================================================================

 182058    1937 to  2009      73 years                                                                                    Series   2

 [B] Entire series, effect on correlation (  .527) is:
       Lower   1946< -.024   1944> -.022   1986> -.021   1940< -.020   1988< -.018   1984> -.012  Higher   1966  .142   1999  .030

====================================================================================================================================

 132236    1939 to  2009      71 years                                                                                    Series   3

 [B] Entire series, effect on correlation (  .447) is:
       Lower   1979> -.067   1992> -.041   1990< -.028   1988< -.020   2009< -.013   1977> -.012  Higher   1966  .179   1999  .086

 [E] Outliers     2   3.0 SD above or -4.5 SD below mean for year
       1966 -4.7 SD;    1979 +3.1 SD
====================================================================================================================================

 112170    1950 to  2009      60 years                                                                                    Series   4

 [A] Segment   High   -10   -9   -8   -7   -6   -5   -4   -3   -2   -1   +0   +1   +2   +3   +4   +5   +6   +7   +8   +9  +10
    ---------  ----   ---  ---  ---  ---  ---  ---  ---  ---  ---  ---  ---  ---  ---  ---  ---  ---  ---  ---  ---  ---  ---
    1950 1999    0   -.03 -.06  .12  .15  .08 -.02 -.28 -.32 -.13 -.05  .32* .11  .03  .03  .05 -.14 -.17  .20  .07  .29 -.15

 [B] Entire series, effect on correlation (  .368) is:
       Lower   1957< -.092   1966> -.038   1990< -.016   1995< -.013   1987> -.013   1993> -.012  Higher   1999  .096   1997  .023
     1950 to 1999 segment:
       Lower   1957< -.110   1966> -.036   1990< -.019   1995< -.016   1989< -.014   1987> -.013  Higher   1999  .121   1997  .031

====================================================================================================================================

 192213    1948 to  2009      62 years                                                                                    Series   5

 [B] Entire series, effect on correlation (  .427) is:
       Lower   1983< -.063   1992> -.049   1959< -.026   1975> -.025   1956< -.022   1962< -.021  Higher   1966  .092   1999  .044

====================================================================================================================================

 122187    1950 to  2009      60 years                                                                                    Series   6

 [A] Segment   High   -10   -9   -8   -7   -6   -5   -4   -3   -2   -1   +0   +1   +2   +3   +4   +5   +6   +7   +8   +9  +10
    ---------  ----   ---  ---  ---  ---  ---  ---  ---  ---  ---  ---  ---  ---  ---  ---  ---  ---  ---  ---  ---  ---  ---
    1950 1999   -7   -.01 -.09 -.01  .35*-.03  .02 -.33  .07 -.08  .06  .34|-.02  .01 -.22 -.07  .08 -.06  .09 -.08 -.08 -.08
    1960 2009    0   -.03  .23 -.10  .26 -.06  .06 -.23 -.01 -.03 -.02  .27*-.14 -.01 -.25 -.11  .14 -.20  .02    -    -    -

 [B] Entire series, effect on correlation (  .300) is:
       Lower   1982< -.141   1979> -.060   2008< -.046   1971> -.009   1994> -.007   1993> -.007  Higher   1999  .104   1966  .031
     1950 to 1999 segment:
       Lower   1982< -.266   1979> -.077   1971> -.011   1976< -.010   1985< -.008   1993> -.007  Higher   1999  .143   1966  .048
     1960 to 2009 segment:
       Lower   1982< -.147   1979> -.065   2008< -.041   1971> -.009   1994> -.008   1993> -.007  Higher   1999  .117   1966  .036

 [E] Outliers     3   3.0 SD above or -4.5 SD below mean for year
       1979 +3.1 SD;    1982 -6.0 SD;    2008 -5.6 SD
====================================================================================================================================

 72458     1946 to  2009      64 years                                                                                    Series   7

 [B] Entire series, effect on correlation (  .486) is:
       Lower   1960< -.039   1996< -.035   1955< -.024   1995< -.021   1951> -.017   2000< -.016  Higher   1966  .156   1999  .052

====================================================================================================================================

 142521    1953 to  2009      57 years                                                                                    Series   8

 [B] Entire series, effect on correlation (  .729) is:
       Lower   1956< -.025   1975> -.016   2003> -.015   1978< -.013   1974> -.013   1999> -.012  Higher   1966  .078   1979  .026

====================================================================================================================================

 112215    1936 to  2009      74 years                                                                                    Series   9

 [A] Segment   High   -10   -9   -8   -7   -6   -5   -4   -3   -2   -1   +0   +1   +2   +3   +4   +5   +6   +7   +8   +9  +10
    ---------  ----   ---  ---  ---  ---  ---  ---  ---  ---  ---  ---  ---  ---  ---  ---  ---  ---  ---  ---  ---  ---  ---
    1936 1985    0      -    -    -    -    -  .09  .06  .06  .13  .17  .28* .02  .13 -.05 -.17  .05 -.08  .00  .05 -.09 -.09

 [B] Entire series, effect on correlation (  .504) is:
       Lower   1984< -.058   1936< -.035   1966> -.035   1968< -.017   1954< -.014   2008> -.013  Higher   1999  .122   1992  .019
     1936 to 1985 segment:
       Lower   1984< -.074   1936< -.054   1968< -.026   1954< -.022   1943> -.015   1966> -.014  Higher   1979  .028   1956  .024

====================================================================================================================================

 142484    1938 to  2009      72 years                                                                                    Series  10

 [B] Entire series, effect on correlation (  .585) is:
       Lower   1983< -.035   1945< -.028   1979> -.028   1976< -.024   1944> -.016   1970> -.012  Higher   1966  .115   1999  .086

====================================================================================================================================

 122180    1940 to  2009      70 years                                                                                    Series  11

 [B] Entire series, effect on correlation (  .633) is:
       Lower   1955< -.020   2002< -.016   1941> -.015   1989< -.014   1982< -.013   1963> -.010  Higher   1966  .104   1979  .031

====================================================================================================================================

 102279    1950 to  2009      60 years                                                                                    Series  12

 [B] Entire series, effect on correlation (  .465) is:
       Lower   1955< -.045   1966> -.042   1950> -.032   1989< -.021   1964> -.012   1956< -.012  Higher   1999  .177   2000  .014

====================================================================================================================================

 122146    1955 to  2009      55 years                                                                                    Series  13

 [B] Entire series, effect on correlation (  .506) is:
       Lower   1966> -.041   1955< -.030   2005< -.022   1971> -.018   1983< -.013   1973> -.012  Higher   1999  .124   1997  .017

====================================================================================================================================

 122131    1969 to  2009      41 years                                                                                    Series  14

 [B] Entire series, effect on correlation (  .434) is:
       Lower   1972< -.148   1986> -.024   1973> -.023   2006> -.011   2007> -.011   1995< -.009  Higher   1994  .041   1979  .037

====================================================================================================================================

 122150    1935 to  2009      75 years                                                                                    Series  15

 [B] Entire series, effect on correlation (  .751) is:
       Lower   1940< -.027   1944> -.014   2002< -.011   1941> -.011   1938< -.008   1994> -.007  Higher   1966  .065   1999  .046

====================================================================================================================================

 122128    1940 to  2009      70 years                                                                                    Series  16

 [B] Entire series, effect on correlation (  .683) is:
       Lower   1999> -.040   1944> -.015   2009< -.014   1940< -.013   2003< -.013   1998> -.009  Higher   1966  .083   1979  .021

 [E] Outliers     1   3.0 SD above or -4.5 SD below mean for year
       1966 -5.3 SD
====================================================================================================================================

 122157    1952 to  2009      58 years                                                                                    Series  17

 [B] Entire series, effect on correlation (  .668) is:
       Lower   1982< -.031   2006> -.030   1975> -.023   1992> -.021   2003> -.016   1980> -.009  Higher   1966  .114   1999  .062

====================================================================================================================================

 122165    1940 to  2009      70 years                                                                                    Series  18

 [B] Entire series, effect on correlation (  .423) is:
       Lower   1963< -.076   1952> -.032   1975> -.013   1985< -.013   1968< -.011   1947< -.009  Higher   1966  .068   1999  .039

 [E] Outliers     1   3.0 SD above or -4.5 SD below mean for year
       1952 +3.2 SD
====================================================================================================================================

 122184    1944 to  2009      66 years                                                                                    Series  19

 [B] Entire series, effect on correlation (  .491) is:
       Lower   1966> -.043   2008> -.030   1994> -.024   2004< -.017   2009< -.017   1944< -.015  Higher   1999  .148   1979  .019

====================================================================================================================================

 122166    1943 to  2009      67 years                                                                                    Series  20

 [B] Entire series, effect on correlation (  .647) is:
       Lower   1954< -.018   1966> -.014   1975> -.014   1970> -.014   1967< -.012   2008> -.012  Higher   1979  .035   1999  .021

====================================================================================================================================

 122278    1980 to  2009      30 years                                                                                    Series  21

 [B] Entire series, effect on correlation (  .605) is:
       Lower   1993> -.054   1992> -.045   1988< -.033   1995< -.027   2003> -.025   1991> -.014  Higher   1999  .354   2009  .017

====================================================================================================================================

 122302    1963 to  2009      47 years                                                                                    Series  22

 [A] Segment   High   -10   -9   -8   -7   -6   -5   -4   -3   -2   -1   +0   +1   +2   +3   +4   +5   +6   +7   +8   +9  +10
    ---------  ----   ---  ---  ---  ---  ---  ---  ---  ---  ---  ---  ---  ---  ---  ---  ---  ---  ---  ---  ---  ---  ---
    1963 2009    0    .03  .17 -.04  .09 -.14  .10 -.17 -.02  .13  .25  .28*-.20 -.16 -.24  .01  .20  .18  .09    -    -    -

 [B] Entire series, effect on correlation (  .275) is:
       Lower   1980< -.060   1969< -.039   1968< -.033   1979> -.025   1966> -.023   1967< -.017  Higher   1997  .029   1999  .028
     1963 to 2009 segment:
       Lower   1980< -.060   1969< -.039   1968< -.033   1979> -.025   1966> -.023   1967< -.017  Higher   1997  .029   1999  .028

====================================================================================================================================

 142046    1936 to  2009      74 years                                                                                    Series  23

 [A] Segment   High   -10   -9   -8   -7   -6   -5   -4   -3   -2   -1   +0   +1   +2   +3   +4   +5   +6   +7   +8   +9  +10
    ---------  ----   ---  ---  ---  ---  ---  ---  ---  ---  ---  ---  ---  ---  ---  ---  ---  ---  ---  ---  ---  ---  ---
    1940 1989    0      -  .03  .05 -.04 -.17 -.29 -.23 -.02  .26  .13  .30* .02  .06  .03 -.13  .26  .10 -.19 -.14 -.13 -.18
    1950 1999    5   -.14 -.05  .21  .06 -.14 -.28 -.29 -.19  .35  .20  .38| .07 -.22 -.08 -.19  .41* .15 -.10 -.16 -.17 -.15
    1960 2009    5   -.24  .01  .21  .15 -.09 -.20 -.23 -.22  .30  .12  .37| .01 -.25 -.10 -.23  .45* .14 -.01    -    -    -

 [B] Entire series, effect on correlation (  .449) is:
       Lower   1979> -.115   1981< -.073   1999> -.030   1974< -.009   1968< -.006   1986> -.006  Higher   1966  .046   1994  .027
     1940 to 1989 segment:
       Lower   1979> -.185   1981< -.101   1968< -.008   1986> -.008   1974< -.008   1975> -.006  Higher   1966  .120   1954  .035
     1950 to 1999 segment:
       Lower   1979> -.133   1981< -.088   1999> -.030   1974< -.012   1968< -.007   1986> -.006  Higher   1966  .065   1994  .035
     1960 to 2009 segment:
       Lower   1979> -.137   1981< -.085   1999> -.029   1974< -.010   1986> -.007   2003> -.006  Higher   1966  .069   1994  .038

 [E] Outliers     1   3.0 SD above or -4.5 SD below mean for year
       1979 +4.2 SD
====================================================================================================================================

 122256A   1947 to  2016      70 years                                                                                    Series  24

 [*] Later part of series cannot be checked from 2013 to 2016 -- not matched by another series

 [B] Entire series, effect on correlation (  .332) is:
       Lower   1954< -.038   1966> -.032   2004< -.031   1973< -.025   1979> -.020   1996< -.016  Higher   1992  .027   1994  .024

====================================================================================================================================

 162432    1962 to  2005      44 years                                                                                    Series  25

 [B] Entire series, effect on correlation (  .433) is:
       Lower   1999> -.096   1970< -.093   2004< -.030   1995< -.012   1963> -.008   1967< -.007  Higher   1966  .041   1979  .031

====================================================================================================================================

 112180    1958 to  2010      53 years                                                                                    Series  26

 [A] Segment   High   -10   -9   -8   -7   -6   -5   -4   -3   -2   -1   +0   +1   +2   +3   +4   +5   +6   +7   +8   +9  +10
    ---------  ----   ---  ---  ---  ---  ---  ---  ---  ---  ---  ---  ---  ---  ---  ---  ---  ---  ---  ---  ---  ---  ---
    1958 2007    0   -.08 -.09  .03 -.10  .00  .04  .17 -.17 -.12  .01  .32* .09  .00  .09 -.12  .07 -.19  .14  .04 -.13    -
    1960 2009    0    .05 -.01  .04 -.10  .02  .02  .10 -.21 -.14  .02  .27* .05 -.03  .03 -.14  .03 -.23  .18    -    -    -
    1961 2010    0    .08 -.01  .07 -.11  .03  .04  .09 -.22 -.15  .06  .25* .07 -.01  .02 -.09  .06 -.23    -    -    -    -

 [B] Entire series, effect on correlation (  .249) is:
       Lower   2000< -.048   2009< -.048   1994> -.043   1993> -.032   2010> -.023   2002< -.018  Higher   1979  .148   1966  .035
     1958 to 2007 segment:
       Lower   2000< -.056   1994> -.048   1993> -.036   2002< -.021   1990< -.009   1982< -.007  Higher   1979  .135   1966  .030
     1960 to 2009 segment:
       Lower   2000< -.049   2009< -.049   1994> -.049   1993> -.037   2002< -.017   1977> -.006  Higher   1979  .147   1966  .030
     1961 to 2010 segment:
       Lower   2000< -.049   2009< -.049   1994> -.045   1993> -.034   2010> -.024   2002< -.018  Higher   1979  .150   1966  .034

 [C] Year-to-year changes diverging by over 4.0 std deviations:
       2009 2010   4.1 SD

 [E] Outliers     1   3.0 SD above or -4.5 SD below mean for year
       1994 +3.5 SD
====================================================================================================================================

 132194    1940 to  2007      68 years                                                                                    Series  27

 [A] Segment   High   -10   -9   -8   -7   -6   -5   -4   -3   -2   -1   +0   +1   +2   +3   +4   +5   +6   +7   +8   +9  +10
    ---------  ----   ---  ---  ---  ---  ---  ---  ---  ---  ---  ---  ---  ---  ---  ---  ---  ---  ---  ---  ---  ---  ---
    1940 1989    0      - -.09 -.01 -.02  .00  .03  .23  .00  .09  .19  .30*-.02 -.05 -.30 -.13 -.16 -.05  .04  .11 -.05 -.01
    1950 1999    7   -.23 -.26 -.03 -.08  .01  .19 -.03  .04 -.11  .07  .34| .05  .24 -.39 -.16 -.13  .01  .36*-.21 -.01 -.10
    1958 2007    7   -.30 -.28  .02  .04  .05  .15 -.08 -.02 -.19 -.02  .34| .08  .28 -.38 -.14 -.12  .04  .40*-.17  .10    -

 [B] Entire series, effect on correlation (  .296) is:
       Lower   1997< -.071   1967< -.018   1940< -.017   1993> -.015   1943> -.013   2003> -.012  Higher   1979  .056   1992  .028
     1940 to 1989 segment:
       Lower   1967< -.039   1940< -.035   1943> -.026   1954< -.023   1945< -.019   1974> -.019  Higher   1979  .123   1951  .030
     1950 to 1999 segment:
       Lower   1997< -.085   1966> -.026   1967< -.022   1993> -.019   1954< -.012   1974> -.011  Higher   1979  .058   1951  .015
     1958 to 2007 segment:
       Lower   1997< -.090   1967< -.023   1966> -.020   1993> -.018   2003> -.014   1974> -.011  Higher   1979  .063   1992  .015

====================================================================================================================================

 122164    1937 to  2003      67 years                                                                                    Series  28

 [B] Entire series, effect on correlation (  .461) is:
       Lower   1999> -.122   1995< -.028   1970< -.021   1994> -.021   2003> -.015   1998> -.012  Higher   1979  .054   1966  .053

 [E] Outliers     1   3.0 SD above or -4.5 SD below mean for year
       1999 +3.9 SD
====================================================================================================================================

 122275A   1951 to  2012      62 years                                                                                    Series  29

 [A] Segment   High   -10   -9   -8   -7   -6   -5   -4   -3   -2   -1   +0   +1   +2   +3   +4   +5   +6   +7   +8   +9  +10
    ---------  ----   ---  ---  ---  ---  ---  ---  ---  ---  ---  ---  ---  ---  ---  ---  ---  ---  ---  ---  ---  ---  ---
    1951 2000    0    .02 -.17 -.18  .07 -.08  .19 -.13 -.08 -.04  .07  .29* .07  .00 -.06 -.19  .11  .01  .21 -.13  .00 -.08
    1960 2009    0   -.08 -.14 -.20  .22 -.11  .23 -.02 -.11 -.07  .00  .30* .03 -.03 -.08 -.22  .15 -.02  .20    -    -    -
    1963 2012    0   -.07 -.12 -.21  .24 -.12  .21 -.04 -.10 -.03  .00  .28* .03 -.01 -.02 -.17    -    -    -    -    -    -

 [B] Entire series, effect on correlation (  .313) is:
       Lower   1980< -.100   1979> -.047   1996< -.025   1975> -.024   1970< -.009   2010< -.009  Higher   1994  .022   1992  .018
     1951 to 2000 segment:
       Lower   1980< -.122   1979> -.054   1996< -.028   1975> -.027   1970< -.011   1959< -.008  Higher   1994  .024   2000  .022
     1960 to 2009 segment:
       Lower   1980< -.114   1979> -.054   1996< -.027   1975> -.026   1970< -.011   1981< -.007  Higher   1994  .023   2000  .021
     1963 to 2012 segment:
       Lower   1980< -.109   1979> -.050   1996< -.028   1975> -.025   1970< -.011   2010< -.009  Higher   1994  .023   2000  .022

 [C] Year-to-year changes diverging by over 4.0 std deviations:
       1979 1980  -5.2 SD

====================================================================================================================================

 122275    1954 to  2009      56 years                                                                                    Series  30

 [A] Segment   High   -10   -9   -8   -7   -6   -5   -4   -3   -2   -1   +0   +1   +2   +3   +4   +5   +6   +7   +8   +9  +10
    ---------  ----   ---  ---  ---  ---  ---  ---  ---  ---  ---  ---  ---  ---  ---  ---  ---  ---  ---  ---  ---  ---  ---
    1960 2009    0   -.20  .19 -.07  .25  .20 -.06  .12 -.33  .13 -.13  .31* .05 -.05 -.01 -.10  .00  .20  .21    -    -    -

 [B] Entire series, effect on correlation (  .302) is:
       Lower   2005< -.041   1968< -.030   1994> -.028   1988< -.023   2008> -.018   1984> -.017  Higher   1999  .061   1975  .015
     1960 to 2009 segment:
       Lower   2005< -.046   1968< -.034   1994> -.028   1988< -.026   2008> -.017   1984> -.015  Higher   1999  .062   2009  .016

====================================================================================================================================

 112145    1945 to  2005      61 years                                                                                    Series  31

 [B] Entire series, effect on correlation (  .420) is:
       Lower   1966> -.062   1999> -.060   1962< -.013   1973> -.013   1995< -.009   1994> -.009  Higher   1979  .058   1968  .016

 [C] Year-to-year changes diverging by over 4.0 std deviations:
       1965 1966   4.4 SD

====================================================================================================================================

 102273    1946 to  2006      61 years                                                                                    Series  32

 [A] Segment   High   -10   -9   -8   -7   -6   -5   -4   -3   -2   -1   +0   +1   +2   +3   +4   +5   +6   +7   +8   +9  +10
    ---------  ----   ---  ---  ---  ---  ---  ---  ---  ---  ---  ---  ---  ---  ---  ---  ---  ---  ---  ---  ---  ---  ---
    1946 1995    8   -.20  .12  .14  .29  .07 -.08 -.15 -.06  .04  .05  .31| .07 -.10 -.13 -.31  .17  .24  .06  .35*-.27 -.27
    1950 1999    8   -.23  .09  .13  .31  .10 -.07 -.19 -.10  .00  .06  .34| .06 -.13 -.14 -.26  .20  .24  .06  .36*-.28 -.31
    1957 2006   -7   -.23 -.03  .16  .44* .01 -.02 -.16  .04 -.03 -.10  .31| .04 -.13 -.24 -.27  .19  .19  .10  .24 -.25 -.19

 [B] Entire series, effect on correlation (  .354) is:
       Lower   1958< -.102   1966> -.060   1969< -.028   1987> -.010   1955< -.007   1964> -.007  Higher   1979  .039   1954  .020
     1946 to 1995 segment:
       Lower   1958< -.128   1966> -.084   1969< -.035   1987> -.012   1955< -.009   1967< -.009  Higher   1979  .055   1954  .032
     1950 to 1999 segment:
       Lower   1958< -.127   1966> -.067   1969< -.034   1987> -.011   1955< -.008   1964> -.008  Higher   1979  .045   1954  .026
     1957 to 2006 segment:
       Lower   1958< -.109   1966> -.068   1969< -.029   1987> -.012   1964> -.009   1975> -.007  Higher   1979  .046   2000  .024

 [E] Outliers     1   3.0 SD above or -4.5 SD below mean for year
       1958 -5.4 SD
====================================================================================================================================

 132233    1938 to  2009      72 years                                                                                    Series  33

 [A] Segment   High   -10   -9   -8   -7   -6   -5   -4   -3   -2   -1   +0   +1   +2   +3   +4   +5   +6   +7   +8   +9  +10
    ---------  ----   ---  ---  ---  ---  ---  ---  ---  ---  ---  ---  ---  ---  ---  ---  ---  ---  ---  ---  ---  ---  ---
    1938 1987    7      -    -    -  .06 -.01 -.05 -.29 -.22 -.02  .10  .26| .03 -.04 -.16 -.03  .00  .10  .34* .07 -.28 -.30
    1940 1989    7      -  .15  .13  .17  .08 -.03 -.21 -.23 -.07  .14  .22| .05 -.02 -.23 -.09 -.07  .12  .35* .13 -.27 -.39

 [B] Entire series, effect on correlation (  .377) is:
       Lower   1966> -.076   1959< -.056   2004< -.018   1990< -.016   1952> -.015   1989> -.014  Higher   1999  .112   1979  .054
     1938 to 1987 segment:
       Lower   1966> -.119   1959< -.083   1952> -.022   1964> -.020   1946< -.019   1960< -.012  Higher   1979  .113   1939  .024
     1940 to 1989 segment:
       Lower   1966> -.110   1959< -.077   1952> -.020   1946< -.018   1964> -.017   1960< -.012  Higher   1979  .115   1968  .022

 [E] Outliers     2   3.0 SD above or -4.5 SD below mean for year
       1966 +3.2 SD;    1989 +3.3 SD
====================================================================================================================================

 122229    1945 to  2009      65 years                                                                                    Series  34

 [A] Segment   High   -10   -9   -8   -7   -6   -5   -4   -3   -2   -1   +0   +1   +2   +3   +4   +5   +6   +7   +8   +9  +10
    ---------  ----   ---  ---  ---  ---  ---  ---  ---  ---  ---  ---  ---  ---  ---  ---  ---  ---  ---  ---  ---  ---  ---
    1945 1994   -1   -.06 -.03 -.04  .03  .06 -.11 -.12 -.35 -.05  .56* .43| .18  .01 -.07 -.04  .13 -.07 -.08 -.06 -.08 -.22
    1950 1999   -1    .06 -.02 -.14  .12 -.01 -.04 -.04 -.34 -.02  .41* .41| .03 -.01  .04 -.14  .15 -.09  .03 -.04 -.08 -.21

 [B] Entire series, effect on correlation (  .405) is:
       Lower   1996< -.051   2003< -.050   1992> -.045   1966> -.022   1986> -.015   1976< -.014  Higher   1999  .049   1994  .024
     1945 to 1994 segment:
       Lower   1992> -.078   1966> -.031   1976< -.028   1967< -.027   1986> -.024   1980< -.018  Higher   1994  .039   1968  .029
     1950 to 1999 segment:
       Lower   1996< -.082   1992> -.063   1966> -.021   1976< -.020   1986> -.020   1967< -.020  Higher   1999  .076   1994  .030

====================================================================================================================================

 122149    1946 to  2004      59 years                                                                                    Series  35

 [B] Entire series, effect on correlation (  .457) is:
       Lower   1999> -.062   1961< -.051   1966> -.047   1980< -.014   1996< -.006   2003> -.005  Higher   1979  .067   1988  .018

 [E] Outliers     1   3.0 SD above or -4.5 SD below mean for year
       1979 -5.0 SD
====================================================================================================================================

 112136    1935 to  2009      75 years                                                                                    Series  36

 [A] Segment   High   -10   -9   -8   -7   -6   -5   -4   -3   -2   -1   +0   +1   +2   +3   +4   +5   +6   +7   +8   +9  +10
    ---------  ----   ---  ---  ---  ---  ---  ---  ---  ---  ---  ---  ---  ---  ---  ---  ---  ---  ---  ---  ---  ---  ---
    1935 1984    0      -    -    -    -    -    -  .13  .18 -.04  .26  .28* .06 -.13 -.15 -.42  .00 -.22  .01  .13  .07 -.07
    1940 1989    0      - -.02 -.17  .02  .01  .03  .13  .13 -.05  .17  .27* .08 -.11 -.16 -.43 -.02 -.25  .06  .17  .10  .02

 [B] Entire series, effect on correlation (  .468) is:
       Lower   1954< -.042   1966> -.022   1978< -.020   1967< -.017   1975> -.015   1973> -.012  Higher   1999  .060   1994  .020
     1935 to 1984 segment:
       Lower   1954< -.075   1978< -.033   1967< -.031   1975> -.022   1973> -.017   1938< -.013  Higher   1939  .044   1979  .031
     1940 to 1989 segment:
       Lower   1954< -.073   1978< -.031   1967< -.030   1975> -.023   1973> -.016   1971> -.012  Higher   1979  .028   1988  .027

====================================================================================================================================

 112258    1931 to  2009      79 years                                                                                    Series  37

 [*] Early part of series cannot be checked from 1931 to 1934 -- not matched by another series

 [A] Segment   High   -10   -9   -8   -7   -6   -5   -4   -3   -2   -1   +0   +1   +2   +3   +4   +5   +6   +7   +8   +9  +10
    ---------  ----   ---  ---  ---  ---  ---  ---  ---  ---  ---  ---  ---  ---  ---  ---  ---  ---  ---  ---  ---  ---  ---
    1935 1984    1      -    -    -    -    -    - -.23 -.02 -.02  .05  .16| .22* .16 -.08 -.01 -.16 -.01  .06 -.06 -.05 -.18
    1940 1989   -8      - -.09  .25*-.07  .11  .13 -.16  .03  .00  .08  .14| .19  .17 -.18 -.08 -.23 -.06  .13 -.02  .01 -.21
    1950 1999    0    .02 -.24  .13  .05  .11  .06 -.05 -.03  .00  .18  .19* .12  .07 -.22 -.09 -.02  .00  .13 -.11 -.01 -.29
    1960 2009    0   -.21  .02 -.01  .19  .03  .16  .03 -.23 -.11  .01  .31* .09  .14 -.14 -.12  .12 -.07  .20    -    -    -

 [B] Entire series, effect on correlation (  .311) is:
       Lower   1966> -.120   1954< -.023   1950> -.021   1985< -.019   1984> -.012   1990< -.012  Higher   1999  .036   2009  .020
     1935 to 1984 segment:
       Lower   1966> -.175   1954< -.034   1950> -.029   1936> -.014   1984> -.013   1968< -.009  Higher   1949  .055   1951  .040
     1940 to 1989 segment:
       Lower   1966> -.187   1954< -.033   1950> -.031   1985< -.025   1984> -.014   1965> -.010  Higher   1949  .062   1951  .043
     1950 to 1999 segment:
       Lower   1966> -.172   1954< -.035   1950> -.032   1985< -.029   1996< -.017   1990< -.016  Higher   1999  .083   1988  .034
     1960 to 2009 segment:
       Lower   1966> -.185   1985< -.035   1990< -.021   1996< -.020   1984> -.020   1968< -.012  Higher   1999  .075   2009  .033

 [E] Outliers     1   3.0 SD above or -4.5 SD below mean for year
       1966 +4.5 SD
====================================================================================================================================
PART 7:  DESCRIPTIVE STATISTICS:                                                                   14:38  Fri 15 Jun 2018  Page   6
------------------------------------------------------------------------------------------------------------------------------------

                                                Corr   //-------- Unfiltered --------\\  //---- Filtered -----\\
                           No.    No.    No.    with   Mean   Max     Std   Auto   Mean   Max     Std   Auto  AR
 Seq Series   Interval   Years  Segmt  Flags   Master  msmt   msmt    dev   corr   sens  value    dev   corr  ()
 --- -------- ---------  -----  -----  -----   ------ -----  -----  -----  -----  -----  -----  -----  -----  --
   1 132241   1945 2009     65      3      0    .601   1.46   3.28   .577   .663   .266   2.51   .391  -.029   1
   2 182058   1937 2009     73      4      0    .527   1.67   4.99  1.066   .751   .372   2.52   .384  -.015   1
   3 132236   1939 2009     71      4      0    .447   1.48   2.72   .597   .508   .323   2.36   .370  -.012   1
   4 112170   1950 2009     60      2      1    .368   1.52   4.95   .973   .584   .331   2.63   .492  -.076   1
   5 192213   1948 2009     62      3      0    .427   3.25   7.30  1.665   .800   .210   2.97   .694   .048   4
   6 122187   1950 2009     60      2      2    .300   1.70   2.93   .530   .584   .232   2.39   .407  -.023   1
   7 72458    1946 2009     64      3      0    .486   1.16   3.30   .662   .600   .308   2.58   .430  -.082   1
   8 142521   1953 2009     57      2      0    .729   2.87   6.54  1.345   .659   .263   2.49   .359  -.002   1
   9 112215   1936 2009     74      4      1    .504    .78   2.69   .557   .880   .211   2.55   .440  -.063   1
  10 142484   1938 2009     72      4      0    .585   3.58   6.65  1.480   .552   .315   2.51   .420   .038   1
  11 122180   1940 2009     70      3      0    .633   1.62   7.71  1.206   .558   .337   2.92   .422  -.002   2
  12 102279   1950 2009     60      2      0    .465   1.29   2.61   .552   .829   .217   2.68   .392  -.070   1
  13 122146   1955 2009     55      2      0    .506   2.89   4.42   .734   .534   .202   2.70   .552   .030   1
  14 122131   1969 2009     41      1      0    .434   2.08   5.53  1.144   .514   .335   2.60   .490  -.083   2
  15 122150   1935 2009     75      4      0    .751   1.95   4.41   .853   .587   .296   2.52   .399  -.003   1
  16 122128   1940 2009     70      3      0    .683   1.33   4.28   .875   .758   .329   2.42   .330  -.067   1
  17 122157   1952 2009     58      2      0    .668   3.20   5.61   .913   .293   .301   2.63   .394   .049   1
  18 122165   1940 2009     70      3      0    .423   1.28   6.02  1.103   .656   .325   2.66   .440  -.021   1
  19 122184   1944 2009     66      3      0    .491   1.44   5.12   .893   .877   .199   2.61   .411  -.086   1
  20 122166   1943 2009     67      3      0    .647   1.84   4.14   .764   .639   .231   2.66   .495  -.019   1
  21 122278   1980 2009     30      1      0    .605   3.34   4.44   .616   .227   .182   2.38   .440  -.055   3
  22 122302   1963 2009     47      1      1    .275    .76   5.83   .917   .879   .330   2.64   .547  -.001   1
  23 142046   1936 2009     74      4      3    .449   1.45   5.15   .738   .457   .314   2.83   .479   .071   1
  24 122256A  1947 2016     70      4      0    .332    .61   3.28   .588   .948   .264   2.94   .585   .097   1
  25 162432   1962 2005     44      1      0    .433   2.63   4.69  1.272   .515   .417   2.49   .532   .120   4
  26 112180   1958 2010     53      3      3    .249   1.55   3.93   .664   .756   .223   2.50   .409  -.051   1
  27 132194   1940 2007     68      3      3    .296   1.26   3.85   .822   .807   .293   2.41   .379  -.112   1
  28 122164   1937 2003     67      4      0    .461   1.30   4.77  1.105   .861   .280   2.92   .645  -.031   1
  29 122275A  1951 2012     62      3      3    .313   1.08   4.77  1.010   .890   .282   2.46   .404   .050   1
  30 122275   1954 2009     56      2      1    .302   1.09   4.12   .908   .886   .242   2.71   .507  -.092   2
  31 112145   1945 2005     61      3      0    .420   1.67   4.68  1.161   .892   .257   2.62   .424   .058   1
  32 102273   1946 2006     61      3      3    .354   1.66   3.76   .729   .508   .317   2.76   .455  -.025   1
  33 132233   1938 2009     72      4      2    .377   1.80   5.87   .997   .628   .251   3.13   .577   .070   1
  34 122229   1945 2009     65      3      2    .405   1.10   4.05   .933   .905   .215   2.66   .445  -.111   1
  35 122149   1946 2004     59      3      0    .457    .91   3.35   .743   .763   .378   2.57   .382   .087   1
  36 112136   1935 2009     75      4      2    .468   1.27   3.38   .605   .805   .238   2.68   .496   .031   1
  37 112258   1931 2009     79      4      4    .311    .87   2.68   .547   .857   .235   2.71   .469  -.091   2
 --- -------- ---------  -----  -----  -----   ------ -----  -----  -----  -----  -----  -----  -----  -----  --
 Total or mean:           2333    107     31    .467   1.65   7.71   .883   .697   .279   3.13   .455  -.013

                                              - = [  COFECHA PIST COF  ] = -
