[]  Dendrochronology Program Library                                        Run QURU   Program COF  14:11  Tue 19 Jun 2018  Page   1
[]
[]  P R O G R A M      C O F E C H A                                                                          Version 6.06P    30487
------------------------------------------------------------------------------------------------------------------------------------

 QUALITY CONTROL AND DATING CHECK OF TREE-RING MEASUREMENTS

 File of DATED series:   quru_drop.rwl

 CONTENTS:

    Part 1:  Title page, options selected, summary, absent rings by series
    Part 2:  Histogram of time spans
    Part 3:  Master series with sample depth and absent rings by year
    Part 4:  Bar plot of Master Dating Series
    Part 5:  Correlation by segment of each series with Master
    Part 6:  Potential problems: low correlation, divergent year-to-year changes, absent rings, outliers
    Part 7:  Descriptive statistics

 RUN CONTROL OPTIONS SELECTED                             VALUE

         1  Cubic smoothing spline 50% wavelength cutoff for filtering
                                                            32 years
         2  Segments examined are                           50 years lagged successively by  10 years
         3  Autoregressive model applied                     A  Residuals are used in master dating series and testing
         4  Series transformed to logarithms                 Y  Each series log-transformed for master dating series and testing
         5  CORRELATION is Pearson (parametric, quantitative)
            Critical correlation, 99% confidence level   .3281
         6  Master dating series saved                       N
         7  Ring measurements listed                         N
         8  Parts printed                              1234567 
         9  Absent rings are omitted from master series and segment correlations  (Y)

 Time span of Master dating series is  1877 to  2017   141 years
 Continuous time span is               1877 to  2017   141 years
 Portion with two or more series is    1885 to  2017   133 years


                                        ****************************************
                                        *C* Number of dated series        72 *C*
                                        *O* Master series 1877 2017  141 yrs *O*
                                        *F* Total rings in all series   5852 *F*
                                        *E* Total dated rings checked   5844 *E*
                                        *C* Series intercorrelation     .475 *C*
                                        *H* Average mean sensitivity    .193 *H*
                                        *A* Segments, possible problems   64 *A*
                                        *** Mean length of series       81.3 ***
                                        ****************************************

 ABSENT RINGS listed by SERIES:            (See Master Dating Series for absent rings listed by year)

               No ring measurements of zero value
PART 2:  TIME PLOT OF TREE-RING SERIES:                                                            14:11  Tue 19 Jun 2018  Page   2
------------------------------------------------------------------------------------------------------------------------------------
 1050 1100 1150 1200 1250 1300 1350 1400 1450 1500 1550 1600 1650 1700 1750 1800 1850 1900 1950 2000 2050 Ident   Seq Time-span  Yrs
   :    :    :    :    :    :    :    :    :    :    :    :    :    :    :    :    :    :    :    :    : -------- --- ---- ---- ----
   .    .    .    .    .    .    .    .    .    .    .    .    .    .    .    .    .    .  <======>    . 50274      1 1930 2009   80
   .    .    .    .    .    .    .    .    .    .    .    .    .    .    .    .    .    .    <====>    . 150890     2 1953 2009   57
   .    .    .    .    .    .    .    .    .    .    .    .    .    .    .    .    .    .    . <==>    . 110727     3 1975 2009   35
   .    .    .    .    .    .    .    .    .    .    .    .    .    .    .    .    .    <=========>    . 80233      4 1904 2009  106
   .    .    .    .    .    .    .    .    .    .    .    .    .    .    .    .    .    .   <=====>    . 100771     5 1946 2009   64
   .    .    .    .    .    .    .    .    .    .    .    .    .    .    .    .    .    .  <======>    . 151021     6 1933 2009   77
   .    .    .    .    .    .    .    .    .    .    .    .    .    .    .    .    .    .   <=====>    . 110811     7 1943 2009   67
   .    .    .    .    .    .    .    .    .    .    .    .    .    .    .    .    .    .   <=====>    . 101136     8 1943 2009   67
   .    .    .    .    .    .    .    .    .    .    .    .    .    .    .    .    .    . <=======>    . 121305     9 1922 2009   88
   .    .    .    .    .    .    .    .    .    .    .    .    .    .    .    .    .   <==========>    . 60353     10 1894 2009  116
   .    .    .    .    .    .    .    .    .    .    .    .    .    .    .    .    .    .  <======>    . 60116     11 1935 2009   75
   .    .    .    .    .    .    .    .    .    .    .    .    .    .    .    .    .    .<========>    . 80235     12 1917 2009   93
   .    .    .    .    .    .    .    .    .    .    .    .    .    .    .    .    .    .  <======>    . 100540    13 1931 2009   79
   .    .    .    .    .    .    .    .    .    .    .    .    .    .    .    .    .    . <========>   . 60143     14 1926 2010   85
   .    .    .    .    .    .    .    .    .    .    .    .    .    .    .    .    .    .   <=====>    . 121310    15 1941 2009   69
   .    .    .    .    .    .    .    .    .    .    .    .    .    .    .    .    .    .  <======>    . 60345     16 1934 2009   76
   .    .    .    .    .    .    .    .    .    .    .    .    .    .    .    .    .    .  <======>    . 90529     17 1930 2009   80
   .    .    .    .    .    .    .    .    .    .    .    .    .    .    .    .    .    .    <====>    . 100552    18 1953 2006   54
   .    .    .    .    .    .    .    .    .    .    .    .    .    .    .    .    .    .    .<===>    . 110331    19 1960 2009   50
   .    .    .    .    .    .    .    .    .    .    .    .    .    .    .    .    .    .  <======>    . 121186    20 1932 2009   78
   .    .    .    .    .    .    .    .    .    .    .    .    .    .    .    .    .  <===========>    . 70126     21 1886 2009  124
   .    .    .    .    .    .    .    .    .    .    .    .    .    .    .    .    .    .  <======>    . 131087    22 1930 2009   80
   .    .    .    .    .    .    .    .    .    .    .    .    .    .    .    .    .    <=========>    . 70096     23 1903 2009  107
   .    .    .    .    .    .    .    .    .    .    .    .    .    .    .    .    .    .<========>    . 80316     24 1917 2009   93
   .    .    .    .    .    .    .    .    .    .    .    .    .    .    .    .    .    <=========>    . 80491     25 1904 2009  106
   .    .    .    .    .    .    .    .    .    .    .    .    .    .    .    .    .   <==========>    . 80330     26 1895 2009  115
   .    .    .    .    .    .    .    .    .    .    .    .    .    .    .    .    . <============>    . 70502     27 1877 2009  133
   .    .    .    .    .    .    .    .    .    .    .    .    .    .    .    .    .    .  <======>    . 70407     28 1933 2009   77
   .    .    .    .    .    .    .    .    .    .    .    .    .    .    .    .    .  <===========>    . 70421     29 1885 2009  125
   .    .    .    .    .    .    .    .    .    .    .    .    .    .    .    .    .    .   <=====>    . 182060    30 1942 2009   68
   .    .    .    .    .    .    .    .    .    .    .    .    .    .    .    .    .    . <=======>    . 60550A    31 1926 2009   84
   .    .    .    .    .    .    .    .    .    .    .    .    .    .    .    .    .    .   <=====>    . 121329    32 1940 2009   70
   .    .    .    .    .    .    .    .    .    .    .    .    .    .    .    .    .    .    .<===>    . 161524    33 1964 2009   46
   .    .    .    .    .    .    .    .    .    .    .    .    .    .    .    .    .    .<========>    . 180952    34 1917 2009   93
   .    .    .    .    .    .    .    .    .    .    .    .    .    .    .    .    .    .<========>    . 161576    35 1914 2009   96
   .    .    .    .    .    .    .    .    .    .    .    .    .    .    .    .    .    .  <======>    . 32516     36 1936 2009   74
   .    .    .    .    .    .    .    .    .    .    .    .    .    .    .    .    .    .   <=====>    . 172202    37 1942 2009   68
   .    .    .    .    .    .    .    .    .    .    .    .    .    .    .    .    .    . <========>   . 92250A    38 1925 2010   86
   .    .    .    .    .    .    .    .    .    .    .    .    .    .    .    .    .    .   <=====>    . 50046     39 1944 2009   66
   .    .    .    .    .    .    .    .    .    .    .    .    .    .    .    .    .    .<========>    . 202496    40 1913 2009   97
   .    .    .    .    .    .    .    .    .    .    .    .    .    .    .    .    .    <=========>    . 122060    41 1902 2009  108
   .    .    .    .    .    .    .    .    .    .    .    .    .    .    .    .    .    . <=======>    . 111314    42 1927 2009   83
   .    .    .    .    .    .    .    .    .    .    .    .    .    .    .    .    .    .    .<===>    . 82138     43 1960 2009   50
   .    .    .    .    .    .    .    .    .    .    .    .    .    .    .    .    .    .<========>    . 62281     44 1917 2009   93
   .    .    .    .    .    .    .    .    .    .    .    .    .    .    .    .    .    .    .<===>    . 62019     45 1963 2009   47
   .    .    .    .    .    .    .    .    .    .    .    .    .    .    .    .    .    . <=======>    . 72396     46 1925 2009   85
   .    .    .    .    .    .    .    .    .    .    .    .    .    .    .    .    .    . <=======>    . 40649     47 1922 2009   88
   .    .    .    .    .    .    .    .    .    .    .    .    .    .    .    .    .    . <=======>    . 42092     48 1920 2009   90
   .    .    .    .    .    .    .    .    .    .    .    .    .    .    .    .    .    . <=======>    . 60522     49 1922 2009   88
   .    .    .    .    .    .    .    .    .    .    .    .    .    .    .    .    .    . <=======>    . 111252    50 1929 2009   81
   :    :    :    :    :    :    :    :    :    :    :    :    :    :    :    :    :    :    :    :    :
 1050 1100 1150 1200 1250 1300 1350 1400 1450 1500 1550 1600 1650 1700 1750 1800 1850 1900 1950 2000 2050
PART 2:  TIME PLOT OF TREE-RING SERIES:                                                            14:11  Tue 19 Jun 2018  Page   3
------------------------------------------------------------------------------------------------------------------------------------
 1050 1100 1150 1200 1250 1300 1350 1400 1450 1500 1550 1600 1650 1700 1750 1800 1850 1900 1950 2000 2050 Ident   Seq Time-span  Yrs
   :    :    :    :    :    :    :    :    :    :    :    :    :    :    :    :    :    :    :    :    : -------- --- ---- ---- ----
   .    .    .    .    .    .    .    .    .    .    .    .    .    .    .    .    .    .   <=====>    . 72140     51 1942 2009   68
   .    .    .    .    .    .    .    .    .    .    .    .    .    .    .    .    .    . <=======>    . 50499     52 1922 2009   88
   .    .    .    .    .    .    .    .    .    .    .    .    .    .    .    .    .    .  <======>    . 82115     53 1934 2009   76
   .    .    .    .    .    .    .    .    .    .    .    .    .    .    .    .    .    .    .<===>    . 50506     54 1969 2008   40
   .    .    .    .    .    .    .    .    .    .    .    .    .    .    .    .    .    . <=======>    . 10636     55 1920 2009   90
   .    .    .    .    .    .    .    .    .    .    .    .    .    .    .    .    .    . <=======>    . 22336     56 1923 2009   87
   .    .    .    .    .    .    .    .    .    .    .    .    .    .    .    .    .    .    .<===>    . 12460     57 1965 2009   45
   .    .    .    .    .    .    .    .    .    .    .    .    .    .    .    .    .    . <=======>    . 62372     58 1926 2009   84
   .    .    .    .    .    .    .    .    .    .    .    .    .    .    .    .    .    .<========>    . 121026    59 1910 2009  100
   .    .    .    .    .    .    .    .    .    .    .    .    .    .    .    .    .    .  <=======>   . 30343A    60 1934 2015   82
   .    .    .    .    .    .    .    .    .    .    .    .    .    .    .    .    .    .   <======>   . 120911A   61 1944 2016   73
   .    .    .    .    .    .    .    .    .    .    .    .    .    .    .    .    .    . <========>   . 121310A   62 1928 2015   88
   .    .    .    .    .    .    .    .    .    .    .    .    .    .    .    .    .    . <========>   . 190907A   63 1927 2015   89
   .    .    .    .    .    .    .    .    .    .    .    .    .    .    .    .    .    .   <======>   . 40617A    64 1942 2016   75
   .    .    .    .    .    .    .    .    .    .    .    .    .    .    .    .    .    .  <=======>   . 52343A    65 1935 2017   83
   .    .    .    .    .    .    .    .    .    .    .    .    .    .    .    .    .    . <========>   . 82228A    66 1927 2016   90
   .    .    .    .    .    .    .    .    .    .    .    .    .    .    .    .    .    .    .<====>   . 142490A   67 1961 2017   57
   .    .    .    .    .    .    .    .    .    .    .    .    .    .    .    .    .    .   <======>   . 192112A   68 1942 2016   75
   .    .    .    .    .    .    .    .    .    .    .    .    .    .    .    .    .    .   <======>   . 202248A   69 1942 2017   76
   .    .    .    .    .    .    .    .    .    .    .    .    .    .    .    .    .    .  <======>    . 112082    70 1939 2009   71
   .    .    .    .    .    .    .    .    .    .    .    .    .    .    .    .    .    .   <=====>    . 52287     71 1943 2009   67
   .    .    .    .    .    .    .    .    .    .    .    .    .    .    .    .    .  <============>   . 121434    72 1886 2016  131
   :    :    :    :    :    :    :    :    :    :    :    :    :    :    :    :    :    :    :    :    :
 1050 1100 1150 1200 1250 1300 1350 1400 1450 1500 1550 1600 1650 1700 1750 1800 1850 1900 1950 2000 2050
PART 3:  Master Dating Series:                                                                     14:11  Tue 19 Jun 2018  Page   4
------------------------------------------------------------------------------------------------------------------------------------
  Year  Value  No Ab    Year  Value  No Ab    Year  Value  No Ab    Year  Value  No Ab    Year  Value  No Ab    Year  Value  No Ab
  ------------------    ------------------    ------------------    ------------------    ------------------    ------------------
                        1900  1.454   6       1950  -.198  62       2000 -1.255  72
                        1901   .899   6       1951   .046  62       2001  1.015  72
                        1902   .919   7       1952  -.858  62       2002   .367  72
                        1903  -.163   8       1953 -1.539  64       2003   .756  72
                        1904  1.294  10       1954  -.857  64       2004   .325  72
                        1905   .615  10       1955  -.238  64       2005   .097  72
                        1906  -.147  10       1956  1.065  64       2006  -.401  72
                        1907  -.957  10       1957   .907  64       2007  -.143  71
                        1908 -1.430  10       1958  2.200  64       2008   .041  71
                        1909 -1.634  10       1959   .106  64       2009  1.079  70

                        1910 -1.211  11       1960   .828  66       2010   .812  13
                        1911 -1.945  11       1961   .554  67       2011  1.015  11
                        1912  -.425  11       1962  -.019  67       2012   .483  11
                        1913 -1.371  12       1963  -.278  68       2013   .022  11
                        1914  -.994  13       1964  -.205  69       2014  -.096  11
                        1915   .641  13       1965  -.402  70       2015  -.956  11
                        1916   .860  13       1966 -1.669  70       2016  -.962   8
                        1917   .494  17       1967  -.239  70       2017 -4.312   3
                        1918  -.452  17       1968  1.254  70
                        1919  -.085  17       1969   .884  71

                        1920   .558  19       1970  1.035  71
                        1921   .633  19       1971  -.395  71
                        1922   .112  23       1972  -.822  71
                        1923 -1.096  24       1973  -.748  71
                        1924   .194  24       1974  -.720  71
                        1925  -.800  26       1975   .447  72
                        1926  -.285  29       1976   .798  72
  1877  2.834   1       1927   .199  32       1977 -1.628  72
  1878   .555   1       1928  1.107  33       1978  1.037  72
  1879  -.856   1       1929   .922  34       1979  -.116  72

  1880  -.964   1       1930  -.492  37       1980 -1.235  72
  1881   .089   1       1931  -.237  38       1981  -.770  72
  1882   .791   1       1932 -1.231  39       1982  -.397  72
  1883  2.105   1       1933  -.203  41       1983  -.011  72
  1884  1.411   1       1934  -.439  44       1984   .421  72
  1885 -1.497   2       1935   .372  46       1985   .106  72
  1886  2.603   4       1936   .612  47       1986  1.174  72
  1887   .445   4       1937   .938  47       1987   .549  72
  1888  -.977   4       1938  1.401  47       1988  -.158  72
  1889 -1.083   4       1939  -.057  48       1989  -.349  72

  1890  -.592   4       1940   .303  49       1990   .736  72
  1891   .546   4       1941   .344  50       1991 -1.621  72
  1892  1.341   4       1942  -.002  56       1992   .474  72
  1893   .134   4       1943  -.539  59       1993   .789  72
  1894   .523   5       1944  -.568  61       1994  1.385  72
  1895  1.577   6       1945   .397  61       1995   .683  72
  1896   .777   6       1946  -.600  62       1996  -.320  72
  1897   .313   6       1947  -.969  62       1997 -2.660  72
  1898  -.359   6       1948  -.665  62       1998  -.507  72
  1899  -.602   6       1949  -.569  62       1999 -1.223  72
------------------------------------------------------------------------------------------------------------------------------------
PART 4:  Master Bar Plot:                                                                          14:11  Tue 19 Jun 2018  Page   5
------------------------------------------------------------------------------------------------------------------------------------
   Year Rel value  Year Rel value  Year Rel value  Year Rel value  Year Rel value  Year Rel value  Year Rel value  Year Rel value
                   1900----------F 1950----a       2000-e
                   1901--------D   1951-----@      2001---------D
                   1902---------D  1952-c          2002------A
                   1903----a       1953f           2003--------C
                   1904----------E 1954-c          2004------A
                   1905-------B    1955----a       2005-----@
                   1906----a       1956---------D  2006---b
                   1907-d          1957---------D  2007----a
                   1908f           1958----------I 2008-----@
                   1909g           1959-----@      2009---------D
                   1910-e          1960--------C   2010--------C
                   1911h           1961-------B    2011---------D
                   1912---b        1962-----@      2012-------B
                   1913e           1963----a       2013-----@
                   1914-d          1964----a       2014-----@
                   1915-------C    1965---b        2015-d
                   1916--------C   1966g           2016-d
                   1917-------B    1967----a       2017q
                   1918---b        1968----------E
                   1919-----@      1969--------D
                   1920-------B    1970---------D
                   1921-------C    1971---b
                   1922-----@      1972--c
                   1923-d          1973--c
                   1924------A     1974--c
                   1925--c         1975-------B
                   1926----a       1976--------C
   1877----------K 1927------A     1977g
   1878-------B    1928---------D  1978---------D
   1879-c          1929---------D  1979----@
   1880-d          1930---b        1980-e
   1881-----@      1931----a       1981--c
   1882--------C   1932-e          1982---b
   1883----------H 1933----a       1983-----@
   1884----------F 1934---b        1984------B
   1885f           1935------A     1985-----@
   1886----------J 1936-------B    1986---------E
   1887-------B    1937---------D  1987-------B
   1888-d          1938----------F 1988----a
   1889-d          1939-----@      1989---a
   1890--b         1940------A     1990--------C
   1891-------B    1941------A     1991f
   1892----------E 1942-----@      1992-------B
   1893-----A      1943---b        1993--------C
   1894-------B    1944--b         1994----------F
   1895----------F 1945------B     1995--------C
   1896--------C   1946--b         1996---a
   1897------A     1947-d          1997k
   1898---a        1948--c         1998---b
   1899--b         1949--b         1999-e
PART 5:  CORRELATION OF SERIES BY SEGMENTS:                                                        14:11  Tue 19 Jun 2018  Page   5
------------------------------------------------------------------------------------------------------------------------------------
 Correlations of  50-year dated segments, lagged  10 years
 Flags:  A = correlation under   .3281 but highest as dated;  B = correlation higher at other than dated position

 Seq Series  Time_span   1880 1890 1900 1910 1920 1930 1940 1950 1960 1970
                         1929 1939 1949 1959 1969 1979 1989 1999 2009 2019
 --- -------- ---------  ---- ---- ---- ---- ---- ---- ---- ---- ---- ---- ---- ---- ---- ---- ---- ---- ---- ---- ---- ----
   1 50274    1930 2009                            .39  .62  .72  .77
   2 150890   1953 2009                                      .67  .70
   3 110727   1975 2009                                                .30A
   4 80233    1904 2009             .54  .58  .56  .52  .35  .37  .29B
   5 100771   1946 2009                                 .68  .66  .57
   6 151021   1933 2009                            .71  .69  .79  .78
   7 110811   1943 2009                                 .65  .69  .70
   8 101136   1943 2009                                 .34  .37  .44
   9 121305   1922 2009                       .45  .56  .59  .71  .69
  10 60353    1894 2009        .08B .14B .20A .20B .22A .40  .46  .38
  11 60116    1935 2009                            .55  .63  .68  .60
  12 80235    1917 2009                  .50  .54  .50  .37B .43  .45
  13 100540   1931 2009                            .28A .21B .35B .38
  14 60143    1926 2010                       .36  .36  .39  .53  .42  .44
  15 121310   1941 2009                                 .35  .31A .22B
  16 60345    1934 2009                            .38  .33B .34  .27A
  17 90529    1930 2009                            .28A .48  .51  .50
  18 100552   1953 2006                                      .44  .45
  19 110331   1960 2009                                           .34
  20 121186   1932 2009                            .30A .28B .42  .32A
  21 70126    1886 2009   .67  .60  .60  .62  .61  .51  .46  .64  .61
  22 131087   1930 2009                            .39  .44  .58  .55
  23 70096    1903 2009             .51  .58  .65  .69  .59  .62  .60
  24 80316    1917 2009                  .52  .55  .46  .33  .31A .32A
  25 80491    1904 2009             .41  .48  .42B .32B .44  .55  .51
  26 80330    1895 2009        .26A .33  .38  .49  .62  .63  .71  .66
  27 70502    1877 2009   .36  .41  .45  .55  .63  .51  .49  .58  .52
  28 70407    1933 2009                            .63  .67  .75  .68
  29 70421    1885 2009   .40  .37  .35  .47  .53  .66  .70  .80  .73
  30 182060   1942 2009                                 .34  .32A .21B
  31 60550A   1926 2009                       .55  .61  .71  .73  .51
  32 121329   1940 2009                                 .67  .66  .63
  33 161524   1964 2009                                           .59
  34 180952   1917 2009                  .35  .40  .26B .23B .39  .36
  35 161576   1914 2009                  .37  .50  .66  .72  .65  .65
  36 32516    1936 2009                            .28A .21A .29A .29A
  37 172202   1942 2009                                 .34  .41  .33B
  38 92250A   1925 2010                       .24A .31A .44  .42  .36  .35
  39 50046    1944 2009                                 .44  .45  .39
  40 202496   1913 2009                  .30A .26A .39  .35  .41  .40
  41 122060   1902 2009             .35  .37  .49  .39  .54  .69  .67
  42 111314   1927 2009                       .31A .31A .37  .54  .49
  43 82138    1960 2009                                           .64
  44 62281    1917 2009                  .33A .36  .60  .55  .62  .53
  45 62019    1963 2009                                           .75
  46 72396    1925 2009                       .59  .64  .56  .68  .62
  47 40649    1922 2009                       .47  .53  .61  .57  .51
  48 42092    1920 2009                       .35  .69  .67  .77  .72
  49 60522    1922 2009                       .47  .52  .43  .52  .47
  50 111252   1929 2009                       .54  .54  .44  .52  .41
  51 72140    1942 2009                                 .63  .67  .64
  52 50499    1922 2009                       .41  .55  .52  .63  .67
  53 82115    1934 2009                            .29A .23B .27B .20B
  54 50506    1969 2008                                           .41
  55 10636    1920 2009                       .24B .28B .35  .49  .54
  56 22336    1923 2009                       .54  .53  .62  .65  .63
  57 12460    1965 2009                                           .58
  58 62372    1926 2009                       .71  .68  .71  .80  .73
  59 121026   1910 2009                  .31B .48  .59  .67  .76  .72
  60 30343A   1934 2015                            .56  .56  .70  .71  .70
  61 120911A  1944 2016                                 .30A .44  .40  .38
  62 121310A  1928 2015                       .64  .63  .52  .60  .46  .47
  63 190907A  1927 2015                       .33A .39  .42  .51  .59  .65
  64 40617A   1942 2016                                 .47  .66  .67  .60
  65 52343A   1935 2017                            .50  .51  .52  .45  .41
  66 82228A   1927 2016                       .40B .37B .32B .53  .57  .59
  67 142490A  1961 2017                                           .32B .49
  68 192112A  1942 2016                                 .24A .36  .38  .42
  69 202248A  1942 2017                                 .34  .29A .37  .52
  70 112082   1939 2009                            .33A .34  .43  .36
  71 52287    1943 2009                                 .46  .52  .56
  72 121434   1886 2016   .36  .28B .32A .33A .25B .34B .28B .34B .28B .35
 Av segment correlation   .45  .33  .40  .43  .46  .47  .47  .54  .51  .48
PART 6:  POTENTIAL PROBLEMS:                                                                       14:11  Tue 19 Jun 2018  Page   6
------------------------------------------------------------------------------------------------------------------------------------

 For each series with potential problems the following diagnostics may appear:

 [A] Correlations with master dating series of flagged  50-year segments of series filtered with  32-year spline,
     at every point from ten years earlier (-10) to ten years later (+10) than dated

 [B] Effect of those data values which most lower or raise correlation with master series
     Symbol following year indicates value in series is greater (>) or lesser (<) than master series value

 [C] Year-to-year changes very different from the mean change in other series

 [D] Absent rings (zero values)

 [E] Values which are statistical outliers from mean for the year
====================================================================================================================================

 50274     1930 to  2009      80 years                                                                                    Series   1

 [B] Entire series, effect on correlation (  .529) is:
       Lower   1933< -.069   1930> -.023   1959> -.021   1935< -.018   1932> -.018   2000> -.017  Higher   1980  .028   1997  .027

====================================================================================================================================

 150890    1953 to  2009      57 years                                                                                    Series   2

 [B] Entire series, effect on correlation (  .669) is:
       Lower   1977> -.076   1954< -.020   2002< -.018   1979> -.014   1958< -.014   1991> -.007  Higher   1997  .054   1980  .023

====================================================================================================================================

 110727    1975 to  2009      35 years                                                                                    Series   3

 [A] Segment   High   -10   -9   -8   -7   -6   -5   -4   -3   -2   -1   +0   +1   +2   +3   +4   +5   +6   +7   +8   +9  +10
    ---------  ----   ---  ---  ---  ---  ---  ---  ---  ---  ---  ---  ---  ---  ---  ---  ---  ---  ---  ---  ---  ---  ---
    1975 2009    0    .06  .00  .07 -.11  .03 -.26  .19 -.16  .22  .21  .30* .06 -.04 -.09 -.03 -.33  .05  .01  .07    -    -

 [B] Entire series, effect on correlation (  .297) is:
       Lower   1981< -.092   1991> -.036   1977> -.034   1993< -.015   1998< -.012   1982> -.011  Higher   1997  .078   1986  .030
     1975 to 2009 segment:
       Lower   1981< -.092   1991> -.036   1977> -.034   1993< -.015   1998< -.012   1982> -.011  Higher   1997  .078   1986  .030

====================================================================================================================================

 80233     1904 to  2009     106 years                                                                                    Series   4

 [A] Segment   High   -10   -9   -8   -7   -6   -5   -4   -3   -2   -1   +0   +1   +2   +3   +4   +5   +6   +7   +8   +9  +10
    ---------  ----   ---  ---  ---  ---  ---  ---  ---  ---  ---  ---  ---  ---  ---  ---  ---  ---  ---  ---  ---  ---  ---
    1960 2009   -9   -.02  .44* .00  .00  .09 -.10 -.15 -.17 -.02  .00  .29|-.15  .08  .11 -.33 -.11  .26 -.04 -.02    -    -

 [B] Entire series, effect on correlation (  .422) is:
       Lower   2006< -.035   1994< -.033   1980> -.026   1986< -.019   1991> -.017   1945< -.016  Higher   1997  .044   1978  .017
     1960 to 2009 segment:
       Lower   1994< -.054   1980> -.043   2006< -.042   1986< -.030   1991> -.022   1999> -.019  Higher   1997  .106   1978  .038

====================================================================================================================================

 100771    1946 to  2009      64 years                                                                                    Series   5

 [B] Entire series, effect on correlation (  .588) is:
       Lower   1997> -.031   1980> -.026   2008< -.019   1946< -.014   1996> -.013   1992< -.013  Higher   1977  .036   1991  .034

====================================================================================================================================

 151021    1933 to  2009      77 years                                                                                    Series   6

 [B] Entire series, effect on correlation (  .759) is:
       Lower   1966> -.012   1959> -.011   1980> -.010   1971< -.009   2008< -.007   1988> -.007  Higher   1991  .030   1977  .026

====================================================================================================================================

 110811    1943 to  2009      67 years                                                                                    Series   7

 [B] Entire series, effect on correlation (  .631) is:
       Lower   1952> -.016   1987< -.016   1953> -.015   1947> -.015   1996> -.012   2005< -.012  Higher   1991  .035   1977  .025

====================================================================================================================================

 101136    1943 to  2009      67 years                                                                                    Series   8

 [B] Entire series, effect on correlation (  .380) is:
       Lower   1955< -.026   1966> -.025   1980> -.022   1972> -.019   1976< -.018   1961< -.018  Higher   1977  .067   1991  .054

====================================================================================================================================

 121305    1922 to  2009      88 years                                                                                    Series   9

 [B] Entire series, effect on correlation (  .602) is:
       Lower   1991> -.028   1950< -.024   1922> -.022   1947> -.018   2004< -.014   1946> -.009  Higher   1997  .076   1980  .023

====================================================================================================================================

 60353     1894 to  2009     116 years                                                                                    Series  10

 [A] Segment   High   -10   -9   -8   -7   -6   -5   -4   -3   -2   -1   +0   +1   +2   +3   +4   +5   +6   +7   +8   +9  +10
    ---------  ----   ---  ---  ---  ---  ---  ---  ---  ---  ---  ---  ---  ---  ---  ---  ---  ---  ---  ---  ---  ---  ---
    1894 1943   -9   -.28  .18*-.05  .07 -.09  .04 -.02 -.01 -.08 -.15  .08| .17  .05  .05 -.11  .11 -.24  .04 -.02 -.02 -.01
    1900 1949    8   -.11  .03 -.06  .01 -.11  .05 -.07 -.13 -.05 -.11  .14| .08 -.01  .01 -.01 -.01 -.31  .04  .17* .04  .06
    1910 1959    0   -.18  .02 -.04  .08 -.11  .02 -.14 -.14  .00 -.06  .20*-.04 -.09 -.09  .02 -.01 -.22  .09  .17  .04  .11
    1920 1969    8   -.15  .06  .00  .14 -.02  .08 -.09 -.15 -.01 -.07  .20|-.05 -.12 -.15 -.01 -.02 -.14  .16  .20* .03  .12
    1930 1979    0   -.15  .05 -.03  .18  .02  .08 -.16 -.12 -.01 -.09  .22*-.15 -.15 -.12 -.02 -.02 -.09  .05  .22 -.03  .08

 [B] Entire series, effect on correlation (  .203) is:
       Lower   1896< -.029   1939< -.026   1899> -.024   1997> -.019   1900< -.012   1943> -.009  Higher   1958  .027   1980  .018
     1894 to 1943 segment:
       Lower   1896< -.047   1899> -.046   1943> -.018   1900< -.016   1898> -.014   1930> -.013  Higher   1939  .042   1895  .036
     1900 to 1949 segment:
       Lower   1900< -.023   1943> -.020   1930> -.015   1931< -.014   1932> -.014   1939< -.013  Higher   1911  .026   1916  .017
     1910 to 1959 segment:
       Lower   1939< -.039   1943> -.020   1952> -.016   1930> -.015   1931< -.015   1932> -.015  Higher   1958  .062   1911  .022
     1920 to 1969 segment:
       Lower   1943> -.025   1952> -.020   1932> -.019   1930> -.019   1939< -.017   1931< -.011  Higher   1958  .067   1966  .020
     1930 to 1979 segment:
       Lower   1939< -.050   1943> -.019   1952> -.015   1931< -.015   1930> -.014   1938< -.013  Higher   1958  .055   1966  .021

 [C] Year-to-year changes diverging by over 4.0 std deviations:
       1939 1940   6.0 SD

 [E] Outliers     2   3.0 SD above or -4.5 SD below mean for year
       1899 +3.2 SD;    1939 -8.6 SD
====================================================================================================================================

 60116     1935 to  2009      75 years                                                                                    Series  11

 [B] Entire series, effect on correlation (  .553) is:
       Lower   2002< -.038   1936< -.023   1999> -.020   2007< -.019   1972> -.016   1959> -.009  Higher   1977  .057   1991  .025

====================================================================================================================================

 80235     1917 to  2009      93 years                                                                                    Series  12

 [A] Segment   High   -10   -9   -8   -7   -6   -5   -4   -3   -2   -1   +0   +1   +2   +3   +4   +5   +6   +7   +8   +9  +10
    ---------  ----   ---  ---  ---  ---  ---  ---  ---  ---  ---  ---  ---  ---  ---  ---  ---  ---  ---  ---  ---  ---  ---
    1940 1989   -5   -.15 -.10  .17 -.23 -.06  .42*-.13  .09  .28  .04  .37|-.12 -.02 -.05 -.32 -.22  .20 -.03  .07  .22 -.10

 [B] Entire series, effect on correlation (  .448) is:
       Lower   1982< -.040   1980> -.037   1959> -.019   1996> -.019   1993< -.016   1975< -.014  Higher   1997  .049   1923  .018
     1940 to 1989 segment:
       Lower   1980> -.078   1982< -.071   1959> -.041   1975< -.025   1977> -.014   1943> -.009  Higher   1986  .030   1958  .030

====================================================================================================================================

 100540    1931 to  2009      79 years                                                                                    Series  13

 [A] Segment   High   -10   -9   -8   -7   -6   -5   -4   -3   -2   -1   +0   +1   +2   +3   +4   +5   +6   +7   +8   +9  +10
    ---------  ----   ---  ---  ---  ---  ---  ---  ---  ---  ---  ---  ---  ---  ---  ---  ---  ---  ---  ---  ---  ---  ---
    1931 1980    0    .07  .02 -.11  .21 -.09 -.20 -.21 -.33  .11 -.33  .28*-.10 -.04  .02 -.17 -.14 -.02  .07  .04 -.01  .19
    1940 1989    9    .12 -.08  .18  .04 -.21  .04 -.34 -.20  .10 -.22  .21|-.01 -.11  .16 -.25 -.24  .05  .08  .06  .30*-.03
    1950 1999   -8    .03 -.14  .35*-.11 -.10 -.07 -.27 -.21  .25 -.11  .35|-.03 -.16  .08 -.29 -.18  .04  .09  .05  .25 -.18

 [B] Entire series, effect on correlation (  .365) is:
       Lower   1982< -.033   1980> -.028   1977> -.020   1960< -.020   1947> -.019   1937< -.016  Higher   1997  .029   1932  .026
     1931 to 1980 segment:
       Lower   1980> -.044   1960< -.036   1947> -.032   1937< -.029   1977> -.027   1952> -.020  Higher   1932  .058   1968  .032
     1940 to 1989 segment:
       Lower   1980> -.042   1982< -.037   1960< -.032   1947> -.029   1977> -.026   1952> -.019  Higher   1968  .033   1986  .029
     1950 to 1999 segment:
       Lower   1982< -.051   1980> -.036   1977> -.026   1960< -.026   1991> -.018   1952> -.016  Higher   1997  .041   1999  .029

 [E] Outliers     1   3.0 SD above or -4.5 SD below mean for year
       1948 +3.2 SD
====================================================================================================================================

 60143     1926 to  2010      85 years                                                                                    Series  14

 [B] Entire series, effect on correlation (  .423) is:
       Lower   2000< -.046   1937< -.030   1997> -.021   1946> -.012   2006> -.010   1966> -.009  Higher   1991  .033   1956  .016

 [C] Year-to-year changes diverging by over 4.0 std deviations:
       1999 2000  -4.1 SD

 [E] Outliers     1   3.0 SD above or -4.5 SD below mean for year
       2000 -6.6 SD
====================================================================================================================================

 121310    1941 to  2009      69 years                                                                                    Series  15

 [A] Segment   High   -10   -9   -8   -7   -6   -5   -4   -3   -2   -1   +0   +1   +2   +3   +4   +5   +6   +7   +8   +9  +10
    ---------  ----   ---  ---  ---  ---  ---  ---  ---  ---  ---  ---  ---  ---  ---  ---  ---  ---  ---  ---  ---  ---  ---
    1950 1999    0   -.10 -.08  .28  .03 -.18 -.11 -.12 -.14  .07 -.02  .31*-.05  .08 -.11  .20 -.17  .27 -.14  .03  .02 -.07
    1960 2009    6   -.27  .01  .08  .04 -.17  .14 -.06  .13  .04 -.12  .22|-.18  .05 -.09  .24 -.19  .27*-.22  .04    -    -

 [B] Entire series, effect on correlation (  .282) is:
       Lower   1997> -.083   1966> -.028   2002< -.022   1968< -.021   1977> -.017   1961< -.013  Higher   1991  .071   1980  .031
     1950 to 1999 segment:
       Lower   1997> -.108   1966> -.035   1968< -.029   1985< -.021   1961< -.020   1977> -.019  Higher   1991  .095   1980  .042
     1960 to 2009 segment:
       Lower   1997> -.103   1966> -.035   1968< -.021   1977> -.021   2002< -.020   1999> -.015  Higher   1991  .093   1980  .040

 [E] Outliers     1   3.0 SD above or -4.5 SD below mean for year
       1997 +3.0 SD
====================================================================================================================================

 60345     1934 to  2009      76 years                                                                                    Series  16

 [A] Segment   High   -10   -9   -8   -7   -6   -5   -4   -3   -2   -1   +0   +1   +2   +3   +4   +5   +6   +7   +8   +9  +10
    ---------  ----   ---  ---  ---  ---  ---  ---  ---  ---  ---  ---  ---  ---  ---  ---  ---  ---  ---  ---  ---  ---  ---
    1940 1989   -2   -.07 -.02 -.09  .11 -.13 -.20 -.09 -.21  .34*-.04  .33| .01  .00 -.04  .07  .16  .11 -.04 -.03 -.19  .20
    - - - - - - - - - - - - - - - - - - - - - - - - - - - - - - - - - - - - - - - - - - - - - - - - - - - - - - - - - - - - -
    1960 2009    0   -.09  .09 -.05  .06 -.14 -.18  .03  .03  .21 -.03  .27*-.04  .11 -.25  .03  .06  .04  .04  .10    -    -

 [B] Entire series, effect on correlation (  .344) is:
       Lower   1997> -.045   1980> -.030   1971> -.018   1975< -.011   1956< -.011   2006> -.011  Higher   1977  .035   1958  .034
     1940 to 1989 segment:
       Lower   1980> -.054   1971> -.030   1956< -.021   1975< -.021   1978< -.019   1961< -.019  Higher   1977  .066   1958  .064
     1960 to 2009 segment:
       Lower   1997> -.054   1980> -.038   1971> -.023   1975< -.015   2009< -.014   1961< -.014  Higher   1977  .056   1991  .038

====================================================================================================================================

 90529     1930 to  2009      80 years                                                                                    Series  17

 [A] Segment   High   -10   -9   -8   -7   -6   -5   -4   -3   -2   -1   +0   +1   +2   +3   +4   +5   +6   +7   +8   +9  +10
    ---------  ----   ---  ---  ---  ---  ---  ---  ---  ---  ---  ---  ---  ---  ---  ---  ---  ---  ---  ---  ---  ---  ---
    1930 1979    0    .16 -.13  .10  .01  .03 -.08 -.15 -.13 -.09 -.10  .28*-.10 -.04  .15  .05  .21 -.01 -.09  .00 -.24 -.02

 [B] Entire series, effect on correlation (  .420) is:
       Lower   1961< -.049   1934> -.034   1935< -.030   1966> -.027   1997> -.012   1952> -.012  Higher   1980  .046   1977  .036
     1930 to 1979 segment:
       Lower   1961< -.077   1934> -.053   1935< -.049   1966> -.042   1952> -.018   1979> -.017  Higher   1977  .091   1958  .079

 [E] Outliers     1   3.0 SD above or -4.5 SD below mean for year
       1934 +3.0 SD
====================================================================================================================================

 100552    1953 to  2006      54 years                                                                                    Series  18

 [B] Entire series, effect on correlation (  .411) is:
       Lower   1980> -.044   1954< -.040   1999> -.034   1977> -.018   1991> -.018   1986< -.016  Higher   1966  .043   1958  .031

 [E] Outliers     1   3.0 SD above or -4.5 SD below mean for year
       1993 +3.6 SD
====================================================================================================================================

 110331    1960 to  2009      50 years                                                                                    Series  19

 [B] Entire series, effect on correlation (  .336) is:
       Lower   1980> -.055   1967< -.048   1990< -.039   1972> -.022   1987< -.022   1977> -.014  Higher   1997  .138   1966  .036

====================================================================================================================================

 121186    1932 to  2009      78 years                                                                                    Series  20

 [A] Segment   High   -10   -9   -8   -7   -6   -5   -4   -3   -2   -1   +0   +1   +2   +3   +4   +5   +6   +7   +8   +9  +10
    ---------  ----   ---  ---  ---  ---  ---  ---  ---  ---  ---  ---  ---  ---  ---  ---  ---  ---  ---  ---  ---  ---  ---
    1932 1981    0   -.04  .03  .07 -.09 -.10 -.23 -.10 -.04  .04 -.12  .30* .13 -.13  .24  .20 -.04  .13 -.15 -.06  .07 -.01
    1940 1989    3   -.11  .06  .06 -.09 -.06 -.13 -.15 -.06 -.03 -.13  .28| .12 -.12  .31* .14 -.07  .03 -.12 -.07  .19 -.01
    - - - - - - - - - - - - - - - - - - - - - - - - - - - - - - - - - - - - - - - - - - - - - - - - - - - - - - - - - - - - -
    1960 2009    0   -.10 -.08  .11  .06 -.03 -.15  .00 -.13  .03 -.10  .32*-.11 -.01  .01  .06 -.04  .15 -.09  .08    -    -

 [B] Entire series, effect on correlation (  .312) is:
       Lower   1932> -.033   1980> -.030   1966> -.022   2006> -.020   2001< -.017   1986< -.015  Higher   1991  .073   1978  .023
     1932 to 1981 segment:
       Lower   1932> -.054   1980> -.048   1966> -.035   1943< -.022   1981> -.017   1959> -.016  Higher   1977  .041   1978  .039
     1940 to 1989 segment:
       Lower   1980> -.054   1966> -.040   1986< -.028   1981> -.019   1959> -.018   1943< -.016  Higher   1978  .046   1977  .044
     1960 to 2009 segment:
       Lower   1980> -.047   1966> -.035   2006> -.034   2001< -.025   1998< -.024   1986< -.023  Higher   1991  .116   1978  .037

====================================================================================================================================

 70126     1886 to  2009     124 years                                                                                    Series  21

 [B] Entire series, effect on correlation (  .623) is:
       Lower   1977> -.022   1985< -.020   1980> -.016   1970< -.010   1899< -.010   1975< -.009  Higher   1997  .043   1886  .027

====================================================================================================================================

 131087    1930 to  2009      80 years                                                                                    Series  22

 [B] Entire series, effect on correlation (  .437) is:
       Lower   1970< -.033   1947> -.022   2001< -.017   1930> -.016   1939> -.016   1980> -.015  Higher   1997  .048   1977  .018

 [E] Outliers     1   3.0 SD above or -4.5 SD below mean for year
       1947 +3.1 SD
====================================================================================================================================

 70096     1903 to  2009     107 years                                                                                    Series  23

 [B] Entire series, effect on correlation (  .575) is:
       Lower   1985< -.062   1924< -.010   1906> -.010   1942< -.009   1909> -.007   1918> -.007  Higher   1977  .020   1966  .017

====================================================================================================================================

 80316     1917 to  2009      93 years                                                                                    Series  24

 [A] Segment   High   -10   -9   -8   -7   -6   -5   -4   -3   -2   -1   +0   +1   +2   +3   +4   +5   +6   +7   +8   +9  +10
    ---------  ----   ---  ---  ---  ---  ---  ---  ---  ---  ---  ---  ---  ---  ---  ---  ---  ---  ---  ---  ---  ---  ---
    1950 1999    0    .07  .09  .10  .04  .03  .02 -.22 -.33  .05  .18  .31* .12  .18 -.08 -.28 -.21 -.10  .02  .29  .05  .09
    1960 2009    0    .00  .14  .09  .11  .03  .02 -.13 -.14  .00  .17  .32* .04  .23 -.05 -.29 -.26 -.13 -.07  .16    -    -

 [B] Entire series, effect on correlation (  .411) is:
       Lower   1991> -.056   1977> -.031   1920< -.015   1958< -.015   1948< -.013   1989< -.012  Higher   1923  .027   1932  .018
     1950 to 1999 segment:
       Lower   1991> -.080   1977> -.037   1989< -.030   1958< -.024   1959> -.008   1963< -.006  Higher   1992  .026   1956  .023
     1960 to 2009 segment:
       Lower   1991> -.091   1977> -.045   1989< -.026   2003< -.013   2008> -.006   1988> -.005  Higher   1992  .027   1994  .019

====================================================================================================================================

 80491     1904 to  2009     106 years                                                                                    Series  25

 [A] Segment   High   -10   -9   -8   -7   -6   -5   -4   -3   -2   -1   +0   +1   +2   +3   +4   +5   +6   +7   +8   +9  +10
    ---------  ----   ---  ---  ---  ---  ---  ---  ---  ---  ---  ---  ---  ---  ---  ---  ---  ---  ---  ---  ---  ---  ---
    1920 1969    7   -.02 -.33 -.12 -.07 -.16  .05 -.05  .04 -.04  .31  .42|-.23  .02 -.38 -.03 -.01  .29  .54*-.14  .04  .02
    1930 1979    7   -.02 -.45 -.08 -.08 -.05  .11 -.03  .06 -.07  .16  .32|-.16  .02 -.28 -.03 -.04  .27  .34*-.15 -.08  .10

 [B] Entire series, effect on correlation (  .455) is:
       Lower   1967< -.022   2009< -.021   1945< -.015   1907> -.014   1906> -.011   1933< -.010  Higher   1980  .026   1923  .015
     1920 to 1969 segment:
       Lower   1967< -.048   1945< -.034   1934> -.022   1933< -.021   1957< -.018   1952> -.016  Higher   1923  .044   1958  .026
     1930 to 1979 segment:
       Lower   1967< -.050   1945< -.035   1933< -.023   1934> -.020   1957< -.018   1952> -.012  Higher   1958  .036   1966  .031

====================================================================================================================================

 80330     1895 to  2009     115 years                                                                                    Series  26

 [A] Segment   High   -10   -9   -8   -7   -6   -5   -4   -3   -2   -1   +0   +1   +2   +3   +4   +5   +6   +7   +8   +9  +10
    ---------  ----   ---  ---  ---  ---  ---  ---  ---  ---  ---  ---  ---  ---  ---  ---  ---  ---  ---  ---  ---  ---  ---
    1895 1944    0   -.07  .12 -.02 -.17 -.06 -.02  .23  .08 -.06  .00  .26* .20  .08  .13  .05 -.12  .01  .00  .09 -.06  .15

 [B] Entire series, effect on correlation (  .516) is:
       Lower   1899> -.016   1916< -.016   1902< -.014   1895< -.012   1923> -.011   2000> -.011  Higher   1997  .051   1958  .014
     1895 to 1944 segment:
       Lower   1899> -.041   1916< -.036   1902< -.031   1898> -.023   1923> -.022   1915< -.018  Higher   1900  .050   1938  .044

====================================================================================================================================

 70502     1877 to  2009     133 years                                                                                    Series  27

 [*] Early part of series cannot be checked from 1877 to 1884 -- not matched by another series

 [B] Entire series, effect on correlation (  .448) is:
       Lower   1886< -.044   1970< -.017   1977> -.016   1905< -.012   1896> -.011   1915< -.008  Higher   1991  .016   1958  .010

 [C] Year-to-year changes diverging by over 4.0 std deviations:
       1885 1886  -5.1 SD

====================================================================================================================================

 70407     1933 to  2009      77 years                                                                                    Series  28

 [B] Entire series, effect on correlation (  .629) is:
       Lower   2007< -.043   1936< -.019   2000> -.018   1933> -.012   1945< -.010   1959> -.009  Higher   1997  .036   1978  .014

====================================================================================================================================

 70421     1885 to  2009     125 years                                                                                    Series  29

 [B] Entire series, effect on correlation (  .550) is:
       Lower   1887> -.047   1923> -.023   1899< -.017   1936< -.013   1903> -.012   2003< -.009  Higher   1997  .047   1958  .013

====================================================================================================================================

 182060    1942 to  2009      68 years                                                                                    Series  30

 [A] Segment   High   -10   -9   -8   -7   -6   -5   -4   -3   -2   -1   +0   +1   +2   +3   +4   +5   +6   +7   +8   +9  +10
    ---------  ----   ---  ---  ---  ---  ---  ---  ---  ---  ---  ---  ---  ---  ---  ---  ---  ---  ---  ---  ---  ---  ---
    1950 1999    0   -.10 -.04  .01  .07  .25 -.01 -.17 -.23  .02 -.32  .32*-.05  .02  .01  .18 -.04  .25  .02 -.07 -.14 -.16
    1960 2009    6   -.29  .04  .05 -.25  .19 -.03 -.15  .00  .22 -.25  .21| .00  .00  .10  .24  .12  .32*-.19 -.03    -    -

 [B] Entire series, effect on correlation (  .310) is:
       Lower   1968< -.021   1966> -.020   1980> -.016   1954> -.010   1978< -.008   1943> -.008  Higher   1991  .024   1956  .024
     1950 to 1999 segment:
       Lower   1968< -.025   1966> -.024   1980> -.019   1959< -.017   1954> -.013   1978< -.009  Higher   1991  .029   1956  .029
     1960 to 2009 segment:
       Lower   1968< -.043   1966> -.029   1980> -.019   2007> -.016   1993< -.015   1975< -.013  Higher   1991  .080   1997  .041

====================================================================================================================================

 60550A    1926 to  2009      84 years                                                                                    Series  31

 [B] Entire series, effect on correlation (  .516) is:
       Lower   2004< -.042   1932> -.035   2009< -.026   2000> -.011   1934< -.010   1984< -.010  Higher   1980  .033   1958  .020

 [E] Outliers     1   3.0 SD above or -4.5 SD below mean for year
       1933 +3.0 SD
====================================================================================================================================

 121329    1940 to  2009      70 years                                                                                    Series  32

 [B] Entire series, effect on correlation (  .657) is:
       Lower   1999> -.032   1988> -.017   1981> -.010   1978< -.010   2001< -.008   1985> -.006  Higher   1997  .038   1958  .016

====================================================================================================================================

 161524    1964 to  2009      46 years                                                                                    Series  33

 [B] Entire series, effect on correlation (  .587) is:
       Lower   1980> -.104   1973< -.019   1992< -.018   1998< -.014   1965> -.013   1986< -.012  Higher   1991  .084   1977  .041

 [E] Outliers     1   3.0 SD above or -4.5 SD below mean for year
       1980 +3.6 SD
====================================================================================================================================

 180952    1917 to  2009      93 years                                                                                    Series  34

 [A] Segment   High   -10   -9   -8   -7   -6   -5   -4   -3   -2   -1   +0   +1   +2   +3   +4   +5   +6   +7   +8   +9  +10
    ---------  ----   ---  ---  ---  ---  ---  ---  ---  ---  ---  ---  ---  ---  ---  ---  ---  ---  ---  ---  ---  ---  ---
    1930 1979    3    .19 -.01  .01  .11 -.06 -.03  .00  .12 -.21 -.29  .26|-.03  .13  .27* .17 -.06 -.02  .10  .17 -.26  .09
    1940 1989  -10    .25*-.05  .00  .05 -.04 -.07  .04  .15 -.11 -.22  .23|-.03  .03  .18  .14 -.09 -.04 -.01  .09 -.16  .15

 [B] Entire series, effect on correlation (  .375) is:
       Lower   1969< -.040   1919< -.038   1977> -.032   1999> -.029   1932> -.025   1980> -.022  Higher   1997  .072   1991  .057
     1930 to 1979 segment:
       Lower   1969< -.112   1977> -.061   1932> -.052   1966> -.035   1970< -.020   1934> -.017  Higher   1978  .049   1958  .045
     1940 to 1989 segment:
       Lower   1969< -.103   1977> -.065   1980> -.045   1966> -.039   1970< -.018   1989> -.016  Higher   1978  .055   1958  .052

====================================================================================================================================

 161576    1914 to  2009      96 years                                                                                    Series  35

 [B] Entire series, effect on correlation (  .530) is:
       Lower   1924< -.025   1927< -.023   1932> -.018   1923> -.018   1919< -.013   1918> -.011  Higher   1980  .029   1966  .016

====================================================================================================================================

 32516     1936 to  2009      74 years                                                                                    Series  36

 [A] Segment   High   -10   -9   -8   -7   -6   -5   -4   -3   -2   -1   +0   +1   +2   +3   +4   +5   +6   +7   +8   +9  +10
    ---------  ----   ---  ---  ---  ---  ---  ---  ---  ---  ---  ---  ---  ---  ---  ---  ---  ---  ---  ---  ---  ---  ---
    1936 1985    0    .10 -.13 -.19  .23 -.02  .02  .01  .10  .18 -.07  .28* .11  .02 -.04  .06  .06 -.24  .16  .01 -.17 -.09
    1940 1989    0   -.01 -.09 -.19  .18  .04  .02  .07  .07  .15 -.08  .21* .05  .07 -.05 -.05  .05 -.19  .20  .11 -.15 -.08
    1950 1999    0    .11 -.11 -.05  .10  .05 -.12  .19 -.01  .06 -.21  .29* .00  .13 -.18 -.09  .06 -.08  .14  .14 -.01 -.12
    1960 2009    0   -.05 -.08  .05  .04  .13 -.14  .10 -.06 -.03 -.30  .29* .00  .19 -.16 -.08  .10 -.11  .19  .08    -    -

 [B] Entire series, effect on correlation (  .332) is:
       Lower   1980> -.057   1997> -.045   1984< -.040   1995< -.022   1975< -.019   1959> -.015  Higher   1991  .081   1977  .042
     1936 to 1985 segment:
       Lower   1980> -.101   1984< -.071   1975< -.033   1959> -.025   1969< -.025   1945< -.018  Higher   1977  .088   1938  .033
     1940 to 1989 segment:
       Lower   1980> -.102   1984< -.066   1975< -.030   1959> -.026   1969< -.023   1945< -.017  Higher   1977  .095   1958  .042
     1950 to 1999 segment:
       Lower   1980> -.070   1997> -.054   1984< -.049   1995< -.027   1975< -.022   1959> -.018  Higher   1991  .105   1977  .054
     1960 to 2009 segment:
       Lower   1980> -.069   1997> -.055   1984< -.048   1995< -.025   1975< -.023   1969< -.018  Higher   1991  .109   1977  .056

 [C] Year-to-year changes diverging by over 4.0 std deviations:
       1979 1980   4.3 SD

====================================================================================================================================

 172202    1942 to  2009      68 years                                                                                    Series  37

 [A] Segment   High   -10   -9   -8   -7   -6   -5   -4   -3   -2   -1   +0   +1   +2   +3   +4   +5   +6   +7   +8   +9  +10
    ---------  ----   ---  ---  ---  ---  ---  ---  ---  ---  ---  ---  ---  ---  ---  ---  ---  ---  ---  ---  ---  ---  ---
    1960 2009   -9   -.10  .38* .15  .03  .14 -.23 -.26 -.08  .03 -.09  .33|-.04  .01 -.05 -.18 -.17 -.03  .02  .09    -    -

 [B] Entire series, effect on correlation (  .359) is:
       Lower   1977> -.055   2006< -.047   1991> -.032   1994< -.026   1948> -.015   1944> -.013  Higher   1997  .031   2001  .028
     1960 to 2009 segment:
       Lower   1977> -.070   2006< -.054   1991> -.041   1994< -.031   1993< -.011   2000> -.009  Higher   1997  .042   2001  .037

 [E] Outliers     1   3.0 SD above or -4.5 SD below mean for year
       1977 +3.1 SD
====================================================================================================================================

 92250A    1925 to  2010      86 years                                                                                    Series  38

 [A] Segment   High   -10   -9   -8   -7   -6   -5   -4   -3   -2   -1   +0   +1   +2   +3   +4   +5   +6   +7   +8   +9  +10
    ---------  ----   ---  ---  ---  ---  ---  ---  ---  ---  ---  ---  ---  ---  ---  ---  ---  ---  ---  ---  ---  ---  ---
    1925 1974    0   -.06  .09  .15 -.17  .03 -.06 -.22 -.15  .17  .17  .24* .10 -.01  .19 -.13  .14 -.06 -.03 -.11 -.06  .01
    1930 1979    0   -.06  .02  .20 -.18  .01 -.05 -.23 -.08  .27  .05  .31* .08 -.10  .20 -.09  .14  .01 -.08 -.08 -.11 -.06

 [B] Entire series, effect on correlation (  .303) is:
       Lower   1997> -.034   1937< -.031   1946> -.025   1990< -.020   1931< -.020   1953> -.014  Higher   1980  .043   1958  .022
     1925 to 1974 segment:
       Lower   1937< -.054   1946> -.047   1931< -.029   1953> -.028   1966> -.023   1925> -.016  Higher   1958  .047   1956  .026
     1930 to 1979 segment:
       Lower   1937< -.050   1946> -.047   1931< -.031   1953> -.029   1966> -.026   1974< -.018  Higher   1958  .042   1978  .035

====================================================================================================================================

 50046     1944 to  2009      66 years                                                                                    Series  39

 [B] Entire series, effect on correlation (  .441) is:
       Lower   1980> -.062   1970< -.038   1949< -.027   1986< -.021   1998< -.017   1988> -.014  Higher   1991  .064   1977  .025

====================================================================================================================================

 202496    1913 to  2009      97 years                                                                                    Series  40

 [A] Segment   High   -10   -9   -8   -7   -6   -5   -4   -3   -2   -1   +0   +1   +2   +3   +4   +5   +6   +7   +8   +9  +10
    ---------  ----   ---  ---  ---  ---  ---  ---  ---  ---  ---  ---  ---  ---  ---  ---  ---  ---  ---  ---  ---  ---  ---
    1913 1962    0    .18 -.12 -.09 -.06 -.22  .06  .00  .07 -.06  .01  .30* .22  .25 -.12  .11 -.08 -.13 -.16 -.09  .15 -.09
    1920 1969    0    .13  .03 -.06  .13 -.20  .15  .00  .10 -.08  .02  .26* .12  .24 -.03  .13 -.15 -.20 -.11  .00  .08 -.16

 [B] Entire series, effect on correlation (  .349) is:
       Lower   1921< -.031   2005< -.019   1932> -.016   1925> -.014   1998< -.014   1976< -.012  Higher   1991  .037   1923  .031
     1913 to 1962 segment:
       Lower   1921< -.071   1932> -.043   1925> -.038   1934> -.027   1959> -.024   1951< -.016  Higher   1923  .101   1913  .043
     1920 to 1969 segment:
       Lower   1921< -.070   1932> -.040   1925> -.036   1934> -.026   1959> -.022   1951< -.015  Higher   1923  .111   1966  .030

====================================================================================================================================

 122060    1902 to  2009     108 years                                                                                    Series  41

 [B] Entire series, effect on correlation (  .552) is:
       Lower   1937< -.025   1911> -.021   1938< -.020   1975< -.013   1913> -.011   2007< -.010  Higher   1991  .020   1980  .018

====================================================================================================================================

 111314    1927 to  2009      83 years                                                                                    Series  42

 [A] Segment   High   -10   -9   -8   -7   -6   -5   -4   -3   -2   -1   +0   +1   +2   +3   +4   +5   +6   +7   +8   +9  +10
    ---------  ----   ---  ---  ---  ---  ---  ---  ---  ---  ---  ---  ---  ---  ---  ---  ---  ---  ---  ---  ---  ---  ---
    1927 1976    0   -.12  .04 -.10  .07  .08  .01  .04 -.02  .09  .13  .31*-.13 -.11 -.27 -.21  .04  .00  .28 -.10 -.17  .13
    1930 1979    0   -.07  .03 -.03  .06  .06  .03 -.03 -.01  .21 -.03  .31*-.06 -.15 -.28 -.20  .02  .03  .20 -.06 -.14  .10

 [B] Entire series, effect on correlation (  .473) is:
       Lower   2009< -.046   1977> -.032   1956< -.023   1999> -.015   1996> -.014   1973> -.014  Higher   1997  .098   1980  .040
     1927 to 1976 segment:
       Lower   1956< -.059   1973> -.035   1967< -.021   1974> -.018   1971> -.017   1963> -.017  Higher   1966  .051   1959  .045
     1930 to 1979 segment:
       Lower   1956< -.053   1977> -.049   1973> -.027   1967< -.021   1955< -.016   1974> -.013  Higher   1978  .041   1966  .041

====================================================================================================================================

 82138     1960 to  2009      50 years                                                                                    Series  43

 [B] Entire series, effect on correlation (  .640) is:
       Lower   1977> -.055   1979> -.034   1962> -.025   2008< -.017   2000> -.012   1968< -.011  Higher   1997  .079   1980  .029

====================================================================================================================================

 62281     1917 to  2009      93 years                                                                                    Series  44

 [A] Segment   High   -10   -9   -8   -7   -6   -5   -4   -3   -2   -1   +0   +1   +2   +3   +4   +5   +6   +7   +8   +9  +10
    ---------  ----   ---  ---  ---  ---  ---  ---  ---  ---  ---  ---  ---  ---  ---  ---  ---  ---  ---  ---  ---  ---  ---
    1917 1966    0   -.16  .05 -.23  .13 -.13 -.10 -.16 -.17 -.10  .01  .33* .06 -.13 -.09 -.03  .15  .12  .23  .28 -.05 -.05

 [B] Entire series, effect on correlation (  .434) is:
       Lower   2003< -.054   2008< -.031   1953> -.025   1924< -.019   1917< -.016   1980> -.016  Higher   1977  .063   1966  .033
     1917 to 1966 segment:
       Lower   1953> -.064   1924< -.051   1917< -.044   1952> -.036   1925> -.025   1940< -.019  Higher   1966  .126   1958  .035

 [E] Outliers     1   3.0 SD above or -4.5 SD below mean for year
       1953 +3.2 SD
====================================================================================================================================

 62019     1963 to  2009      47 years                                                                                    Series  45

 [B] Entire series, effect on correlation (  .746) is:
       Lower   1994< -.028   2000> -.018   1981< -.015   1969< -.012   1979> -.012   2007< -.011  Higher   1997  .053   1991  .026

====================================================================================================================================

 72396     1925 to  2009      85 years                                                                                    Series  46

 [B] Entire series, effect on correlation (  .609) is:
       Lower   1980> -.024   1966> -.020   2000> -.018   1987< -.014   2001< -.014   1955< -.014  Higher   1991  .049   1977  .034

====================================================================================================================================

 40649     1922 to  2009      88 years                                                                                    Series  47

 [B] Entire series, effect on correlation (  .464) is:
       Lower   2002< -.030   2009< -.027   1957< -.015   1931< -.013   1997> -.013   1956< -.012  Higher   1977  .045   1980  .038

====================================================================================================================================

 42092     1920 to  2009      90 years                                                                                    Series  48

 [B] Entire series, effect on correlation (  .545) is:
       Lower   1922< -.050   1923> -.028   1925> -.024   1928< -.024   2001< -.021   1933< -.009  Higher   1991  .053   1997  .016

====================================================================================================================================

 60522     1922 to  2009      88 years                                                                                    Series  49

 [B] Entire series, effect on correlation (  .495) is:
       Lower   1980> -.047   2004< -.030   1967< -.030   1990< -.015   1966> -.012   1938< -.011  Higher   1997  .037   1977  .031

 [E] Outliers     1   3.0 SD above or -4.5 SD below mean for year
       1945 +3.1 SD
====================================================================================================================================

 111252    1929 to  2009      81 years                                                                                    Series  50

 [B] Entire series, effect on correlation (  .449) is:
       Lower   1995< -.046   1980> -.024   1968< -.023   1946> -.017   1945< -.017   2003< -.014  Higher   1977  .073   1991  .043

====================================================================================================================================

 72140     1942 to  2009      68 years                                                                                    Series  51

 [B] Entire series, effect on correlation (  .629) is:
       Lower   1980> -.052   2009< -.018   1978< -.014   2008< -.009   1944> -.008   1947< -.007  Higher   1977  .030   1958  .015

====================================================================================================================================

 50499     1922 to  2009      88 years                                                                                    Series  52

 [B] Entire series, effect on correlation (  .527) is:
       Lower   1923> -.049   1957< -.028   1946< -.024   1984< -.017   1994< -.014   1929< -.014  Higher   1997  .044   1980  .020

====================================================================================================================================

 82115     1934 to  2009      76 years                                                                                    Series  53

 [A] Segment   High   -10   -9   -8   -7   -6   -5   -4   -3   -2   -1   +0   +1   +2   +3   +4   +5   +6   +7   +8   +9  +10
    ---------  ----   ---  ---  ---  ---  ---  ---  ---  ---  ---  ---  ---  ---  ---  ---  ---  ---  ---  ---  ---  ---  ---
    1934 1983    0    .25 -.14 -.03 -.29  .10  .16 -.14  .07 -.04  .08  .29*-.09  .20  .05 -.26  .05 -.02 -.09  .09  .02 -.14
    1940 1989  -10    .26*-.13 -.13 -.24  .16  .17 -.13  .05 -.08  .07  .23|-.06  .19 -.03 -.18  .10 -.02 -.02  .12 -.08 -.15
    1950 1999    2    .13 -.12 -.25 -.23  .21  .15 -.05 -.02  .01  .00  .27|-.02  .32* .00 -.21  .04 -.11 -.07  .08 -.02 -.16
    1960 2009   -5   -.05 -.12 -.33 -.24  .22  .30*-.06  .16  .04 -.15  .20|-.13  .27  .04 -.10  .08 -.09 -.08  .05    -    -

 [B] Entire series, effect on correlation (  .190) is:
       Lower   1991> -.045   1940< -.025   2002< -.023   1980> -.021   1975< -.016   1939> -.014  Higher   1977  .092   1997  .041
     1934 to 1983 segment:
       Lower   1940< -.049   1980> -.043   1966> -.029   1975< -.029   1939> -.025   1943> -.021  Higher   1977  .144   1938  .028
     1940 to 1989 segment:
       Lower   1940< -.049   1980> -.040   1975< -.029   1966> -.027   1988> -.021   1943> -.020  Higher   1977  .162   1956  .032
     1950 to 1999 segment:
       Lower   1991> -.067   1980> -.031   1975< -.027   1966> -.020   1988> -.019   1959> -.015  Higher   1977  .121   1997  .054
     1960 to 2009 segment:
       Lower   1991> -.063   2002< -.037   1980> -.029   1975< -.022   1966> -.019   1988> -.016  Higher   1977  .125   1997  .054

====================================================================================================================================

 50506     1969 to  2008      40 years                                                                                    Series  54

 [B] Entire series, effect on correlation (  .405) is:
       Lower   1969< -.087   1986< -.055   1980> -.041   2008< -.037   1987< -.015   2006> -.014  Higher   1997  .112   1978  .035

====================================================================================================================================

 10636     1920 to  2009      90 years                                                                                    Series  55

 [A] Segment   High   -10   -9   -8   -7   -6   -5   -4   -3   -2   -1   +0   +1   +2   +3   +4   +5   +6   +7   +8   +9  +10
    ---------  ----   ---  ---  ---  ---  ---  ---  ---  ---  ---  ---  ---  ---  ---  ---  ---  ---  ---  ---  ---  ---  ---
    1920 1969  -10    .32* .12 -.03 -.29 -.11 -.23  .19 -.07  .05 -.07  .24|-.06  .17  .13  .00 -.13 -.12  .01  .16  .10  .06
    1930 1979    3    .28  .07  .15 -.18 -.05 -.35  .07  .01  .03 -.10  .28|-.13  .12  .31*-.02 -.05 -.10 -.12  .18 -.03  .12

 [B] Entire series, effect on correlation (  .422) is:
       Lower   1957< -.030   1946> -.022   1930> -.019   1932> -.013   1982> -.012   1951< -.011  Higher   1980  .043   1977  .028
     1920 to 1969 segment:
       Lower   1957< -.053   1946> -.044   1930> -.039   1932> -.024   1945< -.020   1959> -.018  Higher   1923  .069   1958  .067
     1930 to 1979 segment:
       Lower   1957< -.056   1946> -.040   1930> -.036   1932> -.022   1945< -.021   1951< -.020  Higher   1977  .079   1958  .060

====================================================================================================================================

 22336     1923 to  2009      87 years                                                                                    Series  56

 [B] Entire series, effect on correlation (  .602) is:
       Lower   1931< -.016   1972> -.014   1969< -.013   1943> -.012   1954< -.012   2004> -.009  Higher   1980  .023   1966  .019

====================================================================================================================================

 12460     1965 to  2009      45 years                                                                                    Series  57

 [B] Entire series, effect on correlation (  .581) is:
       Lower   1997> -.039   2005< -.033   1976< -.031   1975< -.023   1985> -.011   1988< -.009  Higher   1991  .088   2001  .023

====================================================================================================================================

 62372     1926 to  2009      84 years                                                                                    Series  58

 [B] Entire series, effect on correlation (  .723) is:
       Lower   1999> -.017   1977> -.016   2007< -.014   2008> -.012   1929< -.007   2000< -.007  Higher   1997  .047   1980  .016

====================================================================================================================================

 121026    1910 to  2009     100 years                                                                                    Series  59

 [A] Segment   High   -10   -9   -8   -7   -6   -5   -4   -3   -2   -1   +0   +1   +2   +3   +4   +5   +6   +7   +8   +9  +10
    ---------  ----   ---  ---  ---  ---  ---  ---  ---  ---  ---  ---  ---  ---  ---  ---  ---  ---  ---  ---  ---  ---  ---
    1910 1959   -7    .02  .12  .15  .37* .16  .20 -.12 -.35 -.06 -.29  .31| .02 -.15 -.25 -.24  .21 -.26  .30 -.03  .06 -.01

 [B] Entire series, effect on correlation (  .555) is:
       Lower   1911> -.025   1938< -.022   1923> -.020   1947> -.015   1973< -.015   1916< -.011  Higher   1991  .025   1997  .024
     1910 to 1959 segment:
       Lower   1911> -.048   1938< -.048   1923> -.040   1947> -.032   1916< -.023   1910> -.022  Higher   1959  .041   1913  .039

====================================================================================================================================

 30343A    1934 to  2015      82 years                                                                                    Series  60

 [B] Entire series, effect on correlation (  .646) is:
       Lower   1983< -.044   1952> -.025   1938< -.012   2000> -.011   1955< -.008   1988> -.008  Higher   1997  .074   1991  .021

====================================================================================================================================

 120911A   1944 to  2016      73 years                                                                                    Series  61

 [A] Segment   High   -10   -9   -8   -7   -6   -5   -4   -3   -2   -1   +0   +1   +2   +3   +4   +5   +6   +7   +8   +9  +10
    ---------  ----   ---  ---  ---  ---  ---  ---  ---  ---  ---  ---  ---  ---  ---  ---  ---  ---  ---  ---  ---  ---  ---
    1944 1993    0    .07 -.01 -.29  .10  .10 -.06 -.04  .25  .07 -.24  .30*-.02  .03 -.24 -.07 -.15  .05  .09  .08  .04  .00

 [B] Entire series, effect on correlation (  .375) is:
       Lower   1990< -.035   1968< -.032   1999> -.030   2009< -.016   1959> -.014   1988> -.013  Higher   1997  .171   1991  .059
     1944 to 1993 segment:
       Lower   1990< -.065   1968< -.056   1988> -.023   1959> -.022   1947> -.019   1969< -.017  Higher   1991  .133   1966  .043

====================================================================================================================================

 121310A   1928 to  2015      88 years                                                                                    Series  62

 [B] Entire series, effect on correlation (  .546) is:
       Lower   2004< -.042   1970< -.018   2006> -.014   1999> -.014   1960< -.013   1966> -.010  Higher   1991  .046   1977  .017

====================================================================================================================================

 190907A   1927 to  2015      89 years                                                                                    Series  63

 [A] Segment   High   -10   -9   -8   -7   -6   -5   -4   -3   -2   -1   +0   +1   +2   +3   +4   +5   +6   +7   +8   +9  +10
    ---------  ----   ---  ---  ---  ---  ---  ---  ---  ---  ---  ---  ---  ---  ---  ---  ---  ---  ---  ---  ---  ---  ---
    1927 1976    0    .00  .08 -.17  .32 -.18  .04 -.35 -.28 -.30 -.20  .33*-.24  .12 -.15  .00  .11  .07  .21  .13 -.13  .06

 [B] Entire series, effect on correlation (  .519) is:
       Lower   1960< -.031   1958< -.024   1953> -.015   1979> -.015   1952> -.011   1947> -.010  Higher   1997  .045   1977  .033
     1927 to 1976 segment:
       Lower   1960< -.067   1958< -.046   1953> -.034   1952> -.023   1947> -.023   1969< -.016  Higher   1966  .089   1932  .052

 [E] Outliers     1   3.0 SD above or -4.5 SD below mean for year
       1990 +3.1 SD
====================================================================================================================================

 40617A    1942 to  2016      75 years                                                                                    Series  64

 [B] Entire series, effect on correlation (  .484) is:
       Lower   1952> -.026   1947< -.024   2009< -.022   2016> -.020   2015> -.019   2011< -.018  Higher   1997  .115   1977  .030

====================================================================================================================================

 52343A    1935 to  2017      83 years                                                                                    Series  65

 [B] Entire series, effect on correlation (  .465) is:
       Lower   1982< -.025   2000< -.024   1968< -.023   1997> -.022   2017> -.021   1938< -.013  Higher   1958  .024   1966  .018

====================================================================================================================================

 82228A    1927 to  2016      90 years                                                                                    Series  66

 [A] Segment   High   -10   -9   -8   -7   -6   -5   -4   -3   -2   -1   +0   +1   +2   +3   +4   +5   +6   +7   +8   +9  +10
    ---------  ----   ---  ---  ---  ---  ---  ---  ---  ---  ---  ---  ---  ---  ---  ---  ---  ---  ---  ---  ---  ---  ---
    1927 1976   -7   -.31  .01 -.04  .42*-.04  .06 -.27 -.35 -.20  .04  .40|-.06  .08  .11  .04  .08  .30  .09 -.26 -.02 -.13
    1930 1979   -7   -.31  .02 -.03  .40*-.05  .05 -.25 -.35 -.17  .02  .37|-.08  .05  .12  .03  .11  .30  .10 -.26 -.02 -.15
    1940 1989    6   -.16 -.18  .20  .10 -.06  .06 -.24 -.31 -.10  .02  .32|-.07 -.08  .14  .11 -.08  .40*-.05 -.10 -.02 -.07

 [B] Entire series, effect on correlation (  .502) is:
       Lower   1980> -.042   1977> -.022   1960< -.018   1937< -.013   1940< -.012   1938< -.011  Higher   1997  .103   1966  .027
     1927 to 1976 segment:
       Lower   1960< -.038   1937< -.026   1938< -.022   1940< -.022   1952> -.021   1928< -.018  Higher   1966  .089   1930  .023
     1930 to 1979 segment:
       Lower   1977> -.037   1960< -.037   1937< -.025   1940< -.023   1938< -.020   1952> -.017  Higher   1966  .079   1968  .021
     1940 to 1989 segment:
       Lower   1980> -.076   1960< -.037   1977> -.029   1940< -.023   1970< -.016   1952> -.015  Higher   1966  .086   1986  .042

====================================================================================================================================

 142490A   1961 to  2017      57 years                                                                                    Series  67

 [A] Segment   High   -10   -9   -8   -7   -6   -5   -4   -3   -2   -1   +0   +1   +2   +3   +4   +5   +6   +7   +8   +9  +10
    ---------  ----   ---  ---  ---  ---  ---  ---  ---  ---  ---  ---  ---  ---  ---  ---  ---  ---  ---  ---  ---  ---  ---
    1961 2010    6    .03 -.09  .18 -.19 -.09 -.01 -.24 -.04  .18 -.43  .32|-.06 -.10  .17  .27 -.02  .34* .03    -    -    -

 [B] Entire series, effect on correlation (  .489) is:
       Lower   1993< -.084   1976< -.041   2010< -.038   1980> -.015   1971> -.014   1975< -.013  Higher   2017  .176   1991  .024
     1961 to 2010 segment:
       Lower   1993< -.098   1976< -.050   2010< -.046   1971> -.018   1975< -.016   1980> -.015  Higher   1991  .054   1977  .037

====================================================================================================================================

 192112A   1942 to  2016      75 years                                                                                    Series  68

 [A] Segment   High   -10   -9   -8   -7   -6   -5   -4   -3   -2   -1   +0   +1   +2   +3   +4   +5   +6   +7   +8   +9  +10
    ---------  ----   ---  ---  ---  ---  ---  ---  ---  ---  ---  ---  ---  ---  ---  ---  ---  ---  ---  ---  ---  ---  ---
    1942 1991    0   -.17 -.03  .12 -.08  .15  .04  .20  .21 -.06 -.04  .24*-.24  .07  .07 -.13 -.12 -.09 -.02  .09 -.11 -.13

 [B] Entire series, effect on correlation (  .322) is:
       Lower   1958< -.029   1968< -.029   1959> -.029   2001< -.024   1971> -.020   1943> -.016  Higher   1977  .069   1997  .061
     1942 to 1991 segment:
       Lower   1968< -.048   1958< -.046   1959> -.044   1971> -.030   1943> -.024   1956< -.016  Higher   1977  .141   1980  .064

====================================================================================================================================

 202248A   1942 to  2017      76 years                                                                                    Series  69

 [A] Segment   High   -10   -9   -8   -7   -6   -5   -4   -3   -2   -1   +0   +1   +2   +3   +4   +5   +6   +7   +8   +9  +10
    ---------  ----   ---  ---  ---  ---  ---  ---  ---  ---  ---  ---  ---  ---  ---  ---  ---  ---  ---  ---  ---  ---  ---
    1950 1999    0   -.03 -.20 -.01  .10  .03 -.17 -.14  .00 -.08  .08  .29* .13  .15 -.07  .15  .06 -.08 -.17  .26 -.12  .11

 [B] Entire series, effect on correlation (  .424) is:
       Lower   1997> -.034   1959> -.026   1998< -.022   1966> -.016   1972< -.016   1967< -.015  Higher   2017  .149   1991  .038
     1950 to 1999 segment:
       Lower   1997> -.045   1959> -.040   1998< -.029   1966> -.024   1967< -.019   1980> -.019  Higher   1991  .081   1977  .055

====================================================================================================================================

 112082    1939 to  2009      71 years                                                                                    Series  70

 [A] Segment   High   -10   -9   -8   -7   -6   -5   -4   -3   -2   -1   +0   +1   +2   +3   +4   +5   +6   +7   +8   +9  +10
    ---------  ----   ---  ---  ---  ---  ---  ---  ---  ---  ---  ---  ---  ---  ---  ---  ---  ---  ---  ---  ---  ---  ---
    1939 1988    0    .11 -.18 -.28  .12 -.02 -.02 -.06  .07 -.09 -.16  .33* .10  .02  .02 -.06 -.07  .01  .24  .03 -.02 -.19

 [B] Entire series, effect on correlation (  .319) is:
       Lower   1997> -.029   1946< -.027   1991> -.020   2004< -.018   1978< -.014   1939> -.014  Higher   1959  .024   1980  .024
     1939 to 1988 segment:
       Lower   1946< -.031   1939> -.023   1977> -.022   1978< -.021   1976< -.015   1943> -.015  Higher   1959  .038   1980  .033

 [E] Outliers     1   3.0 SD above or -4.5 SD below mean for year
       1946 -4.9 SD
====================================================================================================================================

 52287     1943 to  2009      67 years                                                                                    Series  71

 [B] Entire series, effect on correlation (  .474) is:
       Lower   1946> -.032   1943> -.023   1955< -.020   1990< -.018   1978< -.014   1973> -.012  Higher   1991  .038   1966  .036

====================================================================================================================================

 121434    1886 to  2016     131 years                                                                                    Series  72

 [A] Segment   High   -10   -9   -8   -7   -6   -5   -4   -3   -2   -1   +0   +1   +2   +3   +4   +5   +6   +7   +8   +9  +10
    ---------  ----   ---  ---  ---  ---  ---  ---  ---  ---  ---  ---  ---  ---  ---  ---  ---  ---  ---  ---  ---  ---  ---
    1890 1939  -10    .36* .12 -.12 -.03 -.18  .18 -.03 -.29  .12  .31  .28|-.02  .04  .01  .20  .06 -.28 -.09 -.01 -.29 -.08
    1900 1949    0    .22  .10  .10  .08 -.08  .16  .02 -.20 -.07  .32  .32*-.04  .07 -.04  .16  .05 -.16 -.12 -.11 -.40 -.15
    1910 1959    0    .08 -.03  .22  .12 -.12  .08  .04 -.16 -.04  .24  .33*-.16 -.03 -.09  .05 -.10 -.10 -.05 -.23 -.20 -.15
    1920 1969   -8    .15  .12  .34* .16 -.09  .06  .01 -.12 -.13  .15  .25|-.17  .11 -.02 -.03 -.21 -.06 -.06 -.26 -.11 -.07
    1930 1979   -8    .17  .07  .36* .17  .02  .10 -.07 -.18  .02 -.09  .34|-.04  .01  .04 -.08 -.16  .10 -.22 -.15 -.07 -.09
    1940 1989  -10    .31*-.04  .29  .31  .01  .02 -.06 -.15  .05 -.17  .28|-.02 -.02 -.03  .05 -.16  .03 -.14 -.01  .03  .08
    1950 1999   -7    .31  .07  .17  .34*-.13  .07 -.23 -.19  .05 -.13  .34| .20 -.08 -.05 -.04 -.21 -.03 -.11  .12  .15  .17
    1960 2009   -7    .13  .10  .12  .30*-.11  .18 -.33 -.07  .00 -.18  .28| .26 -.09 -.08 -.02 -.23 -.03 -.20  .20    -    -

 [B] Entire series, effect on correlation (  .316) is:
       Lower   1966> -.020   1888> -.014   2012< -.011   1946> -.010   1997> -.010   1940< -.008  Higher   1886  .047   1958  .017
     1890 to 1939 segment:
       Lower   1897> -.026   1939> -.024   1896> -.022   1895< -.022   1898< -.014   1928< -.013  Higher   1900  .040   1904  .036
     1900 to 1949 segment:
       Lower   1946> -.030   1940< -.029   1939> -.020   1928< -.019   1906< -.018   1943> -.018  Higher   1900  .039   1904  .037
     1910 to 1959 segment:
       Lower   1946> -.035   1940< -.031   1939> -.025   1943> -.022   1956< -.019   1928< -.016  Higher   1958  .063   1959  .036
     1920 to 1969 segment:
       Lower   1966> -.069   1946> -.034   1940< -.028   1939> -.024   1943> -.022   1965> -.021  Higher   1958  .066   1959  .049
     1930 to 1979 segment:
       Lower   1966> -.065   1946> -.031   1940< -.028   1939> -.022   1956< -.020   1943> -.020  Higher   1958  .052   1978  .041
     1940 to 1989 segment:
       Lower   1966> -.064   1946> -.031   1940< -.027   1987< -.024   1943> -.019   1956< -.018  Higher   1958  .060   1978  .047
     1950 to 1999 segment:
       Lower   1966> -.055   1987< -.027   1997> -.023   1965> -.020   1985> -.019   1956< -.014  Higher   1958  .050   1978  .039
     1960 to 2009 segment:
       Lower   1966> -.057   1987< -.024   1997> -.021   1965> -.019   1985> -.018   2002< -.015  Higher   1978  .044   2001  .040

 [E] Outliers     1   3.0 SD above or -4.5 SD below mean for year
       1966 +3.1 SD
====================================================================================================================================
PART 7:  DESCRIPTIVE STATISTICS:                                                                   14:11  Tue 19 Jun 2018  Page   7
------------------------------------------------------------------------------------------------------------------------------------

                                                Corr   //-------- Unfiltered --------\\  //---- Filtered -----\\
                           No.    No.    No.    with   Mean   Max     Std   Auto   Mean   Max     Std   Auto  AR
 Seq Series   Interval   Years  Segmt  Flags   Master  msmt   msmt    dev   corr   sens  value    dev   corr  ()
 --- -------- ---------  -----  -----  -----   ------ -----  -----  -----  -----  -----  -----  -----  -----  --
   1 50274    1930 2009     80      4      0    .529   2.18   5.09   .830   .779   .182   2.95   .523   .044   1
   2 150890   1953 2009     57      2      0    .669   4.01   8.29  1.371   .746   .182   2.86   .591   .068   1
   3 110727   1975 2009     35      1      1    .297   2.22   4.89  1.029   .801   .234   2.61   .488  -.079   2
   4 80233    1904 2009    106      7      1    .422   2.75   6.24  1.018   .724   .193   2.66   .412   .007   1
   5 100771   1946 2009     64      3      0    .588   4.43   7.36   .967   .560   .162   2.71   .567  -.059   1
   6 151021   1933 2009     77      4      0    .759   2.58   4.49  1.181   .854   .201   2.62   .585  -.060   1
   7 110811   1943 2009     67      3      0    .631   4.00   7.16  1.574   .889   .158   2.63   .485   .001   1
   8 101136   1943 2009     67      3      0    .380   1.16   2.83   .727   .934   .208   2.56   .489   .009   1
   9 121305   1922 2009     88      5      0    .602   2.70   6.01  1.243   .880   .163   2.61   .392   .005   1
  10 60353    1894 2009    116      8      5    .203   1.32   3.58   .679   .859   .187   2.45   .282  -.023   2
  11 60116    1935 2009     75      4      0    .553   1.92   3.01   .455   .603   .175   2.61   .496  -.068   1
  12 80235    1917 2009     93      6      1    .448   2.86   8.64  1.400   .847   .207   2.68   .487  -.055   1
  13 100540   1931 2009     79      4      3    .365   1.81   5.32  1.244   .911   .204   2.66   .523  -.072   1
  14 60143    1926 2010     85      6      0    .423   1.42   3.98   .576   .678   .251   2.60   .337   .018   1
  15 121310   1941 2009     69      3      2    .282   1.09   2.79   .528   .842   .167   2.93   .643  -.180   1
  16 60345    1934 2009     76      4      2    .344   1.13   2.09   .376   .727   .198   2.70   .481   .006   1
  17 90529    1930 2009     80      4      1    .420   1.58  20.99  2.259   .080   .215   3.04   .509   .002   1
  18 100552   1953 2006     54      2      0    .411   1.96   4.39  1.010   .785   .216   3.20   .579   .027   1
  19 110331   1960 2009     50      1      0    .336   1.78   3.22   .700   .727   .223   2.83   .642   .060   1
  20 121186   1932 2009     78      4      3    .312   1.12   2.93   .538   .802   .231   2.69   .460  -.033   1
  21 70126    1886 2009    124      9      0    .623   2.39   5.06  1.040   .760   .199   3.02   .382  -.050   1
  22 131087   1930 2009     80      4      0    .437   2.64   4.50   .721   .724   .147   2.55   .358  -.036   1
  23 70096    1903 2009    107      7      0    .575   3.13   7.79  1.534   .888   .162   2.61   .420  -.003   2
  24 80316    1917 2009     93      6      2    .411   3.27   6.25  1.345   .845   .177   2.65   .479  -.034   1
  25 80491    1904 2009    106      7      2    .455   2.43   4.74   .733   .712   .185   2.72   .498  -.014   2
  26 80330    1895 2009    115      8      1    .516   1.82   4.29   .939   .912   .196   2.74   .351  -.014   1
  27 70502    1877 2009    133      9      0    .448   1.62   4.33   .994   .883   .216   2.88   .477  -.036   2
  28 70407    1933 2009     77      4      0    .629   2.96   5.65  1.374   .861   .181   2.67   .420   .020   1
  29 70421    1885 2009    125      9      0    .550   2.17   4.29   .889   .894   .160   2.62   .427   .043   1
  30 182060   1942 2009     68      3      2    .310   1.13   4.24   .759   .890   .203   2.55   .345  -.097   1
  31 60550A   1926 2009     84      5      0    .516   1.24   2.27   .301   .608   .161   2.70   .558  -.008   1
  32 121329   1940 2009     70      3      0    .657   1.98   4.66   .795   .870   .138   2.47   .350  -.012   1
  33 161524   1964 2009     46      1      0    .587   2.77   5.15   .791   .724   .163   2.62   .521   .028   2
  34 180952   1917 2009     93      6      2    .375   2.67   8.37  1.993   .885   .199   2.60   .556  -.038   2
  35 161576   1914 2009     96      6      0    .530   2.56   5.17  1.028   .702   .232   2.67   .473   .005   1
  36 32516    1936 2009     74      4      4    .332   1.97   8.29  1.523   .871   .269   2.78   .613  -.109   3
  37 172202   1942 2009     68      3      1    .359   1.42   5.40   .933   .589   .235   2.64   .422  -.087   1
  38 92250A   1925 2010     86      6      2    .303    .45    .79   .144   .733   .196   2.67   .553   .101   4
  39 50046    1944 2009     66      3      0    .441   1.39   3.26   .585   .710   .228   2.87   .616  -.069   2
  40 202496   1913 2009     97      6      2    .349   1.03   2.73   .617   .850   .268   2.82   .542   .051   1
  41 122060   1902 2009    108      7      0    .552   2.17   4.85   .834   .828   .188   2.66   .425  -.039   1
  42 111314   1927 2009     83      5      2    .473   2.49   5.88   .831   .655   .182   2.63   .469  -.041   2
  43 82138    1960 2009     50      1      0    .640   4.62   7.50  1.121   .496   .178   2.81   .616  -.062   1
  44 62281    1917 2009     93      6      1    .434   2.72   7.79  1.390   .913   .151   2.75   .476  -.133   1
  45 62019    1963 2009     47      1      0    .746   6.08   8.17  1.102   .380   .157   2.53   .573   .027   1
  46 72396    1925 2009     85      5      0    .609   3.33   6.71  1.218   .848   .155   2.62   .507  -.148   2
  47 40649    1922 2009     88      5      0    .464   2.88   6.90  1.660   .896   .184   2.65   .486  -.008   1
  48 42092    1920 2009     90      5      0    .545   1.94   7.04   .983   .843   .185   2.91   .502  -.072   1
PART 7:  DESCRIPTIVE STATISTICS:                                                                   14:11  Tue 19 Jun 2018  Page   8
------------------------------------------------------------------------------------------------------------------------------------

                                                Corr   //-------- Unfiltered --------\\  //---- Filtered -----\\
                           No.    No.    No.    with   Mean   Max     Std   Auto   Mean   Max     Std   Auto  AR
 Seq Series   Interval   Years  Segmt  Flags   Master  msmt   msmt    dev   corr   sens  value    dev   corr  ()
 --- -------- ---------  -----  -----  -----   ------ -----  -----  -----  -----  -----  -----  -----  -----  --
  49 60522    1922 2009     88      5      0    .495   1.29   3.01   .649   .828   .219   2.95   .626  -.098   1
  50 111252   1929 2009     81      5      0    .449   1.75   3.15   .478   .600   .192   2.51   .439  -.028   1
  51 72140    1942 2009     68      3      0    .629   2.66   4.04   .507   .421   .165   2.46   .377  -.012   1
  52 50499    1922 2009     88      5      0    .527   2.82   6.45  1.378   .850   .191   2.58   .434   .035   1
  53 82115    1934 2009     76      4      4    .190   1.05   1.83   .325   .617   .229   2.65   .518  -.053   1
  54 50506    1969 2008     40      1      0    .405   1.27   2.79   .495   .665   .230   2.78   .670  -.051   1
  55 10636    1920 2009     90      5      2    .422   1.78   6.67  1.039   .874   .178   2.74   .473   .021   1
  56 22336    1923 2009     87      5      0    .602   3.41   6.51  1.295   .748   .218   2.62   .495   .010   3
  57 12460    1965 2009     45      1      0    .581   3.20   4.68   .791   .524   .202   2.60   .474  -.047   2
  58 62372    1926 2009     84      5      0    .723   2.26   3.86   .688   .727   .176   2.66   .506   .016   1
  59 121026   1910 2009    100      6      1    .555   2.63   4.29   .718   .778   .138   2.60   .460  -.026   1
  60 30343A   1934 2015     82      5      0    .646   2.63   4.32   .638   .730   .151   2.60   .386  -.046   1
  61 120911A  1944 2016     73      4      1    .375   1.29   2.50   .451   .759   .193   2.51   .368  -.051   1
  62 121310A  1928 2015     88      6      0    .546   1.26   3.32   .607   .903   .164   2.60   .559  -.007   1
  63 190907A  1927 2015     89      6      1    .519   1.82   4.94   .882   .762   .216   2.99   .460   .006   1
  64 40617A   1942 2016     75      4      0    .484   2.81   4.91  1.010   .730   .205   2.64   .419  -.059   1
  65 52343A   1935 2017     83      5      0    .465   1.94   5.47   .850   .793   .193   2.80   .453   .037   1
  66 82228A   1927 2016     90      6      3    .502   2.82   6.41  1.429   .855   .197   2.61   .387  -.027   1
  67 142490A  1961 2017     57      2      1    .489   2.09   4.00   .616   .761   .155   2.58   .512  -.004   1
  68 192112A  1942 2016     75      4      1    .322    .45   1.43   .256   .764   .257   2.55   .436  -.039   1
  69 202248A  1942 2017     76      4      1    .424    .89   2.44   .607   .816   .328   2.86   .501  -.041   1
  70 112082   1939 2009     71      4      1    .319   1.78   3.24   .579   .831   .152   2.49   .349  -.018   1
  71 52287    1943 2009     67      3      0    .474   4.11   7.51  1.426   .767   .162   2.54   .435   .040   4
  72 121434   1886 2016    131     10      8    .316   2.12   3.84   .854   .880   .158   3.24   .460  -.159   1
 --- -------- ---------  -----  -----  -----   ------ -----  -----  -----  -----  -----  -----  -----  -----  --
 Total or mean:           5852    330     64    .475   2.20  20.99   .934   .774   .193   3.24   .472  -.026

                                              - = [  COFECHA QURU COF  ] = -
