[]  Dendrochronology Program Library                                        Run SAAL   Program COF  14:43  Fri 15 Jun 2018  Page   1
[]
[]  P R O G R A M      C O F E C H A                                                                          Version 6.06P    30483
------------------------------------------------------------------------------------------------------------------------------------

 QUALITY CONTROL AND DATING CHECK OF TREE-RING MEASUREMENTS

 File of DATED series:   saal_drop.rwl

 CONTENTS:

    Part 1:  Title page, options selected, summary, absent rings by series
    Part 2:  Histogram of time spans
    Part 3:  Master series with sample depth and absent rings by year
    Part 4:  Bar plot of Master Dating Series
    Part 5:  Correlation by segment of each series with Master
    Part 6:  Potential problems: low correlation, divergent year-to-year changes, absent rings, outliers
    Part 7:  Descriptive statistics

 RUN CONTROL OPTIONS SELECTED                             VALUE

         1  Cubic smoothing spline 50% wavelength cutoff for filtering
                                                            32 years
         2  Segments examined are                           50 years lagged successively by  10 years
         3  Autoregressive model applied                     A  Residuals are used in master dating series and testing
         4  Series transformed to logarithms                 Y  Each series log-transformed for master dating series and testing
         5  CORRELATION is Pearson (parametric, quantitative)
            Critical correlation, 99% confidence level   .3281
         6  Master dating series saved                       N
         7  Ring measurements listed                         N
         8  Parts printed                              1234567 
         9  Absent rings are omitted from master series and segment correlations  (Y)

 Time span of Master dating series is  1941 to  2015    75 years
 Continuous time span is               1941 to  2015    75 years
 Portion with two or more series is    1958 to  2015    58 years


                                        ****************************************
                                        *C* Number of dated series         3 *C*
                                        *O* Master series 1941 2015   75 yrs *O*
                                        *F* Total rings in all series    186 *F*
                                        *E* Total dated rings checked    169 *E*
                                        *C* Series intercorrelation     .165 *C*
                                        *H* Average mean sensitivity    .209 *H*
                                        *A* Segments, possible problems    8 *A*
                                        *** Mean length of series       62.0 ***
                                        ****************************************

 ABSENT RINGS listed by SERIES:            (See Master Dating Series for absent rings listed by year)

               No ring measurements of zero value
PART 2:  TIME PLOT OF TREE-RING SERIES:                                                            14:43  Fri 15 Jun 2018  Page   2
------------------------------------------------------------------------------------------------------------------------------------
 1050 1100 1150 1200 1250 1300 1350 1400 1450 1500 1550 1600 1650 1700 1750 1800 1850 1900 1950 2000 2050 Ident   Seq Time-span  Yrs
   :    :    :    :    :    :    :    :    :    :    :    :    :    :    :    :    :    :    :    :    : -------- --- ---- ---- ----
   .    .    .    .    .    .    .    .    .    .    .    .    .    .    .    .    .    .    .<====>   . 60148A     1 1962 2015   54
   .    .    .    .    .    .    .    .    .    .    .    .    .    .    .    .    .    .    <=====>   . 132276A    2 1958 2014   57
   .    .    .    .    .    .    .    .    .    .    .    .    .    .    .    .    .    .   <======>   . 190643A    3 1941 2015   75
   :    :    :    :    :    :    :    :    :    :    :    :    :    :    :    :    :    :    :    :    :
 1050 1100 1150 1200 1250 1300 1350 1400 1450 1500 1550 1600 1650 1700 1750 1800 1850 1900 1950 2000 2050
PART 3:  Master Dating Series:                                                                     14:43  Fri 15 Jun 2018  Page   3
------------------------------------------------------------------------------------------------------------------------------------
  Year  Value  No Ab    Year  Value  No Ab    Year  Value  No Ab    Year  Value  No Ab    Year  Value  No Ab    Year  Value  No Ab
  ------------------    ------------------    ------------------    ------------------    ------------------    ------------------
                        1950  1.932   1       2000  -.835   3
                        1951  1.246   1       2001   .149   3
                        1952   .529   1       2002   .359   3
                        1953   .328   1       2003  1.335   3
                        1954  -.692   1       2004   .493   3
                        1955 -1.618   1       2005   .822   3
                        1956  -.405   1       2006  -.270   3
                        1957  -.488   1       2007  -.323   3
                        1958  1.951   2       2008 -1.400   3
                        1959  -.037   2       2009  -.514   3

                        1960   .084   2       2010   .703   3
                        1961  1.213   2       2011  -.658   3
                        1962   .861   3       2012  -.247   3
                        1963  -.358   3       2013  1.074   3
                        1964 -2.297   3       2014   .723   3
                        1965  -.751   3       2015   .125   2
                        1966  -.004   3
                        1967   .358   3
                        1968   .679   3
                        1969  -.777   3

                        1970 -1.534   3
                        1971   .417   3
                        1972   .662   3
                        1973   .522   3
                        1974   .904   3
                        1975   .283   3
                        1976   .517   3
                        1977 -1.580   3
                        1978  -.384   3
                        1979 -1.757   3

                        1980 -2.240   3
                        1981  -.403   3
                        1982   .272   3
                        1983  -.119   3
                        1984   .017   3
                        1985   .641   3
                        1986   .694   3
                        1987   .718   3
                        1988   .351   3
                        1989  1.021   3

                        1990  1.562   3
  1941  -.881   1       1991  -.567   3
  1942 -1.408   1       1992   .525   3
  1943 -1.337   1       1993   .146   3
  1944  -.948   1       1994   .090   3
  1945  -.604   1       1995   .043   3
  1946 -1.027   1       1996  -.332   3
  1947  1.105   1       1997 -1.984   3
  1948  2.098   1       1998  -.021   3
  1949  2.305   1       1999 -1.057   3
------------------------------------------------------------------------------------------------------------------------------------
PART 4:  Master Bar Plot:                                                                          14:43  Fri 15 Jun 2018  Page   4
------------------------------------------------------------------------------------------------------------------------------------
   Year Rel value  Year Rel value  Year Rel value  Year Rel value  Year Rel value  Year Rel value  Year Rel value  Year Rel value
                   1950----------H 2000--c
                   1951---------E  2001-----A
                   1952-------B    2002------A
                   1953------A     2003---------E
                   1954--c         2004-------B
                   1955f           2005--------C
                   1956---b        2006---a
                   1957---b        2007---a
                   1958----------H 2008-f
                   1959----@       2009---b
                   1960-----@      2010--------C
                   1961---------E  2011--c
                   1962--------C   2012----a
                   1963---a        2013---------D
                   1964i           2014--------C
                   1965--c         2015-----@
                   1966-----@
                   1967------A
                   1968--------C
                   1969--c
                   1970f
                   1971------B
                   1972--------C
                   1973-------B
                   1974---------D
                   1975------A
                   1976-------B
                   1977f
                   1978---b
                   1979g
                   1980i
                   1981---b
                   1982------A
                   1983----@
                   1984-----@
                   1985--------C
                   1986--------C
                   1987--------C
                   1988------A
                   1989---------D
                   1990----------F
   1941-d          1991--b
   1942f           1992-------B
   1943-e          1993-----A
   1944-d          1994-----@
   1945--b         1995-----@
   1946-d          1996---a
   1947---------D  1997h
   1948----------H 1998----@
   1949----------I 1999-d
PART 5:  CORRELATION OF SERIES BY SEGMENTS:                                                        14:43  Fri 15 Jun 2018  Page   5
------------------------------------------------------------------------------------------------------------------------------------
 Correlations of  50-year dated segments, lagged  10 years
 Flags:  A = correlation under   .3281 but highest as dated;  B = correlation higher at other than dated position

 Seq Series  Time_span   1950 1960 1970
                         1999 2009 2019
 --- -------- ---------  ---- ---- ---- ---- ---- ---- ---- ---- ---- ---- ---- ---- ---- ---- ---- ---- ---- ---- ---- ----
   1 60148A   1962 2015        .14B .12B
   2 132276A  1958 2014   .15B .12B .08B
   3 190643A  1941 2015   .22A .19B .14B
 Av segment correlation   .19  .15  .11
PART 6:  POTENTIAL PROBLEMS:                                                                       14:43  Fri 15 Jun 2018  Page   5
------------------------------------------------------------------------------------------------------------------------------------

 For each series with potential problems the following diagnostics may appear:

 [A] Correlations with master dating series of flagged  50-year segments of series filtered with  32-year spline,
     at every point from ten years earlier (-10) to ten years later (+10) than dated

 [B] Effect of those data values which most lower or raise correlation with master series
     Symbol following year indicates value in series is greater (>) or lesser (<) than master series value

 [C] Year-to-year changes very different from the mean change in other series

 [D] Absent rings (zero values)

 [E] Values which are statistical outliers from mean for the year
====================================================================================================================================

 60148A    1962 to  2015      54 years                                                                                    Series   1

 [A] Segment   High   -10   -9   -8   -7   -6   -5   -4   -3   -2   -1   +0   +1   +2   +3   +4   +5   +6   +7   +8   +9  +10
    ---------  ----   ---  ---  ---  ---  ---  ---  ---  ---  ---  ---  ---  ---  ---  ---  ---  ---  ---  ---  ---  ---  ---
    1962 2011   -4   -.06  .03  .01 -.14 -.15 -.03  .19* .09 -.02  .04  .14| .12  .04  .16 -.14    -    -    -    -    -    -
    1966 2015   -4   -.02 -.01  .02 -.23 -.09 -.07  .17* .11 -.02  .10  .12|   -    -    -    -    -    -    -    -    -    -

 [B] Entire series, effect on correlation (  .151) is:
       Lower   2011> -.036   1965> -.026   1991> -.025   1966> -.023   1967< -.020   1995< -.020  Higher   1964  .053   1997  .030
     1962 to 2011 segment:
       Lower   2011> -.040   1991> -.028   1965> -.028   1966> -.025   1967< -.020   2009> -.020  Higher   1964  .056   1997  .030
     1966 to 2015 segment:
       Lower   2011> -.039   1966> -.026   1991> -.026   1967< -.021   1995< -.021   2009> -.021  Higher   1997  .040   1979  .028

 [E] Outliers     2   3.0 SD above or -4.5 SD below mean for year
       1966 +4.0 SD;    2011 +3.1 SD
====================================================================================================================================

 132276A   1958 to  2014      57 years                                                                                    Series   2

 [A] Segment   High   -10   -9   -8   -7   -6   -5   -4   -3   -2   -1   +0   +1   +2   +3   +4   +5   +6   +7   +8   +9  +10
    ---------  ----   ---  ---  ---  ---  ---  ---  ---  ---  ---  ---  ---  ---  ---  ---  ---  ---  ---  ---  ---  ---  ---
    1958 2007   -2    .23  .01  .02 -.12 -.33 -.09 -.06  .02  .29*-.07  .15| .16 -.11  .06  .08 -.18 -.21 -.01 -.17    -    -
    1960 2009   -2    .19 -.04 -.01 -.14 -.35 -.11 -.04  .05  .28*-.07  .12| .19 -.13  .04  .05 -.16 -.16    -    -    -    -
    1965 2014   -2    .16 -.07 -.02 -.17 -.25 -.16  .02  .05  .29*-.08  .08| .15    -    -    -    -    -    -    -    -    -

 [B] Entire series, effect on correlation (  .145) is:
       Lower   1976> -.042   1966< -.041   1999< -.023   1994< -.020   1993< -.019   1978> -.014  Higher   1977  .061   1964  .036
     1958 to 2007 segment:
       Lower   1966< -.049   1976> -.048   1999< -.025   1994< -.023   1993< -.022   1978> -.017  Higher   1977  .072   1964  .042
     1960 to 2009 segment:
       Lower   1966< -.047   1976> -.043   1999< -.026   1994< -.023   1993< -.022   1978> -.014  Higher   1977  .068   1964  .040
     1965 to 2014 segment:
       Lower   1976> -.045   1966< -.045   1993< -.020   1994< -.020   1999< -.019   1978> -.016  Higher   1977  .078   1979  .039

 [E] Outliers     4   3.0 SD above or -4.5 SD below mean for year
       1976 +5.0 SD;    1978 +3.6 SD;    1994 -4.7 SD;    2003 +4.9 SD
====================================================================================================================================

 190643A   1941 to  2015      75 years                                                                                    Series   3

 [*] Early part of series cannot be checked from 1941 to 1957 -- not matched by another series

 [A] Segment   High   -10   -9   -8   -7   -6   -5   -4   -3   -2   -1   +0   +1   +2   +3   +4   +5   +6   +7   +8   +9  +10
    ---------  ----   ---  ---  ---  ---  ---  ---  ---  ---  ---  ---  ---  ---  ---  ---  ---  ---  ---  ---  ---  ---  ---
    1958 2007    0    .10  .12 -.06 -.05 -.03 -.18 -.13 -.04 -.04  .15  .22*-.12  .20  .09  .06  .02 -.19 -.15  .15    -    -
    1960 2009   -1    .13  .13 -.08 -.07 -.07 -.22 -.15  .00 -.04  .23* .19|-.15  .23  .06  .04 -.03 -.14    -    -    -    -
    1966 2015   -3    .13  .09 -.16  .07 -.06 -.20 -.21  .17*-.16  .14  .14|   -    -    -    -    -    -    -    -    -    -

 [B] Entire series, effect on correlation (  .198) is:
       Lower   1994> -.049   1999> -.031   2011< -.022   1976< -.018   1978< -.016   1971< -.015  Higher   1977  .055   1964  .031
     1958 to 2007 segment:
       Lower   1994> -.061   1999> -.039   1976< -.023   1978< -.020   1971< -.020   2003< -.015  Higher   1977  .068   1964  .039
     1960 to 2009 segment:
       Lower   1994> -.056   1999> -.035   1976< -.022   1978< -.020   2009< -.018   1971< -.018  Higher   1977  .064   1964  .038
     1966 to 2015 segment:
       Lower   1994> -.056   1999> -.035   2011< -.023   1976< -.020   1978< -.018   2009< -.016  Higher   1977  .070   1997  .031

 [E] Outliers     2   3.0 SD above or -4.5 SD below mean for year
       1994 +3.9 SD;    1999 +3.3 SD
====================================================================================================================================
PART 7:  DESCRIPTIVE STATISTICS:                                                                   14:43  Fri 15 Jun 2018  Page   6
------------------------------------------------------------------------------------------------------------------------------------

                                                Corr   //-------- Unfiltered --------\\  //---- Filtered -----\\
                           No.    No.    No.    with   Mean   Max     Std   Auto   Mean   Max     Std   Auto  AR
 Seq Series   Interval   Years  Segmt  Flags   Master  msmt   msmt    dev   corr   sens  value    dev   corr  ()
 --- -------- ---------  -----  -----  -----   ------ -----  -----  -----  -----  -----  -----  -----  -----  --
   1 60148A   1962 2015     54      2      2    .151    .80   1.84   .536   .892   .252   2.64   .466  -.060   1
   2 132276A  1958 2014     57      3      3    .145    .79   2.15   .390   .451   .287   3.33   .627  -.114   1
   3 190643A  1941 2015     75      3      3    .198   1.56   3.80   .880   .967   .119   2.51   .455  -.036   1
 --- -------- ---------  -----  -----  -----   ------ -----  -----  -----  -----  -----  -----  -----  -----  --
 Total or mean:            186      8      8    .165   1.10   3.80   .630   .787   .209   3.33   .511  -.067

                                              - = [  COFECHA SAAL COF  ] = -
