[]  Dendrochronology Program Library                                        Run TIAM   Program COF  14:43  Fri 15 Jun 2018  Page   1
[]
[]  P R O G R A M      C O F E C H A                                                                          Version 6.06P    30483
------------------------------------------------------------------------------------------------------------------------------------

 QUALITY CONTROL AND DATING CHECK OF TREE-RING MEASUREMENTS

 File of DATED series:   tiam_drop.rwl

 CONTENTS:

    Part 1:  Title page, options selected, summary, absent rings by series
    Part 2:  Histogram of time spans
    Part 3:  Master series with sample depth and absent rings by year
    Part 4:  Bar plot of Master Dating Series
    Part 5:  Correlation by segment of each series with Master
    Part 6:  Potential problems: low correlation, divergent year-to-year changes, absent rings, outliers
    Part 7:  Descriptive statistics

 RUN CONTROL OPTIONS SELECTED                             VALUE

         1  Cubic smoothing spline 50% wavelength cutoff for filtering
                                                            32 years
         2  Segments examined are                           50 years lagged successively by  10 years
         3  Autoregressive model applied                     A  Residuals are used in master dating series and testing
         4  Series transformed to logarithms                 Y  Each series log-transformed for master dating series and testing
         5  CORRELATION is Pearson (parametric, quantitative)
            Critical correlation, 99% confidence level   .3281
         6  Master dating series saved                       N
         7  Ring measurements listed                         N
         8  Parts printed                              1234567 
         9  Absent rings are omitted from master series and segment correlations  (Y)

 Time span of Master dating series is  1881 to  2010   130 years
 Continuous time span is               1881 to  2010   130 years
 Portion with two or more series is    1883 to  2010   128 years


                                        ****************************************
                                        *C* Number of dated series        32 *C*
                                        *O* Master series 1881 2010  130 yrs *O*
                                        *F* Total rings in all series   2009 *F*
                                        *E* Total dated rings checked   2007 *E*
                                        *C* Series intercorrelation     .318 *C*
                                        *H* Average mean sensitivity    .344 *H*
                                        *A* Segments, possible problems   58 *A*
                                        *** Mean length of series       62.8 ***
                                        ****************************************

 ABSENT RINGS listed by SERIES:            (See Master Dating Series for absent rings listed by year)

               No ring measurements of zero value
PART 2:  TIME PLOT OF TREE-RING SERIES:                                                            14:43  Fri 15 Jun 2018  Page   2
------------------------------------------------------------------------------------------------------------------------------------
 1050 1100 1150 1200 1250 1300 1350 1400 1450 1500 1550 1600 1650 1700 1750 1800 1850 1900 1950 2000 2050 Ident   Seq Time-span  Yrs
   :    :    :    :    :    :    :    :    :    :    :    :    :    :    :    :    :    :    :    :    : -------- --- ---- ---- ----
   .    .    .    .    .    .    .    .    .    .    .    .    .    .    .    .    .    .    <====>    . 32050      1 1956 2009   54
   .    .    .    .    .    .    .    .    .    .    .    .    .    .    .    .    .    .    <====>    . 12242A     2 1958 2008   51
   .    .    .    .    .    .    .    .    .    .    .    .    .    .    .    .    .    .    <====>    . 22179      3 1951 2007   57
   .    .    .    .    .    .    .    .    .    .    .    .    .    .    .    .    .    .    . <==>    . 12123      4 1976 2008   33
   .    .    .    .    .    .    .    .    .    .    .    .    .    .    .    .    .    .    <====>    . 12245      5 1959 2009   51
   .    .    .    .    .    .    .    .    .    .    .    .    .    .    .    .    .    .    <====>    . 12132      6 1953 2009   57
   .    .    .    .    .    .    .    .    .    .    .    .    .    .    .    .    .    .  <======>    . 12195      7 1930 2005   76
   .    .    .    .    .    .    .    .    .    .    .    .    .    .    .    .    .    . <========>   . 32060      8 1924 2010   87
   .    .    .    .    .    .    .    .    .    .    .    .    .    .    .    .    .    .    <====>    . 32195      9 1957 2005   49
   .    .    .    .    .    .    .    .    .    .    .    .    .    .    .    .    .    .    <====>    . 42087A    10 1952 2007   56
   .    .    .    .    .    .    .    .    .    .    .    .    .    .    .    .    .    .    .<===>    . 22119     11 1966 2007   42
   .    .    .    .    .    .    .    .    .    .    .    .    .    .    .    .    .    .    <=====>   . 12169     12 1956 2010   55
   .    .    .    .    .    .    .    .    .    .    .    .    .    .    .    .    .    .  <======>    . 70653     13 1936 2009   74
   .    .    .    .    .    .    .    .    .    .    .    .    .    .    .    .    .    .<========>    . 32061     14 1916 2003   88
   .    .    .    .    .    .    .    .    .    .    .    .    .    .    .    .    .  <===========>    . 22166     15 1883 2009  127
   .    .    .    .    .    .    .    .    .    .    .    .    .    .    .    .    .    .   <=====>    . 22206     16 1942 2009   68
   .    .    .    .    .    .    .    .    .    .    .    .    .    .    .    .    .    .    <====>    . 32178     17 1957 2008   52
   .    .    .    .    .    .    .    .    .    .    .    .    .    .    .    .    .    .    .  <==>   . 12203     18 1985 2010   26
   .    .    .    .    .    .    .    .    .    .    .    .    .    .    .    .    .    .    <====>    . 22227     19 1958 2009   52
   .    .    .    .    .    .    .    .    .    .    .    .    .    .    .    .    .  <===========>    . 22166A    20 1881 2006  126
   .    .    .    .    .    .    .    .    .    .    .    .    .    .    .    .    .    .    .<===>    . 22059     21 1960 2008   49
   .    .    .    .    .    .    .    .    .    .    .    .    .    .    .    .    .    .  <======>    . 40969     22 1935 2005   71
   .    .    .    .    .    .    .    .    .    .    .    .    .    .    .    .    .    .    . <===>   . 32215     23 1977 2010   34
   .    .    .    .    .    .    .    .    .    .    .    .    .    .    .    .    .    .  <=======>   . 22111     24 1938 2010   73
   .    .    .    .    .    .    .    .    .    .    .    .    .    .    .    .    .    .  <======>    . 12191     25 1931 2002   72
   .    .    .    .    .    .    .    .    .    .    .    .    .    .    .    .    .    <=========>    . 12156     26 1907 2003   97
   .    .    .    .    .    .    .    .    .    .    .    .    .    .    .    .    .    .   <=====>    . 22198A    27 1945 2009   65
   .    .    .    .    .    .    .    .    .    .    .    .    .    .    .    .    .    .   <=====>    . 52052     28 1942 2001   60
   .    .    .    .    .    .    .    .    .    .    .    .    .    .    .    .    .    .    <====>    . 32180     29 1956 2004   49
   .    .    .    .    .    .    .    .    .    .    .    .    .    .    .    .    .    .    . <==>    . 22151     30 1974 2006   33
   .    .    .    .    .    .    .    .    .    .    .    .    .    .    .    .    .    .    <====>    . 22156     31 1950 2009   60
   .    .    .    .    .    .    .    .    .    .    .    .    .    .    .    .    .    .  <======>    . 12178     32 1936 2000   65
   :    :    :    :    :    :    :    :    :    :    :    :    :    :    :    :    :    :    :    :    :
 1050 1100 1150 1200 1250 1300 1350 1400 1450 1500 1550 1600 1650 1700 1750 1800 1850 1900 1950 2000 2050
PART 3:  Master Dating Series:                                                                     14:43  Fri 15 Jun 2018  Page   3
------------------------------------------------------------------------------------------------------------------------------------
  Year  Value  No Ab    Year  Value  No Ab    Year  Value  No Ab    Year  Value  No Ab    Year  Value  No Ab    Year  Value  No Ab
  ------------------    ------------------    ------------------    ------------------    ------------------    ------------------
                        1900  1.187   2       1950   .425  15       2000  -.320  32
                        1901   .112   2       1951   .214  16       2001   .339  31
                        1902   .676   2       1952   .613  17       2002  -.091  30
                        1903 -2.037   2       1953  -.566  18       2003   .259  29
                        1904  -.082   2       1954   .588  18       2004  1.067  27
                        1905 -2.002   2       1955   .267  18       2005   .740  26
                        1906  1.873   2       1956   .300  21       2006  -.283  23
                        1907  1.702   3       1957  -.193  23       2007  -.213  21
                        1908   .812   3       1958   .113  25       2008 -1.228  18
                        1909  1.717   3       1959  -.300  26       2009   .199  14

                        1910   .550   3       1960   .347  27       2010  -.789   5
                        1911   .654   3       1961   .417  27
                        1912  -.957   3       1962   .159  27
                        1913 -3.860   3       1963   .332  27
                        1914 -1.541   3       1964  -.798  27
                        1915 -1.689   3       1965  -.562  27
                        1916  -.552   4       1966  -.656  28
                        1917  -.063   4       1967   .054  28
                        1918   .588   4       1968   .795  28
                        1919  1.454   4       1969   .444  28

                        1920  -.019   4       1970   .867  28
                        1921   .019   4       1971  -.142  28
                        1922  -.868   4       1972   .820  28
                        1923  -.177   4       1973   .291  28
                        1924 -1.076   5       1974  -.861  29
                        1925  -.872   5       1975  -.138  29
                        1926   .785   5       1976 -1.156  30
                        1927  1.567   5       1977 -2.127  31
                        1928 -1.075   5       1978  -.409  31
                        1929  -.411   5       1979  -.708  31

                        1930   .575   6       1980   .396  31
  1881  2.398   1       1931   .432   7       1981   .489  31
  1882   .471   1       1932   .022   7       1982   .936  31
  1883  -.001   2       1933   .841   7       1983   .530  31
  1884 -1.140   2       1934   .807   7       1984   .999  31
  1885  -.526   2       1935  -.260   8       1985  -.149  32
  1886   .416   2       1936  -.310  10       1986   .242  32
  1887  -.031   2       1937   .581  10       1987   .258  32
  1888   .658   2       1938   .064  11       1988   .172  32
  1889   .745   2       1939  1.322  11       1989   .107  32

  1890   .207   2       1940  1.161  11       1990  -.048  32
  1891  -.281   2       1941   .471  11       1991  -.093  32
  1892 -3.339   2       1942  -.389  13       1992  -.989  32
  1893 -3.698   2       1943  -.310  13       1993  -.080  32
  1894  -.727   2       1944 -2.140  13       1994  -.274  32
  1895   .128   2       1945 -1.048  14       1995   .184  32
  1896  1.762   2       1946  -.463  14       1996  -.077  32
  1897  1.903   2       1947   .002  14       1997   .146  32
  1898  1.835   2       1948   .380  14       1998   .315  32
  1899   .657   2       1949  -.277  14       1999  -.485  32
------------------------------------------------------------------------------------------------------------------------------------
PART 4:  Master Bar Plot:                                                                          14:43  Fri 15 Jun 2018  Page   4
------------------------------------------------------------------------------------------------------------------------------------
   Year Rel value  Year Rel value  Year Rel value  Year Rel value  Year Rel value  Year Rel value  Year Rel value  Year Rel value
                   1900---------E  1950-------B    2000---a
                   1901-----@      1951------A     2001------A
                   1902--------C   1952--------B   2002----@
                   1903h           1953--b         2003------A
                   1904----@       1954--------B   2004---------D
                   1905h           1955------A     2005---------C
                   1906----------G 1956------A     2006---a
                   1907----------G 1957---a        2007---a
                   1908---------C  1958-----@      2008-e
                   1909----------G 1959---a        2009------A
                   1910--------B   1960-------A    2010-c
                   1911--------C   1961-------B
                   1912-d          1962-----A
                   1913o           1963------A
                   1914f           1964-c
                   1915g           1965--b
                   1916--b         1966--c
                   1917----@       1967-----@
                   1918--------B   1968---------C
                   1919----------F 1969-------B
                   1920----@       1970---------C
                   1921-----@      1971----a
                   1922-c          1972---------C
                   1923---a        1973------A
                   1924-d          1974-c
                   1925-c          1975----a
                   1926---------C  1976-e
                   1927----------F 1977i
                   1928-d          1978--b
                   1929--b         1979-c
                   1930--------B   1980-------B
   1881----------J 1931-------B    1981-------B
   1882-------B    1932-----@      1982---------D
   1883----@       1933---------C  1983--------B
   1884-e          1934---------C  1984---------D
   1885--b         1935---a        1985----a
   1886-------B    1936---a        1986------A
   1887----@       1937--------B   1987------A
   1888--------C   1938-----@      1988-----A
   1889---------C  1939----------E 1989-----@
   1890------A     1940---------E  1990----@
   1891---a        1941-------B    1991----@
   1892m           1942--b         1992-d
   1893o           1943---a        1993----@
   1894-c          1944i           1994---a
   1895-----A      1945-d          1995-----A
   1896----------G 1946--b         1996----@
   1897----------H 1947----@       1997-----A
   1898----------G 1948-------B    1998------A
   1899--------C   1949---a        1999--b
PART 5:  CORRELATION OF SERIES BY SEGMENTS:                                                        14:43  Fri 15 Jun 2018  Page   5
------------------------------------------------------------------------------------------------------------------------------------
 Correlations of  50-year dated segments, lagged  10 years
 Flags:  A = correlation under   .3281 but highest as dated;  B = correlation higher at other than dated position

 Seq Series  Time_span   1880 1890 1900 1910 1920 1930 1940 1950 1960 1970 1980
                         1929 1939 1949 1959 1969 1979 1989 1999 2009 2019 2029
 --- -------- ---------  ---- ---- ---- ---- ---- ---- ---- ---- ---- ---- ---- ---- ---- ---- ---- ---- ---- ---- ---- ----
   1 32050    1956 2009                                      .63  .64
   2 12242A   1958 2008                                      .30A .34
   3 22179    1951 2007                                      .33  .38
   4 12123    1976 2008                                                .40
   5 12245    1959 2009                                      .61  .60
   6 12132    1953 2009                                      .50  .38
   7 12195    1930 2005                            .20A .28A .34  .30A
   8 32060    1924 2010                       .23B .25B .28A .28A .32A .34
   9 32195    1957 2005                                      .46
  10 42087A   1952 2007                                      .24B .27B
  11 22119    1966 2007                                           .46
  12 12169    1956 2010                                      .21A .28A .26A
  13 70653    1936 2009                            .08B .11B .09B .21B
  14 32061    1916 2003                  .27A .32A .42  .44  .32A .25B
  15 22166    1883 2009   .60  .66  .65  .51  .38  .38  .43  .22B .31A
  16 22206    1942 2009                                 .25B .45  .46
  17 32178    1957 2008                                      .44  .42
  18 12203    1985 2010                                                     .26A
  19 22227    1958 2009                                      .20B .25B
  20 22166A   1881 2006   .58  .69  .65  .51  .49  .28A .11B-.08B-.06B
  21 22059    1960 2008                                           .30A
  22 40969    1935 2005                            .45  .46  .24B .25B
  23 32215    1977 2010                                                .32A
  24 22111    1938 2010                            .23A .23A .16B .15B .17B
  25 12191    1931 2002                            .38  .48  .28B .22B
  26 12156    1907 2003             .38  .35B .21B .38  .46  .39  .42
  27 22198A   1945 2009                                 .24B .26A .13B
  28 52052    1942 2001                                 .29B .33A .33
  29 32180    1956 2004                                      .13B
  30 22151    1974 2006                                                .26A
  31 22156    1950 2009                                      .16B .30A
  32 12178    1936 2000                            .25A .23B .26A .27A
 Av segment correlation   .59  .67  .56  .41  .33  .30  .31  .30  .31  .29  .26
PART 6:  POTENTIAL PROBLEMS:                                                                       14:43  Fri 15 Jun 2018  Page   5
------------------------------------------------------------------------------------------------------------------------------------

 For each series with potential problems the following diagnostics may appear:

 [A] Correlations with master dating series of flagged  50-year segments of series filtered with  32-year spline,
     at every point from ten years earlier (-10) to ten years later (+10) than dated

 [B] Effect of those data values which most lower or raise correlation with master series
     Symbol following year indicates value in series is greater (>) or lesser (<) than master series value

 [C] Year-to-year changes very different from the mean change in other series

 [D] Absent rings (zero values)

 [E] Values which are statistical outliers from mean for the year
====================================================================================================================================

 32050     1956 to  2009      54 years                                                                                    Series   1

 [B] Entire series, effect on correlation (  .615) is:
       Lower   2005< -.032   1992> -.025   2008> -.020   1976> -.016   1959< -.014   2003< -.013  Higher   1977  .098   2004  .022

====================================================================================================================================

 12242A    1958 to  2008      51 years                                                                                    Series   2

 [A] Segment   High   -10   -9   -8   -7   -6   -5   -4   -3   -2   -1   +0   +1   +2   +3   +4   +5   +6   +7   +8   +9  +10
    ---------  ----   ---  ---  ---  ---  ---  ---  ---  ---  ---  ---  ---  ---  ---  ---  ---  ---  ---  ---  ---  ---  ---
    1958 2007    0    .12 -.14 -.32 -.12 -.24 -.14 -.17  .03 -.03 -.03  .30*-.03  .09  .10    -    -    -    -    -    -    -

 [B] Entire series, effect on correlation (  .328) is:
       Lower   1989< -.091   1974> -.024   1992> -.021   1964> -.021   1985> -.019   1966> -.017  Higher   1977  .049   2004  .033
     1958 to 2007 segment:
       Lower   1989< -.089   1974> -.025   1992> -.022   1964> -.021   1985> -.020   1966> -.018  Higher   1977  .058   2004  .035

====================================================================================================================================

 22179     1951 to  2007      57 years                                                                                    Series   3

 [B] Entire series, effect on correlation (  .355) is:
       Lower   1968< -.047   1997< -.045   1952< -.039   1985> -.032   1989< -.019   1977> -.019  Higher   1976  .060   1964  .052

====================================================================================================================================

 12123     1976 to  2008      33 years                                                                                    Series   4

 [B] Entire series, effect on correlation (  .403) is:
       Lower   1977> -.060   1994> -.053   1986< -.025   1988< -.023   2007< -.020   2000> -.008  Higher   1980  .027   1976  .022

====================================================================================================================================

 12245     1959 to  2009      51 years                                                                                    Series   5

 [B] Entire series, effect on correlation (  .601) is:
       Lower   2000> -.036   1976> -.024   1971> -.022   1963< -.019   1979> -.018   1973< -.017  Higher   1977  .099   2008  .024

====================================================================================================================================

 12132     1953 to  2009      57 years                                                                                    Series   6

 [B] Entire series, effect on correlation (  .385) is:
       Lower   2005< -.040   1997< -.040   2008> -.030   1976> -.028   2003< -.021   1985> -.021  Higher   1977  .108   1984  .016

====================================================================================================================================

 12195     1930 to  2005      76 years                                                                                    Series   7

 [A] Segment   High   -10   -9   -8   -7   -6   -5   -4   -3   -2   -1   +0   +1   +2   +3   +4   +5   +6   +7   +8   +9  +10
    ---------  ----   ---  ---  ---  ---  ---  ---  ---  ---  ---  ---  ---  ---  ---  ---  ---  ---  ---  ---  ---  ---  ---
    1930 1979    0    .16 -.12 -.21 -.01  .04 -.12  .06  .04 -.04  .05  .20* .18  .17  .06 -.04 -.09 -.27 -.12 -.26  .01  .01
    1940 1989    0    .01 -.04 -.27 -.21 -.23 -.14 -.06  .03  .05  .13  .28* .11  .19  .04 -.04  .16 -.29  .02 -.31  .00 -.16
    - - - - - - - - - - - - - - - - - - - - - - - - - - - - - - - - - - - - - - - - - - - - - - - - - - - - - - - - - - - - -
    1956 2005    0   -.01  .06 -.13 -.17 -.17 -.15 -.29  .04 -.08  .07  .30* .10  .23  .12 -.10  .14    -    -    -    -    -

 [B] Entire series, effect on correlation (  .191) is:
       Lower   1948< -.035   1934< -.031   1972< -.030   1940< -.025   1999> -.024   1930< -.021  Higher   1964  .057   1977  .043
     1930 to 1979 segment:
       Lower   1948< -.048   1934< -.042   1972< -.041   1940< -.034   1932< -.029   1930< -.028  Higher   1964  .067   1977  .051
     1940 to 1989 segment:
       Lower   1948< -.058   1972< -.049   1940< -.040   1953> -.019   1987< -.017   1979> -.017  Higher   1964  .058   1977  .050
     1956 to 2005 segment:
       Lower   1972< -.059   1999> -.044   2005< -.022   2004< -.021   1979> -.021   1987< -.020  Higher   1964  .073   1977  .057

====================================================================================================================================

 32060     1924 to  2010      87 years                                                                                    Series   8

 [A] Segment   High   -10   -9   -8   -7   -6   -5   -4   -3   -2   -1   +0   +1   +2   +3   +4   +5   +6   +7   +8   +9  +10
    ---------  ----   ---  ---  ---  ---  ---  ---  ---  ---  ---  ---  ---  ---  ---  ---  ---  ---  ---  ---  ---  ---  ---
    1924 1973   -9   -.08  .32* .14  .14  .17 -.09  .01 -.02 -.11 -.07  .23| .07 -.20 -.19 -.12 -.17 -.14 -.04 -.02 -.01  .02
    1930 1979   -9   -.06  .31*-.01  .08  .14  .00 -.08  .00  .08  .09  .25| .12 -.14 -.16 -.30 -.22 -.18 -.13 -.08  .10 -.03
    1940 1989    0   -.09  .20  .00  .03  .08  .05  .04 -.05  .13  .11  .28* .05 -.08 -.19 -.25 -.25 -.10 -.20 -.02  .06  .01
    1950 1999    0   -.13  .20 -.06 -.05  .07  .03  .09 -.13  .23  .00  .28* .07  .00 -.15 -.25 -.17 -.15 -.18 -.02  .07 -.08
    1960 2009    0   -.17 -.20 -.06 -.04 -.06  .13  .01 -.08  .22  .25  .32* .27    -    -    -    -    -    -    -    -    -

 [B] Entire series, effect on correlation (  .261) is:
       Lower   1950< -.036   1953< -.023   1933< -.021   1974> -.021   1931< -.018   1985> -.017  Higher   1977  .042   1928  .032
     1924 to 1973 segment:
       Lower   1950< -.055   1933< -.033   1931< -.027   1953< -.027   1944> -.019   1925> -.013  Higher   1928  .059   1926  .022
     1930 to 1979 segment:
       Lower   1950< -.056   1974> -.037   1933< -.033   1953< -.028   1944> -.028   1931< -.027  Higher   1977  .070   1976  .051
     1940 to 1989 segment:
       Lower   1950< -.064   1953< -.047   1974> -.038   1944> -.032   1985> -.031   1982< -.015  Higher   1977  .072   1976  .053
     1950 to 1999 segment:
       Lower   1950< -.067   1974> -.048   1985> -.038   1953< -.028   1982< -.015   1992> -.014  Higher   1977  .078   1976  .062
     1960 to 2009 segment:
       Lower   1974> -.048   1985> -.039   2008> -.026   2007< -.023   1982< -.023   2002> -.022  Higher   1977  .104   1976  .066

 [E] Outliers     1   3.0 SD above or -4.5 SD below mean for year
       1953 -6.5 SD
====================================================================================================================================

 32195     1957 to  2005      49 years                                                                                    Series   9

 [B] Entire series, effect on correlation (  .461) is:
       Lower   1974> -.042   1964> -.030   2002> -.024   1965> -.021   1957< -.020   2005< -.019  Higher   1977  .070   1992  .048

====================================================================================================================================

 42087A    1952 to  2007      56 years                                                                                    Series  10

 [A] Segment   High   -10   -9   -8   -7   -6   -5   -4   -3   -2   -1   +0   +1   +2   +3   +4   +5   +6   +7   +8   +9  +10
    ---------  ----   ---  ---  ---  ---  ---  ---  ---  ---  ---  ---  ---  ---  ---  ---  ---  ---  ---  ---  ---  ---  ---
    1952 2001    1   -.14 -.04 -.13 -.13 -.09 -.13 -.09 -.09  .29  .02  .24| .29* .01 -.09 -.04 -.23 -.13 -.19  .14  .10    -
    1958 2007   -2   -.18 -.02 -.04 -.10 -.09 -.15 -.07 -.09  .28* .10  .27| .28 -.08 -.11    -    -    -    -    -    -    -

 [B] Entire series, effect on correlation (  .239) is:
       Lower   1974> -.052   1977> -.052   1964> -.050   1998< -.042   1956< -.022   2006> -.020  Higher   1976  .061   1992  .038
     1952 to 2001 segment:
       Lower   1977> -.063   1974> -.059   1964> -.057   1998< -.045   1956< -.023   1955< -.010  Higher   1976  .066   1992  .040
     1958 to 2007 segment:
       Lower   1977> -.059   1974> -.057   1964> -.054   1998< -.050   2006> -.022   2003< -.011  Higher   1976  .064   1992  .040

====================================================================================================================================

 22119     1966 to  2007      42 years                                                                                    Series  11

 [B] Entire series, effect on correlation (  .460) is:
       Lower   2000> -.042   2002< -.033   1980< -.029   2007< -.021   1971> -.020   1975< -.014  Higher   1977  .045   1992  .033

====================================================================================================================================

 12169     1956 to  2010      55 years                                                                                    Series  12

 [A] Segment   High   -10   -9   -8   -7   -6   -5   -4   -3   -2   -1   +0   +1   +2   +3   +4   +5   +6   +7   +8   +9  +10
    ---------  ----   ---  ---  ---  ---  ---  ---  ---  ---  ---  ---  ---  ---  ---  ---  ---  ---  ---  ---  ---  ---  ---
    1956 2005    0   -.21 -.16 -.29  .04 -.10  .04 -.06  .15  .01  .16  .21*-.08  .17 -.10  .07 -.02    -    -    -    -    -
    1960 2009    0   -.23 -.13 -.27  .06 -.09  .03 -.06  .12 -.02  .09  .28*-.13    -    -    -    -    -    -    -    -    -
    1961 2010    0   -.20 -.11 -.26  .02 -.02  .05 -.07  .10 -.04  .08  .26*   -    -    -    -    -    -    -    -    -    -

 [B] Entire series, effect on correlation (  .210) is:
       Lower   2010> -.065   1960< -.046   1969< -.042   1985> -.035   2002> -.026   1995< -.025  Higher   1992  .063   2008  .039
     1956 to 2005 segment:
       Lower   1960< -.050   1985> -.046   1969< -.045   2002> -.035   1995< -.026   1977> -.019  Higher   1992  .091   1974  .038
     1960 to 2009 segment:
       Lower   1960< -.051   1969< -.048   1985> -.044   2002> -.033   1995< -.027   1977> -.026  Higher   1992  .067   2008  .041
     1961 to 2010 segment:
       Lower   2010> -.071   1969< -.052   1985> -.038   1995< -.030   2002> -.028   1977> -.014  Higher   1992  .059   2008  .040

====================================================================================================================================

 70653     1936 to  2009      74 years                                                                                    Series  13

 [A] Segment   High   -10   -9   -8   -7   -6   -5   -4   -3   -2   -1   +0   +1   +2   +3   +4   +5   +6   +7   +8   +9  +10
    ---------  ----   ---  ---  ---  ---  ---  ---  ---  ---  ---  ---  ---  ---  ---  ---  ---  ---  ---  ---  ---  ---  ---
    1936 1985   -7   -.10  .08  .18  .22* .05 -.16  .00 -.04  .07  .02  .08|-.01  .05  .10  .00  .05 -.13 -.13 -.09 -.08 -.06
    1940 1989   -7   -.09  .18  .11  .25* .13 -.12 -.01  .03  .07  .01  .11|-.03 -.02  .10  .00  .04 -.03 -.07 -.17 -.11 -.09
    1950 1999   -7   -.15  .11  .14  .25* .10 -.10  .14  .00  .20  .01  .09|-.09 -.09  .06  .00  .04  .00 -.05 -.16 -.02 -.08
    1960 2009   -2   -.05  .08 -.03  .06  .05 -.17  .09  .11  .23*-.03  .21|-.19    -    -    -    -    -    -    -    -    -

 [B] Entire series, effect on correlation (  .137) is:
       Lower   1952< -.036   1964> -.024   1981< -.024   1970< -.023   1938> -.014   1980< -.013  Higher   1982  .024   1977  .022
     1936 to 1985 segment:
       Lower   1952< -.047   1964> -.034   1981< -.031   1970< -.030   1938> -.020   1980< -.016  Higher   1977  .036   1982  .036
     1940 to 1989 segment:
       Lower   1952< -.054   1981< -.036   1964> -.034   1970< -.034   1980< -.019   1957> -.014  Higher   1977  .038   1982  .037
     1950 to 1999 segment:
       Lower   1952< -.054   1964> -.041   1981< -.035   1970< -.035   1980< -.018   1957> -.017  Higher   1982  .042   1977  .041
     1960 to 2009 segment:
       Lower   1964> -.043   1981< -.037   1970< -.035   1980< -.019   2007> -.018   2006> -.017  Higher   1982  .035   2004  .029

====================================================================================================================================

 32061     1916 to  2003      88 years                                                                                    Series  14

 [A] Segment   High   -10   -9   -8   -7   -6   -5   -4   -3   -2   -1   +0   +1   +2   +3   +4   +5   +6   +7   +8   +9  +10
    ---------  ----   ---  ---  ---  ---  ---  ---  ---  ---  ---  ---  ---  ---  ---  ---  ---  ---  ---  ---  ---  ---  ---
    1916 1965    0    .17  .15  .06  .05 -.18 -.15  .04 -.14 -.13  .15  .27* .03 -.05  .05 -.21 -.21  .10  .21 -.08  .13  .07
    1920 1969    0    .14  .10  .05  .04 -.14 -.21  .08 -.01 -.17  .10  .32* .04 -.03 -.01 -.19 -.14  .14  .15  .02  .16  .01
    - - - - - - - - - - - - - - - - - - - - - - - - - - - - - - - - - - - - - - - - - - - - - - - - - - - - - - - - - - - - -
    1950 1999    0   -.01  .05 -.07 -.22 -.20 -.23 -.08 -.22  .15 -.10  .32* .10  .26 -.08 -.02  .05  .25 -.03  .12  .06 -.16
    1954 2003    2   -.09  .01 -.06 -.18 -.06 -.16 -.13 -.28  .15 -.09  .25| .17  .29*-.05 -.09  .00  .15 -.04    -    -    -

 [B] Entire series, effect on correlation (  .267) is:
       Lower   1916> -.044   1924> -.033   1957< -.021   2002> -.017   1917< -.010   1993< -.009  Higher   1944  .045   1982  .015
     1916 to 1965 segment:
       Lower   1916> -.070   1924> -.054   1957< -.036   1917< -.015   1947< -.007   1942> -.007  Higher   1944  .071   1926  .022
     1920 to 1969 segment:
       Lower   1924> -.068   1957< -.047   1966> -.014   1969< -.013   1947< -.009   1942> -.008  Higher   1944  .068   1926  .023
     1950 to 1999 segment:
       Lower   1957< -.046   1999> -.021   1992> -.019   1993< -.019   1966> -.018   1969< -.015  Higher   1982  .032   1976  .019
     1954 to 2003 segment:
       Lower   1957< -.035   2002> -.035   1999> -.019   1993< -.019   1966> -.017   1992> -.016  Higher   1982  .036   1976  .024

 [E] Outliers     1   3.0 SD above or -4.5 SD below mean for year
       1916 +3.0 SD
====================================================================================================================================

 22166     1883 to  2009     127 years                                                                                    Series  15

 [A] Segment   High   -10   -9   -8   -7   -6   -5   -4   -3   -2   -1   +0   +1   +2   +3   +4   +5   +6   +7   +8   +9  +10
    ---------  ----   ---  ---  ---  ---  ---  ---  ---  ---  ---  ---  ---  ---  ---  ---  ---  ---  ---  ---  ---  ---  ---
    1950 1999   -6   -.21 -.22  .17 -.04  .29* .16  .08  .11  .06  .12  .22|-.28  .05 -.20 -.35 -.04  .26 -.09  .05  .06 -.16
    1960 2009    0   -.03 -.23  .29 -.18  .21  .00  .04  .14  .01  .25  .31*-.28    -    -    -    -    -    -    -    -    -

 [B] Entire series, effect on correlation (  .457) is:
       Lower   1883> -.037   1916< -.017   1885< -.014   1890< -.013   1891> -.011   1936< -.009  Higher   1913  .038   1893  .029
     1950 to 1999 segment:
       Lower   1976> -.038   1966> -.036   1999> -.036   1993< -.028   1951< -.027   1953> -.026  Higher   1977  .201   1964  .026
     1960 to 2009 segment:
       Lower   1976> -.041   1999> -.037   1966> -.036   1993< -.027   1992> -.024   1997< -.020  Higher   1977  .151   1984  .019

 [E] Outliers     1   3.0 SD above or -4.5 SD below mean for year
       1883 +3.6 SD
====================================================================================================================================

 22206     1942 to  2009      68 years                                                                                    Series  16

 [A] Segment   High   -10   -9   -8   -7   -6   -5   -4   -3   -2   -1   +0   +1   +2   +3   +4   +5   +6   +7   +8   +9  +10
    ---------  ----   ---  ---  ---  ---  ---  ---  ---  ---  ---  ---  ---  ---  ---  ---  ---  ---  ---  ---  ---  ---  ---
    1942 1991   -1    .03  .04 -.10 -.21 -.36 -.30 -.16 -.02  .16  .31* .25| .24  .08 -.22  .07 -.16  .00 -.07 -.11  .08  .07

 [B] Entire series, effect on correlation (  .342) is:
       Lower   1944> -.051   1948< -.032   1960< -.026   1971> -.020   2006> -.019   1986< -.016  Higher   2008  .046   1992  .032
     1942 to 1991 segment:
       Lower   1944> -.052   1948< -.046   1960< -.038   1971> -.029   1986< -.023   1967< -.022  Higher   1977  .063   1976  .039

====================================================================================================================================

 32178     1957 to  2008      52 years                                                                                    Series  17

 [B] Entire series, effect on correlation (  .420) is:
       Lower   1986< -.033   1984< -.025   1977> -.021   1987< -.019   2007> -.011   1979> -.011  Higher   1982  .023   1968  .023

====================================================================================================================================

 12203     1985 to  2010      26 years                                                                                    Series  18

 [A] Segment   High   -10   -9   -8   -7   -6   -5   -4   -3   -2   -1   +0   +1   +2   +3   +4   +5   +6   +7   +8   +9  +10
    ---------  ----   ---  ---  ---  ---  ---  ---  ---  ---  ---  ---  ---  ---  ---  ---  ---  ---  ---  ---  ---  ---  ---
    1985 2010    0    .09  .00  .21  .23 -.15 -.13  .16  .22  .04 -.38  .26*   -    -    -    -    -    -    -    -    -    -

 [B] Entire series, effect on correlation (  .255) is:
       Lower   2008> -.190   1992> -.063   1988< -.031   2009< -.011   1991> -.008   2007> -.008  Higher   1999  .080   2010  .064
     1985 to 2010 segment:
       Lower   2008> -.190   1992> -.063   1988< -.031   2009< -.011   1991> -.008   2007> -.008  Higher   1999  .080   2010  .064

====================================================================================================================================

 22227     1958 to  2009      52 years                                                                                    Series  19

 [A] Segment   High   -10   -9   -8   -7   -6   -5   -4   -3   -2   -1   +0   +1   +2   +3   +4   +5   +6   +7   +8   +9  +10
    ---------  ----   ---  ---  ---  ---  ---  ---  ---  ---  ---  ---  ---  ---  ---  ---  ---  ---  ---  ---  ---  ---  ---
    1958 2007   -9    .00  .30* .12  .00 -.20 -.05 -.25 -.02  .07  .04  .20|-.10  .17  .04    -    -    -    -    -    -    -
    1960 2009   -9    .02  .30* .14 -.03 -.15 -.11 -.28 -.04  .12  .03  .25|-.13    -    -    -    -    -    -    -    -    -

 [B] Entire series, effect on correlation (  .232) is:
       Lower   1960< -.038   2006> -.030   1964> -.027   2000< -.021   2002> -.018   1992> -.018  Higher   1974  .040   2008  .031
     1958 to 2007 segment:
       Lower   1960< -.039   2006> -.031   1964> -.027   2002> -.019   1959> -.018   1992> -.017  Higher   1974  .046   1977  .038
     1960 to 2009 segment:
       Lower   1960< -.039   2006> -.032   1964> -.029   2000< -.024   2002> -.019   1992> -.019  Higher   1974  .040   2008  .031

====================================================================================================================================

 22166A    1881 to  2006     126 years                                                                                    Series  20

 [*] Early part of series cannot be checked from 1881 to 1882 -- not matched by another series

 [A] Segment   High   -10   -9   -8   -7   -6   -5   -4   -3   -2   -1   +0   +1   +2   +3   +4   +5   +6   +7   +8   +9  +10
    ---------  ----   ---  ---  ---  ---  ---  ---  ---  ---  ---  ---  ---  ---  ---  ---  ---  ---  ---  ---  ---  ---  ---
    1930 1979    0   -.11 -.28 -.12  .05  .11  .00  .03  .03  .04  .09  .28* .01  .03 -.27 -.30 -.15  .10  .24  .10  .24 -.09
    1940 1989   -6   -.24 -.19 -.06  .15  .26* .21  .15  .14  .05  .05  .11|-.06 -.01 -.30 -.31 -.09 -.05  .15 -.03  .22 -.08
    1950 1999   -6   -.22 -.11 -.11  .22  .29* .27  .19  .15  .01  .00 -.08|-.05 -.04 -.33 -.28  .06 -.13  .16  .15  .07 -.10
    1957 2006   -6   -.13 -.08 -.06  .19  .23* .22  .18  .09 -.01  .07 -.06|-.05 -.01 -.40 -.22    -    -    -    -    -    -

 [B] Entire series, effect on correlation (  .395) is:
       Lower   1883< -.035   1977> -.017   1912> -.017   1885> -.015   1890> -.012   1980< -.012  Higher   1892  .043   1913  .036
     1930 to 1979 segment:
       Lower   1977> -.070   1966> -.031   1947< -.027   1953> -.026   1932> -.023   1978< -.021  Higher   1944  .144   1964  .042
     1940 to 1989 segment:
       Lower   1977> -.057   1980< -.036   1982< -.033   1966> -.028   1953> -.024   1947< -.021  Higher   1944  .172   1964  .051
     1950 to 1999 segment:
       Lower   1980< -.036   1977> -.035   1982< -.033   1966> -.026   1953> -.021   1979> -.017  Higher   1964  .079   1965  .027
     1957 to 2006 segment:
       Lower   1977> -.045   1980< -.034   1982< -.030   1966> -.028   2004< -.019   1979> -.019  Higher   1964  .070   2006  .034

====================================================================================================================================

 22059     1960 to  2008      49 years                                                                                    Series  21

 [A] Segment   High   -10   -9   -8   -7   -6   -5   -4   -3   -2   -1   +0   +1   +2   +3   +4   +5   +6   +7   +8   +9  +10
    ---------  ----   ---  ---  ---  ---  ---  ---  ---  ---  ---  ---  ---  ---  ---  ---  ---  ---  ---  ---  ---  ---  ---
    1960 2008    0    .12 -.01  .15 -.07 -.17 -.29  .07 -.12  .11  .11  .30*-.06  .06    -    -    -    -    -    -    -    -

 [B] Entire series, effect on correlation (  .295) is:
       Lower   1960< -.024   1968< -.024   1989< -.022   1971> -.020   1981< -.020   1992> -.018  Higher   2004  .042   1976  .033
     1960 to 2008 segment:
       Lower   1960< -.024   1968< -.024   1989< -.022   1971> -.020   1981< -.020   1992> -.018  Higher   2004  .042   1976  .033

====================================================================================================================================

 40969     1935 to  2005      71 years                                                                                    Series  22

 [A] Segment   High   -10   -9   -8   -7   -6   -5   -4   -3   -2   -1   +0   +1   +2   +3   +4   +5   +6   +7   +8   +9  +10
    ---------  ----   ---  ---  ---  ---  ---  ---  ---  ---  ---  ---  ---  ---  ---  ---  ---  ---  ---  ---  ---  ---  ---
    1950 1999   -8   -.01  .17  .24*-.31  .16 -.40 -.01  .01 -.10  .10  .24| .18  .03  .02 -.06 -.05 -.23  .07 -.10  .04  .02
    1956 2005   -8    .03  .16  .29*-.27  .24 -.40 -.08  .08 -.14  .12  .25| .22 -.02 -.01 -.16 -.02    -    -    -    -    -

 [B] Entire series, effect on correlation (  .402) is:
       Lower   1995< -.029   1980< -.022   1977> -.018   1979> -.017   1971> -.017   1999> -.014  Higher   1944  .130   2004  .021
     1950 to 1999 segment:
       Lower   1995< -.042   1980< -.033   1979> -.023   1971> -.022   1972< -.017   1999> -.016  Higher   1974  .040   1985  .033
     1956 to 2005 segment:
       Lower   1995< -.040   1980< -.032   1979> -.024   1971> -.023   1999> -.017   1972< -.017  Higher   2004  .040   1974  .038

 [E] Outliers     1   3.0 SD above or -4.5 SD below mean for year
       1944 -4.6 SD
====================================================================================================================================

 32215     1977 to  2010      34 years                                                                                    Series  23

 [A] Segment   High   -10   -9   -8   -7   -6   -5   -4   -3   -2   -1   +0   +1   +2   +3   +4   +5   +6   +7   +8   +9  +10
    ---------  ----   ---  ---  ---  ---  ---  ---  ---  ---  ---  ---  ---  ---  ---  ---  ---  ---  ---  ---  ---  ---  ---
    1977 2010    0   -.11  .03 -.14 -.33 -.05 -.07 -.35  .08  .21 -.01  .32*   -    -    -    -    -    -    -    -    -    -

 [B] Entire series, effect on correlation (  .322) is:
       Lower   2005< -.046   2010> -.042   1985> -.030   2006> -.025   1980< -.015   1982< -.013  Higher   2008  .095   1984  .037
     1977 to 2010 segment:
       Lower   2005< -.046   2010> -.042   1985> -.030   2006> -.025   1980< -.015   1982< -.013  Higher   2008  .095   1984  .037

====================================================================================================================================

 22111     1938 to  2010      73 years                                                                                    Series  24

 [A] Segment   High   -10   -9   -8   -7   -6   -5   -4   -3   -2   -1   +0   +1   +2   +3   +4   +5   +6   +7   +8   +9  +10
    ---------  ----   ---  ---  ---  ---  ---  ---  ---  ---  ---  ---  ---  ---  ---  ---  ---  ---  ---  ---  ---  ---  ---
    1938 1987    0   -.31  .10 -.17  .10  .09 -.02  .05  .07 -.07 -.06  .23* .05  .22  .05 -.12 -.29 -.38  .01 -.05  .06  .08
    1940 1989    0   -.28  .09 -.15  .13  .12 -.02  .07  .07 -.05 -.06  .23* .00  .19  .01 -.13 -.27 -.33  .03 -.05  .06  .05
    1950 1999   -4   -.25  .06 -.08  .04  .18 -.02  .21* .11  .06 -.11  .16|-.03  .10 -.15 -.14 -.15 -.31  .03 -.02  .05 -.02
    1960 2009   -9   -.17  .22* .05 -.08  .21  .02 -.02  .03  .19 -.06  .15| .06    -    -    -    -    -    -    -    -    -
    1961 2010   -2   -.18  .19  .05 -.07  .16  .01  .00  .04  .21*-.06  .17|   -    -    -    -    -    -    -    -    -    -

 [B] Entire series, effect on correlation (  .185) is:
       Lower   2006> -.040   1992> -.024   1941< -.022   2001< -.022   1999> -.021   1980< -.020  Higher   1977  .078   2008  .047
     1938 to 1987 segment:
       Lower   1941< -.030   1971> -.029   1980< -.027   1961< -.024   1983< -.024   1965> -.020  Higher   1977  .107   1964  .062
     1940 to 1989 segment:
       Lower   1941< -.032   1980< -.029   1971> -.029   1961< -.026   1983< -.025   1965> -.020  Higher   1977  .109   1964  .063
     1950 to 1999 segment:
       Lower   1992> -.037   1980< -.033   1999> -.033   1971> -.029   1961< -.028   1983< -.027  Higher   1977  .145   1964  .089
     1960 to 2009 segment:
       Lower   2006> -.059   1992> -.036   1999> -.031   2001< -.027   1971> -.027   1980< -.026  Higher   1977  .118   1964  .074
     1961 to 2010 segment:
       Lower   2006> -.058   1992> -.036   1999> -.031   2001< -.028   1971> -.026   1980< -.026  Higher   1977  .107   1964  .065

====================================================================================================================================

 12191     1931 to  2002      72 years                                                                                    Series  25

 [A] Segment   High   -10   -9   -8   -7   -6   -5   -4   -3   -2   -1   +0   +1   +2   +3   +4   +5   +6   +7   +8   +9  +10
    ---------  ----   ---  ---  ---  ---  ---  ---  ---  ---  ---  ---  ---  ---  ---  ---  ---  ---  ---  ---  ---  ---  ---
    1950 1999    1    .02  .02 -.03 -.19 -.16 -.14 -.29 -.13  .10 -.07  .28| .32* .25  .17 -.09  .06 -.11 -.20 -.26 -.11 -.15
    1953 2002    1   -.07  .06 -.08 -.09 -.09 -.08 -.28 -.19  .11 -.10  .22| .32* .29  .18 -.10  .07 -.18 -.14 -.34    -    -

 [B] Entire series, effect on correlation (  .304) is:
       Lower   1938< -.055   1977> -.052   1999> -.034   2002> -.019   1937< -.017   1957> -.016  Higher   1944  .126   1976  .032
     1950 to 1999 segment:
       Lower   1977> -.082   1999> -.057   1957> -.026   1987< -.021   1998< -.021   1963< -.020  Higher   1976  .060   1974  .042
     1953 to 2002 segment:
       Lower   1977> -.072   1999> -.052   2002> -.028   1957> -.024   1987< -.021   1998< -.021  Higher   1976  .062   1974  .044

 [E] Outliers     1   3.0 SD above or -4.5 SD below mean for year
       1938 -5.7 SD
====================================================================================================================================

 12156     1907 to  2003      97 years                                                                                    Series  26

 [A] Segment   High   -10   -9   -8   -7   -6   -5   -4   -3   -2   -1   +0   +1   +2   +3   +4   +5   +6   +7   +8   +9  +10
    ---------  ----   ---  ---  ---  ---  ---  ---  ---  ---  ---  ---  ---  ---  ---  ---  ---  ---  ---  ---  ---  ---  ---
    1910 1959    1    .09 -.06 -.02  .01 -.48 -.13 -.03 -.06  .33  .09  .35| .37*-.09 -.18  .20 -.06 -.35 -.03  .15 -.01  .15
    1920 1969   -2   -.20 -.24  .05  .02 -.19 -.04  .14  .03  .23* .00  .21| .20 -.10 -.17  .20  .00 -.23 -.13 -.08 -.18  .06

 [B] Entire series, effect on correlation (  .371) is:
       Lower   1922> -.033   1927< -.021   1983< -.012   1916> -.011   1998< -.011   1915< -.010  Higher   1913  .073   1944  .015
     1910 to 1959 segment:
       Lower   1922> -.053   1927< -.040   1915< -.025   1916> -.016   1933< -.013   1935> -.012  Higher   1913  .157   1944  .033
     1920 to 1969 segment:
       Lower   1922> -.071   1927< -.049   1961< -.023   1935> -.017   1933< -.015   1936> -.014  Higher   1944  .068   1964  .050

 [E] Outliers     1   3.0 SD above or -4.5 SD below mean for year
       1922 +3.2 SD
====================================================================================================================================

 22198A    1945 to  2009      65 years                                                                                    Series  27

 [A] Segment   High   -10   -9   -8   -7   -6   -5   -4   -3   -2   -1   +0   +1   +2   +3   +4   +5   +6   +7   +8   +9  +10
    ---------  ----   ---  ---  ---  ---  ---  ---  ---  ---  ---  ---  ---  ---  ---  ---  ---  ---  ---  ---  ---  ---  ---
    1945 1994   -2    .14  .09  .14 -.04 -.23 -.22 -.14 -.18  .31* .15  .24| .03 -.26 -.04 -.13 -.20  .05  .11  .10 -.03  .05
    1950 1999    0    .07  .06  .06  .10 -.20 -.15 -.07 -.03  .22  .07  .26* .05 -.27  .00 -.15 -.35  .01  .20  .07  .16 -.04
    1960 2009   -7    .09 -.04  .06  .24*-.20 -.12  .01  .08  .14  .16  .13| .12    -    -    -    -    -    -    -    -    -

 [B] Entire series, effect on correlation (  .116) is:
       Lower   2008> -.088   2004< -.048   1964> -.029   2009< -.027   1955< -.022   1984< -.015  Higher   1999  .054   1972  .023
     1945 to 1994 segment:
       Lower   1955< -.052   1964> -.049   1984< -.032   1978< -.025   1952< -.023   1958< -.022  Higher   1972  .031   1982  .025
     1950 to 1999 segment:
       Lower   1964> -.047   1955< -.034   1976> -.025   1984< -.023   1977> -.017   1978< -.016  Higher   1999  .029   1972  .025
     1960 to 2009 segment:
       Lower   2008> -.103   2004< -.062   2009< -.035   1964> -.032   1984< -.021   1978< -.015  Higher   1999  .058   1972  .027

 [C] Year-to-year changes diverging by over 4.0 std deviations:
       1977 1978  -4.1 SD

 [E] Outliers     1   3.0 SD above or -4.5 SD below mean for year
       2008 +3.7 SD
====================================================================================================================================

 52052     1942 to  2001      60 years                                                                                    Series  28

 [A] Segment   High   -10   -9   -8   -7   -6   -5   -4   -3   -2   -1   +0   +1   +2   +3   +4   +5   +6   +7   +8   +9  +10
    ---------  ----   ---  ---  ---  ---  ---  ---  ---  ---  ---  ---  ---  ---  ---  ---  ---  ---  ---  ---  ---  ---  ---
    1942 1991    2   -.01 -.12  .00 -.02  .05 -.04 -.12  .03 -.06  .11  .29|-.07  .32*-.09  .18 -.25 -.13 -.10 -.06 -.01 -.15
    1950 1999    0   -.08 -.11 -.06 -.05 -.06 -.02 -.09  .22  .06  .21  .33*-.11  .18 -.14  .15 -.31 -.01 -.05 -.04 -.05 -.14

 [B] Entire series, effect on correlation (  .314) is:
       Lower   1967< -.040   1964> -.037   1958< -.025   1982< -.020   1966> -.019   1981< -.019  Higher   1977  .172   1968  .022
     1942 to 1991 segment:
       Lower   1967< -.043   1964> -.040   1958< -.027   1966> -.021   1982< -.021   1981< -.020  Higher   1977  .204   1974  .026
     1950 to 1999 segment:
       Lower   1964> -.050   1967< -.046   1958< -.027   1966> -.027   1982< -.024   1972< -.022  Higher   1977  .238   1974  .029

====================================================================================================================================

 32180     1956 to  2004      49 years                                                                                    Series  29

 [A] Segment   High   -10   -9   -8   -7   -6   -5   -4   -3   -2   -1   +0   +1   +2   +3   +4   +5   +6   +7   +8   +9  +10
    ---------  ----   ---  ---  ---  ---  ---  ---  ---  ---  ---  ---  ---  ---  ---  ---  ---  ---  ---  ---  ---  ---  ---
    1956 2004   -8   -.30 -.10  .25*-.22  .25  .16  .16  .11 -.01 -.06  .13|-.21 -.12  .12 -.19 -.05 -.14    -    -    -    -

 [B] Entire series, effect on correlation (  .130) is:
       Lower   1982< -.097   1976> -.038   1992> -.028   1996< -.027   1971> -.023   2003< -.021  Higher   1977  .064   2004  .043
     1956 to 2004 segment:
       Lower   1982< -.097   1976> -.038   1992> -.028   1996< -.027   1971> -.023   2003< -.021  Higher   1977  .064   2004  .043

 [E] Outliers     1   3.0 SD above or -4.5 SD below mean for year
       1982 -4.8 SD
====================================================================================================================================

 22151     1974 to  2006      33 years                                                                                    Series  30

 [A] Segment   High   -10   -9   -8   -7   -6   -5   -4   -3   -2   -1   +0   +1   +2   +3   +4   +5   +6   +7   +8   +9  +10
    ---------  ----   ---  ---  ---  ---  ---  ---  ---  ---  ---  ---  ---  ---  ---  ---  ---  ---  ---  ---  ---  ---  ---
    1974 2006    0    .06 -.12  .07 -.02 -.02  .01 -.21 -.01  .00 -.02  .26*-.08  .22  .17 -.07    -    -    -    -    -    -

 [B] Entire series, effect on correlation (  .260) is:
       Lower   1977> -.062   1985> -.033   1999> -.029   2006> -.027   1983< -.023   1984< -.017  Higher   1974  .092   1992  .070
     1974 to 2006 segment:
       Lower   1977> -.062   1985> -.033   1999> -.029   2006> -.027   1983< -.023   1984< -.017  Higher   1974  .092   1992  .070

====================================================================================================================================

 22156     1950 to  2009      60 years                                                                                    Series  31

 [A] Segment   High   -10   -9   -8   -7   -6   -5   -4   -3   -2   -1   +0   +1   +2   +3   +4   +5   +6   +7   +8   +9  +10
    ---------  ----   ---  ---  ---  ---  ---  ---  ---  ---  ---  ---  ---  ---  ---  ---  ---  ---  ---  ---  ---  ---  ---
    1950 1999   -7   -.18 -.10 -.31  .18*-.15 -.06 -.12  .14  .06  .02  .16|-.05  .17  .14 -.05  .03 -.08 -.19  .06 -.14 -.06
    1960 2009    0   -.27  .03 -.22  .22 -.08 -.03 -.06 -.09  .10  .04  .30*-.05    -    -    -    -    -    -    -    -    -

 [B] Entire series, effect on correlation (  .189) is:
       Lower   1956< -.076   1953> -.028   2001< -.027   1961< -.026   1957> -.018   1965> -.018  Higher   1992  .068   1977  .034
     1950 to 1999 segment:
       Lower   1956< -.088   1953> -.033   1961< -.029   1957> -.021   1965> -.021   1985> -.020  Higher   1992  .088   1977  .045
     1960 to 2009 segment:
       Lower   2001< -.040   1961< -.037   1965> -.023   1983< -.023   1985> -.023   1964> -.021  Higher   1992  .064   1974  .032

 [C] Year-to-year changes diverging by over 4.0 std deviations:
       1956 1957   4.1 SD

====================================================================================================================================

 12178     1936 to  2000      65 years                                                                                    Series  32

 [A] Segment   High   -10   -9   -8   -7   -6   -5   -4   -3   -2   -1   +0   +1   +2   +3   +4   +5   +6   +7   +8   +9  +10
    ---------  ----   ---  ---  ---  ---  ---  ---  ---  ---  ---  ---  ---  ---  ---  ---  ---  ---  ---  ---  ---  ---  ---
    1936 1985    0    .14  .06  .04 -.16  .02 -.08 -.23 -.09 -.03  .15  .25*-.04  .07  .06 -.14 -.05  .01  .02  .24 -.11  .10
    1940 1989    8    .13  .13 -.06 -.16 -.01 -.09 -.28  .00 -.06  .13  .23|-.08  .02  .08 -.05 -.03  .12  .04  .24*-.15  .09
    1950 1999    0    .12  .03 -.11 -.09 -.02  .07 -.23 -.04 -.14  .06  .26*-.17  .13  .00 -.02 -.07  .06  .07  .22 -.01  .08
    1951 2000    0    .13  .04 -.07 -.10 -.05  .05 -.22 -.04 -.14  .08  .27*-.18  .15 -.03 -.05 -.09  .10  .07  .26 -.03  .13

 [B] Entire series, effect on correlation (  .238) is:
       Lower   1954< -.116   1949> -.018   1942> -.018   1988< -.017   1965> -.017   1970< -.015  Higher   1977  .136   1984  .029
     1936 to 1985 segment:
       Lower   1954< -.141   1949> -.022   1942> -.022   1965> -.020   1970< -.018   1964> -.017  Higher   1977  .162   1984  .033
     1940 to 1989 segment:
       Lower   1954< -.138   1942> -.022   1949> -.022   1965> -.020   1988< -.020   1964> -.018  Higher   1977  .169   1984  .036
     1950 to 1999 segment:
       Lower   1954< -.155   1965> -.025   1964> -.023   1988< -.022   1970< -.020   1976> -.017  Higher   1977  .192   1984  .039
     1951 to 2000 segment:
       Lower   1954< -.158   1965> -.024   1964> -.024   1988< -.023   1970< -.021   1976> -.019  Higher   1977  .185   1984  .039

 [C] Year-to-year changes diverging by over 4.0 std deviations:
       1953 1954  -4.5 SD

====================================================================================================================================
PART 7:  DESCRIPTIVE STATISTICS:                                                                   14:43  Fri 15 Jun 2018  Page   6
------------------------------------------------------------------------------------------------------------------------------------

                                                Corr   //-------- Unfiltered --------\\  //---- Filtered -----\\
                           No.    No.    No.    with   Mean   Max     Std   Auto   Mean   Max     Std   Auto  AR
 Seq Series   Interval   Years  Segmt  Flags   Master  msmt   msmt    dev   corr   sens  value    dev   corr  ()
 --- -------- ---------  -----  -----  -----   ------ -----  -----  -----  -----  -----  -----  -----  -----  --
   1 32050    1956 2009     54      2      0    .615   2.73   5.86  1.351   .731   .343   2.70   .509  -.011   1
   2 12242A   1958 2008     51      2      1    .328    .95   1.67   .283   .477   .255   2.59   .535   .090   1
   3 22179    1951 2007     57      2      0    .355   1.50   2.95   .676   .652   .352   2.65   .578  -.037   1
   4 12123    1976 2008     33      1      0    .403   1.82   4.41  1.063   .605   .372   3.01   .573   .192   1
   5 12245    1959 2009     51      2      0    .601   1.99   3.95   .651   .590   .230   2.75   .546  -.103   1
   6 12132    1953 2009     57      2      0    .385   2.45   4.80   .877   .706   .250   2.87   .630  -.095   1
   7 12195    1930 2005     76      4      3    .191   2.92   6.71  1.649   .714   .361   2.73   .471  -.045   1
   8 32060    1924 2010     87      6      5    .261   1.38   3.97   .792   .859   .278   2.35   .360  -.033   1
   9 32195    1957 2005     49      1      0    .461   2.32   3.83   .873   .614   .284   2.60   .644  -.063   1
  10 42087A   1952 2007     56      2      2    .239    .69   1.58   .348   .771   .300   2.69   .565  -.093   1
  11 22119    1966 2007     42      1      0    .460   1.58   4.49  1.241   .890   .386   2.78   .567   .024   2
  12 12169    1956 2010     55      3      3    .210   1.53   4.06   .800   .824   .245   2.80   .535  -.034   1
  13 70653    1936 2009     74      4      4    .137   2.70   7.06  1.608   .638   .443   2.76   .556   .015   1
  14 32061    1916 2003     88      6      4    .267   2.01   8.07  1.771   .876   .398   2.75   .462  -.067   2
  15 22166    1883 2009    127      9      2    .457   1.80   3.85   .895   .734   .303   2.85   .607   .004   1
  16 22206    1942 2009     68      3      1    .342   1.80   4.50   .947   .659   .344   2.79   .554  -.049   1
  17 32178    1957 2008     52      2      0    .420   1.63   4.57   .972   .761   .299   2.63   .475  -.141   1
  18 12203    1985 2010     26      1      1    .255   2.69   6.09  1.566   .816   .339   2.54   .650   .153   1
  19 22227    1958 2009     52      2      2    .232   1.38   2.65   .592   .420   .361   2.78   .592   .058   1
  20 22166A   1881 2006    126      9      4    .395    .83   2.03   .380   .580   .355   2.69   .536   .047   1
  21 22059    1960 2008     49      1      1    .295   1.40   3.80   .669   .508   .364   2.84   .541  -.055   1
  22 40969    1935 2005     71      4      2    .402   1.31   3.92  1.075   .899   .366   2.64   .435   .030   1
  23 32215    1977 2010     34      1      1    .322   1.73   3.38   .745   .677   .297   2.49   .527  -.027   1
  24 22111    1938 2010     73      5      5    .185   1.75   3.36   .666   .551   .295   2.74   .566   .034   1
  25 12191    1931 2002     72      4      2    .304   1.43   3.81   .728   .434   .423   2.69   .533  -.065   2
  26 12156    1907 2003     97      7      2    .371   1.37   3.90   .991   .764   .458   2.77   .580   .021   1
  27 22198A   1945 2009     65      3      3    .116   2.40   6.50  1.277   .829   .289   2.63   .406   .038   2
  28 52052    1942 2001     60      3      2    .314   1.08   2.41   .449   .307   .355   2.63   .432   .011   1
  29 32180    1956 2004     49      1      1    .130   1.06   3.08   .814   .765   .517   2.56   .503  -.106   1
  30 22151    1974 2006     33      1      1    .260   1.71   3.99  1.165   .812   .376   2.68   .525  -.013   1
  31 22156    1950 2009     60      2      2    .189    .86   1.76   .400   .532   .371   2.52   .571  -.055   1
  32 12178    1936 2000     65      4      4    .238   1.57   3.40   .687   .499   .333   2.79   .533  -.004   1
 --- -------- ---------  -----  -----  -----   ------ -----  -----  -----  -----  -----  -----  -----  -----  --
 Total or mean:           2009    100     58    .318   1.67   8.07   .900   .673   .344   3.01   .530  -.014

                                              - = [  COFECHA TIAM COF  ] = -
