[]  Dendrochronology Program Library                                        Run ULRU   Program COF  14:44  Fri 15 Jun 2018  Page   1
[]
[]  P R O G R A M      C O F E C H A                                                                          Version 6.06P    30483
------------------------------------------------------------------------------------------------------------------------------------

 QUALITY CONTROL AND DATING CHECK OF TREE-RING MEASUREMENTS

 File of DATED series:   ulru_drop.rwl

 CONTENTS:

    Part 1:  Title page, options selected, summary, absent rings by series
    Part 2:  Histogram of time spans
    Part 3:  Master series with sample depth and absent rings by year
    Part 4:  Bar plot of Master Dating Series
    Part 5:  Correlation by segment of each series with Master
    Part 6:  Potential problems: low correlation, divergent year-to-year changes, absent rings, outliers
    Part 7:  Descriptive statistics

 RUN CONTROL OPTIONS SELECTED                             VALUE

         1  Cubic smoothing spline 50% wavelength cutoff for filtering
                                                            32 years
         2  Segments examined are                           50 years lagged successively by  10 years
         3  Autoregressive model applied                     A  Residuals are used in master dating series and testing
         4  Series transformed to logarithms                 Y  Each series log-transformed for master dating series and testing
         5  CORRELATION is Pearson (parametric, quantitative)
            Critical correlation, 99% confidence level   .3281
         6  Master dating series saved                       N
         7  Ring measurements listed                         N
         8  Parts printed                              1234567 
         9  Absent rings are omitted from master series and segment correlations  (Y)

 Time span of Master dating series is  1915 to  2019   105 years
 Continuous time span is               1915 to  2019   105 years
 Portion with two or more series is    1921 to  2017    97 years

 >> 192316      1946 absent in   1 of   24 series, but is not usually narrow: master index is   .740

                                        ****************************************
                                        *C* Number of dated series        49 *C*
                                        *O* Master series 1915 2019  105 yrs *O*
                                        *F* Total rings in all series   3085 *F*
                                        *E* Total dated rings checked   3077 *E*
                                        *C* Series intercorrelation     .217 *C*
                                        *H* Average mean sensitivity    .368 *H*
                                        *A* Segments, possible problems  126 *A*
                                        *** Mean length of series       63.0 ***
                                        ****************************************

 ABSENT RINGS listed by SERIES:            (See Master Dating Series for absent rings listed by year)

 192316      1 absent rings:   1946

             1 absent rings    .032%
PART 2:  TIME PLOT OF TREE-RING SERIES:                                                            14:44  Fri 15 Jun 2018  Page   2
------------------------------------------------------------------------------------------------------------------------------------
 1050 1100 1150 1200 1250 1300 1350 1400 1450 1500 1550 1600 1650 1700 1750 1800 1850 1900 1950 2000 2050 Ident   Seq Time-span  Yrs
   :    :    :    :    :    :    :    :    :    :    :    :    :    :    :    :    :    :    :    :    : -------- --- ---- ---- ----
   .    .    .    .    .    .    .    .    .    .    .    .    .    .    .    .    .    . <=======>    . 202388     1 1925 2009   85
   .    .    .    .    .    .    .    .    .    .    .    .    .    .    .    .    .    .    .<===>    . 202963     2 1969 2009   41
   .    .    .    .    .    .    .    .    .    .    .    .    .    .    .    .    .    .   <======>   . 172534     3 1949 2010   62
   .    .    .    .    .    .    .    .    .    .    .    .    .    .    .    .    .    .  <======>    . 192517     4 1934 2006   73
   .    .    .    .    .    .    .    .    .    .    .    .    .    .    .    .    .    .   <======>   . 171148     5 1944 2010   67
   .    .    .    .    .    .    .    .    .    .    .    .    .    .    .    .    .    .   <=====>    . 202911     6 1942 2009   68
   .    .    .    .    .    .    .    .    .    .    .    .    .    .    .    .    .    .    .<===>    . 30444      7 1968 2009   42
   .    .    .    .    .    .    .    .    .    .    .    .    .    .    .    .    .    .    .<===>    . 202570     8 1963 2009   47
   .    .    .    .    .    .    .    .    .    .    .    .    .    .    .    .    .    .   <=====>    . 110355     9 1942 2008   67
   .    .    .    .    .    .    .    .    .    .    .    .    .    .    .    .    .    . <=======>    . 90249     10 1927 2002   76
   .    .    .    .    .    .    .    .    .    .    .    .    .    .    .    .    .    .   <=====>    . 110086A   11 1949 2008   60
   .    .    .    .    .    .    .    .    .    .    .    .    .    .    .    .    .    . <=======>    . 171221A   12 1928 2004   77
   .    .    .    .    .    .    .    .    .    .    .    .    .    .    .    .    .    .    .  <==>   . 172113A   13 1987 2016   30
   .    .    .    .    .    .    .    .    .    .    .    .    .    .    .    .    .    .    <=====>   . 182501A   14 1950 2014   65
   .    .    .    .    .    .    .    .    .    .    .    .    .    .    .    .    .    .    <=====>   . 182710A   15 1954 2017   64
   .    .    .    .    .    .    .    .    .    .    .    .    .    .    .    .    .    .    .<====>   . 132118    16 1961 2010   50
   .    .    .    .    .    .    .    .    .    .    .    .    .    .    .    .    .    .  <=======>   . 192149    17 1938 2010   73
   .    .    .    .    .    .    .    .    .    .    .    .    .    .    .    .    .    .    <=====>   . 202518    18 1952 2010   59
   .    .    .    .    .    .    .    .    .    .    .    .    .    .    .    .    .    .  <=======>   . 192678    19 1934 2010   77
   .    .    .    .    .    .    .    .    .    .    .    .    .    .    .    .    .    .  <=======>   . 182460    20 1935 2010   76
   .    .    .    .    .    .    .    .    .    .    .    .    .    .    .    .    .    .   <======>   . 162327    21 1947 2010   64
   .    .    .    .    .    .    .    .    .    .    .    .    .    .    .    .    .    . <=======>    . 52028     22 1928 2009   82
   .    .    .    .    .    .    .    .    .    .    .    .    .    .    .    .    .    .    <====>    . 202924    23 1952 2009   58
   .    .    .    .    .    .    .    .    .    .    .    .    .    .    .    .    .    .    <====>    . 110001    24 1957 2009   53
   .    .    .    .    .    .    .    .    .    .    .    .    .    .    .    .    .    .   <======>   . 100133    25 1947 2010   64
   .    .    .    .    .    .    .    .    .    .    .    .    .    .    .    .    .    .    <====>    . 202734A   26 1957 2004   48
   .    .    .    .    .    .    .    .    .    .    .    .    .    .    .    .    .    . <=======>    . 172372    27 1921 2007   87
   .    .    .    .    .    .    .    .    .    .    .    .    .    .    .    .    .    . <=======>    . 192700    28 1929 2009   81
   .    .    .    .    .    .    .    .    .    .    .    .    .    .    .    .    .    .<========>    . 60560     29 1915 2009   95
   .    .    .    .    .    .    .    .    .    .    .    .    .    .    .    .    .    .  <======>    . 122504    30 1936 2009   74
   .    .    .    .    .    .    .    .    .    .    .    .    .    .    .    .    .    .    <=====>   . 110155    31 1955 2010   56
   .    .    .    .    .    .    .    .    .    .    .    .    .    .    .    .    .    .  <======>    . 120756    32 1935 2008   74
   .    .    .    .    .    .    .    .    .    .    .    .    .    .    .    .    .    .    .<====>   . 110492    33 1964 2010   47
   .    .    .    .    .    .    .    .    .    .    .    .    .    .    .    .    .    .    .  <==>   . 10292A    34 1980 2012   33
   .    .    .    .    .    .    .    .    .    .    .    .    .    .    .    .    .    . <========>   . 90069A    35 1924 2011   88
   .    .    .    .    .    .    .    .    .    .    .    .    .    .    .    .    .    .    <=====>   . 122347A   36 1956 2015   60
   .    .    .    .    .    .    .    .    .    .    .    .    .    .    .    .    .    .    <=====>   . 192561A   37 1959 2013   55
   .    .    .    .    .    .    .    .    .    .    .    .    .    .    .    .    .    . <========>   . 141145A   38 1924 2019   96
   .    .    .    .    .    .    .    .    .    .    .    .    .    .    .    .    .    .    .  <==>   . 202782A   39 1980 2010   31
   .    .    .    .    .    .    .    .    .    .    .    .    .    .    .    .    .    . <========>   . 192316    40 1924 2010   87
   .    .    .    .    .    .    .    .    .    .    .    .    .    .    .    .    .    .   <======>   . 182701    41 1946 2011   66
   .    .    .    .    .    .    .    .    .    .    .    .    .    .    .    .    .    .    . <===>   . 40883A    42 1978 2017   40
   .    .    .    .    .    .    .    .    .    .    .    .    .    .    .    .    .    .    .   <=>   . 162228A   43 1993 2017   25
   .    .    .    .    .    .    .    .    .    .    .    .    .    .    .    .    .    .    . <==>    . 182135A   44 1979 2006   28
   .    .    .    .    .    .    .    .    .    .    .    .    .    .    .    .    .    . <=======>    . 192408A   45 1926 2001   76
   .    .    .    .    .    .    .    .    .    .    .    .    .    .    .    .    .    .  <======>    . 90069     46 1937 2009   73
   .    .    .    .    .    .    .    .    .    .    .    .    .    .    .    .    .    .    .<===>    . 162097    47 1962 2009   48
   .    .    .    .    .    .    .    .    .    .    .    .    .    .    .    .    .    .   <=====>    . 182494    48 1945 2009   65
   .    .    .    .    .    .    .    .    .    .    .    .    .    .    .    .    .    .  <======>    . 182698    49 1938 2009   72
   :    :    :    :    :    :    :    :    :    :    :    :    :    :    :    :    :    :    :    :    :
 1050 1100 1150 1200 1250 1300 1350 1400 1450 1500 1550 1600 1650 1700 1750 1800 1850 1900 1950 2000 2050
PART 3:  Master Dating Series:                                                                     14:44  Fri 15 Jun 2018  Page   3
------------------------------------------------------------------------------------------------------------------------------------
  Year  Value  No Ab    Year  Value  No Ab    Year  Value  No Ab    Year  Value  No Ab    Year  Value  No Ab    Year  Value  No Ab
  ------------------    ------------------    ------------------    ------------------    ------------------    ------------------
                        1950  -.036  29       2000  -.204  49
                        1951   .665  29       2001   .945  49
                        1952   .337  31       2002   .546  48
                        1953  -.556  31       2003  -.367  47
                        1954   .472  32       2004  -.409  47
                        1955   .194  33       2005  -.671  45
                        1956   .602  34       2006   .187  45
                        1957  1.360  36       2007   .304  43
                        1958   .829  36       2008  1.055  42
                        1959   .008  37       2009  1.477  39

                        1960   .009  37       2010   .001  24
                        1961  1.036  38       2011   .247  11
                        1962   .159  39       2012  -.119   9
                        1963  -.609  40       2013   .387   8
                        1964  -.969  41       2014   .051   7
  1915 -1.947   1       1965 -1.703  41       2015   .322   6
  1916 -2.311   1       1966 -1.474  41       2016  -.572   5
  1917 -3.650   1       1967  -.375  41       2017 -3.041   4
  1918  -.598   1       1968   .028  42       2018 -1.311   1
  1919  2.310   1       1969   .258  43       2019  -.424   1

  1920  3.006   1       1970   .401  43
  1921 -1.048   2       1971 -1.503  43
  1922   .441   2       1972  -.019  43
  1923  -.719   2       1973  -.184  43
  1924 -1.549   5       1974   .763  43
  1925  1.909   6       1975   .958  43
  1926  -.382   7       1976   .739  43
  1927   .698   8       1977  -.028  43
  1928  -.025  10       1978   .111  44
  1929   .945  11       1979  -.898  45

  1930  -.213  11       1980   .290  47
  1931   .979  11       1981 -1.879  47
  1932   .731  11       1982   .109  47
  1933  -.237  11       1983   .608  47
  1934  -.692  13       1984  1.188  47
  1935  1.137  15       1985  1.112  47
  1936   .436  16       1986  1.497  47
  1937  -.199  17       1987   .337  48
  1938 -1.020  19       1988  -.194  48
  1939  -.465  19       1989  -.724  48

  1940  -.081  19       1990   .240  48
  1941 -1.772  19       1991  -.187  48
  1942   .749  21       1992  1.396  48
  1943  -.353  21       1993  -.134  49
  1944   .631  22       1994   .177  49
  1945   .037  23       1995  -.230  49
  1946   .740  24  1<<  1996  -.718  49
  1947   .941  26       1997 -1.045  49
  1948   .213  26       1998  -.192  49
  1949   .262  28       1999   .469  49
------------------------------------------------------------------------------------------------------------------------------------
PART 4:  Master Bar Plot:                                                                          14:44  Fri 15 Jun 2018  Page   4
------------------------------------------------------------------------------------------------------------------------------------
   Year Rel value  Year Rel value  Year Rel value  Year Rel value  Year Rel value  Year Rel value  Year Rel value  Year Rel value
                   1950----@       2000---a
                   1951--------C   2001---------D
                   1952------A     2002-------B
                   1953--b         2003---a
                   1954-------B    2004--b
                   1955------A     2005--c
                   1956--------B   2006------A
                   1957----------E 2007------A
                   1958---------C  2008---------D
                   1959-----@      2009----------F
                   1960-----@      2010-----@
                   1961---------D  2011------A
                   1962------A     2012----@
                   1963--b         2013-------B
                   1964-d          2014-----@
   1915h           1965g           2015------A
   1916i           1966f           2016--b
   1917o           1967---b        2017l
   1918--b         1968-----@      2018-e
   1919----------I 1969------A     2019--b
   1920----------L 1970-------B
   1921-d          1971f
   1922-------B    1972-----@
   1923--c         1973---a
   1924f           1974--------C
   1925----------H 1975---------D
   1926---b        1976--------C
   1927--------C   1977----@
   1928----@       1978-----@
   1929---------D  1979-d
   1930---a        1980------A
   1931---------D  1981h
   1932--------C   1982-----@
   1933---a        1983--------B
   1934--c         1984---------E
   1935---------E  1985---------D
   1936-------B    1986----------F
   1937---a        1987------A
   1938-d          1988---a
   1939--b         1989--c
   1940----@       1990------A
   1941g           1991---a
   1942--------C   1992----------F
   1943---a        1993----a
   1944--------C   1994------A
   1945-----@      1995---a
   1946--------C   1996--c
   1947---------D  1997-d
   1948------A     1998---a
   1949------A     1999-------B
PART 5:  CORRELATION OF SERIES BY SEGMENTS:                                                        14:44  Fri 15 Jun 2018  Page   5
------------------------------------------------------------------------------------------------------------------------------------
 Correlations of  50-year dated segments, lagged  10 years
 Flags:  A = correlation under   .3281 but highest as dated;  B = correlation higher at other than dated position

 Seq Series  Time_span   1920 1930 1940 1950 1960 1970 1980 1990
                         1969 1979 1989 1999 2009 2019 2029 2039
 --- -------- ---------  ---- ---- ---- ---- ---- ---- ---- ---- ---- ---- ---- ---- ---- ---- ---- ---- ---- ---- ---- ----
   1 202388   1925 2009   .16B .34  .43  .49  .41
   2 202963   1969 2009                       .47
   3 172534   1949 2010             .17A .18A .19A .20A
   4 192517   1934 2006        .10B .21B .22A .27A
   5 171148   1944 2010             .38B .44  .49  .45
   6 202911   1942 2009             .38  .47  .54
   7 30444    1968 2009                       .40B
   8 202570   1963 2009                       .35B
   9 110355   1942 2008             .20B .16B .07B
  10 90249    1927 2002   .22A .19B .32A .30A .37
  11 110086A  1949 2008             .24A .26A .23B
  12 171221A  1928 2004   .41  .42  .38  .31B .29B
  13 172113A  1987 2016                                 .17B
  14 182501A  1950 2014                  .37  .27B .19A
  15 182710A  1954 2017                  .44  .47  .48
  16 132118   1961 2010                      -.01B
  17 192149   1938 2010        .26B .28A .21B .20B .19A
  18 202518   1952 2010                  .25A .34  .34
  19 192678   1934 2010        .24B .22B .17B .20B .22B
  20 182460   1935 2010        .31A .32B .28B .22B .23B
  21 162327   1947 2010             .53  .55  .61  .52
  22 52028    1928 2009   .26B .34  .34B .27B .18B
  23 202924   1952 2009                  .28A .31A
  24 110001   1957 2009                  .44  .38
  25 100133   1947 2010             .25A .24A .19B .20B
  26 202734A  1957 2004                  .22B
  27 172372   1921 2007   .04B .07B .16B .23B .16B
  28 192700   1929 2009   .02B .03B .19B .26A .28B
  29 60560    1915 2009  -.14B-.16B .03B .19B .26B
  30 122504   1936 2009        .18B .22B .17B .24B
  31 110155   1955 2010                  .25B .23B .19B
  32 120756   1935 2008        .20A .19B .23B .33B
  33 110492   1964 2010                       .38
  34 10292A   1980 2012                                 .53
  35 90069A   1924 2011   .11B .08B .34B .30B .33B .34B
  36 122347A  1956 2015                  .32A .30A .27B
  37 192561A  1959 2013                  .22A .24A .26A
  38 141145A  1924 2019   .21B .14B .29B .45  .34  .26A
  39 202782A  1980 2010                                 .10B
  40 192316   1924 2010   .25A .32A .33  .22A .11B .06B
  41 182701   1946 2011             .07B .15B .07B .15A
  42 40883A   1978 2017                            .09B
  43 162228A  1993 2017                                      .17B
  44 182135A  1979 2006                            .42
  45 192408A  1926 2001   .25B .29A .29A .25A .27A
  46 90069    1937 2009        .07B .04B .07B .09B
  47 162097   1962 2009                       .03B
  48 182494   1945 2009            -.05B-.07B .02B
  49 182698   1938 2009        .08B .05B .19B .11B
 Av segment correlation   .16  .18  .24  .27  .27  .27  .27  .17
PART 6:  POTENTIAL PROBLEMS:                                                                       14:44  Fri 15 Jun 2018  Page   5
------------------------------------------------------------------------------------------------------------------------------------

 For each series with potential problems the following diagnostics may appear:

 [A] Correlations with master dating series of flagged  50-year segments of series filtered with  32-year spline,
     at every point from ten years earlier (-10) to ten years later (+10) than dated

 [B] Effect of those data values which most lower or raise correlation with master series
     Symbol following year indicates value in series is greater (>) or lesser (<) than master series value

 [C] Year-to-year changes very different from the mean change in other series

 [D] Absent rings (zero values)

 [E] Values which are statistical outliers from mean for the year
====================================================================================================================================

 202388    1925 to  2009      85 years                                                                                    Series   1

 [A] Segment   High   -10   -9   -8   -7   -6   -5   -4   -3   -2   -1   +0   +1   +2   +3   +4   +5   +6   +7   +8   +9  +10
    ---------  ----   ---  ---  ---  ---  ---  ---  ---  ---  ---  ---  ---  ---  ---  ---  ---  ---  ---  ---  ---  ---  ---
    1925 1974   -4    .00  .08  .19  .08  .05 -.16  .27*-.07  .13 -.10  .16| .02 -.03  .10 -.10  .01 -.29  .06 -.01 -.03 -.17

 [B] Entire series, effect on correlation (  .215) is:
       Lower   1925< -.095   1945< -.037   1933> -.026   2001< -.022   1928> -.018   2009< -.015  Higher   1971  .053   1981  .028
     1925 to 1974 segment:
       Lower   1925< -.142   1945< -.052   1933> -.040   1928> -.028   1937> -.014   1972< -.014  Higher   1971  .087   1942  .038

====================================================================================================================================

 202963    1969 to  2009      41 years                                                                                    Series   2

 [B] Entire series, effect on correlation (  .471) is:
       Lower   2002< -.070   2000> -.041   1989> -.040   1969< -.025   1975< -.025   1992< -.015  Higher   1981  .120   1986  .025

====================================================================================================================================

 172534    1949 to  2010      62 years                                                                                    Series   3

 [A] Segment   High   -10   -9   -8   -7   -6   -5   -4   -3   -2   -1   +0   +1   +2   +3   +4   +5   +6   +7   +8   +9  +10
    ---------  ----   ---  ---  ---  ---  ---  ---  ---  ---  ---  ---  ---  ---  ---  ---  ---  ---  ---  ---  ---  ---  ---
    1949 1998    0   -.05  .10 -.10  .00 -.06 -.12  .16  .08  .12  .13  .17*-.09 -.01  .14 -.06 -.08 -.01 -.11 -.12  .02 -.14
    1950 1999    0   -.06  .10 -.11  .02 -.08 -.12  .16  .07  .11  .13  .18*-.10  .01  .14 -.07 -.08 -.01 -.10 -.12  .03 -.12
    1960 2009    0   -.11  .12 -.04  .07 -.05 -.19  .16 -.05  .06  .14  .19*-.01 -.04  .08 -.16 -.10  .13 -.10 -.05  .01 -.13
    1961 2010    0   -.10  .12 -.04  .07 -.05 -.18  .16 -.05  .06  .13  .20*-.02 -.04  .09 -.17 -.11  .13 -.07 -.05  .01    -

 [B] Entire series, effect on correlation (  .212) is:
       Lower   1981> -.074   1982< -.056   1975< -.028   1989> -.014   1983< -.014   2004< -.011  Higher   1997  .028   2009  .022
     1949 to 1998 segment:
       Lower   1981> -.089   1982< -.072   1975< -.036   1983< -.018   1989> -.017   1959> -.013  Higher   1997  .036   1961  .029
     1950 to 1999 segment:
       Lower   1981> -.089   1982< -.071   1975< -.035   1983< -.018   1989> -.017   1959> -.013  Higher   1997  .036   1961  .028
     1960 to 2009 segment:
       Lower   1981> -.084   1982< -.062   1975< -.031   1989> -.016   1983< -.015   2000> -.012  Higher   1997  .031   2009  .027
     1961 to 2010 segment:
       Lower   1981> -.083   1982< -.063   1975< -.031   1989> -.016   1983< -.016   2004< -.013  Higher   1997  .029   2009  .027

====================================================================================================================================

 192517    1934 to  2006      73 years                                                                                    Series   4

 [A] Segment   High   -10   -9   -8   -7   -6   -5   -4   -3   -2   -1   +0   +1   +2   +3   +4   +5   +6   +7   +8   +9  +10
    ---------  ----   ---  ---  ---  ---  ---  ---  ---  ---  ---  ---  ---  ---  ---  ---  ---  ---  ---  ---  ---  ---  ---
    1934 1983  -10    .20* .01 -.08 -.21  .06 -.11  .05 -.05  .10 -.20  .10| .14  .11  .18 -.04  .17 -.13  .17 -.01  .01  .00
    1940 1989   -4    .18  .06 -.15 -.16  .10 -.25  .24*-.01  .02 -.10  .21| .04  .05  .10  .11 -.04  .03  .07  .07 -.04 -.04
    1950 1999    0    .20  .04 -.12 -.12  .03 -.22  .13  .11 -.04 -.03  .22* .00  .11  .04  .16 -.12  .09  .11  .10  .03 -.22
    1957 2006    0    .17  .09 -.19 -.10 -.04 -.20  .08  .14 -.03 -.06  .27*-.06  .09  .01  .11 -.05  .06  .16  .10 -.03 -.15

 [B] Entire series, effect on correlation (  .211) is:
       Lower   1936< -.035   1971> -.032   1934> -.030   1966> -.020   1937> -.017   1935< -.017  Higher   1986  .025   2001  .020
     1934 to 1983 segment:
       Lower   1936< -.044   1934> -.040   1971> -.038   1966> -.026   1937> -.023   1935< -.020  Higher   1938  .032   1981  .028
     1940 to 1989 segment:
       Lower   1971> -.044   1966> -.030   1985< -.026   1989> -.025   1959< -.022   1974< -.020  Higher   1986  .038   1981  .034
     1950 to 1999 segment:
       Lower   1971> -.050   1966> -.031   1989> -.026   1985< -.021   1965> -.020   1959< -.017  Higher   1986  .038   1996  .028
     1957 to 2006 segment:
       Lower   1971> -.052   1966> -.030   1989> -.025   1959< -.023   1985< -.021   1965> -.021  Higher   1986  .035   2001  .028

 [C] Year-to-year changes diverging by over 4.0 std deviations:
       1970 1971   4.7 SD

====================================================================================================================================

 171148    1944 to  2010      67 years                                                                                    Series   5

 [A] Segment   High   -10   -9   -8   -7   -6   -5   -4   -3   -2   -1   +0   +1   +2   +3   +4   +5   +6   +7   +8   +9  +10
    ---------  ----   ---  ---  ---  ---  ---  ---  ---  ---  ---  ---  ---  ---  ---  ---  ---  ---  ---  ---  ---  ---  ---
    1944 1993   -2   -.07 -.14  .02  .05  .02 -.19  .03 -.17  .42*-.10  .38|-.27  .06  .07 -.01 -.14  .08  .09  .14 -.12  .03

 [B] Entire series, effect on correlation (  .361) is:
       Lower   2010> -.036   1947< -.034   1971> -.024   1956< -.022   1981> -.020   1959> -.017  Higher   1993  .032   1965  .026
     1944 to 1993 segment:
       Lower   1947< -.045   1971> -.034   1981> -.029   1956< -.028   1959> -.024   1978< -.018  Higher   1993  .040   1965  .034

====================================================================================================================================

 202911    1942 to  2009      68 years                                                                                    Series   6

 [B] Entire series, effect on correlation (  .394) is:
       Lower   1953> -.040   1994< -.029   1942< -.020   1951< -.017   1997> -.017   1947< -.014  Higher   1971  .064   2009  .021

====================================================================================================================================

 30444     1968 to  2009      42 years                                                                                    Series   7

 [A] Segment   High   -10   -9   -8   -7   -6   -5   -4   -3   -2   -1   +0   +1   +2   +3   +4   +5   +6   +7   +8   +9  +10
    ---------  ----   ---  ---  ---  ---  ---  ---  ---  ---  ---  ---  ---  ---  ---  ---  ---  ---  ---  ---  ---  ---  ---
    1968 2009   10    .07 -.07  .23  .00  .18 -.23  .07 -.19  .16 -.10  .40|-.08  .07 -.14 -.03 -.28  .20 -.06  .10 -.05  .44*

 [B] Entire series, effect on correlation (  .401) is:
       Lower   1996> -.043   2006< -.037   2000> -.036   1970< -.025   2005> -.023   1992< -.022  Higher   1971  .193   1986  .026
     1968 to 2009 segment:
       Lower   1996> -.043   2006< -.037   2000> -.036   1970< -.025   2005> -.023   1992< -.022  Higher   1971  .193   1986  .026

====================================================================================================================================

 202570    1963 to  2009      47 years                                                                                    Series   8

 [A] Segment   High   -10   -9   -8   -7   -6   -5   -4   -3   -2   -1   +0   +1   +2   +3   +4   +5   +6   +7   +8   +9  +10
    ---------  ----   ---  ---  ---  ---  ---  ---  ---  ---  ---  ---  ---  ---  ---  ---  ---  ---  ---  ---  ---  ---  ---
    1963 2009    6    .13 -.09  .10 -.18  .08 -.25 -.18  .04  .30  .17  .35|-.01 -.09 -.37 -.01  .05  .44*-.02 -.01 -.29 -.11

 [B] Entire series, effect on correlation (  .352) is:
       Lower   1992< -.073   1990< -.033   1984< -.029   1963> -.025   1993> -.023   1983< -.016  Higher   1965  .060   1971  .050
     1963 to 2009 segment:
       Lower   1992< -.073   1990< -.033   1984< -.029   1963> -.025   1993> -.023   1983< -.016  Higher   1965  .060   1971  .050

====================================================================================================================================

 110355    1942 to  2008      67 years                                                                                    Series   9

 [A] Segment   High   -10   -9   -8   -7   -6   -5   -4   -3   -2   -1   +0   +1   +2   +3   +4   +5   +6   +7   +8   +9  +10
    ---------  ----   ---  ---  ---  ---  ---  ---  ---  ---  ---  ---  ---  ---  ---  ---  ---  ---  ---  ---  ---  ---  ---
    1942 1991   -7    .13 -.11 -.02  .20*-.20  .04 -.08 -.21  .19  .11  .20|-.14  .18  .04 -.13 -.12  .06 -.09 -.01 -.11  .18
    1950 1999   10    .00 -.24 -.01  .21 -.12  .02 -.01 -.21  .06  .14  .16|-.05  .09  .09 -.06 -.14  .03 -.20  .04 -.11  .23*
    1959 2008   10    .02 -.22  .02  .16 -.14 -.03 -.02 -.24  .08  .14  .07|-.02  .10  .09 -.04 -.09  .15 -.17  .18 -.05  .21*

 [B] Entire series, effect on correlation (  .107) is:
       Lower   2000> -.024   1992< -.022   1945> -.019   1978< -.018   1977> -.016   1988> -.015  Higher   1971  .050   1984  .025
     1942 to 1991 segment:
       Lower   1960< -.035   1945> -.028   1978< -.027   1977> -.023   1988> -.022   1947< -.021  Higher   1971  .055   1953  .028
     1950 to 1999 segment:
       Lower   1960< -.035   1992< -.029   1978< -.027   1977> -.020   1988> -.019   1983< -.019  Higher   1971  .054   1984  .031
     1959 to 2008 segment:
       Lower   1992< -.028   2000> -.027   1978< -.026   1960< -.023   1983< -.019   1994< -.019  Higher   1971  .064   1984  .036

====================================================================================================================================

 90249     1927 to  2002      76 years                                                                                    Series  10

 [A] Segment   High   -10   -9   -8   -7   -6   -5   -4   -3   -2   -1   +0   +1   +2   +3   +4   +5   +6   +7   +8   +9  +10
    ---------  ----   ---  ---  ---  ---  ---  ---  ---  ---  ---  ---  ---  ---  ---  ---  ---  ---  ---  ---  ---  ---  ---
    1927 1976    0   -.01  .13 -.13  .03  .05 -.25  .02 -.10  .08 -.18  .22* .11 -.03  .10  .11 -.10  .04  .00  .15  .13 -.14
    1930 1979    8   -.03  .09 -.14  .05 -.02 -.20  .02 -.08  .13 -.17  .19| .08 -.08  .06  .04 -.04  .08  .04  .21* .19 -.14
    1940 1989    0    .13 -.09 -.03 -.16 -.14 -.26  .09 -.03  .29 -.11  .32* .08  .03 -.11  .06 -.11  .14 -.04  .19  .07 -.17
    1950 1999    0    .13  .00  .04 -.07 -.04 -.27  .06 -.04  .19 -.05  .30* .08 -.03 -.06 -.01 -.19  .13 -.02  .23  .04 -.15

 [B] Entire series, effect on correlation (  .285) is:
       Lower   1937> -.020   1995> -.019   1942< -.018   1938> -.017   1951< -.017   1936> -.014  Higher   1981  .044   1941  .027
     1927 to 1976 segment:
       Lower   1937> -.033   1942< -.028   1938> -.027   1951< -.027   1936> -.023   1958< -.019  Higher   1941  .051   1957  .026
     1930 to 1979 segment:
       Lower   1937> -.030   1942< -.029   1951< -.028   1938> -.025   1958< -.020   1936> -.020  Higher   1941  .052   1957  .027
     1940 to 1989 segment:
       Lower   1962< -.036   1942< -.027   1951< -.026   1977> -.023   1958< -.019   1952< -.017  Higher   1981  .069   1941  .041
     1950 to 1999 segment:
       Lower   1995> -.028   1951< -.023   1962< -.022   1977> -.019   1958< -.016   1952< -.015  Higher   1981  .059   1986  .023

====================================================================================================================================

 110086A   1949 to  2008      60 years                                                                                    Series  11

 [A] Segment   High   -10   -9   -8   -7   -6   -5   -4   -3   -2   -1   +0   +1   +2   +3   +4   +5   +6   +7   +8   +9  +10
    ---------  ----   ---  ---  ---  ---  ---  ---  ---  ---  ---  ---  ---  ---  ---  ---  ---  ---  ---  ---  ---  ---  ---
    1949 1998    0   -.12  .14  .08  .16  .08 -.06  .02 -.16 -.20  .01  .24*-.13  .06 -.13 -.01 -.08  .09  .02  .00 -.27  .05
    1950 1999    0   -.14  .15  .00  .22  .05 -.03  .01 -.15 -.17  .00  .26*-.13  .10 -.12 -.06 -.05  .09  .05  .07 -.24  .04
    1959 2008    8   -.04  .04  .20  .08 -.03  .01 -.04 -.22 -.09  .09  .23|-.17  .15 -.29 -.17  .04  .02  .02  .23*-.05 -.05

 [B] Entire series, effect on correlation (  .183) is:
       Lower   2008< -.042   1981> -.033   1975< -.031   2000> -.023   1986< -.018   1953> -.016  Higher   1971  .066   1992  .034
     1949 to 1998 segment:
       Lower   1975< -.044   1981> -.043   1986< -.025   1949< -.021   1953> -.020   1991> -.019  Higher   1971  .079   1992  .040
     1950 to 1999 segment:
       Lower   1975< -.047   1981> -.043   1986< -.028   1958< -.020   1991> -.020   1953> -.020  Higher   1971  .082   1992  .039
     1959 to 2008 segment:
       Lower   2008< -.057   1975< -.043   1981> -.040   2000> -.026   1986< -.025   1991> -.017  Higher   1971  .076   1992  .040

====================================================================================================================================

 171221A   1928 to  2004      77 years                                                                                    Series  12

 [A] Segment   High   -10   -9   -8   -7   -6   -5   -4   -3   -2   -1   +0   +1   +2   +3   +4   +5   +6   +7   +8   +9  +10
    ---------  ----   ---  ---  ---  ---  ---  ---  ---  ---  ---  ---  ---  ---  ---  ---  ---  ---  ---  ---  ---  ---  ---
    1950 1999    6   -.02  .08  .05 -.06  .07  .01  .10  .03 -.01  .09  .31|-.34  .06 -.16  .05 -.02  .32* .02  .04 -.23  .16
    1955 2004    6   -.05  .14  .04 -.08  .01 -.06  .12 -.06  .01  .12  .29|-.30  .03 -.20 -.04 -.12  .32*-.08  .09 -.22  .14

 [B] Entire series, effect on correlation (  .290) is:
       Lower   1995> -.028   1982< -.027   1999< -.026   1975< -.014   1985< -.012   1928< -.011  Higher   1971  .130   1981  .038
     1950 to 1999 segment:
       Lower   1995> -.039   1982< -.038   1999< -.037   1975< -.020   1985< -.017   1998< -.013  Higher   1971  .190   1981  .051
     1955 to 2004 segment:
       Lower   1995> -.043   1982< -.036   1999< -.035   1975< -.017   2000> -.017   1985< -.016  Higher   1971  .202   1981  .050

 [C] Year-to-year changes diverging by over 4.0 std deviations:
       1981 1982  -4.5 SD    1999 2000   4.0 SD

====================================================================================================================================

 172113A   1987 to  2016      30 years                                                                                    Series  13

 [A] Segment   High   -10   -9   -8   -7   -6   -5   -4   -3   -2   -1   +0   +1   +2   +3   +4   +5   +6   +7   +8   +9  +10
    ---------  ----   ---  ---  ---  ---  ---  ---  ---  ---  ---  ---  ---  ---  ---  ---  ---  ---  ---  ---  ---  ---  ---
    1987 2016  -10    .27*-.46  .24 -.31  .25 -.12  .12  .08 -.06 -.23  .17|-.20  .18 -.26    -    -    -    -    -    -    -

 [B] Entire series, effect on correlation (  .168) is:
       Lower   2011< -.098   1999< -.073   2008< -.064   2000> -.046   2005> -.036   1988> -.033  Higher   2010  .076   1992  .071
     1987 to 2016 segment:
       Lower   2011< -.098   1999< -.073   2008< -.064   2000> -.046   2005> -.036   1988> -.033  Higher   2010  .076   1992  .071

====================================================================================================================================

 182501A   1950 to  2014      65 years                                                                                    Series  14

 [A] Segment   High   -10   -9   -8   -7   -6   -5   -4   -3   -2   -1   +0   +1   +2   +3   +4   +5   +6   +7   +8   +9  +10
    ---------  ----   ---  ---  ---  ---  ---  ---  ---  ---  ---  ---  ---  ---  ---  ---  ---  ---  ---  ---  ---  ---  ---
    1960 2009   -2    .06 -.09  .16  .09 -.03 -.05  .14 -.07  .28*-.02  .27| .07 -.15 -.12 -.21  .00 -.10  .21  .02  .12 -.02
    1965 2014    0    .15 -.15  .18  .07 -.09 -.16  .01  .03  .12  .02  .19*-.03 -.03  .06  .07  .00    -    -    -    -    -

 [B] Entire series, effect on correlation (  .194) is:
       Lower   2013< -.050   2012> -.043   2001< -.036   2003> -.027   1951< -.022   1970< -.022  Higher   1981  .046   1953  .023
     1960 to 2009 segment:
       Lower   2001< -.059   2003> -.038   1970< -.037   1960> -.026   1963> -.023   1984< -.021  Higher   1981  .060   1993  .024
     1965 to 2014 segment:
       Lower   2013< -.064   2012> -.055   2001< -.045   2003> -.034   1970< -.027   1989> -.015  Higher   1981  .056   1993  .022

====================================================================================================================================

 182710A   1954 to  2017      64 years                                                                                    Series  15

 [B] Entire series, effect on correlation (  .450) is:
       Lower   1976< -.035   2012< -.014   1980< -.013   1993> -.012   1965> -.012   1961< -.011  Higher   1981  .067   2017  .017

====================================================================================================================================

 132118    1961 to  2010      50 years                                                                                    Series  16

 [A] Segment   High   -10   -9   -8   -7   -6   -5   -4   -3   -2   -1   +0   +1   +2   +3   +4   +5   +6   +7   +8   +9  +10
    ---------  ----   ---  ---  ---  ---  ---  ---  ---  ---  ---  ---  ---  ---  ---  ---  ---  ---  ---  ---  ---  ---  ---
    1961 2010    3    .15 -.03 -.27  .03 -.14 -.02  .20 -.22  .02 -.32 -.01| .11  .03  .25* .02  .08  .16  .06  .18 -.23    -

 [B] Entire series, effect on correlation ( -.005) is:
       Lower   1971> -.083   1992< -.062   1975< -.033   1976< -.029   1966> -.025   1979> -.023  Higher   1984  .056   2010  .052
     1961 to 2010 segment:
       Lower   1971> -.083   1992< -.062   1975< -.033   1976< -.029   1966> -.025   1979> -.023  Higher   1984  .056   2010  .052

====================================================================================================================================

 192149    1938 to  2010      73 years                                                                                    Series  17

 [A] Segment   High   -10   -9   -8   -7   -6   -5   -4   -3   -2   -1   +0   +1   +2   +3   +4   +5   +6   +7   +8   +9  +10
    ---------  ----   ---  ---  ---  ---  ---  ---  ---  ---  ---  ---  ---  ---  ---  ---  ---  ---  ---  ---  ---  ---  ---
    1938 1987    2    .02 -.07 -.35 -.02  .14  .24 -.01  .16  .21 -.20  .26|-.09  .30*-.03  .13  .02 -.19 -.19 -.16 -.01  .16
    1940 1989    0    .09 -.07 -.21  .03  .07  .13 -.04  .08  .17 -.20  .28*-.09  .27 -.06  .13  .05 -.16 -.12 -.07  .00  .12
    1950 1999    2   -.08 -.11 -.13 -.06  .21  .15 -.04  .04  .05 -.17  .21| .01  .22* .03  .16 -.07 -.15 -.08 -.14 -.08  .08
    1960 2009   -6   -.16 -.12 -.18  .00  .20* .03 -.03  .06  .09 -.19  .20| .01  .14  .04  .16 -.09 -.02  .02 -.12 -.12  .18
    1961 2010    0   -.17 -.13 -.18  .01  .18  .02 -.04  .03  .09 -.17  .19*-.01  .15  .05  .18 -.05 -.01 -.02 -.14 -.13    -

 [B] Entire series, effect on correlation (  .270) is:
       Lower   1981> -.035   1969< -.030   2005> -.029   1979> -.023   1984< -.020   1951< -.020  Higher   1993  .036   1992  .032
     1938 to 1987 segment:
       Lower   1981> -.051   1969< -.050   1979> -.036   1984< -.032   1951< -.032   1986< -.018  Higher   1957  .043   1941  .038
     1940 to 1989 segment:
       Lower   1981> -.055   1969< -.048   1979> -.037   1984< -.031   1951< -.031   1986< -.017  Higher   1957  .041   1942  .036
     1950 to 1999 segment:
       Lower   1981> -.052   1969< -.037   1979> -.034   1951< -.024   1984< -.023   1997> -.023  Higher   1993  .060   1992  .053
     1960 to 2009 segment:
       Lower   1981> -.046   2005> -.038   1969< -.038   1979> -.031   1984< -.024   1994< -.021  Higher   1993  .060   1992  .052
     1961 to 2010 segment:
       Lower   1981> -.045   1969< -.038   2005> -.037   1979> -.031   1984< -.024   1994< -.021  Higher   1993  .059   1992  .053

====================================================================================================================================

 202518    1952 to  2010      59 years                                                                                    Series  18

 [A] Segment   High   -10   -9   -8   -7   -6   -5   -4   -3   -2   -1   +0   +1   +2   +3   +4   +5   +6   +7   +8   +9  +10
    ---------  ----   ---  ---  ---  ---  ---  ---  ---  ---  ---  ---  ---  ---  ---  ---  ---  ---  ---  ---  ---  ---  ---
    1952 2001    0    .01  .05  .10 -.27 -.06  .24  .04 -.08  .20 -.05  .25*-.01  .17 -.35 -.26 -.23  .02  .20 -.03 -.01 -.05

 [B] Entire series, effect on correlation (  .277) is:
       Lower   1986< -.041   2001< -.027   1963> -.023   1984< -.019   1954< -.018   1958< -.017  Higher   1981  .076   1992  .050
     1952 to 2001 segment:
       Lower   1986< -.044   2001< -.029   1963> -.025   1984< -.020   1954< -.019   1958< -.018  Higher   1981  .087   1992  .061

====================================================================================================================================

 192678    1934 to  2010      77 years                                                                                    Series  19

 [A] Segment   High   -10   -9   -8   -7   -6   -5   -4   -3   -2   -1   +0   +1   +2   +3   +4   +5   +6   +7   +8   +9  +10
    ---------  ----   ---  ---  ---  ---  ---  ---  ---  ---  ---  ---  ---  ---  ---  ---  ---  ---  ---  ---  ---  ---  ---
    1934 1983    4    .13 -.24  .13  .06  .18  .00  .17 -.07  .03 -.33  .24| .06  .08 -.14  .31* .07 -.16 -.03  .06 -.21  .00
    1940 1989    4    .03 -.23  .15  .00  .22 -.03  .15 -.12  .10 -.31  .22| .01  .14 -.17  .36* .02 -.04 -.14  .12 -.25  .02
    1950 1999    4    .12 -.14  .19 -.18  .20 -.19  .12 -.12  .09 -.24  .17| .02  .08 -.07  .39*-.03  .08 -.09  .10 -.28  .00
    1960 2009   -8    .18 -.17  .24*-.22 -.04 -.09  .04 -.04  .16 -.12  .20|-.25  .11 -.21  .20  .06 -.06 -.05  .08 -.07  .11
    1961 2010   -8    .20 -.21  .22*-.20 -.04 -.07  .02 -.06  .11 -.15  .22|-.28  .13 -.19  .19  .06 -.03  .04  .10 -.08    -

 [B] Entire series, effect on correlation (  .199) is:
       Lower   1953> -.037   1971> -.032   2008< -.028   1965> -.027   1995> -.024   1944< -.022  Higher   1981  .057   1935  .022
     1934 to 1983 segment:
       Lower   1953> -.057   1971> -.051   1965> -.040   1944< -.038   1961< -.024   1939> -.019  Higher   1981  .088   1935  .034
     1940 to 1989 segment:
       Lower   1953> -.064   1971> -.056   1965> -.045   1944< -.034   1985< -.024   1961< -.021  Higher   1981  .091   1957  .024
     1950 to 1999 segment:
       Lower   1953> -.058   1971> -.045   1965> -.039   1995> -.036   1985< -.027   1961< -.023  Higher   1981  .104   1957  .025
     1960 to 2009 segment:
       Lower   1971> -.049   2008< -.044   1965> -.040   1995> -.036   1985< -.025   1961< -.021  Higher   1981  .090   1986  .023
     1961 to 2010 segment:
       Lower   1971> -.051   2008< -.043   1965> -.041   1995> -.036   1985< -.024   1961< -.020  Higher   1981  .082   1986  .023

====================================================================================================================================

 182460    1935 to  2010      76 years                                                                                    Series  20

 [A] Segment   High   -10   -9   -8   -7   -6   -5   -4   -3   -2   -1   +0   +1   +2   +3   +4   +5   +6   +7   +8   +9  +10
    ---------  ----   ---  ---  ---  ---  ---  ---  ---  ---  ---  ---  ---  ---  ---  ---  ---  ---  ---  ---  ---  ---  ---
    1935 1984    0    .18 -.05  .29  .08 -.07  .07  .11  .11 -.19  .16  .31* .09 -.04 -.10 -.07 -.12 -.20  .19 -.29 -.12  .07
    1940 1989   -8    .21 -.06  .32*-.03 -.07  .03  .06  .12 -.05  .18  .32| .09  .00 -.08 -.05 -.09 -.15  .15 -.31 -.17  .04
    1950 1999   -8    .18 -.10  .30*-.23  .24 -.17  .23 -.10  .11  .00  .28| .09 -.06  .10 -.13 -.06 -.09  .18 -.24 -.21  .03
    1960 2009   -8    .20 -.10  .35*-.23  .23 -.16  .13 -.15  .08 -.01  .22| .09  .00  .05 -.17 -.03 -.13  .26 -.14 -.19 -.08
    1961 2010   -8    .20 -.11  .34*-.22  .23 -.15  .12 -.17  .07 -.01  .23| .07  .01  .06 -.17 -.02 -.11  .25 -.14 -.19    -

 [B] Entire series, effect on correlation (  .305) is:
       Lower   1999< -.045   1996> -.036   1942< -.031   1974< -.025   1975< -.016   1972< -.016  Higher   1993  .031   1992  .029
     1935 to 1984 segment:
       Lower   1942< -.061   1974< -.053   1972< -.034   1975< -.033   1961< -.029   1965> -.024  Higher   1981  .055   1941  .046
     1940 to 1989 segment:
       Lower   1942< -.062   1974< -.053   1972< -.034   1975< -.033   1961< -.029   1965> -.025  Higher   1981  .056   1941  .047
     1950 to 1999 segment:
       Lower   1999< -.059   1996> -.047   1974< -.033   1975< -.022   1972< -.021   1961< -.020  Higher   1993  .047   1992  .041
     1960 to 2009 segment:
       Lower   1999< -.055   1996> -.046   1974< -.031   1975< -.020   1965> -.020   1991> -.019  Higher   1993  .054   1992  .047
     1961 to 2010 segment:
       Lower   1999< -.055   1996> -.046   1974< -.031   1965> -.020   1975< -.019   1991> -.019  Higher   1993  .051   1992  .047

====================================================================================================================================

 162327    1947 to  2010      64 years                                                                                    Series  21

 [B] Entire series, effect on correlation (  .465) is:
       Lower   2010> -.077   1954< -.042   1986< -.021   1975< -.016   1994< -.014   1949> -.014  Higher   1981  .058   1965  .033

====================================================================================================================================

 52028     1928 to  2009      82 years                                                                                    Series  22

 [A] Segment   High   -10   -9   -8   -7   -6   -5   -4   -3   -2   -1   +0   +1   +2   +3   +4   +5   +6   +7   +8   +9  +10
    ---------  ----   ---  ---  ---  ---  ---  ---  ---  ---  ---  ---  ---  ---  ---  ---  ---  ---  ---  ---  ---  ---  ---
    1928 1977   -5   -.26  .01  .12  .18  .10  .38*-.10 -.06  .20  .06  .26|-.09  .09 -.28 -.17 -.02 -.12 -.01 -.08 -.09  .15
    - - - - - - - - - - - - - - - - - - - - - - - - - - - - - - - - - - - - - - - - - - - - - - - - - - - - - - - - - - - - -
    1940 1989   -5   -.21  .35  .10  .20 -.06  .40*-.16 -.06  .05  .16  .34| .16  .10 -.05 -.31 -.02 -.24  .20 -.11 -.13  .04
    1950 1999   -5   -.15  .16 -.05  .16 -.07  .34*-.19 -.08 -.10  .16  .27| .19  .22  .00 -.21  .03 -.21  .11 -.11 -.02  .09
    1960 2009   -5   -.23  .15 -.22  .24 -.06  .30*-.03 -.08 -.13  .02  .18| .13  .02  .07 -.17  .01 -.16  .14  .04 -.11  .10

 [B] Entire series, effect on correlation (  .132) is:
       Lower   2009< -.057   1992< -.040   1986< -.033   1929< -.025   1938> -.017   1942< -.017  Higher   1971  .100   1941  .028
     1928 to 1977 segment:
       Lower   1929< -.060   1942< -.041   1938> -.038   1933> -.033   1963> -.026   1937> -.019  Higher   1971  .193   1941  .051
     1940 to 1989 segment:
       Lower   1986< -.080   1942< -.041   1981> -.037   1963> -.027   1987> -.018   1946< -.016  Higher   1971  .164   1941  .045
     1950 to 1999 segment:
       Lower   1992< -.094   1986< -.079   1981> -.022   1963> -.020   1980< -.017   1961< -.016  Higher   1971  .174   1965  .031
     1960 to 2009 segment:
       Lower   2009< -.085   1992< -.058   1986< -.048   1981> -.025   1963> -.019   2001< -.018  Higher   1971  .134   2008  .031

====================================================================================================================================

 202924    1952 to  2009      58 years                                                                                    Series  23

 [A] Segment   High   -10   -9   -8   -7   -6   -5   -4   -3   -2   -1   +0   +1   +2   +3   +4   +5   +6   +7   +8   +9  +10
    ---------  ----   ---  ---  ---  ---  ---  ---  ---  ---  ---  ---  ---  ---  ---  ---  ---  ---  ---  ---  ---  ---  ---
    1952 2001    0    .10 -.05 -.08 -.02  .20 -.18 -.19 -.04 -.26 -.11  .28*-.02  .15 -.03 -.02 -.22  .17  .01 -.11  .26  .07
    1960 2009    0    .07  .02 -.03  .05  .21 -.16 -.25 -.04 -.17 -.15  .31* .04  .21 -.06 -.08 -.30  .05 -.02 -.10  .18  .05

 [B] Entire series, effect on correlation (  .309) is:
       Lower   1993> -.040   1987< -.035   1971> -.027   1995> -.022   1997> -.019   1956< -.016  Higher   1981  .035   1992  .032
     1952 to 2001 segment:
       Lower   1993> -.041   1987< -.037   1971> -.027   1995> -.022   1997> -.019   1956< -.017  Higher   1981  .039   1992  .037
     1960 to 2009 segment:
       Lower   1987< -.053   1993> -.044   1971> -.028   1995> -.024   1997> -.020   1984< -.016  Higher   1981  .043   1992  .038

====================================================================================================================================

 110001    1957 to  2009      53 years                                                                                    Series  24

 [B] Entire series, effect on correlation (  .411) is:
       Lower   2009< -.034   1991> -.032   1970< -.029   2004> -.026   1962> -.023   1989> -.019  Higher   1965  .047   1981  .030

====================================================================================================================================

 100133    1947 to  2010      64 years                                                                                    Series  25

 [A] Segment   High   -10   -9   -8   -7   -6   -5   -4   -3   -2   -1   +0   +1   +2   +3   +4   +5   +6   +7   +8   +9  +10
    ---------  ----   ---  ---  ---  ---  ---  ---  ---  ---  ---  ---  ---  ---  ---  ---  ---  ---  ---  ---  ---  ---  ---
    1947 1996    0    .11 -.14  .11 -.19  .22 -.07 -.05 -.09 -.03 -.13  .25*-.12  .07 -.34  .16 -.19  .19  .07  .05  .11  .15
    1950 1999    0    .10 -.13  .08 -.08  .20 -.04 -.11 -.12 -.11 -.20  .24*-.11  .10 -.33  .17 -.17  .13  .05  .04  .11  .18
    1960 2009    4   -.05 -.05  .02  .00  .24 -.06 -.05 -.09  .02 -.25  .19|-.14  .21 -.25  .29*-.19 -.09 -.12  .19  .18  .19
    1961 2010    4   -.05 -.06  .02  .00  .24 -.05 -.05 -.10  .01 -.25  .20|-.15  .21 -.25  .29*-.20 -.08 -.08  .19  .18    -

 [B] Entire series, effect on correlation (  .180) is:
       Lower   2008< -.052   1958< -.038   1963> -.034   1997> -.026   2009< -.020   1995> -.013  Higher   1953  .028   1984  .023
     1947 to 1996 segment:
       Lower   1958< -.052   1963> -.045   1995> -.018   1966> -.018   1948> -.017   1985< -.014  Higher   1984  .027   1986  .025
     1950 to 1999 segment:
       Lower   1958< -.051   1963> -.041   1997> -.031   1995> -.016   1966> -.015   1985< -.015  Higher   1984  .025   1986  .024
     1960 to 2009 segment:
       Lower   2008< -.084   1963> -.044   1997> -.033   2009< -.032   1985< -.019   1995> -.016  Higher   1981  .033   1984  .031
     1961 to 2010 segment:
       Lower   2008< -.084   1963> -.044   2009< -.032   1997> -.032   1985< -.019   1980< -.016  Higher   1984  .031   1981  .031

====================================================================================================================================

 202734A   1957 to  2004      48 years                                                                                    Series  26

 [A] Segment   High   -10   -9   -8   -7   -6   -5   -4   -3   -2   -1   +0   +1   +2   +3   +4   +5   +6   +7   +8   +9  +10
    ---------  ----   ---  ---  ---  ---  ---  ---  ---  ---  ---  ---  ---  ---  ---  ---  ---  ---  ---  ---  ---  ---  ---
    1957 2004   -1    .16  .03 -.01  .01 -.03 -.23  .24 -.01  .17  .25* .22|-.08 -.22 -.01 -.28  .02  .10  .12  .19 -.28  .04

 [B] Entire series, effect on correlation (  .220) is:
       Lower   1996> -.084   1962> -.043   1999< -.041   1969< -.023   1987> -.021   1979> -.018  Higher   1971  .057   1957  .036
     1957 to 2004 segment:
       Lower   1996> -.084   1962> -.043   1999< -.041   1969< -.023   1987> -.021   1979> -.018  Higher   1971  .057   1957  .036

 [E] Outliers     1   3.0 SD above or -4.5 SD below mean for year
       1996 +3.2 SD
====================================================================================================================================

 172372    1921 to  2007      87 years                                                                                    Series  27

 [A] Segment   High   -10   -9   -8   -7   -6   -5   -4   -3   -2   -1   +0   +1   +2   +3   +4   +5   +6   +7   +8   +9  +10
    ---------  ----   ---  ---  ---  ---  ---  ---  ---  ---  ---  ---  ---  ---  ---  ---  ---  ---  ---  ---  ---  ---  ---
    1921 1970   -4      -    -    -    -  .19  .08  .25*-.06  .08 -.09  .04|-.25  .12  .06 -.07 -.06  .04 -.09 -.12  .04  .12
    1930 1979   -3   -.09 -.11 -.06 -.08  .07 -.11  .08  .22* .20  .22  .07|-.12  .10 -.10  .21 -.24  .04  .06 -.05  .03  .00
    1940 1989   -1   -.06 -.11 -.06 -.06  .01 -.08 -.02  .17  .06  .23* .16|-.04  .09 -.04  .14 -.05  .07  .16 -.01  .05 -.04
    1950 1999    2   -.09 -.13  .05  .02  .02 -.11  .00 -.11  .03  .16  .23|-.01  .24*-.10  .07 -.03 -.07  .15  .00  .04  .03
    1958 2007    2   -.08 -.19  .11  .05  .00 -.08  .07 -.14 -.06  .18  .16|-.06  .31*-.08 -.04 -.07 -.06  .06  .00  .14  .02

 [B] Entire series, effect on correlation (  .041) is:
       Lower   1921< -.147   1933> -.029   1971> -.029   1944< -.020   1938> -.017   2001< -.017  Higher   1925  .036   1965  .035
     1921 to 1970 segment:
       Lower   1921< -.271   1933> -.054   1944< -.033   1938> -.032   1948> -.013   1936> -.011  Higher   1925  .064   1965  .061
     1930 to 1979 segment:
       Lower   1971> -.064   1933> -.062   1944< -.052   1938> -.035   1974< -.034   1973> -.014  Higher   1965  .074   1957  .028
     1940 to 1989 segment:
       Lower   1971> -.081   1944< -.046   1981> -.034   1982< -.031   1974< -.029   1973> -.020  Higher   1965  .064   1957  .026
     1950 to 1999 segment:
       Lower   1971> -.070   1982< -.035   1974< -.034   1981> -.028   1986< -.021   1991> -.020  Higher   1965  .056   1964  .021
     1958 to 2007 segment:
       Lower   1971> -.073   2001< -.039   1982< -.033   1974< -.031   1981> -.030   1991> -.020  Higher   1965  .057   1999  .026

 [C] Year-to-year changes diverging by over 4.0 std deviations:
       1921 1922   4.3 SD

====================================================================================================================================

 192700    1929 to  2009      81 years                                                                                    Series  28

 [A] Segment   High   -10   -9   -8   -7   -6   -5   -4   -3   -2   -1   +0   +1   +2   +3   +4   +5   +6   +7   +8   +9  +10
    ---------  ----   ---  ---  ---  ---  ---  ---  ---  ---  ---  ---  ---  ---  ---  ---  ---  ---  ---  ---  ---  ---  ---
    1929 1978  -10    .22*-.24 -.02  .03 -.01 -.15 -.16 -.12 -.19 -.06  .02|-.06  .06  .01  .10  .12  .04  .14 -.19  .21  .01
    1930 1979    9    .17 -.32  .12 -.01  .01 -.14 -.24 -.11 -.20 -.06  .03|-.07  .13 -.03  .09  .08 -.01  .11 -.17  .24* .05
    1940 1989  -10    .26*-.20  .01  .15 -.02 -.16 -.31 -.07 -.12 -.17  .19|-.05  .16 -.05 -.04  .00  .11 -.12  .05  .10  .21
    1950 1999    0    .09 -.09  .12  .09  .13 -.13 -.19 -.16 -.03 -.11  .26*-.12  .20 -.09 -.12 -.14  .14 -.08  .02  .12  .14
    1960 2009    2    .08  .04  .10  .12  .23 -.14 -.29 -.13  .04 -.09  .28| .00  .30*-.11 -.06 -.21  .00 -.14 -.05 -.07  .03

 [B] Entire series, effect on correlation (  .185) is:
       Lower   1941> -.032   1934< -.026   1964> -.025   1957< -.023   1932< -.016   1961< -.016  Higher   1992  .038   1986  .021
     1929 to 1978 segment:
       Lower   1941> -.044   1964> -.035   1957< -.030   1932< -.022   1961< -.021   1933> -.015  Higher   1942  .044   1953  .031
     1930 to 1979 segment:
       Lower   1941> -.046   1964> -.035   1957< -.029   1932< -.022   1961< -.021   1933> -.016  Higher   1942  .046   1947  .031
     1940 to 1989 segment:
       Lower   1941> -.052   1957< -.044   1964> -.041   1961< -.031   1976< -.017   1978< -.016  Higher   1986  .037   1942  .036
     1950 to 1999 segment:
       Lower   1964> -.046   1957< -.042   1998< -.031   1961< -.029   1971> -.027   1978< -.017  Higher   1992  .064   1986  .036
     1960 to 2009 segment:
       Lower   1964> -.042   1998< -.034   1961< -.033   1971> -.023   1978< -.020   2002< -.019  Higher   1992  .059   1986  .033

====================================================================================================================================

 60560     1915 to  2009      95 years                                                                                    Series  29

 [*] Early part of series cannot be checked from 1915 to 1920 -- not matched by another series

 [A] Segment   High   -10   -9   -8   -7   -6   -5   -4   -3   -2   -1   +0   +1   +2   +3   +4   +5   +6   +7   +8   +9  +10
    ---------  ----   ---  ---  ---  ---  ---  ---  ---  ---  ---  ---  ---  ---  ---  ---  ---  ---  ---  ---  ---  ---  ---
    1921 1970    1      -    -    -    -  .12 -.07 -.21  .16 -.04 -.05 -.14| .19*-.12 -.13  .17 -.22  .10 -.01  .04  .05 -.31
    1930 1979   -9   -.16  .21*-.02 -.02  .09  .00 -.06  .20 -.16 -.17 -.16| .17 -.11 -.07  .09 -.05  .03 -.02 -.03  .01 -.36
    1940 1989  -10    .30* .04  .22 -.16  .11 -.05 -.01  .06 -.01 -.15  .03|-.01 -.05 -.09  .04 -.11  .09  .08 -.09 -.07 -.25
    1950 1999  -10    .26* .13  .17 -.05  .00 -.10 -.22  .01  .07 -.23  .19| .01  .00 -.11  .09 -.08  .05  .16 -.06  .06 -.14
    1960 2009  -10    .30* .23  .15  .02 -.08 -.12 -.27 -.05  .06 -.18  .26|-.04 -.02 -.13 -.05 -.07  .05  .16 -.10  .02 -.12

 [B] Entire series, effect on correlation ( -.005) is:
       Lower   1921> -.114   1942< -.037   1944< -.015   1974< -.015   1934> -.013   1938> -.012  Higher   1981  .023   1925  .021
     1921 to 1970 segment:
       Lower   1921> -.082   1942< -.050   1944< -.021   1934> -.014   1938> -.013   1947< -.012  Higher   1925  .035   1961  .029
     1930 to 1979 segment:
       Lower   1942< -.087   1934> -.036   1944< -.032   1938> -.032   1974< -.031   1966> -.029  Higher   1941  .056   1961  .052
     1940 to 1989 segment:
       Lower   1942< -.098   1944< -.036   1974< -.035   1966> -.035   1963> -.033   1983< -.026  Higher   1981  .062   1941  .045
     1950 to 1999 segment:
       Lower   1974< -.049   1983< -.037   1966> -.034   1963> -.033   1976< -.031   1993> -.029  Higher   1981  .055   1961  .029
     1960 to 2009 segment:
       Lower   1974< -.049   1966> -.036   1983< -.036   1963> -.035   1993> -.032   1976< -.031  Higher   1981  .044   1961  .028

 [C] Year-to-year changes diverging by over 4.0 std deviations:
       1921 1922  -5.1 SD

 [E] Outliers     1   3.0 SD above or -4.5 SD below mean for year
       1921 +3.7 SD
====================================================================================================================================

 122504    1936 to  2009      74 years                                                                                    Series  30

 [A] Segment   High   -10   -9   -8   -7   -6   -5   -4   -3   -2   -1   +0   +1   +2   +3   +4   +5   +6   +7   +8   +9  +10
    ---------  ----   ---  ---  ---  ---  ---  ---  ---  ---  ---  ---  ---  ---  ---  ---  ---  ---  ---  ---  ---  ---  ---
    1936 1985    2   -.10 -.18  .07  .11  .08  .12 -.07  .14  .04 -.03  .18|-.10  .27*-.07 -.11 -.13 -.09  .25  .07  .22  .26
    1940 1989    7   -.02 -.14  .11  .25  .03 -.07 -.11  .05 -.07 -.08  .22|-.03  .15 -.04 -.17 -.05 -.04  .28* .19  .26  .20
    1950 1999    7   -.05 -.08  .18  .24  .09 -.06  .03 -.06  .04  .01  .17|-.04  .18 -.14 -.25 -.06 -.04  .27* .18  .24  .12
    1960 2009   -7   -.02 -.08  .05  .30* .11  .01  .05 -.01  .04  .01  .24|-.04  .21 -.12 -.18  .02 -.16  .15 -.05  .06  .12

 [B] Entire series, effect on correlation (  .232) is:
       Lower   1998< -.036   1956< -.036   1957< -.030   1965> -.023   1981> -.022   1960> -.019  Higher   1992  .029   1942  .029
     1936 to 1985 segment:
       Lower   1956< -.067   1957< -.053   1965> -.032   1960> -.030   1981> -.023   1969< -.022  Higher   1942  .053   1971  .030
     1940 to 1989 segment:
       Lower   1956< -.059   1957< -.047   1965> -.034   1960> -.031   1981> -.029   1962> -.021  Higher   1942  .045   1966  .025
     1950 to 1999 segment:
       Lower   1998< -.049   1956< -.048   1957< -.038   1965> -.033   1981> -.029   1960> -.027  Higher   1992  .048   1966  .022
     1960 to 2009 segment:
       Lower   1998< -.055   1965> -.031   1981> -.030   1960> -.026   2005> -.025   1962> -.018  Higher   1992  .040   1966  .019

====================================================================================================================================

 110155    1955 to  2010      56 years                                                                                    Series  31

 [A] Segment   High   -10   -9   -8   -7   -6   -5   -4   -3   -2   -1   +0   +1   +2   +3   +4   +5   +6   +7   +8   +9  +10
    ---------  ----   ---  ---  ---  ---  ---  ---  ---  ---  ---  ---  ---  ---  ---  ---  ---  ---  ---  ---  ---  ---  ---
    1955 2004  -10    .38*-.30 -.04 -.25  .09 -.10  .08  .01 -.04  .01  .25|-.04  .11 -.15  .10 -.32  .23 -.17  .18 -.06  .03
    1960 2009  -10    .39*-.26 -.03 -.24  .06 -.11  .10 -.01 -.02  .01  .23|-.05  .10 -.14  .05 -.32  .29 -.16  .16 -.10  .04
    1961 2010  -10    .36*-.25 -.02 -.23  .03 -.13  .10 -.04  .00  .05  .19|-.05  .10 -.14  .09 -.28  .30 -.23  .13 -.09    -

 [B] Entire series, effect on correlation (  .214) is:
       Lower   2010> -.044   1996> -.039   1971> -.029   1997> -.027   2000> -.024   1973> -.020  Higher   1981  .124   1965  .051
     1955 to 2004 segment:
       Lower   1996> -.044   1971> -.036   1997> -.031   2000> -.027   1973> -.023   1982< -.020  Higher   1981  .129   1965  .052
     1960 to 2009 segment:
       Lower   1996> -.043   1971> -.035   1997> -.031   2000> -.027   1973> -.023   1982< -.019  Higher   1981  .133   1965  .053
     1961 to 2010 segment:
       Lower   2010> -.046   1996> -.040   1971> -.030   1997> -.028   2000> -.025   1973> -.020  Higher   1981  .134   1965  .054

 [C] Year-to-year changes diverging by over 4.0 std deviations:
       1981 1982  -4.3 SD

====================================================================================================================================

 120756    1935 to  2008      74 years                                                                                    Series  32

 [A] Segment   High   -10   -9   -8   -7   -6   -5   -4   -3   -2   -1   +0   +1   +2   +3   +4   +5   +6   +7   +8   +9  +10
    ---------  ----   ---  ---  ---  ---  ---  ---  ---  ---  ---  ---  ---  ---  ---  ---  ---  ---  ---  ---  ---  ---  ---
    1935 1984    0   -.08 -.14  .14  .10 -.03  .01  .18 -.31  .08  .17  .20*-.02  .10  .11 -.31 -.07 -.01 -.15  .10  .12  .13
    1940 1989    9   -.13 -.04  .15  .19  .07 -.09 -.01 -.27  .06  .11  .19|-.02  .16 -.04 -.26 -.13  .06 -.16  .16  .28* .13
    1950 1999   -7   -.10  .02  .21  .38* .10  .04 -.10 -.22  .09  .19  .23|-.02  .15 -.16 -.37 -.18  .02 -.12  .19  .35  .15
    1959 2008   -7   -.13  .08  .12  .39* .08  .10 -.18 -.18  .14  .07  .33| .11  .15 -.15 -.36 -.07 -.03  .01  .25  .05  .08

 [B] Entire series, effect on correlation (  .285) is:
       Lower   1981> -.113   1947< -.030   1959> -.020   1993> -.016   1977> -.014   1948> -.014  Higher   1971  .057   1992  .036
     1935 to 1984 segment:
       Lower   1981> -.146   1947< -.038   1959> -.024   1977> -.017   1948> -.016   1972< -.016  Higher   1971  .086   1941  .040
     1940 to 1989 segment:
       Lower   1981> -.168   1947< -.043   1959> -.029   1977> -.021   1948> -.020   1972< -.019  Higher   1971  .107   1941  .049
     1950 to 1999 segment:
       Lower   1981> -.188   1959> -.034   1993> -.026   1977> -.024   1972< -.021   1956< -.018  Higher   1971  .106   1992  .067
     1959 to 2008 segment:
       Lower   1981> -.185   1959> -.032   1972< -.027   1993> -.023   1983< -.023   1977> -.022  Higher   1971  .093   1992  .057

 [C] Year-to-year changes diverging by over 4.0 std deviations:
       1980 1981   4.4 SD

====================================================================================================================================

 110492    1964 to  2010      47 years                                                                                    Series  33

 [B] Entire series, effect on correlation (  .382) is:
       Lower   1971> -.100   1985< -.042   1964> -.032   1970< -.031   2010> -.027   2000> -.022  Higher   1981  .141   1965  .035

 [C] Year-to-year changes diverging by over 4.0 std deviations:
       1970 1971   4.2 SD

====================================================================================================================================

 10292A    1980 to  2012      33 years                                                                                    Series  34

 [B] Entire series, effect on correlation (  .534) is:
       Lower   2010> -.038   1984< -.035   1987> -.030   2012< -.020   2009< -.017   1994< -.013  Higher   1981  .123   2008  .021

====================================================================================================================================

 90069A    1924 to  2011      88 years                                                                                    Series  35

 [A] Segment   High   -10   -9   -8   -7   -6   -5   -4   -3   -2   -1   +0   +1   +2   +3   +4   +5   +6   +7   +8   +9  +10
    ---------  ----   ---  ---  ---  ---  ---  ---  ---  ---  ---  ---  ---  ---  ---  ---  ---  ---  ---  ---  ---  ---  ---
    1924 1973   -5      -  .07  .07  .10 -.38  .24*-.11  .21 -.01 -.02  .11|-.11  .16 -.07 -.11 -.10 -.05  .01 -.05 -.25  .19
    1930 1979  -10    .37*-.28  .12  .20 -.30  .10  .08  .00 -.05  .16  .08| .04  .11  .06 -.29  .10 -.13 -.05 -.09 -.12  .20
    1940 1989   -7   -.08  .08 -.01  .36*-.13 -.04 -.13 -.16  .03  .12  .34| .16  .11 -.06 -.19  .09 -.14 -.06 -.08  .05 -.03
    1950 1999   -7   -.17 -.03 -.07  .34*-.08  .11 -.13 -.14  .00  .33  .30| .25  .12  .03 -.25  .00 -.16 -.04 -.05  .16  .01
    1960 2009    1   -.26  .12 -.20  .37 -.03  .01 -.18 -.18  .02  .15  .33| .44* .02 -.02 -.25  .00 -.10  .17  .10 -.14 -.06
    1962 2011    1   -.23  .12 -.20  .34 -.04  .02 -.21 -.14  .06  .09  .34| .44* .03  .01 -.23 -.02 -.19  .16  .11    -    -

 [B] Entire series, effect on correlation (  .180) is:
       Lower   1931< -.119   1981> -.027   1930> -.022   1992< -.019   1926< -.018   1947< -.017  Higher   2001  .020   1925  .019
     1924 to 1973 segment:
       Lower   1931< -.176   1930> -.032   1947< -.023   1926< -.019   1934> -.018   1939> -.014  Higher   1925  .038   1957  .027
     1930 to 1979 segment:
       Lower   1931< -.234   1930> -.035   1947< -.032   1934> -.017   1939> -.014   1970< -.010  Higher   1941  .034   1971  .033
     1940 to 1989 segment:
       Lower   1981> -.069   1947< -.046   1948< -.028   1980< -.018   1970< -.015   1959> -.014  Higher   1941  .030   1957  .023
     1950 to 1999 segment:
       Lower   1981> -.074   1992< -.054   1980< -.020   1959> -.017   1970< -.017   1963> -.014  Higher   1957  .032   1971  .028
     1960 to 2009 segment:
       Lower   1981> -.074   1992< -.053   1980< -.019   1970< -.017   1963> -.013   1996> -.013  Higher   2001  .035   2008  .031
     1962 to 2011 segment:
       Lower   1981> -.072   1992< -.054   1980< -.020   1970< -.017   1963> -.013   1996> -.013  Higher   2001  .036   2008  .031

 [C] Year-to-year changes diverging by over 4.0 std deviations:
       1930 1931  -4.5 SD

====================================================================================================================================

 122347A   1956 to  2015      60 years                                                                                    Series  36

 [A] Segment   High   -10   -9   -8   -7   -6   -5   -4   -3   -2   -1   +0   +1   +2   +3   +4   +5   +6   +7   +8   +9  +10
    ---------  ----   ---  ---  ---  ---  ---  ---  ---  ---  ---  ---  ---  ---  ---  ---  ---  ---  ---  ---  ---  ---  ---
    1956 2005    0   -.14  .20  .06  .23 -.03  .10 -.17  .00 -.13 -.12  .32*-.10  .06  .06  .00  .00 -.14  .01 -.19  .01  .19
    1960 2009    0   -.16  .17  .03  .25 -.05  .07 -.15  .00 -.17 -.16  .30*-.14  .01  .14 -.03  .01 -.09  .04 -.12  .04  .23
    1966 2015   -7   -.13  .18  .04  .27*-.03  .10 -.07  .03 -.13 -.11  .27|-.21 -.08  .08 -.05    -    -    -    -    -    -

 [B] Entire series, effect on correlation (  .252) is:
       Lower   2010> -.040   1995> -.033   1981> -.029   1976< -.022   1961< -.020   2012> -.018  Higher   1971  .064   1992  .043
     1956 to 2005 segment:
       Lower   1981> -.043   1995> -.041   1976< -.026   2000< -.025   1961< -.024   2001< -.016  Higher   1971  .062   1992  .048
     1960 to 2009 segment:
       Lower   1981> -.045   1995> -.042   1976< -.024   1961< -.021   2000< -.017   2009< -.015  Higher   1971  .062   1992  .050
     1966 to 2015 segment:
       Lower   2010> -.048   1995> -.039   1981> -.038   1976< -.025   2012> -.021   2009< -.018  Higher   1971  .073   1992  .049

====================================================================================================================================

 192561A   1959 to  2013      55 years                                                                                    Series  37

 [A] Segment   High   -10   -9   -8   -7   -6   -5   -4   -3   -2   -1   +0   +1   +2   +3   +4   +5   +6   +7   +8   +9  +10
    ---------  ----   ---  ---  ---  ---  ---  ---  ---  ---  ---  ---  ---  ---  ---  ---  ---  ---  ---  ---  ---  ---  ---
    1959 2008    0    .21 -.10  .18  .09  .16 -.34  .09 -.03  .21  .01  .22*-.13 -.03 -.18  .12 -.10  .15 -.11  .12 -.18  .09
    1960 2009    0    .22 -.11  .17  .10  .18 -.37  .08 -.04  .19  .01  .24*-.13 -.05 -.17  .13 -.08  .20 -.10  .06 -.20  .08
    1964 2013    0    .22 -.11  .13  .13  .15 -.37  .06 -.08  .20 -.07  .26*-.12 -.01 -.11  .09 -.04  .18    -    -    -    -

 [B] Entire series, effect on correlation (  .224) is:
       Lower   1993> -.043   1964> -.026   2013> -.025   1986< -.024   1985< -.023   1962> -.020  Higher   1966  .031   2008  .028
     1959 to 2008 segment:
       Lower   1993> -.047   1964> -.029   1986< -.026   1985< -.024   1971> -.022   1962> -.022  Higher   1966  .034   2008  .030
     1960 to 2009 segment:
       Lower   1993> -.049   1964> -.030   1986< -.025   1971> -.024   1962> -.023   1985< -.023  Higher   1966  .033   2008  .028
     1964 to 2013 segment:
       Lower   1993> -.050   1964> -.031   2013> -.029   1971> -.029   1986< -.024   1985< -.023  Higher   1966  .030   2008  .028

====================================================================================================================================

 141145A   1924 to  2019      96 years                                                                                    Series  38

 [*] Later part of series cannot be checked from 2018 to 2019 -- not matched by another series

 [A] Segment   High   -10   -9   -8   -7   -6   -5   -4   -3   -2   -1   +0   +1   +2   +3   +4   +5   +6   +7   +8   +9  +10
    ---------  ----   ---  ---  ---  ---  ---  ---  ---  ---  ---  ---  ---  ---  ---  ---  ---  ---  ---  ---  ---  ---  ---
    1924 1973   10      - -.04  .03  .02  .01  .08 -.25 -.03 -.06 -.12  .21|-.18  .10 -.03  .20  .10  .12  .24  .07 -.11  .27*
    1930 1979    7   -.15  .06  .23 -.03 -.14 -.06 -.14 -.04 -.01 -.02  .14|-.15  .07 -.01  .06  .14  .11  .26* .14 -.07  .15
    1940 1989    7   -.01  .08  .18  .00 -.24 -.06 -.22  .11  .10 -.01  .29|-.13 -.04 -.12 -.02  .09  .03  .30* .12 -.13  .16
    - - - - - - - - - - - - - - - - - - - - - - - - - - - - - - - - - - - - - - - - - - - - - - - - - - - - - - - - - - - - -
    1968 2017    0    .06 -.01  .15 -.15  .06 -.14 -.12  .18  .04 -.06  .26*-.04  .00    -    -    -    -    -    -    -    -

 [B] Entire series, effect on correlation (  .165) is:
       Lower   2008< -.030   1965> -.024   1943> -.021   2006< -.020   1941> -.019   2005> -.017  Higher   1971  .076   1981  .053
     1924 to 1973 segment:
       Lower   1965> -.051   1943> -.045   1941> -.042   1932< -.033   1935< -.033   1957< -.021  Higher   1971  .162   1925  .058
     1930 to 1979 segment:
       Lower   1965> -.056   1943> -.047   1941> -.045   1932< -.034   1935< -.033   1974< -.023  Higher   1971  .207   1966  .030
     1940 to 1989 segment:
       Lower   1965> -.054   1943> -.047   1941> -.046   1957< -.025   1974< -.023   1984< -.023  Higher   1971  .152   1981  .102
     1968 to 2017 segment:
       Lower   2008< -.054   2017> -.045   2006< -.037   2005> -.030   2009< -.021   1974< -.018  Higher   1971  .114   1981  .077

====================================================================================================================================

 202782A   1980 to  2010      31 years                                                                                    Series  39

 [A] Segment   High   -10   -9   -8   -7   -6   -5   -4   -3   -2   -1   +0   +1   +2   +3   +4   +5   +6   +7   +8   +9  +10
    ---------  ----   ---  ---  ---  ---  ---  ---  ---  ---  ---  ---  ---  ---  ---  ---  ---  ---  ---  ---  ---  ---  ---
    1980 2010    6    .05 -.07 -.07  .06  .17 -.06 -.01  .03  .08 -.11  .10| .07 -.02  .06 -.14 -.26  .25*-.05  .08  .08    -

 [B] Entire series, effect on correlation (  .096) is:
       Lower   2005> -.049   1993> -.049   2007< -.044   1988> -.028   1991> -.016   1989> -.015  Higher   1981  .035   2001  .031
     1980 to 2010 segment:
       Lower   2005> -.049   1993> -.049   2007< -.044   1988> -.028   1991> -.016   1989> -.015  Higher   1981  .035   2001  .031

====================================================================================================================================

 192316    1924 to  2010      87 years                                                                                    Series  40

 [A] Segment   High   -10   -9   -8   -7   -6   -5   -4   -3   -2   -1   +0   +1   +2   +3   +4   +5   +6   +7   +8   +9  +10
    ---------  ----   ---  ---  ---  ---  ---  ---  ---  ---  ---  ---  ---  ---  ---  ---  ---  ---  ---  ---  ---  ---  ---
    1924 1973    0      - -.08 -.02  .14 -.06  .10 -.05 -.20 -.06 -.10  .25*-.10 -.09 -.05  .22  .19 -.09  .09  .05 -.21  .03
    1930 1979    0    .09  .01  .01  .24 -.12  .05 -.19 -.05 -.16  .01  .32*-.08 -.18  .05  .11  .17 -.12  .16  .01 -.14  .01
    - - - - - - - - - - - - - - - - - - - - - - - - - - - - - - - - - - - - - - - - - - - - - - - - - - - - - - - - - - - - -
    1950 1999    0    .06  .20  .06  .14 -.05 -.02 -.18 -.26 -.16  .00  .22* .10 -.16  .12 -.20  .03 -.09  .13  .16 -.08  .19
    1960 2009   10    .00  .18  .04  .16 -.05 -.01 -.09 -.21 -.19 -.01  .11| .01 -.18  .09 -.22 -.04 -.14  .14  .22 -.03  .26*
    1961 2010   -9   -.02  .23* .06  .14 -.05 -.03 -.06 -.19 -.14  .03  .06| .05 -.20  .06 -.22 -.05 -.18  .03  .20 -.01    -

 [B] Entire series, effect on correlation (  .088) is:
       Lower   1946< -.052   1924> -.042   1965> -.033   2010> -.021   1936> -.013   1980< -.013  Higher   1971  .045   1981  .033
     1924 to 1973 segment:
       Lower   1946< -.109   1924> -.070   1965> -.051   1936> -.020   1938> -.015   1962> -.013  Higher   1971  .062   1957  .030
     1930 to 1979 segment:
       Lower   1946< -.130   1965> -.066   1936> -.025   1979> -.022   1938> -.020   1962> -.017  Higher   1971  .070   1957  .033
     1950 to 1999 segment:
       Lower   1965> -.078   1980< -.040   1986< -.037   1979> -.025   1962> -.021   1997> -.020  Higher   1971  .103   1981  .076
     1960 to 2009 segment:
       Lower   1965> -.079   1980< -.032   1986< -.028   2001< -.027   1979> -.027   2009< -.026  Higher   1971  .108   1981  .078
     1961 to 2010 segment:
       Lower   1965> -.070   2010> -.044   1980< -.031   1986< -.027   2001< -.027   2009< -.025  Higher   1971  .111   1981  .082

 [C] Year-to-year changes diverging by over 4.0 std deviations:
       1924 1925  -4.4 SD    1945 1946  -4.6 SD

 [D]    1 Absent rings:  Year   Master  N series Absent
                         1946     .740      24       1  >> WARNING:  Ring is not usually narrow

 [E] Outliers     1   3.0 SD above or -4.5 SD below mean for year
       1946 -6.3 SD
====================================================================================================================================

 182701    1946 to  2011      66 years                                                                                    Series  41

 [A] Segment   High   -10   -9   -8   -7   -6   -5   -4   -3   -2   -1   +0   +1   +2   +3   +4   +5   +6   +7   +8   +9  +10
    ---------  ----   ---  ---  ---  ---  ---  ---  ---  ---  ---  ---  ---  ---  ---  ---  ---  ---  ---  ---  ---  ---  ---
    1946 1995   -6    .00 -.04  .22 -.21  .28* .10  .19  .09  .04 -.01  .07|-.03  .05  .09  .11 -.23 -.14 -.08 -.32 -.03  .14
    1950 1999   -6    .05 -.01  .22 -.17  .28*-.01  .26  .03  .05 -.04  .15|-.01  .02  .08  .07 -.17 -.17 -.12 -.34 -.12  .15
    1960 2009   10    .08  .05  .12 -.13  .01  .02  .14  .03  .18 -.07  .07|-.14 -.10  .00 -.06  .09 -.07 -.02 -.12 -.08  .33*
    1962 2011    0    .14 -.01  .08 -.08 -.01  .06  .13  .00  .13 -.13  .15*-.23 -.09  .04 -.08  .09 -.07  .10 -.08    -    -

 [B] Entire series, effect on correlation (  .139) is:
       Lower   1965> -.036   2007< -.030   1961< -.024   1988> -.021   1948> -.019   1946< -.019  Higher   2010  .028   1971  .026
     1946 to 1995 segment:
       Lower   1965> -.049   1961< -.037   1988> -.031   1946< -.030   1948> -.027   1975< -.024  Higher   1971  .056   1981  .045
     1950 to 1999 segment:
       Lower   1965> -.056   1961< -.043   1988> -.036   1975< -.028   1989> -.025   1992< -.024  Higher   1971  .051   1957  .041
     1960 to 2009 segment:
       Lower   1965> -.041   2007< -.034   1961< -.028   1988> -.023   1989> -.019   1975< -.018  Higher   1971  .038   2005  .030
     1962 to 2011 segment:
       Lower   2007< -.046   1965> -.045   1988> -.025   1989> -.020   1975< -.019   1963> -.016  Higher   2010  .030   1971  .029

====================================================================================================================================

 40883A    1978 to  2017      40 years                                                                                    Series  42

 [A] Segment   High   -10   -9   -8   -7   -6   -5   -4   -3   -2   -1   +0   +1   +2   +3   +4   +5   +6   +7   +8   +9  +10
    ---------  ----   ---  ---  ---  ---  ---  ---  ---  ---  ---  ---  ---  ---  ---  ---  ---  ---  ---  ---  ---  ---  ---
    1978 2017    2   -.19 -.06  .05  .04  .21  .01 -.04 -.23 -.23 -.14  .09|-.05  .32*   -    -    -    -    -    -    -    -

 [B] Entire series, effect on correlation (  .089) is:
       Lower   2017> -.125   1981> -.033   1982< -.029   2011< -.025   1995> -.025   1985< -.024  Higher   1993  .059   1984  .049
     1978 to 2017 segment:
       Lower   2017> -.125   1981> -.033   1982< -.029   2011< -.025   1995> -.025   1985< -.024  Higher   1993  .059   1984  .049

 [C] Year-to-year changes diverging by over 4.0 std deviations:
       2016 2017   4.1 SD

====================================================================================================================================

 162228A   1993 to  2017      25 years                                                                                    Series  43

 [A] Segment   High   -10   -9   -8   -7   -6   -5   -4   -3   -2   -1   +0   +1   +2   +3   +4   +5   +6   +7   +8   +9  +10
    ---------  ----   ---  ---  ---  ---  ---  ---  ---  ---  ---  ---  ---  ---  ---  ---  ---  ---  ---  ---  ---  ---  ---
    1993 2017    1   -.01 -.07 -.43  .23 -.22 -.22  .18 -.25  .17  .18  .17| .25*-.31    -    -    -    -    -    -    -    -

 [B] Entire series, effect on correlation (  .168) is:
       Lower   2014< -.083   2005> -.046   2000> -.030   2006< -.029   2003> -.024   2010> -.018  Higher   2017  .083   2001  .067
     1993 to 2017 segment:
       Lower   2014< -.083   2005> -.046   2000> -.030   2006< -.029   2003> -.024   2010> -.018  Higher   2017  .083   2001  .067

 [C] Year-to-year changes diverging by over 4.0 std deviations:
       2016 2017  -4.0 SD

====================================================================================================================================

 182135A   1979 to  2006      28 years                                                                                    Series  44

 [B] Entire series, effect on correlation (  .423) is:
       Lower   1984< -.064   2005> -.049   1988> -.042   1979> -.039   1985< -.029   2004> -.027  Higher   1981  .283   1993  .053

====================================================================================================================================

 192408A   1926 to  2001      76 years                                                                                    Series  45

 [A] Segment   High   -10   -9   -8   -7   -6   -5   -4   -3   -2   -1   +0   +1   +2   +3   +4   +5   +6   +7   +8   +9  +10
    ---------  ----   ---  ---  ---  ---  ---  ---  ---  ---  ---  ---  ---  ---  ---  ---  ---  ---  ---  ---  ---  ---  ---
    1926 1975   10    .07  .04 -.17  .10 -.05 -.11 -.11  .02  .01 -.11  .25| .04  .26  .17  .06  .17 -.08 -.14  .19 -.10  .26*
    1930 1979    0    .08  .00 -.19  .12 -.14  .02 -.20  .05  .05 -.16  .29* .03  .22  .16  .00  .20 -.12 -.17  .19 -.09  .28
    1940 1989    0   -.07  .05 -.05  .07 -.14 -.06 -.26 -.02  .00  .13  .29* .02  .24  .11 -.03  .08  .02 -.19  .17  .01  .14
    1950 1999    0   -.10  .12  .15  .06 -.05 -.19 -.16 -.19  .14  .12  .25* .08  .17  .04 -.11  .10 -.04 -.12  .20 -.01  .13
    1952 2001    0   -.13  .12  .14  .08 -.05 -.19 -.15 -.17  .14  .11  .27* .09  .15  .03 -.10  .11 -.01 -.08  .20 -.04  .16

 [B] Entire series, effect on correlation (  .225) is:
       Lower   1926> -.036   1953> -.036   1981> -.034   1936< -.025   1934> -.024   1961< -.020  Higher   1971  .087   1986  .018
     1926 to 1975 segment:
       Lower   1926> -.059   1953> -.058   1936< -.048   1934> -.039   1961< -.035   1957< -.022  Higher   1971  .146   1942  .025
     1930 to 1979 segment:
       Lower   1953> -.068   1936< -.051   1934> -.047   1961< -.036   1957< -.022   1951< -.019  Higher   1971  .149   1942  .027
     1940 to 1989 segment:
       Lower   1953> -.069   1981> -.064   1961< -.039   1980< -.026   1957< -.024   1951< -.021  Higher   1971  .162   1986  .027
     1950 to 1999 segment:
       Lower   1981> -.056   1953> -.054   1961< -.029   1993> -.027   1980< -.019   1990< -.019  Higher   1971  .130   1986  .025
     1952 to 2001 segment:
       Lower   1981> -.056   1953> -.054   1961< -.031   1993> -.027   1980< -.021   1990< -.021  Higher   1971  .125   1986  .024

====================================================================================================================================

 90069     1937 to  2009      73 years                                                                                    Series  46

 [A] Segment   High   -10   -9   -8   -7   -6   -5   -4   -3   -2   -1   +0   +1   +2   +3   +4   +5   +6   +7   +8   +9  +10
    ---------  ----   ---  ---  ---  ---  ---  ---  ---  ---  ---  ---  ---  ---  ---  ---  ---  ---  ---  ---  ---  ---  ---
    1937 1986    6   -.04 -.18  .06 -.07 -.17  .22 -.19 -.09 -.09  .14  .07|-.03  .13 -.17 -.12 -.09  .24* .12 -.08  .17  .08
    1940 1989    6   -.05 -.11  .02  .05 -.24  .19 -.23 -.06 -.11  .17  .04|-.03  .08 -.19 -.16 -.01  .20* .15 -.06  .19  .04
    1950 1999    9    .16 -.23 -.12 -.06 -.15  .07 -.02 -.03  .02  .11  .07|-.13  .18 -.25 -.07  .03  .24  .00 -.08  .27*-.06
    1960 2009  -10    .24*-.18 -.14 -.11 -.16  .01 -.08  .04  .09  .13  .09|-.06  .16 -.30  .02  .02  .14  .08 -.07  .13 -.14

 [B] Entire series, effect on correlation (  .065) is:
       Lower   1946< -.024   1957< -.019   1966> -.018   1943> -.017   1962> -.017   1954< -.015  Higher   1941  .024   1942  .022
     1937 to 1986 segment:
       Lower   1946< -.045   1957< -.036   1966> -.029   1943> -.029   1962> -.028   1954< -.028  Higher   1941  .045   1942  .036
     1940 to 1989 segment:
       Lower   1946< -.042   1957< -.034   1943> -.028   1966> -.028   1954< -.027   1962> -.027  Higher   1941  .047   1942  .036
     1950 to 1999 segment:
       Lower   1966> -.027   1957< -.026   1962> -.025   1954< -.021   1973> -.016   1956< -.015  Higher   1986  .024   1990  .024
     1960 to 2009 segment:
       Lower   1966> -.024   2009< -.022   1962> -.022   2006< -.018   2004> -.014   1973> -.014  Higher   1990  .023   1974  .022

====================================================================================================================================

 162097    1962 to  2009      48 years                                                                                    Series  47

 [A] Segment   High   -10   -9   -8   -7   -6   -5   -4   -3   -2   -1   +0   +1   +2   +3   +4   +5   +6   +7   +8   +9  +10
    ---------  ----   ---  ---  ---  ---  ---  ---  ---  ---  ---  ---  ---  ---  ---  ---  ---  ---  ---  ---  ---  ---  ---
    1962 2009   -8    .05 -.10  .22* .14  .11  .03  .01 -.36  .11 -.31  .03| .17 -.02 -.10 -.08 -.07 -.02  .03  .10 -.19  .19

 [B] Entire series, effect on correlation (  .030) is:
       Lower   1966> -.048   1993> -.043   1970< -.037   1983< -.035   1986< -.024   1991> -.020  Higher   2009  .048   1981  .038
     1962 to 2009 segment:
       Lower   1966> -.048   1993> -.043   1970< -.037   1983< -.035   1986< -.024   1991> -.020  Higher   2009  .048   1981  .038

====================================================================================================================================

 182494    1945 to  2009      65 years                                                                                    Series  48

 [A] Segment   High   -10   -9   -8   -7   -6   -5   -4   -3   -2   -1   +0   +1   +2   +3   +4   +5   +6   +7   +8   +9  +10
    ---------  ----   ---  ---  ---  ---  ---  ---  ---  ---  ---  ---  ---  ---  ---  ---  ---  ---  ---  ---  ---  ---  ---
    1945 1994    8    .18  .16  .02  .04 -.28 -.27 -.30  .02  .06  .06 -.05|-.19 -.07 -.13  .13  .00  .14  .15  .28* .11 -.12
    1950 1999    8    .15  .23  .09  .08 -.29 -.21 -.32  .08  .03  .06 -.07|-.19 -.14 -.17  .19 -.06  .13  .15  .27* .04 -.21
    1960 2009  -10    .25* .23  .24  .03 -.34 -.22 -.36  .11  .12  .22  .02|-.11 -.06 -.27  .11 -.06  .16  .13  .15 -.09 -.25

 [B] Entire series, effect on correlation ( -.011) is:
       Lower   1993> -.040   1971> -.032   2000> -.021   1995> -.020   1957< -.020   1966> -.016  Higher   1989  .039   2009  .027
     1945 to 1994 segment:
       Lower   1993> -.048   1971> -.038   1957< -.023   1966> -.019   1965> -.018   1981> -.016  Higher   1989  .053   1961  .030
     1950 to 1999 segment:
       Lower   1993> -.047   1971> -.040   1995> -.023   1965> -.020   1966> -.020   1981> -.020  Higher   1989  .048   1961  .034
     1960 to 2009 segment:
       Lower   1993> -.047   1971> -.039   2000> -.023   1995> -.022   1966> -.018   1974< -.018  Higher   1989  .042   2009  .033

====================================================================================================================================

 182698    1938 to  2009      72 years                                                                                    Series  49

 [A] Segment   High   -10   -9   -8   -7   -6   -5   -4   -3   -2   -1   +0   +1   +2   +3   +4   +5   +6   +7   +8   +9  +10
    ---------  ----   ---  ---  ---  ---  ---  ---  ---  ---  ---  ---  ---  ---  ---  ---  ---  ---  ---  ---  ---  ---  ---
    1938 1987    5   -.12 -.10 -.25 -.02  .02 -.07  .11 -.21 -.05 -.12  .08| .21 -.01  .04  .09  .22*-.11 -.08 -.02 -.22  .06
    1940 1989    5   -.14 -.07 -.27  .01  .04 -.07  .10 -.17 -.06 -.13  .05| .21 -.01  .03  .10  .21*-.11 -.09 -.03 -.20  .07
    1950 1999   -6   -.16 -.09 -.13 -.08  .26*-.01  .01 -.20 -.16 -.15  .19| .09  .05  .04  .14 -.03 -.07  .02 -.13  .07  .11
    1960 2009   -6   -.03 -.25  .11 -.06  .31* .06 -.03 -.10 -.20 -.09  .11|-.04  .27 -.06  .15 -.18 -.25 -.03 -.21  .24  .07

 [B] Entire series, effect on correlation (  .118) is:
       Lower   1971> -.065   2001< -.036   1985< -.025   1948< -.023   2008< -.015   1973> -.013  Higher   1992  .054   1981  .033
     1938 to 1987 segment:
       Lower   1971> -.093   1985< -.032   1948< -.027   1973> -.019   1961< -.015   1953> -.014  Higher   1981  .048   1975  .027
     1940 to 1989 segment:
       Lower   1971> -.089   1985< -.032   1948< -.023   1973> -.018   1961< -.015   1953> -.013  Higher   1981  .052   1975  .028
     1950 to 1999 segment:
       Lower   1971> -.105   1985< -.049   1961< -.025   1973> -.021   1954< -.017   1976< -.015  Higher   1992  .080   1981  .055
     1960 to 2009 segment:
       Lower   1971> -.097   2001< -.061   1985< -.043   2008< -.025   1961< -.021   1973> -.019  Higher   1992  .090   1981  .058

====================================================================================================================================
PART 7:  DESCRIPTIVE STATISTICS:                                                                   14:44  Fri 15 Jun 2018  Page   6
------------------------------------------------------------------------------------------------------------------------------------

                                                Corr   //-------- Unfiltered --------\\  //---- Filtered -----\\
                           No.    No.    No.    with   Mean   Max     Std   Auto   Mean   Max     Std   Auto  AR
 Seq Series   Interval   Years  Segmt  Flags   Master  msmt   msmt    dev   corr   sens  value    dev   corr  ()
 --- -------- ---------  -----  -----  -----   ------ -----  -----  -----  -----  -----  -----  -----  -----  --
   1 202388   1925 2009     85      5      1    .215   1.31   3.39   .649   .532   .355   2.82   .486   .041   1
   2 202963   1969 2009     41      1      0    .471   1.48   3.49   .689   .575   .322   2.81   .637  -.128   1
   3 172534   1949 2010     62      4      4    .212   1.69   4.92   .964   .620   .288   2.59   .543   .145   1
   4 192517   1934 2006     73      4      4    .211   1.14   3.98   .857   .763   .475   2.75   .586  -.083   3
   5 171148   1944 2010     67      4      1    .361   1.71   6.47  1.214   .738   .355   2.66   .540   .014   1
   6 202911   1942 2009     68      3      0    .394    .96   3.02   .647   .809   .313   2.98   .674   .034   1
   7 30444    1968 2009     42      1      1    .401   1.51   3.34   .684   .341   .446   2.53   .466   .057   4
   8 202570   1963 2009     47      1      1    .352    .96   4.12   .711   .582   .327   2.99   .515   .132   1
   9 110355   1942 2008     67      3      3    .107   1.18   3.61   .797   .630   .363   2.70   .437  -.123   2
  10 90249    1927 2002     76      5      4    .285   1.26   3.11   .553   .716   .266   2.60   .477  -.002   1
  11 110086A  1949 2008     60      3      3    .183   1.41   4.64  1.052   .735   .409   2.87   .613  -.018   2
  12 171221A  1928 2004     77      5      2    .290    .68   3.47   .715   .713   .377   2.78   .389  -.115   1
  13 172113A  1987 2016     30      1      1    .168   1.11   2.87   .619   .410   .456   2.86   .706   .005   1
  14 182501A  1950 2014     65      3      2    .194    .75   2.77   .446   .546   .371   3.00   .593  -.084   2
  15 182710A  1954 2017     64      3      0    .450    .62   2.28   .532   .789   .364   2.79   .539  -.074   1
  16 132118   1961 2010     50      1      1   -.005   1.01   3.79   .879   .669   .485   3.06   .627   .081   2
  17 192149   1938 2010     73      5      5    .270   1.30   4.01  1.014   .602   .464   2.76   .519   .048   3
  18 202518   1952 2010     59      3      1    .277   1.44   4.30   .902   .601   .367   2.92   .499  -.021   1
  19 192678   1934 2010     77      5      5    .199    .83   2.22   .396   .486   .362   2.73   .523  -.059   1
  20 182460   1935 2010     76      5      5    .305    .86   2.57   .544   .758   .338   2.71   .501  -.173   1
  21 162327   1947 2010     64      4      0    .465   1.56   4.75  1.206   .666   .427   2.80   .497   .046   2
  22 52028    1928 2009     82      5      4    .132    .83   2.89   .730   .918   .280   2.87   .450  -.012   2
  23 202924   1952 2009     58      2      2    .309   1.98   8.05  1.353   .750   .231   2.56   .502  -.082   1
  24 110001   1957 2009     53      2      0    .411   1.46   3.12   .620   .391   .357   2.76   .567   .106   2
  25 100133   1947 2010     64      4      4    .180   1.86   5.82  1.334   .736   .396   2.89   .472  -.028   1
  26 202734A  1957 2004     48      1      1    .220    .73   4.75   .737   .380   .455   3.29   .593  -.134   1
  27 172372   1921 2007     87      5      5    .041   1.82   5.83  1.112   .797   .264   2.75   .506  -.017   1
  28 192700   1929 2009     81      5      5    .185   1.39   4.92   .850   .634   .317   2.75   .435  -.021   1
  29 60560    1915 2009     95      5      5   -.005   1.22   5.19  1.357   .870   .296   2.84   .570  -.021   1
  30 122504   1936 2009     74      4      4    .232   1.35   4.27   .749   .643   .317   3.13   .609   .049   1
  31 110155   1955 2010     56      3      3    .214   1.17   4.98  1.218   .874   .398   2.91   .615  -.051   2
  32 120756   1935 2008     74      4      4    .285   1.02   2.97   .735   .593   .504   2.73   .460   .045   1
  33 110492   1964 2010     47      1      0    .382   1.53   3.72  1.095   .536   .498   2.76   .513  -.125   1
  34 10292A   1980 2012     33      1      0    .534   1.31   4.25  1.283   .832   .354   2.62   .523  -.121   1
  35 90069A   1924 2011     88      6      6    .180    .89   3.52   .702   .744   .380   2.83   .489  -.064   1
  36 122347A  1956 2015     60      3      3    .252    .46   1.54   .325   .754   .334   2.63   .415  -.029   1
  37 192561A  1959 2013     55      3      3    .224    .93   2.50   .551   .574   .413   2.80   .630   .051   1
  38 141145A  1924 2019     96      6      4    .165    .48   4.57   .610   .847   .272   2.82   .505  -.048   1
  39 202782A  1980 2010     31      1      1    .096    .91   2.20   .588   .526   .381   2.69   .608  -.153   1
  40 192316   1924 2010     87      6      5    .088    .68   2.15   .390   .626   .375   2.54   .363   .049   1
  41 182701   1946 2011     66      4      4    .139   1.30   3.38   .840   .780   .332   2.79   .544  -.113   1
  42 40883A   1978 2017     40      1      1    .089   1.45   3.50   .943   .566   .437   3.01   .642   .059   1
  43 162228A  1993 2017     25      1      1    .168   1.44   4.12  1.225   .826   .362   2.42   .471   .092   1
  44 182135A  1979 2006     28      1      0    .423    .55   1.24   .367   .841   .238   2.52   .520  -.099   1
  45 192408A  1926 2001     76      5      5    .225    .52   1.85   .331   .588   .428   2.79   .481  -.050   1
  46 90069    1937 2009     73      4      4    .065   1.08   4.56   .898   .785   .396   2.63   .415  -.058   1
  47 162097   1962 2009     48      1      1    .030    .99   3.92   .879   .666   .439   2.81   .591  -.053   1
  48 182494   1945 2009     65      3      3   -.011    .91   3.17   .647   .515   .495   3.00   .614   .028   1
PART 7:  DESCRIPTIVE STATISTICS:                                                                   14:44  Fri 15 Jun 2018  Page   7
------------------------------------------------------------------------------------------------------------------------------------

                                                Corr   //-------- Unfiltered --------\\  //---- Filtered -----\\
                           No.    No.    No.    with   Mean   Max     Std   Auto   Mean   Max     Std   Auto  AR
 Seq Series   Interval   Years  Segmt  Flags   Master  msmt   msmt    dev   corr   sens  value    dev   corr  ()
 --- -------- ---------  -----  -----  -----   ------ -----  -----  -----  -----  -----  -----  -----  -----  --
  49 182698   1938 2009     72      4      4    .118   1.33   8.92  1.471   .707   .363   3.10   .506  -.035   1
 --- -------- ---------  -----  -----  -----   ------ -----  -----  -----  -----  -----  -----  -----  -----  --
 Total or mean:           3085    160    126    .217   1.14   8.92   .812   .676   .368   3.29   .522  -.023

                                              - = [  COFECHA ULRU COF  ] = -
